TCP Ping trying to connect to server webdev.disi.unige.it (130.251.61.30) on port 1491
 ... connected to Pong server: asking for 501 repetitions of 393216 bytes TCP messages
 ... Pong server agreed :-)
tcp_ping received 393216 bytes back
Round trip time was 3098.37 milliseconds in repetition 1
tcp_ping received 393216 bytes back
Round trip time was 69.6049 milliseconds in repetition 2
tcp_ping received 393216 bytes back
Round trip time was 67.9083 milliseconds in repetition 3
tcp_ping received 393216 bytes back
Round trip time was 68.5502 milliseconds in repetition 4
tcp_ping received 393216 bytes back
Round trip time was 68.4232 milliseconds in repetition 5
tcp_ping received 393216 bytes back
Round trip time was 68.3418 milliseconds in repetition 6
tcp_ping received 393216 bytes back
Round trip time was 75.4243 milliseconds in repetition 7
tcp_ping received 393216 bytes back
Round trip time was 67.9991 milliseconds in repetition 8
tcp_ping received 393216 bytes back
Round trip time was 68.2598 milliseconds in repetition 9
tcp_ping received 393216 bytes back
Round trip time was 68.8477 milliseconds in repetition 10
tcp_ping received 393216 bytes back
Round trip time was 69.8121 milliseconds in repetition 11
tcp_ping received 393216 bytes back
Round trip time was 68.0384 milliseconds in repetition 12
tcp_ping received 393216 bytes back
Round trip time was 69.0238 milliseconds in repetition 13
tcp_ping received 393216 bytes back
Round trip time was 68.891 milliseconds in repetition 14
tcp_ping received 393216 bytes back
Round trip time was 69.0945 milliseconds in repetition 15
tcp_ping received 393216 bytes back
Round trip time was 67.9476 milliseconds in repetition 16
tcp_ping received 393216 bytes back
Round trip time was 68.8613 milliseconds in repetition 17
tcp_ping received 393216 bytes back
Round trip time was 68.2258 milliseconds in repetition 18
tcp_ping received 393216 bytes back
Round trip time was 68.0906 milliseconds in repetition 19
tcp_ping received 393216 bytes back
Round trip time was 68.2142 milliseconds in repetition 20
tcp_ping received 393216 bytes back
Round trip time was 68.2927 milliseconds in repetition 21
tcp_ping received 393216 bytes back
Round trip time was 68.8543 milliseconds in repetition 22
tcp_ping received 393216 bytes back
Round trip time was 68.9773 milliseconds in repetition 23
tcp_ping received 393216 bytes back
Round trip time was 67.4557 milliseconds in repetition 24
tcp_ping received 393216 bytes back
Round trip time was 72.8929 milliseconds in repetition 25
tcp_ping received 393216 bytes back
Round trip time was 68.6513 milliseconds in repetition 26
tcp_ping received 393216 bytes back
Round trip time was 68.7172 milliseconds in repetition 27
tcp_ping received 393216 bytes back
Round trip time was 69.0352 milliseconds in repetition 28
tcp_ping received 393216 bytes back
Round trip time was 70.1672 milliseconds in repetition 29
tcp_ping received 393216 bytes back
Round trip time was 67.8377 milliseconds in repetition 30
tcp_ping received 393216 bytes back
Round trip time was 68.0915 milliseconds in repetition 31
tcp_ping received 393216 bytes back
Round trip time was 68.3738 milliseconds in repetition 32
tcp_ping received 393216 bytes back
Round trip time was 68.3247 milliseconds in repetition 33
tcp_ping received 393216 bytes back
Round trip time was 71.9384 milliseconds in repetition 34
tcp_ping received 393216 bytes back
Round trip time was 67.9497 milliseconds in repetition 35
tcp_ping received 393216 bytes back
Round trip time was 68.1536 milliseconds in repetition 36
tcp_ping received 393216 bytes back
Round trip time was 67.5039 milliseconds in repetition 37
tcp_ping received 393216 bytes back
Round trip time was 69.5952 milliseconds in repetition 38
tcp_ping received 393216 bytes back
Round trip time was 68.6495 milliseconds in repetition 39
tcp_ping received 393216 bytes back
Round trip time was 68.201 milliseconds in repetition 40
tcp_ping received 393216 bytes back
Round trip time was 68.3417 milliseconds in repetition 41
tcp_ping received 393216 bytes back
Round trip time was 68.6559 milliseconds in repetition 42
tcp_ping received 393216 bytes back
Round trip time was 70.0289 milliseconds in repetition 43
tcp_ping received 393216 bytes back
Round trip time was 69.0026 milliseconds in repetition 44
tcp_ping received 393216 bytes back
Round trip time was 70.6027 milliseconds in repetition 45
tcp_ping received 393216 bytes back
Round trip time was 68.918 milliseconds in repetition 46
tcp_ping received 393216 bytes back
Round trip time was 70.4798 milliseconds in repetition 47
tcp_ping received 393216 bytes back
Round trip time was 72.7669 milliseconds in repetition 48
tcp_ping received 393216 bytes back
Round trip time was 67.8723 milliseconds in repetition 49
tcp_ping received 393216 bytes back
Round trip time was 69.5763 milliseconds in repetition 50
tcp_ping received 393216 bytes back
Round trip time was 69.0177 milliseconds in repetition 51
tcp_ping received 393216 bytes back
Round trip time was 69.0697 milliseconds in repetition 52
tcp_ping received 393216 bytes back
Round trip time was 68.6856 milliseconds in repetition 53
tcp_ping received 393216 bytes back
Round trip time was 68.2623 milliseconds in repetition 54
tcp_ping received 393216 bytes back
Round trip time was 68.0131 milliseconds in repetition 55
tcp_ping received 393216 bytes back
Round trip time was 68.3795 milliseconds in repetition 56
tcp_ping received 393216 bytes back
Round trip time was 70.1883 milliseconds in repetition 57
tcp_ping received 393216 bytes back
Round trip time was 69.2632 milliseconds in repetition 58
tcp_ping received 393216 bytes back
Round trip time was 67.8719 milliseconds in repetition 59
tcp_ping received 393216 bytes back
Round trip time was 69.4192 milliseconds in repetition 60
tcp_ping received 393216 bytes back
Round trip time was 68.5487 milliseconds in repetition 61
tcp_ping received 393216 bytes back
Round trip time was 69.1766 milliseconds in repetition 62
tcp_ping received 393216 bytes back
Round trip time was 68.1076 milliseconds in repetition 63
tcp_ping received 393216 bytes back
Round trip time was 68.0994 milliseconds in repetition 64
tcp_ping received 393216 bytes back
Round trip time was 68.6016 milliseconds in repetition 65
tcp_ping received 393216 bytes back
Round trip time was 68.8058 milliseconds in repetition 66
tcp_ping received 393216 bytes back
Round trip time was 68.4239 milliseconds in repetition 67
tcp_ping received 393216 bytes back
Round trip time was 67.814 milliseconds in repetition 68
tcp_ping received 393216 bytes back
Round trip time was 69.051 milliseconds in repetition 69
tcp_ping received 393216 bytes back
Round trip time was 68.7189 milliseconds in repetition 70
tcp_ping received 393216 bytes back
Round trip time was 71.0427 milliseconds in repetition 71
tcp_ping received 393216 bytes back
Round trip time was 69.5704 milliseconds in repetition 72
tcp_ping received 393216 bytes back
Round trip time was 68.6297 milliseconds in repetition 73
tcp_ping received 393216 bytes back
Round trip time was 68.866 milliseconds in repetition 74
tcp_ping received 393216 bytes back
Round trip time was 68.0428 milliseconds in repetition 75
tcp_ping received 393216 bytes back
Round trip time was 69.3684 milliseconds in repetition 76
tcp_ping received 393216 bytes back
Round trip time was 69.1719 milliseconds in repetition 77
tcp_ping received 393216 bytes back
Round trip time was 69.694 milliseconds in repetition 78
tcp_ping received 393216 bytes back
Round trip time was 69.6969 milliseconds in repetition 79
tcp_ping received 393216 bytes back
Round trip time was 68.0069 milliseconds in repetition 80
tcp_ping received 393216 bytes back
Round trip time was 72.6361 milliseconds in repetition 81
tcp_ping received 393216 bytes back
Round trip time was 69.604 milliseconds in repetition 82
tcp_ping received 393216 bytes back
Round trip time was 68.8855 milliseconds in repetition 83
tcp_ping received 393216 bytes back
Round trip time was 69.5746 milliseconds in repetition 84
tcp_ping received 393216 bytes back
Round trip time was 68.8917 milliseconds in repetition 85
tcp_ping received 393216 bytes back
Round trip time was 68.4397 milliseconds in repetition 86
tcp_ping received 393216 bytes back
Round trip time was 68.967 milliseconds in repetition 87
tcp_ping received 393216 bytes back
Round trip time was 68.3875 milliseconds in repetition 88
tcp_ping received 393216 bytes back
Round trip time was 68.2922 milliseconds in repetition 89
tcp_ping received 393216 bytes back
Round trip time was 68.9619 milliseconds in repetition 90
tcp_ping received 393216 bytes back
Round trip time was 68.7415 milliseconds in repetition 91
tcp_ping received 393216 bytes back
Round trip time was 67.8584 milliseconds in repetition 92
tcp_ping received 393216 bytes back
Round trip time was 68.46 milliseconds in repetition 93
tcp_ping received 393216 bytes back
Round trip time was 73.1095 milliseconds in repetition 94
tcp_ping received 393216 bytes back
Round trip time was 68.179 milliseconds in repetition 95
tcp_ping received 393216 bytes back
Round trip time was 69.891 milliseconds in repetition 96
tcp_ping received 393216 bytes back
Round trip time was 67.9311 milliseconds in repetition 97
tcp_ping received 393216 bytes back
Round trip time was 69.1519 milliseconds in repetition 98
tcp_ping received 393216 bytes back
Round trip time was 68.0051 milliseconds in repetition 99
tcp_ping received 393216 bytes back
Round trip time was 69.7143 milliseconds in repetition 100
tcp_ping received 393216 bytes back
Round trip time was 68.3469 milliseconds in repetition 101
tcp_ping received 393216 bytes back
Round trip time was 69.1512 milliseconds in repetition 102
tcp_ping received 393216 bytes back
Round trip time was 68.5749 milliseconds in repetition 103
tcp_ping received 393216 bytes back
Round trip time was 68.626 milliseconds in repetition 104
tcp_ping received 393216 bytes back
Round trip time was 68.7003 milliseconds in repetition 105
tcp_ping received 393216 bytes back
Round trip time was 69.0351 milliseconds in repetition 106
tcp_ping received 393216 bytes back
Round trip time was 69.1558 milliseconds in repetition 107
tcp_ping received 393216 bytes back
Round trip time was 69.1884 milliseconds in repetition 108
tcp_ping received 393216 bytes back
Round trip time was 68.1439 milliseconds in repetition 109
tcp_ping received 393216 bytes back
Round trip time was 69.3644 milliseconds in repetition 110
tcp_ping received 393216 bytes back
Round trip time was 67.9537 milliseconds in repetition 111
tcp_ping received 393216 bytes back
Round trip time was 70.0878 milliseconds in repetition 112
tcp_ping received 393216 bytes back
Round trip time was 71.5003 milliseconds in repetition 113
tcp_ping received 393216 bytes back
Round trip time was 67.6752 milliseconds in repetition 114
tcp_ping received 393216 bytes back
Round trip time was 69.8835 milliseconds in repetition 115
tcp_ping received 393216 bytes back
Round trip time was 69.8164 milliseconds in repetition 116
tcp_ping received 393216 bytes back
Round trip time was 68.6822 milliseconds in repetition 117
tcp_ping received 393216 bytes back
Round trip time was 67.6808 milliseconds in repetition 118
tcp_ping received 393216 bytes back
Round trip time was 72.2833 milliseconds in repetition 119
tcp_ping received 393216 bytes back
Round trip time was 69.5661 milliseconds in repetition 120
tcp_ping received 393216 bytes back
Round trip time was 71.693 milliseconds in repetition 121
tcp_ping received 393216 bytes back
Round trip time was 68.7792 milliseconds in repetition 122
tcp_ping received 393216 bytes back
Round trip time was 69.8782 milliseconds in repetition 123
tcp_ping received 393216 bytes back
Round trip time was 70.1531 milliseconds in repetition 124
tcp_ping received 393216 bytes back
Round trip time was 67.876 milliseconds in repetition 125
tcp_ping received 393216 bytes back
Round trip time was 71.1434 milliseconds in repetition 126
tcp_ping received 393216 bytes back
Round trip time was 73.1289 milliseconds in repetition 127
tcp_ping received 393216 bytes back
Round trip time was 68.0339 milliseconds in repetition 128
tcp_ping received 393216 bytes back
Round trip time was 68.1394 milliseconds in repetition 129
tcp_ping received 393216 bytes back
Round trip time was 69.7037 milliseconds in repetition 130
tcp_ping received 393216 bytes back
Round trip time was 68.7679 milliseconds in repetition 131
tcp_ping received 393216 bytes back
Round trip time was 70.2428 milliseconds in repetition 132
tcp_ping received 393216 bytes back
Round trip time was 68.1336 milliseconds in repetition 133
tcp_ping received 393216 bytes back
Round trip time was 68.7844 milliseconds in repetition 134
tcp_ping received 393216 bytes back
Round trip time was 67.9162 milliseconds in repetition 135
tcp_ping received 393216 bytes back
Round trip time was 77.6973 milliseconds in repetition 136
tcp_ping received 393216 bytes back
Round trip time was 68.6869 milliseconds in repetition 137
tcp_ping received 393216 bytes back
Round trip time was 69.5312 milliseconds in repetition 138
tcp_ping received 393216 bytes back
Round trip time was 78.4089 milliseconds in repetition 139
tcp_ping received 393216 bytes back
Round trip time was 68.2674 milliseconds in repetition 140
tcp_ping received 393216 bytes back
Round trip time was 70.9337 milliseconds in repetition 141
tcp_ping received 393216 bytes back
Round trip time was 69.8668 milliseconds in repetition 142
tcp_ping received 393216 bytes back
Round trip time was 68.3077 milliseconds in repetition 143
tcp_ping received 393216 bytes back
Round trip time was 68.1044 milliseconds in repetition 144
tcp_ping received 393216 bytes back
Round trip time was 68.0591 milliseconds in repetition 145
tcp_ping received 393216 bytes back
Round trip time was 69.9219 milliseconds in repetition 146
tcp_ping received 393216 bytes back
Round trip time was 69.9506 milliseconds in repetition 147
tcp_ping received 393216 bytes back
Round trip time was 70.0008 milliseconds in repetition 148
tcp_ping received 393216 bytes back
Round trip time was 68.7406 milliseconds in repetition 149
tcp_ping received 393216 bytes back
Round trip time was 68.4077 milliseconds in repetition 150
tcp_ping received 393216 bytes back
Round trip time was 69.4905 milliseconds in repetition 151
tcp_ping received 393216 bytes back
Round trip time was 74.5306 milliseconds in repetition 152
tcp_ping received 393216 bytes back
Round trip time was 73.1879 milliseconds in repetition 153
tcp_ping received 393216 bytes back
Round trip time was 72.1608 milliseconds in repetition 154
tcp_ping received 393216 bytes back
Round trip time was 72.3588 milliseconds in repetition 155
tcp_ping received 393216 bytes back
Round trip time was 70.6446 milliseconds in repetition 156
tcp_ping received 393216 bytes back
Round trip time was 69.8036 milliseconds in repetition 157
tcp_ping received 393216 bytes back
Round trip time was 70.5844 milliseconds in repetition 158
tcp_ping received 393216 bytes back
Round trip time was 69.2022 milliseconds in repetition 159
tcp_ping received 393216 bytes back
Round trip time was 72.499 milliseconds in repetition 160
tcp_ping received 393216 bytes back
Round trip time was 68.5527 milliseconds in repetition 161
tcp_ping received 393216 bytes back
Round trip time was 69.2088 milliseconds in repetition 162
tcp_ping received 393216 bytes back
Round trip time was 68.7158 milliseconds in repetition 163
tcp_ping received 393216 bytes back
Round trip time was 68.1735 milliseconds in repetition 164
tcp_ping received 393216 bytes back
Round trip time was 68.3014 milliseconds in repetition 165
tcp_ping received 393216 bytes back
Round trip time was 68.4811 milliseconds in repetition 166
tcp_ping received 393216 bytes back
Round trip time was 68.3017 milliseconds in repetition 167
tcp_ping received 393216 bytes back
Round trip time was 68.308 milliseconds in repetition 168
tcp_ping received 393216 bytes back
Round trip time was 67.654 milliseconds in repetition 169
tcp_ping received 393216 bytes back
Round trip time was 69.2782 milliseconds in repetition 170
tcp_ping received 393216 bytes back
Round trip time was 68.2345 milliseconds in repetition 171
tcp_ping received 393216 bytes back
Round trip time was 68.3821 milliseconds in repetition 172
tcp_ping received 393216 bytes back
Round trip time was 71.2113 milliseconds in repetition 173
tcp_ping received 393216 bytes back
Round trip time was 68.2943 milliseconds in repetition 174
tcp_ping received 393216 bytes back
Round trip time was 68.9664 milliseconds in repetition 175
tcp_ping received 393216 bytes back
Round trip time was 66.2997 milliseconds in repetition 176
tcp_ping received 393216 bytes back
Round trip time was 70.2264 milliseconds in repetition 177
tcp_ping received 393216 bytes back
Round trip time was 69.7852 milliseconds in repetition 178
tcp_ping received 393216 bytes back
Round trip time was 68.2906 milliseconds in repetition 179
tcp_ping received 393216 bytes back
Round trip time was 80.2566 milliseconds in repetition 180
tcp_ping received 393216 bytes back
Round trip time was 78.384 milliseconds in repetition 181
tcp_ping received 393216 bytes back
Round trip time was 75.2838 milliseconds in repetition 182
tcp_ping received 393216 bytes back
Round trip time was 76.5694 milliseconds in repetition 183
tcp_ping received 393216 bytes back
Round trip time was 71.5508 milliseconds in repetition 184
tcp_ping received 393216 bytes back
Round trip time was 71.887 milliseconds in repetition 185
tcp_ping received 393216 bytes back
Round trip time was 70.3924 milliseconds in repetition 186
tcp_ping received 393216 bytes back
Round trip time was 70.6781 milliseconds in repetition 187
tcp_ping received 393216 bytes back
Round trip time was 68.6112 milliseconds in repetition 188
tcp_ping received 393216 bytes back
Round trip time was 70.0333 milliseconds in repetition 189
tcp_ping received 393216 bytes back
Round trip time was 68.3504 milliseconds in repetition 190
tcp_ping received 393216 bytes back
Round trip time was 67.16 milliseconds in repetition 191
tcp_ping received 393216 bytes back
Round trip time was 69.8764 milliseconds in repetition 192
tcp_ping received 393216 bytes back
Round trip time was 68.8081 milliseconds in repetition 193
tcp_ping received 393216 bytes back
Round trip time was 68.4398 milliseconds in repetition 194
tcp_ping received 393216 bytes back
Round trip time was 68.1998 milliseconds in repetition 195
tcp_ping received 393216 bytes back
Round trip time was 68.8336 milliseconds in repetition 196
tcp_ping received 393216 bytes back
Round trip time was 69.8336 milliseconds in repetition 197
tcp_ping received 393216 bytes back
Round trip time was 72.2957 milliseconds in repetition 198
tcp_ping received 393216 bytes back
Round trip time was 68.7176 milliseconds in repetition 199
tcp_ping received 393216 bytes back
Round trip time was 68.9053 milliseconds in repetition 200
tcp_ping received 393216 bytes back
Round trip time was 67.976 milliseconds in repetition 201
tcp_ping received 393216 bytes back
Round trip time was 68.834 milliseconds in repetition 202
tcp_ping received 393216 bytes back
Round trip time was 68.9357 milliseconds in repetition 203
tcp_ping received 393216 bytes back
Round trip time was 68.6016 milliseconds in repetition 204
tcp_ping received 393216 bytes back
Round trip time was 69.2823 milliseconds in repetition 205
tcp_ping received 393216 bytes back
Round trip time was 70.5066 milliseconds in repetition 206
tcp_ping received 393216 bytes back
Round trip time was 69.0729 milliseconds in repetition 207
tcp_ping received 393216 bytes back
Round trip time was 69.1431 milliseconds in repetition 208
tcp_ping received 393216 bytes back
Round trip time was 68.128 milliseconds in repetition 209
tcp_ping received 393216 bytes back
Round trip time was 68.9072 milliseconds in repetition 210
tcp_ping received 393216 bytes back
Round trip time was 68.8779 milliseconds in repetition 211
tcp_ping received 393216 bytes back
Round trip time was 68.6546 milliseconds in repetition 212
tcp_ping received 393216 bytes back
Round trip time was 68.3378 milliseconds in repetition 213
tcp_ping received 393216 bytes back
Round trip time was 68.9552 milliseconds in repetition 214
tcp_ping received 393216 bytes back
Round trip time was 67.8142 milliseconds in repetition 215
tcp_ping received 393216 bytes back
Round trip time was 67.7312 milliseconds in repetition 216
tcp_ping received 393216 bytes back
Round trip time was 68.884 milliseconds in repetition 217
tcp_ping received 393216 bytes back
Round trip time was 69.4172 milliseconds in repetition 218
tcp_ping received 393216 bytes back
Round trip time was 69.4027 milliseconds in repetition 219
tcp_ping received 393216 bytes back
Round trip time was 69.4117 milliseconds in repetition 220
tcp_ping received 393216 bytes back
Round trip time was 68.0659 milliseconds in repetition 221
tcp_ping received 393216 bytes back
Round trip time was 69.8256 milliseconds in repetition 222
tcp_ping received 393216 bytes back
Round trip time was 68.4277 milliseconds in repetition 223
tcp_ping received 393216 bytes back
Round trip time was 71.9825 milliseconds in repetition 224
tcp_ping received 393216 bytes back
Round trip time was 65.5648 milliseconds in repetition 225
tcp_ping received 393216 bytes back
Round trip time was 67.9695 milliseconds in repetition 226
tcp_ping received 393216 bytes back
Round trip time was 68.3552 milliseconds in repetition 227
tcp_ping received 393216 bytes back
Round trip time was 67.8365 milliseconds in repetition 228
tcp_ping received 393216 bytes back
Round trip time was 68.1269 milliseconds in repetition 229
tcp_ping received 393216 bytes back
Round trip time was 67.1879 milliseconds in repetition 230
tcp_ping received 393216 bytes back
Round trip time was 69.1422 milliseconds in repetition 231
tcp_ping received 393216 bytes back
Round trip time was 69.9212 milliseconds in repetition 232
tcp_ping received 393216 bytes back
Round trip time was 67.506 milliseconds in repetition 233
tcp_ping received 393216 bytes back
Round trip time was 68.8804 milliseconds in repetition 234
tcp_ping received 393216 bytes back
Round trip time was 68.0896 milliseconds in repetition 235
tcp_ping received 393216 bytes back
Round trip time was 67.9116 milliseconds in repetition 236
tcp_ping received 393216 bytes back
Round trip time was 72.4928 milliseconds in repetition 237
tcp_ping received 393216 bytes back
Round trip time was 67.8769 milliseconds in repetition 238
tcp_ping received 393216 bytes back
Round trip time was 69.5276 milliseconds in repetition 239
tcp_ping received 393216 bytes back
Round trip time was 69.1535 milliseconds in repetition 240
tcp_ping received 393216 bytes back
Round trip time was 69.2178 milliseconds in repetition 241
tcp_ping received 393216 bytes back
Round trip time was 68.9455 milliseconds in repetition 242
tcp_ping received 393216 bytes back
Round trip time was 69.0152 milliseconds in repetition 243
tcp_ping received 393216 bytes back
Round trip time was 68.2069 milliseconds in repetition 244
tcp_ping received 393216 bytes back
Round trip time was 68.8625 milliseconds in repetition 245
tcp_ping received 393216 bytes back
Round trip time was 68.9825 milliseconds in repetition 246
tcp_ping received 393216 bytes back
Round trip time was 69.2579 milliseconds in repetition 247
tcp_ping received 393216 bytes back
Round trip time was 68.8542 milliseconds in repetition 248
tcp_ping received 393216 bytes back
Round trip time was 68.7183 milliseconds in repetition 249
tcp_ping received 393216 bytes back
Round trip time was 67.6448 milliseconds in repetition 250
tcp_ping received 393216 bytes back
Round trip time was 68.0419 milliseconds in repetition 251
tcp_ping received 393216 bytes back
Round trip time was 68.5572 milliseconds in repetition 252
tcp_ping received 393216 bytes back
Round trip time was 66.9197 milliseconds in repetition 253
tcp_ping received 393216 bytes back
Round trip time was 69.4101 milliseconds in repetition 254
tcp_ping received 393216 bytes back
Round trip time was 68.9629 milliseconds in repetition 255
tcp_ping received 393216 bytes back
Round trip time was 68.7089 milliseconds in repetition 256
tcp_ping received 393216 bytes back
Round trip time was 69.0245 milliseconds in repetition 257
tcp_ping received 393216 bytes back
Round trip time was 68.1133 milliseconds in repetition 258
tcp_ping received 393216 bytes back
Round trip time was 70.2406 milliseconds in repetition 259
tcp_ping received 393216 bytes back
Round trip time was 69.9886 milliseconds in repetition 260
tcp_ping received 393216 bytes back
Round trip time was 67.8301 milliseconds in repetition 261
tcp_ping received 393216 bytes back
Round trip time was 67.9548 milliseconds in repetition 262
tcp_ping received 393216 bytes back
Round trip time was 69.6292 milliseconds in repetition 263
tcp_ping received 393216 bytes back
Round trip time was 68.0683 milliseconds in repetition 264
tcp_ping received 393216 bytes back
Round trip time was 68.425 milliseconds in repetition 265
tcp_ping received 393216 bytes back
Round trip time was 68.5694 milliseconds in repetition 266
tcp_ping received 393216 bytes back
Round trip time was 68.3878 milliseconds in repetition 267
tcp_ping received 393216 bytes back
Round trip time was 69.6518 milliseconds in repetition 268
tcp_ping received 393216 bytes back
Round trip time was 68.0004 milliseconds in repetition 269
tcp_ping received 393216 bytes back
Round trip time was 68.1611 milliseconds in repetition 270
tcp_ping received 393216 bytes back
Round trip time was 69.2076 milliseconds in repetition 271
tcp_ping received 393216 bytes back
Round trip time was 68.2425 milliseconds in repetition 272
tcp_ping received 393216 bytes back
Round trip time was 68.1219 milliseconds in repetition 273
tcp_ping received 393216 bytes back
Round trip time was 68.5979 milliseconds in repetition 274
tcp_ping received 393216 bytes back
Round trip time was 67.9556 milliseconds in repetition 275
tcp_ping received 393216 bytes back
Round trip time was 74.907 milliseconds in repetition 276
tcp_ping received 393216 bytes back
Round trip time was 67.6004 milliseconds in repetition 277
tcp_ping received 393216 bytes back
Round trip time was 68.2701 milliseconds in repetition 278
tcp_ping received 393216 bytes back
Round trip time was 68.095 milliseconds in repetition 279
tcp_ping received 393216 bytes back
Round trip time was 68.5591 milliseconds in repetition 280
tcp_ping received 393216 bytes back
Round trip time was 68.837 milliseconds in repetition 281
tcp_ping received 393216 bytes back
Round trip time was 69.2102 milliseconds in repetition 282
tcp_ping received 393216 bytes back
Round trip time was 72.7107 milliseconds in repetition 283
tcp_ping received 393216 bytes back
Round trip time was 69.5034 milliseconds in repetition 284
tcp_ping received 393216 bytes back
Round trip time was 68.2353 milliseconds in repetition 285
tcp_ping received 393216 bytes back
Round trip time was 68.9153 milliseconds in repetition 286
tcp_ping received 393216 bytes back
Round trip time was 69.9136 milliseconds in repetition 287
tcp_ping received 393216 bytes back
Round trip time was 68.5062 milliseconds in repetition 288
tcp_ping received 393216 bytes back
Round trip time was 68.6731 milliseconds in repetition 289
tcp_ping received 393216 bytes back
Round trip time was 68.6972 milliseconds in repetition 290
tcp_ping received 393216 bytes back
Round trip time was 68.2876 milliseconds in repetition 291
tcp_ping received 393216 bytes back
Round trip time was 69.3517 milliseconds in repetition 292
tcp_ping received 393216 bytes back
Round trip time was 68.7697 milliseconds in repetition 293
tcp_ping received 393216 bytes back
Round trip time was 68.0742 milliseconds in repetition 294
tcp_ping received 393216 bytes back
Round trip time was 70.2041 milliseconds in repetition 295
tcp_ping received 393216 bytes back
Round trip time was 68.0872 milliseconds in repetition 296
tcp_ping received 393216 bytes back
Round trip time was 67.923 milliseconds in repetition 297
tcp_ping received 393216 bytes back
Round trip time was 68.5802 milliseconds in repetition 298
tcp_ping received 393216 bytes back
Round trip time was 68.6513 milliseconds in repetition 299
tcp_ping received 393216 bytes back
Round trip time was 68.0594 milliseconds in repetition 300
tcp_ping received 393216 bytes back
Round trip time was 68.7805 milliseconds in repetition 301
tcp_ping received 393216 bytes back
Round trip time was 68.1183 milliseconds in repetition 302
tcp_ping received 393216 bytes back
Round trip time was 67.7829 milliseconds in repetition 303
tcp_ping received 393216 bytes back
Round trip time was 68.5295 milliseconds in repetition 304
tcp_ping received 393216 bytes back
Round trip time was 68.2208 milliseconds in repetition 305
tcp_ping received 393216 bytes back
Round trip time was 68.6463 milliseconds in repetition 306
tcp_ping received 393216 bytes back
Round trip time was 68.268 milliseconds in repetition 307
tcp_ping received 393216 bytes back
Round trip time was 69.1718 milliseconds in repetition 308
tcp_ping received 393216 bytes back
Round trip time was 71.6998 milliseconds in repetition 309
tcp_ping received 393216 bytes back
Round trip time was 70.4907 milliseconds in repetition 310
tcp_ping received 393216 bytes back
Round trip time was 68.3506 milliseconds in repetition 311
tcp_ping received 393216 bytes back
Round trip time was 68.7463 milliseconds in repetition 312
tcp_ping received 393216 bytes back
Round trip time was 68.8998 milliseconds in repetition 313
tcp_ping received 393216 bytes back
Round trip time was 69.228 milliseconds in repetition 314
tcp_ping received 393216 bytes back
Round trip time was 71.0123 milliseconds in repetition 315
tcp_ping received 393216 bytes back
Round trip time was 68.0901 milliseconds in repetition 316
tcp_ping received 393216 bytes back
Round trip time was 69.1523 milliseconds in repetition 317
tcp_ping received 393216 bytes back
Round trip time was 68.4548 milliseconds in repetition 318
tcp_ping received 393216 bytes back
Round trip time was 68.4561 milliseconds in repetition 319
tcp_ping received 393216 bytes back
Round trip time was 69.1123 milliseconds in repetition 320
tcp_ping received 393216 bytes back
Round trip time was 69.6756 milliseconds in repetition 321
tcp_ping received 393216 bytes back
Round trip time was 69.0597 milliseconds in repetition 322
tcp_ping received 393216 bytes back
Round trip time was 69.9738 milliseconds in repetition 323
tcp_ping received 393216 bytes back
Round trip time was 68.9291 milliseconds in repetition 324
tcp_ping received 393216 bytes back
Round trip time was 68.7697 milliseconds in repetition 325
tcp_ping received 393216 bytes back
Round trip time was 68.985 milliseconds in repetition 326
tcp_ping received 393216 bytes back
Round trip time was 68.7514 milliseconds in repetition 327
tcp_ping received 393216 bytes back
Round trip time was 68.2853 milliseconds in repetition 328
tcp_ping received 393216 bytes back
Round trip time was 68.3654 milliseconds in repetition 329
tcp_ping received 393216 bytes back
Round trip time was 69.29 milliseconds in repetition 330
tcp_ping received 393216 bytes back
Round trip time was 71.4888 milliseconds in repetition 331
tcp_ping received 393216 bytes back
Round trip time was 69.1692 milliseconds in repetition 332
tcp_ping received 393216 bytes back
Round trip time was 69.6227 milliseconds in repetition 333
tcp_ping received 393216 bytes back
Round trip time was 68.5909 milliseconds in repetition 334
tcp_ping received 393216 bytes back
Round trip time was 68.8603 milliseconds in repetition 335
tcp_ping received 393216 bytes back
Round trip time was 69.5003 milliseconds in repetition 336
tcp_ping received 393216 bytes back
Round trip time was 68.7082 milliseconds in repetition 337
tcp_ping received 393216 bytes back
Round trip time was 68.3554 milliseconds in repetition 338
tcp_ping received 393216 bytes back
Round trip time was 69.9255 milliseconds in repetition 339
tcp_ping received 393216 bytes back
Round trip time was 68.2898 milliseconds in repetition 340
tcp_ping received 393216 bytes back
Round trip time was 68.4771 milliseconds in repetition 341
tcp_ping received 393216 bytes back
Round trip time was 68.3448 milliseconds in repetition 342
tcp_ping received 393216 bytes back
Round trip time was 68.3176 milliseconds in repetition 343
tcp_ping received 393216 bytes back
Round trip time was 69.2869 milliseconds in repetition 344
tcp_ping received 393216 bytes back
Round trip time was 69.5718 milliseconds in repetition 345
tcp_ping received 393216 bytes back
Round trip time was 68.822 milliseconds in repetition 346
tcp_ping received 393216 bytes back
Round trip time was 68.1916 milliseconds in repetition 347
tcp_ping received 393216 bytes back
Round trip time was 69.3972 milliseconds in repetition 348
tcp_ping received 393216 bytes back
Round trip time was 68.5868 milliseconds in repetition 349
tcp_ping received 393216 bytes back
Round trip time was 68.0721 milliseconds in repetition 350
tcp_ping received 393216 bytes back
Round trip time was 68.1814 milliseconds in repetition 351
tcp_ping received 393216 bytes back
Round trip time was 69.4506 milliseconds in repetition 352
tcp_ping received 393216 bytes back
Round trip time was 71.9415 milliseconds in repetition 353
tcp_ping received 393216 bytes back
Round trip time was 67.8486 milliseconds in repetition 354
tcp_ping received 393216 bytes back
Round trip time was 68.1823 milliseconds in repetition 355
tcp_ping received 393216 bytes back
Round trip time was 67.9806 milliseconds in repetition 356
tcp_ping received 393216 bytes back
Round trip time was 68.577 milliseconds in repetition 357
tcp_ping received 393216 bytes back
Round trip time was 69.3485 milliseconds in repetition 358
tcp_ping received 393216 bytes back
Round trip time was 68.2805 milliseconds in repetition 359
tcp_ping received 393216 bytes back
Round trip time was 69.2021 milliseconds in repetition 360
tcp_ping received 393216 bytes back
Round trip time was 69.1211 milliseconds in repetition 361
tcp_ping received 393216 bytes back
Round trip time was 69.0965 milliseconds in repetition 362
tcp_ping received 393216 bytes back
Round trip time was 69.665 milliseconds in repetition 363
tcp_ping received 393216 bytes back
Round trip time was 68.9193 milliseconds in repetition 364
tcp_ping received 393216 bytes back
Round trip time was 68.5709 milliseconds in repetition 365
tcp_ping received 393216 bytes back
Round trip time was 69.4017 milliseconds in repetition 366
tcp_ping received 393216 bytes back
Round trip time was 69.6531 milliseconds in repetition 367
tcp_ping received 393216 bytes back
Round trip time was 68.5895 milliseconds in repetition 368
tcp_ping received 393216 bytes back
Round trip time was 69.1315 milliseconds in repetition 369
tcp_ping received 393216 bytes back
Round trip time was 68.8678 milliseconds in repetition 370
tcp_ping received 393216 bytes back
Round trip time was 68.6303 milliseconds in repetition 371
tcp_ping received 393216 bytes back
Round trip time was 68.6275 milliseconds in repetition 372
tcp_ping received 393216 bytes back
Round trip time was 68.1882 milliseconds in repetition 373
tcp_ping received 393216 bytes back
Round trip time was 68.7718 milliseconds in repetition 374
tcp_ping received 393216 bytes back
Round trip time was 67.7866 milliseconds in repetition 375
tcp_ping received 393216 bytes back
Round trip time was 68.9588 milliseconds in repetition 376
tcp_ping received 393216 bytes back
Round trip time was 68.3912 milliseconds in repetition 377
tcp_ping received 393216 bytes back
Round trip time was 68.3344 milliseconds in repetition 378
tcp_ping received 393216 bytes back
Round trip time was 68.7177 milliseconds in repetition 379
tcp_ping received 393216 bytes back
Round trip time was 68.3091 milliseconds in repetition 380
tcp_ping received 393216 bytes back
Round trip time was 69.5319 milliseconds in repetition 381
tcp_ping received 393216 bytes back
Round trip time was 72.7075 milliseconds in repetition 382
tcp_ping received 393216 bytes back
Round trip time was 65.1134 milliseconds in repetition 383
tcp_ping received 393216 bytes back
Round trip time was 69.0803 milliseconds in repetition 384
tcp_ping received 393216 bytes back
Round trip time was 69.6419 milliseconds in repetition 385
tcp_ping received 393216 bytes back
Round trip time was 67.9415 milliseconds in repetition 386
tcp_ping received 393216 bytes back
Round trip time was 69.1394 milliseconds in repetition 387
tcp_ping received 393216 bytes back
Round trip time was 68.404 milliseconds in repetition 388
tcp_ping received 393216 bytes back
Round trip time was 68.3364 milliseconds in repetition 389
tcp_ping received 393216 bytes back
Round trip time was 68.1012 milliseconds in repetition 390
tcp_ping received 393216 bytes back
Round trip time was 68.0303 milliseconds in repetition 391
tcp_ping received 393216 bytes back
Round trip time was 72.0915 milliseconds in repetition 392
tcp_ping received 393216 bytes back
Round trip time was 67.6285 milliseconds in repetition 393
tcp_ping received 393216 bytes back
Round trip time was 69.4166 milliseconds in repetition 394
tcp_ping received 393216 bytes back
Round trip time was 67.8812 milliseconds in repetition 395
tcp_ping received 393216 bytes back
Round trip time was 71.7748 milliseconds in repetition 396
tcp_ping received 393216 bytes back
Round trip time was 68.9578 milliseconds in repetition 397
tcp_ping received 393216 bytes back
Round trip time was 70.4507 milliseconds in repetition 398
tcp_ping received 393216 bytes back
Round trip time was 69.6689 milliseconds in repetition 399
tcp_ping received 393216 bytes back
Round trip time was 68.0129 milliseconds in repetition 400
tcp_ping received 393216 bytes back
Round trip time was 68.1366 milliseconds in repetition 401
tcp_ping received 393216 bytes back
Round trip time was 68.4344 milliseconds in repetition 402
tcp_ping received 393216 bytes back
Round trip time was 68.3288 milliseconds in repetition 403
tcp_ping received 393216 bytes back
Round trip time was 68.2864 milliseconds in repetition 404
tcp_ping received 393216 bytes back
Round trip time was 68.3632 milliseconds in repetition 405
tcp_ping received 393216 bytes back
Round trip time was 68.0886 milliseconds in repetition 406
tcp_ping received 393216 bytes back
Round trip time was 67.9123 milliseconds in repetition 407
tcp_ping received 393216 bytes back
Round trip time was 69.931 milliseconds in repetition 408
tcp_ping received 393216 bytes back
Round trip time was 68.3402 milliseconds in repetition 409
tcp_ping received 393216 bytes back
Round trip time was 68.086 milliseconds in repetition 410
tcp_ping received 393216 bytes back
Round trip time was 68.4999 milliseconds in repetition 411
tcp_ping received 393216 bytes back
Round trip time was 70.5962 milliseconds in repetition 412
tcp_ping received 393216 bytes back
Round trip time was 69.1346 milliseconds in repetition 413
tcp_ping received 393216 bytes back
Round trip time was 68.3263 milliseconds in repetition 414
tcp_ping received 393216 bytes back
Round trip time was 69.702 milliseconds in repetition 415
tcp_ping received 393216 bytes back
Round trip time was 68.2701 milliseconds in repetition 416
tcp_ping received 393216 bytes back
Round trip time was 68.1726 milliseconds in repetition 417
tcp_ping received 393216 bytes back
Round trip time was 69.736 milliseconds in repetition 418
tcp_ping received 393216 bytes back
Round trip time was 68.1186 milliseconds in repetition 419
tcp_ping received 393216 bytes back
Round trip time was 69.4942 milliseconds in repetition 420
tcp_ping received 393216 bytes back
Round trip time was 67.9411 milliseconds in repetition 421
tcp_ping received 393216 bytes back
Round trip time was 68.8001 milliseconds in repetition 422
tcp_ping received 393216 bytes back
Round trip time was 69.502 milliseconds in repetition 423
tcp_ping received 393216 bytes back
Round trip time was 68.2691 milliseconds in repetition 424
tcp_ping received 393216 bytes back
Round trip time was 68.5706 milliseconds in repetition 425
tcp_ping received 393216 bytes back
Round trip time was 67.7601 milliseconds in repetition 426
tcp_ping received 393216 bytes back
Round trip time was 69.5827 milliseconds in repetition 427
tcp_ping received 393216 bytes back
Round trip time was 68.7514 milliseconds in repetition 428
tcp_ping received 393216 bytes back
Round trip time was 69.1357 milliseconds in repetition 429
tcp_ping received 393216 bytes back
Round trip time was 69.2023 milliseconds in repetition 430
tcp_ping received 393216 bytes back
Round trip time was 71.9183 milliseconds in repetition 431
tcp_ping received 393216 bytes back
Round trip time was 68.8294 milliseconds in repetition 432
tcp_ping received 393216 bytes back
Round trip time was 69.4606 milliseconds in repetition 433
tcp_ping received 393216 bytes back
Round trip time was 68.4608 milliseconds in repetition 434
tcp_ping received 393216 bytes back
Round trip time was 68.051 milliseconds in repetition 435
tcp_ping received 393216 bytes back
Round trip time was 69.3872 milliseconds in repetition 436
tcp_ping received 393216 bytes back
Round trip time was 68.2305 milliseconds in repetition 437
tcp_ping received 393216 bytes back
Round trip time was 68.4482 milliseconds in repetition 438
tcp_ping received 393216 bytes back
Round trip time was 68.4803 milliseconds in repetition 439
tcp_ping received 393216 bytes back
Round trip time was 68.9449 milliseconds in repetition 440
tcp_ping received 393216 bytes back
Round trip time was 68.9774 milliseconds in repetition 441
tcp_ping received 393216 bytes back
Round trip time was 69.3597 milliseconds in repetition 442
tcp_ping received 393216 bytes back
Round trip time was 68.0172 milliseconds in repetition 443
tcp_ping received 393216 bytes back
Round trip time was 68.6445 milliseconds in repetition 444
tcp_ping received 393216 bytes back
Round trip time was 67.9822 milliseconds in repetition 445
tcp_ping received 393216 bytes back
Round trip time was 68.0325 milliseconds in repetition 446
tcp_ping received 393216 bytes back
Round trip time was 69.5915 milliseconds in repetition 447
tcp_ping received 393216 bytes back
Round trip time was 69.3812 milliseconds in repetition 448
tcp_ping received 393216 bytes back
Round trip time was 67.8496 milliseconds in repetition 449
tcp_ping received 393216 bytes back
Round trip time was 67.9574 milliseconds in repetition 450
tcp_ping received 393216 bytes back
Round trip time was 68.96 milliseconds in repetition 451
tcp_ping received 393216 bytes back
Round trip time was 69.4359 milliseconds in repetition 452
tcp_ping received 393216 bytes back
Round trip time was 68.7921 milliseconds in repetition 453
tcp_ping received 393216 bytes back
Round trip time was 69.0957 milliseconds in repetition 454
tcp_ping received 393216 bytes back
Round trip time was 69.0458 milliseconds in repetition 455
tcp_ping received 393216 bytes back
Round trip time was 68.3943 milliseconds in repetition 456
tcp_ping received 393216 bytes back
Round trip time was 68.2746 milliseconds in repetition 457
tcp_ping received 393216 bytes back
Round trip time was 68.8303 milliseconds in repetition 458
tcp_ping received 393216 bytes back
Round trip time was 67.6969 milliseconds in repetition 459
tcp_ping received 393216 bytes back
Round trip time was 69.8434 milliseconds in repetition 460
tcp_ping received 393216 bytes back
Round trip time was 69.2081 milliseconds in repetition 461
tcp_ping received 393216 bytes back
Round trip time was 68.6735 milliseconds in repetition 462
tcp_ping received 393216 bytes back
Round trip time was 71.1834 milliseconds in repetition 463
tcp_ping received 393216 bytes back
Round trip time was 69.2206 milliseconds in repetition 464
tcp_ping received 393216 bytes back
Round trip time was 70.0634 milliseconds in repetition 465
tcp_ping received 393216 bytes back
Round trip time was 68.0746 milliseconds in repetition 466
tcp_ping received 393216 bytes back
Round trip time was 68.5271 milliseconds in repetition 467
tcp_ping received 393216 bytes back
Round trip time was 69.4655 milliseconds in repetition 468
tcp_ping received 393216 bytes back
Round trip time was 69.3969 milliseconds in repetition 469
tcp_ping received 393216 bytes back
Round trip time was 72.2052 milliseconds in repetition 470
tcp_ping received 393216 bytes back
Round trip time was 68.4605 milliseconds in repetition 471
tcp_ping received 393216 bytes back
Round trip time was 69.6252 milliseconds in repetition 472
tcp_ping received 393216 bytes back
Round trip time was 69.0874 milliseconds in repetition 473
tcp_ping received 393216 bytes back
Round trip time was 68.8618 milliseconds in repetition 474
tcp_ping received 393216 bytes back
Round trip time was 68.1346 milliseconds in repetition 475
tcp_ping received 393216 bytes back
Round trip time was 69.1076 milliseconds in repetition 476
tcp_ping received 393216 bytes back
Round trip time was 69.7915 milliseconds in repetition 477
tcp_ping received 393216 bytes back
Round trip time was 68.9744 milliseconds in repetition 478
tcp_ping received 393216 bytes back
Round trip time was 69.1929 milliseconds in repetition 479
tcp_ping received 393216 bytes back
Round trip time was 68.0159 milliseconds in repetition 480
tcp_ping received 393216 bytes back
Round trip time was 70.5714 milliseconds in repetition 481
tcp_ping received 393216 bytes back
Round trip time was 67.9809 milliseconds in repetition 482
tcp_ping received 393216 bytes back
Round trip time was 68.6372 milliseconds in repetition 483
tcp_ping received 393216 bytes back
Round trip time was 68.8452 milliseconds in repetition 484
tcp_ping received 393216 bytes back
Round trip time was 70.1816 milliseconds in repetition 485
tcp_ping received 393216 bytes back
Round trip time was 68.3245 milliseconds in repetition 486
tcp_ping received 393216 bytes back
Round trip time was 68.0451 milliseconds in repetition 487
tcp_ping received 393216 bytes back
Round trip time was 70.5515 milliseconds in repetition 488
tcp_ping received 393216 bytes back
Round trip time was 68.0927 milliseconds in repetition 489
tcp_ping received 393216 bytes back
Round trip time was 68.9843 milliseconds in repetition 490
tcp_ping received 393216 bytes back
Round trip time was 68.3944 milliseconds in repetition 491
tcp_ping received 393216 bytes back
Round trip time was 68.1905 milliseconds in repetition 492
tcp_ping received 393216 bytes back
Round trip time was 69.0803 milliseconds in repetition 493
tcp_ping received 393216 bytes back
Round trip time was 68.1014 milliseconds in repetition 494
tcp_ping received 393216 bytes back
Round trip time was 69.4183 milliseconds in repetition 495
tcp_ping received 393216 bytes back
Round trip time was 68.8003 milliseconds in repetition 496
tcp_ping received 393216 bytes back
Round trip time was 68.7465 milliseconds in repetition 497
tcp_ping received 393216 bytes back
Round trip time was 68.2092 milliseconds in repetition 498
tcp_ping received 393216 bytes back
Round trip time was 68.6352 milliseconds in repetition 499
tcp_ping received 393216 bytes back
Round trip time was 68.0403 milliseconds in repetition 500
tcp_ping received 393216 bytes back
Round trip time was 68.9493 milliseconds in repetition 501

 ... clock resolution was 1e-06
TCP Ping:  Statistics over 501 repetitions of 393216 byte messages

RTT : percentile 10: 67.9809, median: 68.7805, percentile 90: 70.5066, average: 75.1601, variance: 18318.5

RTT histogram:
65.1134 500
65.5648 0
66.2997 0
66.9197 0
67.16 0
67.1879 0
67.4557 0
67.5039 0
67.506 0
67.6004 0
67.6285 0
67.6448 0
67.654 0
67.6752 0
67.6808 0
67.6969 0
67.7312 0
67.7601 0
67.7829 0
67.7866 0
67.814 0

   median Throughput : 11433.9 KB/s   overall Throughput : 10463.4 KB/s

