TCP Ping trying to connect to server webdev.disi.unige.it (130.251.61.30) on port 1491
 ... connected to Pong server: asking for 501 repetitions of 4096 bytes TCP messages
 ... Pong server agreed :-)
tcp_ping received 4096 bytes back
Round trip time was 9.0253 milliseconds in repetition 1
tcp_ping received 4096 bytes back
Round trip time was 3.84879 milliseconds in repetition 2
tcp_ping received 4096 bytes back
Round trip time was 3.79423 milliseconds in repetition 3
tcp_ping received 4096 bytes back
Round trip time was 3.84419 milliseconds in repetition 4
tcp_ping received 4096 bytes back
Round trip time was 3.86012 milliseconds in repetition 5
tcp_ping received 4096 bytes back
Round trip time was 4.10829 milliseconds in repetition 6
tcp_ping received 4096 bytes back
Round trip time was 3.94085 milliseconds in repetition 7
tcp_ping received 4096 bytes back
Round trip time was 3.83963 milliseconds in repetition 8
tcp_ping received 4096 bytes back
Round trip time was 3.36708 milliseconds in repetition 9
tcp_ping received 4096 bytes back
Round trip time was 2.92384 milliseconds in repetition 10
tcp_ping received 4096 bytes back
Round trip time was 3.3803 milliseconds in repetition 11
tcp_ping received 4096 bytes back
Round trip time was 2.8553 milliseconds in repetition 12
tcp_ping received 4096 bytes back
Round trip time was 2.40914 milliseconds in repetition 13
tcp_ping received 4096 bytes back
Round trip time was 3.5278 milliseconds in repetition 14
tcp_ping received 4096 bytes back
Round trip time was 2.68044 milliseconds in repetition 15
tcp_ping received 4096 bytes back
Round trip time was 2.43065 milliseconds in repetition 16
tcp_ping received 4096 bytes back
Round trip time was 6.22643 milliseconds in repetition 17
tcp_ping received 4096 bytes back
Round trip time was 2.49554 milliseconds in repetition 18
tcp_ping received 4096 bytes back
Round trip time was 2.6121 milliseconds in repetition 19
tcp_ping received 4096 bytes back
Round trip time was 2.55707 milliseconds in repetition 20
tcp_ping received 4096 bytes back
Round trip time was 2.86251 milliseconds in repetition 21
tcp_ping received 4096 bytes back
Round trip time was 2.58042 milliseconds in repetition 22
tcp_ping received 4096 bytes back
Round trip time was 2.56689 milliseconds in repetition 23
tcp_ping received 4096 bytes back
Round trip time was 2.46154 milliseconds in repetition 24
tcp_ping received 4096 bytes back
Round trip time was 2.72155 milliseconds in repetition 25
tcp_ping received 4096 bytes back
Round trip time was 2.9548 milliseconds in repetition 26
tcp_ping received 4096 bytes back
Round trip time was 7.76802 milliseconds in repetition 27
tcp_ping received 4096 bytes back
Round trip time was 2.76319 milliseconds in repetition 28
tcp_ping received 4096 bytes back
Round trip time was 2.30381 milliseconds in repetition 29
tcp_ping received 4096 bytes back
Round trip time was 2.75003 milliseconds in repetition 30
tcp_ping received 4096 bytes back
Round trip time was 2.40008 milliseconds in repetition 31
tcp_ping received 4096 bytes back
Round trip time was 3.67717 milliseconds in repetition 32
tcp_ping received 4096 bytes back
Round trip time was 2.44127 milliseconds in repetition 33
tcp_ping received 4096 bytes back
Round trip time was 2.89771 milliseconds in repetition 34
tcp_ping received 4096 bytes back
Round trip time was 2.45907 milliseconds in repetition 35
tcp_ping received 4096 bytes back
Round trip time was 2.36178 milliseconds in repetition 36
tcp_ping received 4096 bytes back
Round trip time was 3.14289 milliseconds in repetition 37
tcp_ping received 4096 bytes back
Round trip time was 2.79744 milliseconds in repetition 38
tcp_ping received 4096 bytes back
Round trip time was 2.82449 milliseconds in repetition 39
tcp_ping received 4096 bytes back
Round trip time was 2.48955 milliseconds in repetition 40
tcp_ping received 4096 bytes back
Round trip time was 2.82081 milliseconds in repetition 41
tcp_ping received 4096 bytes back
Round trip time was 2.3764 milliseconds in repetition 42
tcp_ping received 4096 bytes back
Round trip time was 2.87937 milliseconds in repetition 43
tcp_ping received 4096 bytes back
Round trip time was 2.42283 milliseconds in repetition 44
tcp_ping received 4096 bytes back
Round trip time was 5.81578 milliseconds in repetition 45
tcp_ping received 4096 bytes back
Round trip time was 2.32248 milliseconds in repetition 46
tcp_ping received 4096 bytes back
Round trip time was 2.54031 milliseconds in repetition 47
tcp_ping received 4096 bytes back
Round trip time was 2.68144 milliseconds in repetition 48
tcp_ping received 4096 bytes back
Round trip time was 2.82885 milliseconds in repetition 49
tcp_ping received 4096 bytes back
Round trip time was 2.9285 milliseconds in repetition 50
tcp_ping received 4096 bytes back
Round trip time was 2.28021 milliseconds in repetition 51
tcp_ping received 4096 bytes back
Round trip time was 2.32794 milliseconds in repetition 52
tcp_ping received 4096 bytes back
Round trip time was 2.69317 milliseconds in repetition 53
tcp_ping received 4096 bytes back
Round trip time was 2.73544 milliseconds in repetition 54
tcp_ping received 4096 bytes back
Round trip time was 2.43862 milliseconds in repetition 55
tcp_ping received 4096 bytes back
Round trip time was 7.11673 milliseconds in repetition 56
tcp_ping received 4096 bytes back
Round trip time was 2.59384 milliseconds in repetition 57
tcp_ping received 4096 bytes back
Round trip time was 3.03067 milliseconds in repetition 58
tcp_ping received 4096 bytes back
Round trip time was 2.66881 milliseconds in repetition 59
tcp_ping received 4096 bytes back
Round trip time was 2.29662 milliseconds in repetition 60
tcp_ping received 4096 bytes back
Round trip time was 3.06314 milliseconds in repetition 61
tcp_ping received 4096 bytes back
Round trip time was 2.59626 milliseconds in repetition 62
tcp_ping received 4096 bytes back
Round trip time was 2.49356 milliseconds in repetition 63
tcp_ping received 4096 bytes back
Round trip time was 3.3725 milliseconds in repetition 64
tcp_ping received 4096 bytes back
Round trip time was 4.31214 milliseconds in repetition 65
tcp_ping received 4096 bytes back
Round trip time was 2.79744 milliseconds in repetition 66
tcp_ping received 4096 bytes back
Round trip time was 2.47926 milliseconds in repetition 67
tcp_ping received 4096 bytes back
Round trip time was 2.64144 milliseconds in repetition 68
tcp_ping received 4096 bytes back
Round trip time was 2.98598 milliseconds in repetition 69
tcp_ping received 4096 bytes back
Round trip time was 2.3714 milliseconds in repetition 70
tcp_ping received 4096 bytes back
Round trip time was 2.45457 milliseconds in repetition 71
tcp_ping received 4096 bytes back
Round trip time was 2.58862 milliseconds in repetition 72
tcp_ping received 4096 bytes back
Round trip time was 3.19402 milliseconds in repetition 73
tcp_ping received 4096 bytes back
Round trip time was 2.44329 milliseconds in repetition 74
tcp_ping received 4096 bytes back
Round trip time was 2.84268 milliseconds in repetition 75
tcp_ping received 4096 bytes back
Round trip time was 2.82407 milliseconds in repetition 76
tcp_ping received 4096 bytes back
Round trip time was 2.8374 milliseconds in repetition 77
tcp_ping received 4096 bytes back
Round trip time was 4.17519 milliseconds in repetition 78
tcp_ping received 4096 bytes back
Round trip time was 2.76766 milliseconds in repetition 79
tcp_ping received 4096 bytes back
Round trip time was 2.55255 milliseconds in repetition 80
tcp_ping received 4096 bytes back
Round trip time was 2.26534 milliseconds in repetition 81
tcp_ping received 4096 bytes back
Round trip time was 3.07459 milliseconds in repetition 82
tcp_ping received 4096 bytes back
Round trip time was 2.43732 milliseconds in repetition 83
tcp_ping received 4096 bytes back
Round trip time was 2.57091 milliseconds in repetition 84
tcp_ping received 4096 bytes back
Round trip time was 3.27428 milliseconds in repetition 85
tcp_ping received 4096 bytes back
Round trip time was 2.81767 milliseconds in repetition 86
tcp_ping received 4096 bytes back
Round trip time was 2.57187 milliseconds in repetition 87
tcp_ping received 4096 bytes back
Round trip time was 12.5954 milliseconds in repetition 88
tcp_ping received 4096 bytes back
Round trip time was 2.86162 milliseconds in repetition 89
tcp_ping received 4096 bytes back
Round trip time was 2.39971 milliseconds in repetition 90
tcp_ping received 4096 bytes back
Round trip time was 2.65584 milliseconds in repetition 91
tcp_ping received 4096 bytes back
Round trip time was 2.53185 milliseconds in repetition 92
tcp_ping received 4096 bytes back
Round trip time was 2.3604 milliseconds in repetition 93
tcp_ping received 4096 bytes back
Round trip time was 2.38583 milliseconds in repetition 94
tcp_ping received 4096 bytes back
Round trip time was 2.4259 milliseconds in repetition 95
tcp_ping received 4096 bytes back
Round trip time was 2.97696 milliseconds in repetition 96
tcp_ping received 4096 bytes back
Round trip time was 2.32997 milliseconds in repetition 97
tcp_ping received 4096 bytes back
Round trip time was 2.5172 milliseconds in repetition 98
tcp_ping received 4096 bytes back
Round trip time was 2.65778 milliseconds in repetition 99
tcp_ping received 4096 bytes back
Round trip time was 2.78769 milliseconds in repetition 100
tcp_ping received 4096 bytes back
Round trip time was 2.65638 milliseconds in repetition 101
tcp_ping received 4096 bytes back
Round trip time was 2.85225 milliseconds in repetition 102
tcp_ping received 4096 bytes back
Round trip time was 2.56264 milliseconds in repetition 103
tcp_ping received 4096 bytes back
Round trip time was 2.40491 milliseconds in repetition 104
tcp_ping received 4096 bytes back
Round trip time was 3.39652 milliseconds in repetition 105
tcp_ping received 4096 bytes back
Round trip time was 2.46069 milliseconds in repetition 106
tcp_ping received 4096 bytes back
Round trip time was 2.37607 milliseconds in repetition 107
tcp_ping received 4096 bytes back
Round trip time was 2.77199 milliseconds in repetition 108
tcp_ping received 4096 bytes back
Round trip time was 2.73029 milliseconds in repetition 109
tcp_ping received 4096 bytes back
Round trip time was 2.50891 milliseconds in repetition 110
tcp_ping received 4096 bytes back
Round trip time was 2.70048 milliseconds in repetition 111
tcp_ping received 4096 bytes back
Round trip time was 2.69865 milliseconds in repetition 112
tcp_ping received 4096 bytes back
Round trip time was 2.37916 milliseconds in repetition 113
tcp_ping received 4096 bytes back
Round trip time was 2.94126 milliseconds in repetition 114
tcp_ping received 4096 bytes back
Round trip time was 2.49085 milliseconds in repetition 115
tcp_ping received 4096 bytes back
Round trip time was 2.53606 milliseconds in repetition 116
tcp_ping received 4096 bytes back
Round trip time was 2.77482 milliseconds in repetition 117
tcp_ping received 4096 bytes back
Round trip time was 3.48408 milliseconds in repetition 118
tcp_ping received 4096 bytes back
Round trip time was 2.57198 milliseconds in repetition 119
tcp_ping received 4096 bytes back
Round trip time was 2.60456 milliseconds in repetition 120
tcp_ping received 4096 bytes back
Round trip time was 2.75709 milliseconds in repetition 121
tcp_ping received 4096 bytes back
Round trip time was 2.62874 milliseconds in repetition 122
tcp_ping received 4096 bytes back
Round trip time was 2.80717 milliseconds in repetition 123
tcp_ping received 4096 bytes back
Round trip time was 2.86457 milliseconds in repetition 124
tcp_ping received 4096 bytes back
Round trip time was 2.60028 milliseconds in repetition 125
tcp_ping received 4096 bytes back
Round trip time was 2.3236 milliseconds in repetition 126
tcp_ping received 4096 bytes back
Round trip time was 3.1975 milliseconds in repetition 127
tcp_ping received 4096 bytes back
Round trip time was 2.74734 milliseconds in repetition 128
tcp_ping received 4096 bytes back
Round trip time was 2.50374 milliseconds in repetition 129
tcp_ping received 4096 bytes back
Round trip time was 2.62631 milliseconds in repetition 130
tcp_ping received 4096 bytes back
Round trip time was 2.7068 milliseconds in repetition 131
tcp_ping received 4096 bytes back
Round trip time was 2.74225 milliseconds in repetition 132
tcp_ping received 4096 bytes back
Round trip time was 2.53419 milliseconds in repetition 133
tcp_ping received 4096 bytes back
Round trip time was 3.06786 milliseconds in repetition 134
tcp_ping received 4096 bytes back
Round trip time was 2.52782 milliseconds in repetition 135
tcp_ping received 4096 bytes back
Round trip time was 2.39079 milliseconds in repetition 136
tcp_ping received 4096 bytes back
Round trip time was 2.75591 milliseconds in repetition 137
tcp_ping received 4096 bytes back
Round trip time was 2.68384 milliseconds in repetition 138
tcp_ping received 4096 bytes back
Round trip time was 2.2809 milliseconds in repetition 139
tcp_ping received 4096 bytes back
Round trip time was 2.83415 milliseconds in repetition 140
tcp_ping received 4096 bytes back
Round trip time was 2.25596 milliseconds in repetition 141
tcp_ping received 4096 bytes back
Round trip time was 4.62396 milliseconds in repetition 142
tcp_ping received 4096 bytes back
Round trip time was 2.31313 milliseconds in repetition 143
tcp_ping received 4096 bytes back
Round trip time was 3.4112 milliseconds in repetition 144
tcp_ping received 4096 bytes back
Round trip time was 2.52497 milliseconds in repetition 145
tcp_ping received 4096 bytes back
Round trip time was 2.221 milliseconds in repetition 146
tcp_ping received 4096 bytes back
Round trip time was 2.64539 milliseconds in repetition 147
tcp_ping received 4096 bytes back
Round trip time was 4.14428 milliseconds in repetition 148
tcp_ping received 4096 bytes back
Round trip time was 2.52415 milliseconds in repetition 149
tcp_ping received 4096 bytes back
Round trip time was 2.5737 milliseconds in repetition 150
tcp_ping received 4096 bytes back
Round trip time was 2.6196 milliseconds in repetition 151
tcp_ping received 4096 bytes back
Round trip time was 2.44566 milliseconds in repetition 152
tcp_ping received 4096 bytes back
Round trip time was 4.09711 milliseconds in repetition 153
tcp_ping received 4096 bytes back
Round trip time was 2.38285 milliseconds in repetition 154
tcp_ping received 4096 bytes back
Round trip time was 2.65003 milliseconds in repetition 155
tcp_ping received 4096 bytes back
Round trip time was 2.49561 milliseconds in repetition 156
tcp_ping received 4096 bytes back
Round trip time was 2.07417 milliseconds in repetition 157
tcp_ping received 4096 bytes back
Round trip time was 2.27555 milliseconds in repetition 158
tcp_ping received 4096 bytes back
Round trip time was 2.64916 milliseconds in repetition 159
tcp_ping received 4096 bytes back
Round trip time was 2.48392 milliseconds in repetition 160
tcp_ping received 4096 bytes back
Round trip time was 2.52579 milliseconds in repetition 161
tcp_ping received 4096 bytes back
Round trip time was 2.25788 milliseconds in repetition 162
tcp_ping received 4096 bytes back
Round trip time was 2.73209 milliseconds in repetition 163
tcp_ping received 4096 bytes back
Round trip time was 2.71672 milliseconds in repetition 164
tcp_ping received 4096 bytes back
Round trip time was 2.69246 milliseconds in repetition 165
tcp_ping received 4096 bytes back
Round trip time was 2.60616 milliseconds in repetition 166
tcp_ping received 4096 bytes back
Round trip time was 2.48436 milliseconds in repetition 167
tcp_ping received 4096 bytes back
Round trip time was 2.61511 milliseconds in repetition 168
tcp_ping received 4096 bytes back
Round trip time was 3.13002 milliseconds in repetition 169
tcp_ping received 4096 bytes back
Round trip time was 2.56187 milliseconds in repetition 170
tcp_ping received 4096 bytes back
Round trip time was 2.73086 milliseconds in repetition 171
tcp_ping received 4096 bytes back
Round trip time was 2.4775 milliseconds in repetition 172
tcp_ping received 4096 bytes back
Round trip time was 2.94588 milliseconds in repetition 173
tcp_ping received 4096 bytes back
Round trip time was 3.03071 milliseconds in repetition 174
tcp_ping received 4096 bytes back
Round trip time was 2.25111 milliseconds in repetition 175
tcp_ping received 4096 bytes back
Round trip time was 2.90649 milliseconds in repetition 176
tcp_ping received 4096 bytes back
Round trip time was 2.54202 milliseconds in repetition 177
tcp_ping received 4096 bytes back
Round trip time was 3.55687 milliseconds in repetition 178
tcp_ping received 4096 bytes back
Round trip time was 2.26784 milliseconds in repetition 179
tcp_ping received 4096 bytes back
Round trip time was 2.22945 milliseconds in repetition 180
tcp_ping received 4096 bytes back
Round trip time was 9.01717 milliseconds in repetition 181
tcp_ping received 4096 bytes back
Round trip time was 2.05501 milliseconds in repetition 182
tcp_ping received 4096 bytes back
Round trip time was 2.27854 milliseconds in repetition 183
tcp_ping received 4096 bytes back
Round trip time was 2.18319 milliseconds in repetition 184
tcp_ping received 4096 bytes back
Round trip time was 2.13282 milliseconds in repetition 185
tcp_ping received 4096 bytes back
Round trip time was 3.02781 milliseconds in repetition 186
tcp_ping received 4096 bytes back
Round trip time was 2.00222 milliseconds in repetition 187
tcp_ping received 4096 bytes back
Round trip time was 2.15373 milliseconds in repetition 188
tcp_ping received 4096 bytes back
Round trip time was 2.07493 milliseconds in repetition 189
tcp_ping received 4096 bytes back
Round trip time was 2.11027 milliseconds in repetition 190
tcp_ping received 4096 bytes back
Round trip time was 2.33835 milliseconds in repetition 191
tcp_ping received 4096 bytes back
Round trip time was 2.29993 milliseconds in repetition 192
tcp_ping received 4096 bytes back
Round trip time was 2.23131 milliseconds in repetition 193
tcp_ping received 4096 bytes back
Round trip time was 2.19094 milliseconds in repetition 194
tcp_ping received 4096 bytes back
Round trip time was 2.08235 milliseconds in repetition 195
tcp_ping received 4096 bytes back
Round trip time was 3.82572 milliseconds in repetition 196
tcp_ping received 4096 bytes back
Round trip time was 2.22954 milliseconds in repetition 197
tcp_ping received 4096 bytes back
Round trip time was 2.113 milliseconds in repetition 198
tcp_ping received 4096 bytes back
Round trip time was 2.17366 milliseconds in repetition 199
tcp_ping received 4096 bytes back
Round trip time was 2.1044 milliseconds in repetition 200
tcp_ping received 4096 bytes back
Round trip time was 2.75921 milliseconds in repetition 201
tcp_ping received 4096 bytes back
Round trip time was 2.35708 milliseconds in repetition 202
tcp_ping received 4096 bytes back
Round trip time was 5.49936 milliseconds in repetition 203
tcp_ping received 4096 bytes back
Round trip time was 2.68291 milliseconds in repetition 204
tcp_ping received 4096 bytes back
Round trip time was 2.49559 milliseconds in repetition 205
tcp_ping received 4096 bytes back
Round trip time was 2.70013 milliseconds in repetition 206
tcp_ping received 4096 bytes back
Round trip time was 2.51284 milliseconds in repetition 207
tcp_ping received 4096 bytes back
Round trip time was 2.22437 milliseconds in repetition 208
tcp_ping received 4096 bytes back
Round trip time was 2.65055 milliseconds in repetition 209
tcp_ping received 4096 bytes back
Round trip time was 2.81563 milliseconds in repetition 210
tcp_ping received 4096 bytes back
Round trip time was 2.2961 milliseconds in repetition 211
tcp_ping received 4096 bytes back
Round trip time was 2.65013 milliseconds in repetition 212
tcp_ping received 4096 bytes back
Round trip time was 2.81838 milliseconds in repetition 213
tcp_ping received 4096 bytes back
Round trip time was 2.62305 milliseconds in repetition 214
tcp_ping received 4096 bytes back
Round trip time was 3.24991 milliseconds in repetition 215
tcp_ping received 4096 bytes back
Round trip time was 2.26195 milliseconds in repetition 216
tcp_ping received 4096 bytes back
Round trip time was 2.6245 milliseconds in repetition 217
tcp_ping received 4096 bytes back
Round trip time was 2.67709 milliseconds in repetition 218
tcp_ping received 4096 bytes back
Round trip time was 2.26719 milliseconds in repetition 219
tcp_ping received 4096 bytes back
Round trip time was 2.18287 milliseconds in repetition 220
tcp_ping received 4096 bytes back
Round trip time was 3.57129 milliseconds in repetition 221
tcp_ping received 4096 bytes back
Round trip time was 2.83116 milliseconds in repetition 222
tcp_ping received 4096 bytes back
Round trip time was 2.40542 milliseconds in repetition 223
tcp_ping received 4096 bytes back
Round trip time was 2.28155 milliseconds in repetition 224
tcp_ping received 4096 bytes back
Round trip time was 2.45601 milliseconds in repetition 225
tcp_ping received 4096 bytes back
Round trip time was 5.60242 milliseconds in repetition 226
tcp_ping received 4096 bytes back
Round trip time was 2.81563 milliseconds in repetition 227
tcp_ping received 4096 bytes back
Round trip time was 2.62962 milliseconds in repetition 228
tcp_ping received 4096 bytes back
Round trip time was 2.59319 milliseconds in repetition 229
tcp_ping received 4096 bytes back
Round trip time was 2.69033 milliseconds in repetition 230
tcp_ping received 4096 bytes back
Round trip time was 2.29131 milliseconds in repetition 231
tcp_ping received 4096 bytes back
Round trip time was 2.23494 milliseconds in repetition 232
tcp_ping received 4096 bytes back
Round trip time was 2.36339 milliseconds in repetition 233
tcp_ping received 4096 bytes back
Round trip time was 2.34179 milliseconds in repetition 234
tcp_ping received 4096 bytes back
Round trip time was 2.73872 milliseconds in repetition 235
tcp_ping received 4096 bytes back
Round trip time was 2.92459 milliseconds in repetition 236
tcp_ping received 4096 bytes back
Round trip time was 2.31484 milliseconds in repetition 237
tcp_ping received 4096 bytes back
Round trip time was 2.70238 milliseconds in repetition 238
tcp_ping received 4096 bytes back
Round trip time was 2.74653 milliseconds in repetition 239
tcp_ping received 4096 bytes back
Round trip time was 2.09436 milliseconds in repetition 240
tcp_ping received 4096 bytes back
Round trip time was 2.52743 milliseconds in repetition 241
tcp_ping received 4096 bytes back
Round trip time was 3.18042 milliseconds in repetition 242
tcp_ping received 4096 bytes back
Round trip time was 2.2227 milliseconds in repetition 243
tcp_ping received 4096 bytes back
Round trip time was 2.78592 milliseconds in repetition 244
tcp_ping received 4096 bytes back
Round trip time was 2.53299 milliseconds in repetition 245
tcp_ping received 4096 bytes back
Round trip time was 1.93978 milliseconds in repetition 246
tcp_ping received 4096 bytes back
Round trip time was 2.36619 milliseconds in repetition 247
tcp_ping received 4096 bytes back
Round trip time was 2.83109 milliseconds in repetition 248
tcp_ping received 4096 bytes back
Round trip time was 9.60344 milliseconds in repetition 249
tcp_ping received 4096 bytes back
Round trip time was 2.91107 milliseconds in repetition 250
tcp_ping received 4096 bytes back
Round trip time was 2.73891 milliseconds in repetition 251
tcp_ping received 4096 bytes back
Round trip time was 2.69745 milliseconds in repetition 252
tcp_ping received 4096 bytes back
Round trip time was 2.35314 milliseconds in repetition 253
tcp_ping received 4096 bytes back
Round trip time was 4.26619 milliseconds in repetition 254
tcp_ping received 4096 bytes back
Round trip time was 2.71408 milliseconds in repetition 255
tcp_ping received 4096 bytes back
Round trip time was 3.13938 milliseconds in repetition 256
tcp_ping received 4096 bytes back
Round trip time was 2.81969 milliseconds in repetition 257
tcp_ping received 4096 bytes back
Round trip time was 2.7913 milliseconds in repetition 258
tcp_ping received 4096 bytes back
Round trip time was 2.15217 milliseconds in repetition 259
tcp_ping received 4096 bytes back
Round trip time was 2.31089 milliseconds in repetition 260
tcp_ping received 4096 bytes back
Round trip time was 2.61619 milliseconds in repetition 261
tcp_ping received 4096 bytes back
Round trip time was 2.38527 milliseconds in repetition 262
tcp_ping received 4096 bytes back
Round trip time was 3.11061 milliseconds in repetition 263
tcp_ping received 4096 bytes back
Round trip time was 2.54208 milliseconds in repetition 264
tcp_ping received 4096 bytes back
Round trip time was 5.77123 milliseconds in repetition 265
tcp_ping received 4096 bytes back
Round trip time was 2.76178 milliseconds in repetition 266
tcp_ping received 4096 bytes back
Round trip time was 3.13203 milliseconds in repetition 267
tcp_ping received 4096 bytes back
Round trip time was 2.21896 milliseconds in repetition 268
tcp_ping received 4096 bytes back
Round trip time was 3.27002 milliseconds in repetition 269
tcp_ping received 4096 bytes back
Round trip time was 2.9864 milliseconds in repetition 270
tcp_ping received 4096 bytes back
Round trip time was 3.12991 milliseconds in repetition 271
tcp_ping received 4096 bytes back
Round trip time was 2.42178 milliseconds in repetition 272
tcp_ping received 4096 bytes back
Round trip time was 2.95764 milliseconds in repetition 273
tcp_ping received 4096 bytes back
Round trip time was 2.72259 milliseconds in repetition 274
tcp_ping received 4096 bytes back
Round trip time was 3.19405 milliseconds in repetition 275
tcp_ping received 4096 bytes back
Round trip time was 2.56006 milliseconds in repetition 276
tcp_ping received 4096 bytes back
Round trip time was 2.41941 milliseconds in repetition 277
tcp_ping received 4096 bytes back
Round trip time was 2.30362 milliseconds in repetition 278
tcp_ping received 4096 bytes back
Round trip time was 2.87231 milliseconds in repetition 279
tcp_ping received 4096 bytes back
Round trip time was 2.58032 milliseconds in repetition 280
tcp_ping received 4096 bytes back
Round trip time was 2.3409 milliseconds in repetition 281
tcp_ping received 4096 bytes back
Round trip time was 2.75768 milliseconds in repetition 282
tcp_ping received 4096 bytes back
Round trip time was 4.93236 milliseconds in repetition 283
tcp_ping received 4096 bytes back
Round trip time was 2.89055 milliseconds in repetition 284
tcp_ping received 4096 bytes back
Round trip time was 3.14917 milliseconds in repetition 285
tcp_ping received 4096 bytes back
Round trip time was 3.38262 milliseconds in repetition 286
tcp_ping received 4096 bytes back
Round trip time was 2.4575 milliseconds in repetition 287
tcp_ping received 4096 bytes back
Round trip time was 3.11945 milliseconds in repetition 288
tcp_ping received 4096 bytes back
Round trip time was 2.40538 milliseconds in repetition 289
tcp_ping received 4096 bytes back
Round trip time was 2.11527 milliseconds in repetition 290
tcp_ping received 4096 bytes back
Round trip time was 3.34902 milliseconds in repetition 291
tcp_ping received 4096 bytes back
Round trip time was 2.4206 milliseconds in repetition 292
tcp_ping received 4096 bytes back
Round trip time was 2.49682 milliseconds in repetition 293
tcp_ping received 4096 bytes back
Round trip time was 2.85801 milliseconds in repetition 294
tcp_ping received 4096 bytes back
Round trip time was 2.69311 milliseconds in repetition 295
tcp_ping received 4096 bytes back
Round trip time was 7.08764 milliseconds in repetition 296
tcp_ping received 4096 bytes back
Round trip time was 2.29272 milliseconds in repetition 297
tcp_ping received 4096 bytes back
Round trip time was 4.28085 milliseconds in repetition 298
tcp_ping received 4096 bytes back
Round trip time was 3.614 milliseconds in repetition 299
tcp_ping received 4096 bytes back
Round trip time was 2.35575 milliseconds in repetition 300
tcp_ping received 4096 bytes back
Round trip time was 2.33448 milliseconds in repetition 301
tcp_ping received 4096 bytes back
Round trip time was 3.31116 milliseconds in repetition 302
tcp_ping received 4096 bytes back
Round trip time was 2.88036 milliseconds in repetition 303
tcp_ping received 4096 bytes back
Round trip time was 2.49952 milliseconds in repetition 304
tcp_ping received 4096 bytes back
Round trip time was 2.10326 milliseconds in repetition 305
tcp_ping received 4096 bytes back
Round trip time was 2.52821 milliseconds in repetition 306
tcp_ping received 4096 bytes back
Round trip time was 2.47287 milliseconds in repetition 307
tcp_ping received 4096 bytes back
Round trip time was 2.59051 milliseconds in repetition 308
tcp_ping received 4096 bytes back
Round trip time was 3.47231 milliseconds in repetition 309
tcp_ping received 4096 bytes back
Round trip time was 2.67883 milliseconds in repetition 310
tcp_ping received 4096 bytes back
Round trip time was 2.72578 milliseconds in repetition 311
tcp_ping received 4096 bytes back
Round trip time was 2.67309 milliseconds in repetition 312
tcp_ping received 4096 bytes back
Round trip time was 2.34364 milliseconds in repetition 313
tcp_ping received 4096 bytes back
Round trip time was 2.38241 milliseconds in repetition 314
tcp_ping received 4096 bytes back
Round trip time was 3.21594 milliseconds in repetition 315
tcp_ping received 4096 bytes back
Round trip time was 2.24014 milliseconds in repetition 316
tcp_ping received 4096 bytes back
Round trip time was 2.3109 milliseconds in repetition 317
tcp_ping received 4096 bytes back
Round trip time was 2.62561 milliseconds in repetition 318
tcp_ping received 4096 bytes back
Round trip time was 2.80044 milliseconds in repetition 319
tcp_ping received 4096 bytes back
Round trip time was 2.76167 milliseconds in repetition 320
tcp_ping received 4096 bytes back
Round trip time was 2.8255 milliseconds in repetition 321
tcp_ping received 4096 bytes back
Round trip time was 2.8738 milliseconds in repetition 322
tcp_ping received 4096 bytes back
Round trip time was 2.95141 milliseconds in repetition 323
tcp_ping received 4096 bytes back
Round trip time was 2.48265 milliseconds in repetition 324
tcp_ping received 4096 bytes back
Round trip time was 3.09072 milliseconds in repetition 325
tcp_ping received 4096 bytes back
Round trip time was 2.29818 milliseconds in repetition 326
tcp_ping received 4096 bytes back
Round trip time was 2.51713 milliseconds in repetition 327
tcp_ping received 4096 bytes back
Round trip time was 2.93118 milliseconds in repetition 328
tcp_ping received 4096 bytes back
Round trip time was 2.26531 milliseconds in repetition 329
tcp_ping received 4096 bytes back
Round trip time was 2.43379 milliseconds in repetition 330
tcp_ping received 4096 bytes back
Round trip time was 2.35718 milliseconds in repetition 331
tcp_ping received 4096 bytes back
Round trip time was 2.27562 milliseconds in repetition 332
tcp_ping received 4096 bytes back
Round trip time was 8.30505 milliseconds in repetition 333
tcp_ping received 4096 bytes back
Round trip time was 6.33364 milliseconds in repetition 334
tcp_ping received 4096 bytes back
Round trip time was 2.44742 milliseconds in repetition 335
tcp_ping received 4096 bytes back
Round trip time was 2.60278 milliseconds in repetition 336
tcp_ping received 4096 bytes back
Round trip time was 2.53106 milliseconds in repetition 337
tcp_ping received 4096 bytes back
Round trip time was 2.73731 milliseconds in repetition 338
tcp_ping received 4096 bytes back
Round trip time was 2.5165 milliseconds in repetition 339
tcp_ping received 4096 bytes back
Round trip time was 2.50741 milliseconds in repetition 340
tcp_ping received 4096 bytes back
Round trip time was 2.57687 milliseconds in repetition 341
tcp_ping received 4096 bytes back
Round trip time was 7.06336 milliseconds in repetition 342
tcp_ping received 4096 bytes back
Round trip time was 3.24124 milliseconds in repetition 343
tcp_ping received 4096 bytes back
Round trip time was 2.7417 milliseconds in repetition 344
tcp_ping received 4096 bytes back
Round trip time was 3.06803 milliseconds in repetition 345
tcp_ping received 4096 bytes back
Round trip time was 2.62216 milliseconds in repetition 346
tcp_ping received 4096 bytes back
Round trip time was 2.74112 milliseconds in repetition 347
tcp_ping received 4096 bytes back
Round trip time was 2.82244 milliseconds in repetition 348
tcp_ping received 4096 bytes back
Round trip time was 3.19977 milliseconds in repetition 349
tcp_ping received 4096 bytes back
Round trip time was 2.70597 milliseconds in repetition 350
tcp_ping received 4096 bytes back
Round trip time was 2.33626 milliseconds in repetition 351
tcp_ping received 4096 bytes back
Round trip time was 3.50524 milliseconds in repetition 352
tcp_ping received 4096 bytes back
Round trip time was 3.12481 milliseconds in repetition 353
tcp_ping received 4096 bytes back
Round trip time was 2.16936 milliseconds in repetition 354
tcp_ping received 4096 bytes back
Round trip time was 3.85334 milliseconds in repetition 355
tcp_ping received 4096 bytes back
Round trip time was 2.50132 milliseconds in repetition 356
tcp_ping received 4096 bytes back
Round trip time was 3.03494 milliseconds in repetition 357
tcp_ping received 4096 bytes back
Round trip time was 2.49717 milliseconds in repetition 358
tcp_ping received 4096 bytes back
Round trip time was 2.31958 milliseconds in repetition 359
tcp_ping received 4096 bytes back
Round trip time was 2.45913 milliseconds in repetition 360
tcp_ping received 4096 bytes back
Round trip time was 3.18107 milliseconds in repetition 361
tcp_ping received 4096 bytes back
Round trip time was 2.19017 milliseconds in repetition 362
tcp_ping received 4096 bytes back
Round trip time was 1.96413 milliseconds in repetition 363
tcp_ping received 4096 bytes back
Round trip time was 2.58867 milliseconds in repetition 364
tcp_ping received 4096 bytes back
Round trip time was 3.36939 milliseconds in repetition 365
tcp_ping received 4096 bytes back
Round trip time was 2.85845 milliseconds in repetition 366
tcp_ping received 4096 bytes back
Round trip time was 2.725 milliseconds in repetition 367
tcp_ping received 4096 bytes back
Round trip time was 2.35445 milliseconds in repetition 368
tcp_ping received 4096 bytes back
Round trip time was 2.76409 milliseconds in repetition 369
tcp_ping received 4096 bytes back
Round trip time was 2.59003 milliseconds in repetition 370
tcp_ping received 4096 bytes back
Round trip time was 2.27895 milliseconds in repetition 371
tcp_ping received 4096 bytes back
Round trip time was 2.22452 milliseconds in repetition 372
tcp_ping received 4096 bytes back
Round trip time was 6.71649 milliseconds in repetition 373
tcp_ping received 4096 bytes back
Round trip time was 3.43168 milliseconds in repetition 374
tcp_ping received 4096 bytes back
Round trip time was 2.84478 milliseconds in repetition 375
tcp_ping received 4096 bytes back
Round trip time was 3.9291 milliseconds in repetition 376
tcp_ping received 4096 bytes back
Round trip time was 4.63003 milliseconds in repetition 377
tcp_ping received 4096 bytes back
Round trip time was 2.88001 milliseconds in repetition 378
tcp_ping received 4096 bytes back
Round trip time was 2.55428 milliseconds in repetition 379
tcp_ping received 4096 bytes back
Round trip time was 2.18247 milliseconds in repetition 380
tcp_ping received 4096 bytes back
Round trip time was 2.4842 milliseconds in repetition 381
tcp_ping received 4096 bytes back
Round trip time was 2.28367 milliseconds in repetition 382
tcp_ping received 4096 bytes back
Round trip time was 4.00849 milliseconds in repetition 383
tcp_ping received 4096 bytes back
Round trip time was 2.70269 milliseconds in repetition 384
tcp_ping received 4096 bytes back
Round trip time was 3.62538 milliseconds in repetition 385
tcp_ping received 4096 bytes back
Round trip time was 2.75015 milliseconds in repetition 386
tcp_ping received 4096 bytes back
Round trip time was 2.22765 milliseconds in repetition 387
tcp_ping received 4096 bytes back
Round trip time was 2.67743 milliseconds in repetition 388
tcp_ping received 4096 bytes back
Round trip time was 2.50406 milliseconds in repetition 389
tcp_ping received 4096 bytes back
Round trip time was 3.09072 milliseconds in repetition 390
tcp_ping received 4096 bytes back
Round trip time was 3.38839 milliseconds in repetition 391
tcp_ping received 4096 bytes back
Round trip time was 3.71932 milliseconds in repetition 392
tcp_ping received 4096 bytes back
Round trip time was 3.0309 milliseconds in repetition 393
tcp_ping received 4096 bytes back
Round trip time was 3.85003 milliseconds in repetition 394
tcp_ping received 4096 bytes back
Round trip time was 2.63028 milliseconds in repetition 395
tcp_ping received 4096 bytes back
Round trip time was 2.62985 milliseconds in repetition 396
tcp_ping received 4096 bytes back
Round trip time was 2.8485 milliseconds in repetition 397
tcp_ping received 4096 bytes back
Round trip time was 2.43131 milliseconds in repetition 398
tcp_ping received 4096 bytes back
Round trip time was 2.71547 milliseconds in repetition 399
tcp_ping received 4096 bytes back
Round trip time was 2.7899 milliseconds in repetition 400
tcp_ping received 4096 bytes back
Round trip time was 2.61646 milliseconds in repetition 401
tcp_ping received 4096 bytes back
Round trip time was 2.35631 milliseconds in repetition 402
tcp_ping received 4096 bytes back
Round trip time was 4.88234 milliseconds in repetition 403
tcp_ping received 4096 bytes back
Round trip time was 2.22702 milliseconds in repetition 404
tcp_ping received 4096 bytes back
Round trip time was 2.51742 milliseconds in repetition 405
tcp_ping received 4096 bytes back
Round trip time was 2.24666 milliseconds in repetition 406
tcp_ping received 4096 bytes back
Round trip time was 2.62339 milliseconds in repetition 407
tcp_ping received 4096 bytes back
Round trip time was 23.4821 milliseconds in repetition 408
tcp_ping received 4096 bytes back
Round trip time was 2.69045 milliseconds in repetition 409
tcp_ping received 4096 bytes back
Round trip time was 3.52869 milliseconds in repetition 410
tcp_ping received 4096 bytes back
Round trip time was 2.43384 milliseconds in repetition 411
tcp_ping received 4096 bytes back
Round trip time was 3.07865 milliseconds in repetition 412
tcp_ping received 4096 bytes back
Round trip time was 2.19829 milliseconds in repetition 413
tcp_ping received 4096 bytes back
Round trip time was 2.39948 milliseconds in repetition 414
tcp_ping received 4096 bytes back
Round trip time was 2.43639 milliseconds in repetition 415
tcp_ping received 4096 bytes back
Round trip time was 4.17609 milliseconds in repetition 416
tcp_ping received 4096 bytes back
Round trip time was 3.32266 milliseconds in repetition 417
tcp_ping received 4096 bytes back
Round trip time was 3.07205 milliseconds in repetition 418
tcp_ping received 4096 bytes back
Round trip time was 2.64724 milliseconds in repetition 419
tcp_ping received 4096 bytes back
Round trip time was 2.59771 milliseconds in repetition 420
tcp_ping received 4096 bytes back
Round trip time was 4.56951 milliseconds in repetition 421
tcp_ping received 4096 bytes back
Round trip time was 3.29278 milliseconds in repetition 422
tcp_ping received 4096 bytes back
Round trip time was 2.71601 milliseconds in repetition 423
tcp_ping received 4096 bytes back
Round trip time was 2.5926 milliseconds in repetition 424
tcp_ping received 4096 bytes back
Round trip time was 2.64802 milliseconds in repetition 425
tcp_ping received 4096 bytes back
Round trip time was 2.46938 milliseconds in repetition 426
tcp_ping received 4096 bytes back
Round trip time was 2.2704 milliseconds in repetition 427
tcp_ping received 4096 bytes back
Round trip time was 2.43245 milliseconds in repetition 428
tcp_ping received 4096 bytes back
Round trip time was 2.80501 milliseconds in repetition 429
tcp_ping received 4096 bytes back
Round trip time was 2.21777 milliseconds in repetition 430
tcp_ping received 4096 bytes back
Round trip time was 2.61885 milliseconds in repetition 431
tcp_ping received 4096 bytes back
Round trip time was 2.31511 milliseconds in repetition 432
tcp_ping received 4096 bytes back
Round trip time was 3.54392 milliseconds in repetition 433
tcp_ping received 4096 bytes back
Round trip time was 3.89446 milliseconds in repetition 434
tcp_ping received 4096 bytes back
Round trip time was 7.48087 milliseconds in repetition 435
tcp_ping received 4096 bytes back
Round trip time was 3.09303 milliseconds in repetition 436
tcp_ping received 4096 bytes back
Round trip time was 2.55919 milliseconds in repetition 437
tcp_ping received 4096 bytes back
Round trip time was 2.5557 milliseconds in repetition 438
tcp_ping received 4096 bytes back
Round trip time was 3.4459 milliseconds in repetition 439
tcp_ping received 4096 bytes back
Round trip time was 2.30938 milliseconds in repetition 440
tcp_ping received 4096 bytes back
Round trip time was 5.86738 milliseconds in repetition 441
tcp_ping received 4096 bytes back
Round trip time was 3.06041 milliseconds in repetition 442
tcp_ping received 4096 bytes back
Round trip time was 2.28655 milliseconds in repetition 443
tcp_ping received 4096 bytes back
Round trip time was 2.91261 milliseconds in repetition 444
tcp_ping received 4096 bytes back
Round trip time was 3.22085 milliseconds in repetition 445
tcp_ping received 4096 bytes back
Round trip time was 2.47149 milliseconds in repetition 446
tcp_ping received 4096 bytes back
Round trip time was 3.30862 milliseconds in repetition 447
tcp_ping received 4096 bytes back
Round trip time was 2.75126 milliseconds in repetition 448
tcp_ping received 4096 bytes back
Round trip time was 3.08629 milliseconds in repetition 449
tcp_ping received 4096 bytes back
Round trip time was 2.4504 milliseconds in repetition 450
tcp_ping received 4096 bytes back
Round trip time was 2.35247 milliseconds in repetition 451
tcp_ping received 4096 bytes back
Round trip time was 3.33429 milliseconds in repetition 452
tcp_ping received 4096 bytes back
Round trip time was 3.03733 milliseconds in repetition 453
tcp_ping received 4096 bytes back
Round trip time was 2.32274 milliseconds in repetition 454
tcp_ping received 4096 bytes back
Round trip time was 3.3533 milliseconds in repetition 455
tcp_ping received 4096 bytes back
Round trip time was 2.83658 milliseconds in repetition 456
tcp_ping received 4096 bytes back
Round trip time was 3.02756 milliseconds in repetition 457
tcp_ping received 4096 bytes back
Round trip time was 2.61648 milliseconds in repetition 458
tcp_ping received 4096 bytes back
Round trip time was 2.6287 milliseconds in repetition 459
tcp_ping received 4096 bytes back
Round trip time was 2.95379 milliseconds in repetition 460
tcp_ping received 4096 bytes back
Round trip time was 2.79739 milliseconds in repetition 461
tcp_ping received 4096 bytes back
Round trip time was 2.41613 milliseconds in repetition 462
tcp_ping received 4096 bytes back
Round trip time was 2.88745 milliseconds in repetition 463
tcp_ping received 4096 bytes back
Round trip time was 2.44811 milliseconds in repetition 464
tcp_ping received 4096 bytes back
Round trip time was 2.92979 milliseconds in repetition 465
tcp_ping received 4096 bytes back
Round trip time was 2.61573 milliseconds in repetition 466
tcp_ping received 4096 bytes back
Round trip time was 2.33444 milliseconds in repetition 467
tcp_ping received 4096 bytes back
Round trip time was 2.76851 milliseconds in repetition 468
tcp_ping received 4096 bytes back
Round trip time was 2.93677 milliseconds in repetition 469
tcp_ping received 4096 bytes back
Round trip time was 3.70796 milliseconds in repetition 470
tcp_ping received 4096 bytes back
Round trip time was 3.02303 milliseconds in repetition 471
tcp_ping received 4096 bytes back
Round trip time was 8.34714 milliseconds in repetition 472
tcp_ping received 4096 bytes back
Round trip time was 2.51982 milliseconds in repetition 473
tcp_ping received 4096 bytes back
Round trip time was 3.33628 milliseconds in repetition 474
tcp_ping received 4096 bytes back
Round trip time was 2.58653 milliseconds in repetition 475
tcp_ping received 4096 bytes back
Round trip time was 2.92582 milliseconds in repetition 476
tcp_ping received 4096 bytes back
Round trip time was 2.44307 milliseconds in repetition 477
tcp_ping received 4096 bytes back
Round trip time was 3.25268 milliseconds in repetition 478
tcp_ping received 4096 bytes back
Round trip time was 2.90591 milliseconds in repetition 479
tcp_ping received 4096 bytes back
Round trip time was 2.66893 milliseconds in repetition 480
tcp_ping received 4096 bytes back
Round trip time was 7.14626 milliseconds in repetition 481
tcp_ping received 4096 bytes back
Round trip time was 2.5244 milliseconds in repetition 482
tcp_ping received 4096 bytes back
Round trip time was 2.97328 milliseconds in repetition 483
tcp_ping received 4096 bytes back
Round trip time was 5.80803 milliseconds in repetition 484
tcp_ping received 4096 bytes back
Round trip time was 2.6512 milliseconds in repetition 485
tcp_ping received 4096 bytes back
Round trip time was 2.79845 milliseconds in repetition 486
tcp_ping received 4096 bytes back
Round trip time was 2.61792 milliseconds in repetition 487
tcp_ping received 4096 bytes back
Round trip time was 2.59417 milliseconds in repetition 488
tcp_ping received 4096 bytes back
Round trip time was 3.20016 milliseconds in repetition 489
tcp_ping received 4096 bytes back
Round trip time was 2.93875 milliseconds in repetition 490
tcp_ping received 4096 bytes back
Round trip time was 2.66932 milliseconds in repetition 491
tcp_ping received 4096 bytes back
Round trip time was 2.57788 milliseconds in repetition 492
tcp_ping received 4096 bytes back
Round trip time was 3.12975 milliseconds in repetition 493
tcp_ping received 4096 bytes back
Round trip time was 2.76023 milliseconds in repetition 494
tcp_ping received 4096 bytes back
Round trip time was 2.56094 milliseconds in repetition 495
tcp_ping received 4096 bytes back
Round trip time was 2.72834 milliseconds in repetition 496
tcp_ping received 4096 bytes back
Round trip time was 3.79296 milliseconds in repetition 497
tcp_ping received 4096 bytes back
Round trip time was 3.32948 milliseconds in repetition 498
tcp_ping received 4096 bytes back
Round trip time was 3.31555 milliseconds in repetition 499
tcp_ping received 4096 bytes back
Round trip time was 2.92033 milliseconds in repetition 500
tcp_ping received 4096 bytes back
Round trip time was 2.96607 milliseconds in repetition 501

 ... clock resolution was 1e-06
TCP Ping:  Statistics over 501 repetitions of 4096 byte messages

RTT : percentile 10: 2.27895, median: 2.67309, percentile 90: 3.67717, average: 2.98444, variance: 2.02911

RTT histogram:
1.93978 142
1.96413 304
2.00222 31
2.05501 4
2.07417 7
2.07493 6
2.08235 2
2.09436 3
2.10326 0
2.1044 0
2.11027 1
2.113 0
2.11527 0
2.13282 0
2.15217 0
2.15373 0
2.16936 0
2.17366 0
2.18247 0
2.18287 0
2.18319 1

   median Throughput : 3064.62 KB/s   overall Throughput : 2744.91 KB/s

