TCP Ping trying to connect to server webdev.disi.unige.it (130.251.61.30) on port 1491
 ... connected to Pong server: asking for 501 repetitions of 3072 bytes TCP messages
 ... Pong server agreed :-)
tcp_ping received 3072 bytes back
Round trip time was 8.38732 milliseconds in repetition 1
tcp_ping received 3072 bytes back
Round trip time was 3.34463 milliseconds in repetition 2
tcp_ping received 3072 bytes back
Round trip time was 3.74089 milliseconds in repetition 3
tcp_ping received 3072 bytes back
Round trip time was 3.80038 milliseconds in repetition 4
tcp_ping received 3072 bytes back
Round trip time was 3.81256 milliseconds in repetition 5
tcp_ping received 3072 bytes back
Round trip time was 3.66836 milliseconds in repetition 6
tcp_ping received 3072 bytes back
Round trip time was 3.87461 milliseconds in repetition 7
tcp_ping received 3072 bytes back
Round trip time was 3.46895 milliseconds in repetition 8
tcp_ping received 3072 bytes back
Round trip time was 3.27579 milliseconds in repetition 9
tcp_ping received 3072 bytes back
Round trip time was 2.0957 milliseconds in repetition 10
tcp_ping received 3072 bytes back
Round trip time was 2.94284 milliseconds in repetition 11
tcp_ping received 3072 bytes back
Round trip time was 2.10754 milliseconds in repetition 12
tcp_ping received 3072 bytes back
Round trip time was 2.52752 milliseconds in repetition 13
tcp_ping received 3072 bytes back
Round trip time was 2.14341 milliseconds in repetition 14
tcp_ping received 3072 bytes back
Round trip time was 5.36519 milliseconds in repetition 15
tcp_ping received 3072 bytes back
Round trip time was 2.22509 milliseconds in repetition 16
tcp_ping received 3072 bytes back
Round trip time was 2.25901 milliseconds in repetition 17
tcp_ping received 3072 bytes back
Round trip time was 2.065 milliseconds in repetition 18
tcp_ping received 3072 bytes back
Round trip time was 1.90491 milliseconds in repetition 19
tcp_ping received 3072 bytes back
Round trip time was 2.28186 milliseconds in repetition 20
tcp_ping received 3072 bytes back
Round trip time was 2.35598 milliseconds in repetition 21
tcp_ping received 3072 bytes back
Round trip time was 2.27552 milliseconds in repetition 22
tcp_ping received 3072 bytes back
Round trip time was 2.27439 milliseconds in repetition 23
tcp_ping received 3072 bytes back
Round trip time was 1.97998 milliseconds in repetition 24
tcp_ping received 3072 bytes back
Round trip time was 2.30719 milliseconds in repetition 25
tcp_ping received 3072 bytes back
Round trip time was 1.93421 milliseconds in repetition 26
tcp_ping received 3072 bytes back
Round trip time was 2.15573 milliseconds in repetition 27
tcp_ping received 3072 bytes back
Round trip time was 3.01148 milliseconds in repetition 28
tcp_ping received 3072 bytes back
Round trip time was 2.13988 milliseconds in repetition 29
tcp_ping received 3072 bytes back
Round trip time was 2.23466 milliseconds in repetition 30
tcp_ping received 3072 bytes back
Round trip time was 2.23677 milliseconds in repetition 31
tcp_ping received 3072 bytes back
Round trip time was 3.02387 milliseconds in repetition 32
tcp_ping received 3072 bytes back
Round trip time was 2.12862 milliseconds in repetition 33
tcp_ping received 3072 bytes back
Round trip time was 2.22377 milliseconds in repetition 34
tcp_ping received 3072 bytes back
Round trip time was 2.17824 milliseconds in repetition 35
tcp_ping received 3072 bytes back
Round trip time was 2.15975 milliseconds in repetition 36
tcp_ping received 3072 bytes back
Round trip time was 1.97098 milliseconds in repetition 37
tcp_ping received 3072 bytes back
Round trip time was 1.91292 milliseconds in repetition 38
tcp_ping received 3072 bytes back
Round trip time was 2.12826 milliseconds in repetition 39
tcp_ping received 3072 bytes back
Round trip time was 2.09776 milliseconds in repetition 40
tcp_ping received 3072 bytes back
Round trip time was 2.64236 milliseconds in repetition 41
tcp_ping received 3072 bytes back
Round trip time was 3.17691 milliseconds in repetition 42
tcp_ping received 3072 bytes back
Round trip time was 2.69322 milliseconds in repetition 43
tcp_ping received 3072 bytes back
Round trip time was 2.35367 milliseconds in repetition 44
tcp_ping received 3072 bytes back
Round trip time was 3.54313 milliseconds in repetition 45
tcp_ping received 3072 bytes back
Round trip time was 2.14024 milliseconds in repetition 46
tcp_ping received 3072 bytes back
Round trip time was 2.13527 milliseconds in repetition 47
tcp_ping received 3072 bytes back
Round trip time was 2.07638 milliseconds in repetition 48
tcp_ping received 3072 bytes back
Round trip time was 2.25223 milliseconds in repetition 49
tcp_ping received 3072 bytes back
Round trip time was 2.28859 milliseconds in repetition 50
tcp_ping received 3072 bytes back
Round trip time was 1.99971 milliseconds in repetition 51
tcp_ping received 3072 bytes back
Round trip time was 2.11751 milliseconds in repetition 52
tcp_ping received 3072 bytes back
Round trip time was 2.04586 milliseconds in repetition 53
tcp_ping received 3072 bytes back
Round trip time was 2.33773 milliseconds in repetition 54
tcp_ping received 3072 bytes back
Round trip time was 2.36452 milliseconds in repetition 55
tcp_ping received 3072 bytes back
Round trip time was 2.06806 milliseconds in repetition 56
tcp_ping received 3072 bytes back
Round trip time was 3.5046 milliseconds in repetition 57
tcp_ping received 3072 bytes back
Round trip time was 2.1792 milliseconds in repetition 58
tcp_ping received 3072 bytes back
Round trip time was 1.88804 milliseconds in repetition 59
tcp_ping received 3072 bytes back
Round trip time was 2.26855 milliseconds in repetition 60
tcp_ping received 3072 bytes back
Round trip time was 6.97198 milliseconds in repetition 61
tcp_ping received 3072 bytes back
Round trip time was 2.58566 milliseconds in repetition 62
tcp_ping received 3072 bytes back
Round trip time was 2.45303 milliseconds in repetition 63
tcp_ping received 3072 bytes back
Round trip time was 1.89583 milliseconds in repetition 64
tcp_ping received 3072 bytes back
Round trip time was 1.876 milliseconds in repetition 65
tcp_ping received 3072 bytes back
Round trip time was 1.76722 milliseconds in repetition 66
tcp_ping received 3072 bytes back
Round trip time was 2.36247 milliseconds in repetition 67
tcp_ping received 3072 bytes back
Round trip time was 1.93063 milliseconds in repetition 68
tcp_ping received 3072 bytes back
Round trip time was 2.94093 milliseconds in repetition 69
tcp_ping received 3072 bytes back
Round trip time was 2.1541 milliseconds in repetition 70
tcp_ping received 3072 bytes back
Round trip time was 3.60626 milliseconds in repetition 71
tcp_ping received 3072 bytes back
Round trip time was 3.00729 milliseconds in repetition 72
tcp_ping received 3072 bytes back
Round trip time was 2.71275 milliseconds in repetition 73
tcp_ping received 3072 bytes back
Round trip time was 2.73415 milliseconds in repetition 74
tcp_ping received 3072 bytes back
Round trip time was 2.02237 milliseconds in repetition 75
tcp_ping received 3072 bytes back
Round trip time was 2.32115 milliseconds in repetition 76
tcp_ping received 3072 bytes back
Round trip time was 2.85367 milliseconds in repetition 77
tcp_ping received 3072 bytes back
Round trip time was 6.04978 milliseconds in repetition 78
tcp_ping received 3072 bytes back
Round trip time was 2.38955 milliseconds in repetition 79
tcp_ping received 3072 bytes back
Round trip time was 2.05561 milliseconds in repetition 80
tcp_ping received 3072 bytes back
Round trip time was 2.32111 milliseconds in repetition 81
tcp_ping received 3072 bytes back
Round trip time was 3.64437 milliseconds in repetition 82
tcp_ping received 3072 bytes back
Round trip time was 6.18209 milliseconds in repetition 83
tcp_ping received 3072 bytes back
Round trip time was 2.73322 milliseconds in repetition 84
tcp_ping received 3072 bytes back
Round trip time was 2.03084 milliseconds in repetition 85
tcp_ping received 3072 bytes back
Round trip time was 2.4619 milliseconds in repetition 86
tcp_ping received 3072 bytes back
Round trip time was 2.34743 milliseconds in repetition 87
tcp_ping received 3072 bytes back
Round trip time was 2.33422 milliseconds in repetition 88
tcp_ping received 3072 bytes back
Round trip time was 2.55343 milliseconds in repetition 89
tcp_ping received 3072 bytes back
Round trip time was 2.5014 milliseconds in repetition 90
tcp_ping received 3072 bytes back
Round trip time was 2.40995 milliseconds in repetition 91
tcp_ping received 3072 bytes back
Round trip time was 2.87953 milliseconds in repetition 92
tcp_ping received 3072 bytes back
Round trip time was 2.52211 milliseconds in repetition 93
tcp_ping received 3072 bytes back
Round trip time was 2.90111 milliseconds in repetition 94
tcp_ping received 3072 bytes back
Round trip time was 2.63413 milliseconds in repetition 95
tcp_ping received 3072 bytes back
Round trip time was 2.14059 milliseconds in repetition 96
tcp_ping received 3072 bytes back
Round trip time was 2.13611 milliseconds in repetition 97
tcp_ping received 3072 bytes back
Round trip time was 2.33255 milliseconds in repetition 98
tcp_ping received 3072 bytes back
Round trip time was 2.26731 milliseconds in repetition 99
tcp_ping received 3072 bytes back
Round trip time was 2.43598 milliseconds in repetition 100
tcp_ping received 3072 bytes back
Round trip time was 2.52792 milliseconds in repetition 101
tcp_ping received 3072 bytes back
Round trip time was 2.15482 milliseconds in repetition 102
tcp_ping received 3072 bytes back
Round trip time was 2.60107 milliseconds in repetition 103
tcp_ping received 3072 bytes back
Round trip time was 2.55984 milliseconds in repetition 104
tcp_ping received 3072 bytes back
Round trip time was 2.52334 milliseconds in repetition 105
tcp_ping received 3072 bytes back
Round trip time was 3.89019 milliseconds in repetition 106
tcp_ping received 3072 bytes back
Round trip time was 2.70171 milliseconds in repetition 107
tcp_ping received 3072 bytes back
Round trip time was 2.45428 milliseconds in repetition 108
tcp_ping received 3072 bytes back
Round trip time was 6.23329 milliseconds in repetition 109
tcp_ping received 3072 bytes back
Round trip time was 3.85723 milliseconds in repetition 110
tcp_ping received 3072 bytes back
Round trip time was 2.38242 milliseconds in repetition 111
tcp_ping received 3072 bytes back
Round trip time was 2.73956 milliseconds in repetition 112
tcp_ping received 3072 bytes back
Round trip time was 2.68402 milliseconds in repetition 113
tcp_ping received 3072 bytes back
Round trip time was 2.64284 milliseconds in repetition 114
tcp_ping received 3072 bytes back
Round trip time was 1.9393 milliseconds in repetition 115
tcp_ping received 3072 bytes back
Round trip time was 2.27977 milliseconds in repetition 116
tcp_ping received 3072 bytes back
Round trip time was 9.51828 milliseconds in repetition 117
tcp_ping received 3072 bytes back
Round trip time was 2.361 milliseconds in repetition 118
tcp_ping received 3072 bytes back
Round trip time was 2.15992 milliseconds in repetition 119
tcp_ping received 3072 bytes back
Round trip time was 2.51649 milliseconds in repetition 120
tcp_ping received 3072 bytes back
Round trip time was 2.52074 milliseconds in repetition 121
tcp_ping received 3072 bytes back
Round trip time was 2.37 milliseconds in repetition 122
tcp_ping received 3072 bytes back
Round trip time was 3.47048 milliseconds in repetition 123
tcp_ping received 3072 bytes back
Round trip time was 2.21454 milliseconds in repetition 124
tcp_ping received 3072 bytes back
Round trip time was 2.28858 milliseconds in repetition 125
tcp_ping received 3072 bytes back
Round trip time was 3.21286 milliseconds in repetition 126
tcp_ping received 3072 bytes back
Round trip time was 2.33087 milliseconds in repetition 127
tcp_ping received 3072 bytes back
Round trip time was 1.96856 milliseconds in repetition 128
tcp_ping received 3072 bytes back
Round trip time was 2.25851 milliseconds in repetition 129
tcp_ping received 3072 bytes back
Round trip time was 1.93336 milliseconds in repetition 130
tcp_ping received 3072 bytes back
Round trip time was 2.89889 milliseconds in repetition 131
tcp_ping received 3072 bytes back
Round trip time was 2.24244 milliseconds in repetition 132
tcp_ping received 3072 bytes back
Round trip time was 2.65429 milliseconds in repetition 133
tcp_ping received 3072 bytes back
Round trip time was 2.12995 milliseconds in repetition 134
tcp_ping received 3072 bytes back
Round trip time was 2.56839 milliseconds in repetition 135
tcp_ping received 3072 bytes back
Round trip time was 2.2173 milliseconds in repetition 136
tcp_ping received 3072 bytes back
Round trip time was 2.39585 milliseconds in repetition 137
tcp_ping received 3072 bytes back
Round trip time was 2.07921 milliseconds in repetition 138
tcp_ping received 3072 bytes back
Round trip time was 2.073 milliseconds in repetition 139
tcp_ping received 3072 bytes back
Round trip time was 2.6464 milliseconds in repetition 140
tcp_ping received 3072 bytes back
Round trip time was 2.57058 milliseconds in repetition 141
tcp_ping received 3072 bytes back
Round trip time was 5.78047 milliseconds in repetition 142
tcp_ping received 3072 bytes back
Round trip time was 2.1544 milliseconds in repetition 143
tcp_ping received 3072 bytes back
Round trip time was 4.04181 milliseconds in repetition 144
tcp_ping received 3072 bytes back
Round trip time was 2.28635 milliseconds in repetition 145
tcp_ping received 3072 bytes back
Round trip time was 1.98083 milliseconds in repetition 146
tcp_ping received 3072 bytes back
Round trip time was 2.6697 milliseconds in repetition 147
tcp_ping received 3072 bytes back
Round trip time was 2.60965 milliseconds in repetition 148
tcp_ping received 3072 bytes back
Round trip time was 2.58773 milliseconds in repetition 149
tcp_ping received 3072 bytes back
Round trip time was 2.05713 milliseconds in repetition 150
tcp_ping received 3072 bytes back
Round trip time was 2.64472 milliseconds in repetition 151
tcp_ping received 3072 bytes back
Round trip time was 1.99133 milliseconds in repetition 152
tcp_ping received 3072 bytes back
Round trip time was 4.35295 milliseconds in repetition 153
tcp_ping received 3072 bytes back
Round trip time was 2.14306 milliseconds in repetition 154
tcp_ping received 3072 bytes back
Round trip time was 2.03628 milliseconds in repetition 155
tcp_ping received 3072 bytes back
Round trip time was 2.53409 milliseconds in repetition 156
tcp_ping received 3072 bytes back
Round trip time was 2.3134 milliseconds in repetition 157
tcp_ping received 3072 bytes back
Round trip time was 2.39404 milliseconds in repetition 158
tcp_ping received 3072 bytes back
Round trip time was 4.13136 milliseconds in repetition 159
tcp_ping received 3072 bytes back
Round trip time was 3.25096 milliseconds in repetition 160
tcp_ping received 3072 bytes back
Round trip time was 2.46103 milliseconds in repetition 161
tcp_ping received 3072 bytes back
Round trip time was 2.02239 milliseconds in repetition 162
tcp_ping received 3072 bytes back
Round trip time was 7.10528 milliseconds in repetition 163
tcp_ping received 3072 bytes back
Round trip time was 2.03476 milliseconds in repetition 164
tcp_ping received 3072 bytes back
Round trip time was 8.42494 milliseconds in repetition 165
tcp_ping received 3072 bytes back
Round trip time was 2.40528 milliseconds in repetition 166
tcp_ping received 3072 bytes back
Round trip time was 2.62657 milliseconds in repetition 167
tcp_ping received 3072 bytes back
Round trip time was 2.4573 milliseconds in repetition 168
tcp_ping received 3072 bytes back
Round trip time was 2.03112 milliseconds in repetition 169
tcp_ping received 3072 bytes back
Round trip time was 2.34435 milliseconds in repetition 170
tcp_ping received 3072 bytes back
Round trip time was 2.14264 milliseconds in repetition 171
tcp_ping received 3072 bytes back
Round trip time was 2.83138 milliseconds in repetition 172
tcp_ping received 3072 bytes back
Round trip time was 2.05052 milliseconds in repetition 173
tcp_ping received 3072 bytes back
Round trip time was 2.42561 milliseconds in repetition 174
tcp_ping received 3072 bytes back
Round trip time was 2.14421 milliseconds in repetition 175
tcp_ping received 3072 bytes back
Round trip time was 2.14908 milliseconds in repetition 176
tcp_ping received 3072 bytes back
Round trip time was 2.92437 milliseconds in repetition 177
tcp_ping received 3072 bytes back
Round trip time was 3.59235 milliseconds in repetition 178
tcp_ping received 3072 bytes back
Round trip time was 2.26025 milliseconds in repetition 179
tcp_ping received 3072 bytes back
Round trip time was 2.2252 milliseconds in repetition 180
tcp_ping received 3072 bytes back
Round trip time was 2.46688 milliseconds in repetition 181
tcp_ping received 3072 bytes back
Round trip time was 2.06189 milliseconds in repetition 182
tcp_ping received 3072 bytes back
Round trip time was 2.26553 milliseconds in repetition 183
tcp_ping received 3072 bytes back
Round trip time was 2.62986 milliseconds in repetition 184
tcp_ping received 3072 bytes back
Round trip time was 2.14505 milliseconds in repetition 185
tcp_ping received 3072 bytes back
Round trip time was 2.50655 milliseconds in repetition 186
tcp_ping received 3072 bytes back
Round trip time was 2.30044 milliseconds in repetition 187
tcp_ping received 3072 bytes back
Round trip time was 2.61461 milliseconds in repetition 188
tcp_ping received 3072 bytes back
Round trip time was 2.14944 milliseconds in repetition 189
tcp_ping received 3072 bytes back
Round trip time was 2.90437 milliseconds in repetition 190
tcp_ping received 3072 bytes back
Round trip time was 2.29774 milliseconds in repetition 191
tcp_ping received 3072 bytes back
Round trip time was 2.30108 milliseconds in repetition 192
tcp_ping received 3072 bytes back
Round trip time was 2.36742 milliseconds in repetition 193
tcp_ping received 3072 bytes back
Round trip time was 2.43544 milliseconds in repetition 194
tcp_ping received 3072 bytes back
Round trip time was 2.02992 milliseconds in repetition 195
tcp_ping received 3072 bytes back
Round trip time was 2.14022 milliseconds in repetition 196
tcp_ping received 3072 bytes back
Round trip time was 2.78341 milliseconds in repetition 197
tcp_ping received 3072 bytes back
Round trip time was 2.33089 milliseconds in repetition 198
tcp_ping received 3072 bytes back
Round trip time was 3.25914 milliseconds in repetition 199
tcp_ping received 3072 bytes back
Round trip time was 2.05903 milliseconds in repetition 200
tcp_ping received 3072 bytes back
Round trip time was 2.43034 milliseconds in repetition 201
tcp_ping received 3072 bytes back
Round trip time was 2.44436 milliseconds in repetition 202
tcp_ping received 3072 bytes back
Round trip time was 2.23345 milliseconds in repetition 203
tcp_ping received 3072 bytes back
Round trip time was 2.0474 milliseconds in repetition 204
tcp_ping received 3072 bytes back
Round trip time was 2.12472 milliseconds in repetition 205
tcp_ping received 3072 bytes back
Round trip time was 2.80933 milliseconds in repetition 206
tcp_ping received 3072 bytes back
Round trip time was 2.0905 milliseconds in repetition 207
tcp_ping received 3072 bytes back
Round trip time was 2.40119 milliseconds in repetition 208
tcp_ping received 3072 bytes back
Round trip time was 2.67144 milliseconds in repetition 209
tcp_ping received 3072 bytes back
Round trip time was 3.09434 milliseconds in repetition 210
tcp_ping received 3072 bytes back
Round trip time was 2.66481 milliseconds in repetition 211
tcp_ping received 3072 bytes back
Round trip time was 2.48619 milliseconds in repetition 212
tcp_ping received 3072 bytes back
Round trip time was 2.72883 milliseconds in repetition 213
tcp_ping received 3072 bytes back
Round trip time was 2.01097 milliseconds in repetition 214
tcp_ping received 3072 bytes back
Round trip time was 2.64638 milliseconds in repetition 215
tcp_ping received 3072 bytes back
Round trip time was 2.80529 milliseconds in repetition 216
tcp_ping received 3072 bytes back
Round trip time was 2.63442 milliseconds in repetition 217
tcp_ping received 3072 bytes back
Round trip time was 2.01661 milliseconds in repetition 218
tcp_ping received 3072 bytes back
Round trip time was 2.70753 milliseconds in repetition 219
tcp_ping received 3072 bytes back
Round trip time was 2.22928 milliseconds in repetition 220
tcp_ping received 3072 bytes back
Round trip time was 2.23985 milliseconds in repetition 221
tcp_ping received 3072 bytes back
Round trip time was 2.5524 milliseconds in repetition 222
tcp_ping received 3072 bytes back
Round trip time was 2.41636 milliseconds in repetition 223
tcp_ping received 3072 bytes back
Round trip time was 2.29023 milliseconds in repetition 224
tcp_ping received 3072 bytes back
Round trip time was 2.11082 milliseconds in repetition 225
tcp_ping received 3072 bytes back
Round trip time was 2.10748 milliseconds in repetition 226
tcp_ping received 3072 bytes back
Round trip time was 2.34885 milliseconds in repetition 227
tcp_ping received 3072 bytes back
Round trip time was 2.02735 milliseconds in repetition 228
tcp_ping received 3072 bytes back
Round trip time was 2.19854 milliseconds in repetition 229
tcp_ping received 3072 bytes back
Round trip time was 2.52786 milliseconds in repetition 230
tcp_ping received 3072 bytes back
Round trip time was 2.2622 milliseconds in repetition 231
tcp_ping received 3072 bytes back
Round trip time was 2.085 milliseconds in repetition 232
tcp_ping received 3072 bytes back
Round trip time was 2.10737 milliseconds in repetition 233
tcp_ping received 3072 bytes back
Round trip time was 2.01572 milliseconds in repetition 234
tcp_ping received 3072 bytes back
Round trip time was 3.20544 milliseconds in repetition 235
tcp_ping received 3072 bytes back
Round trip time was 2.47933 milliseconds in repetition 236
tcp_ping received 3072 bytes back
Round trip time was 2.08088 milliseconds in repetition 237
tcp_ping received 3072 bytes back
Round trip time was 2.05048 milliseconds in repetition 238
tcp_ping received 3072 bytes back
Round trip time was 2.10739 milliseconds in repetition 239
tcp_ping received 3072 bytes back
Round trip time was 2.71746 milliseconds in repetition 240
tcp_ping received 3072 bytes back
Round trip time was 2.31232 milliseconds in repetition 241
tcp_ping received 3072 bytes back
Round trip time was 2.14127 milliseconds in repetition 242
tcp_ping received 3072 bytes back
Round trip time was 2.32589 milliseconds in repetition 243
tcp_ping received 3072 bytes back
Round trip time was 2.3635 milliseconds in repetition 244
tcp_ping received 3072 bytes back
Round trip time was 3.90852 milliseconds in repetition 245
tcp_ping received 3072 bytes back
Round trip time was 2.51865 milliseconds in repetition 246
tcp_ping received 3072 bytes back
Round trip time was 2.58327 milliseconds in repetition 247
tcp_ping received 3072 bytes back
Round trip time was 2.1513 milliseconds in repetition 248
tcp_ping received 3072 bytes back
Round trip time was 3.65713 milliseconds in repetition 249
tcp_ping received 3072 bytes back
Round trip time was 2.69753 milliseconds in repetition 250
tcp_ping received 3072 bytes back
Round trip time was 2.49968 milliseconds in repetition 251
tcp_ping received 3072 bytes back
Round trip time was 2.3398 milliseconds in repetition 252
tcp_ping received 3072 bytes back
Round trip time was 2.52599 milliseconds in repetition 253
tcp_ping received 3072 bytes back
Round trip time was 2.24109 milliseconds in repetition 254
tcp_ping received 3072 bytes back
Round trip time was 2.30673 milliseconds in repetition 255
tcp_ping received 3072 bytes back
Round trip time was 2.56225 milliseconds in repetition 256
tcp_ping received 3072 bytes back
Round trip time was 2.64657 milliseconds in repetition 257
tcp_ping received 3072 bytes back
Round trip time was 2.28235 milliseconds in repetition 258
tcp_ping received 3072 bytes back
Round trip time was 2.07162 milliseconds in repetition 259
tcp_ping received 3072 bytes back
Round trip time was 2.53225 milliseconds in repetition 260
tcp_ping received 3072 bytes back
Round trip time was 2.3666 milliseconds in repetition 261
tcp_ping received 3072 bytes back
Round trip time was 2.32809 milliseconds in repetition 262
tcp_ping received 3072 bytes back
Round trip time was 2.4097 milliseconds in repetition 263
tcp_ping received 3072 bytes back
Round trip time was 1.93374 milliseconds in repetition 264
tcp_ping received 3072 bytes back
Round trip time was 2.20494 milliseconds in repetition 265
tcp_ping received 3072 bytes back
Round trip time was 4.68101 milliseconds in repetition 266
tcp_ping received 3072 bytes back
Round trip time was 2.5036 milliseconds in repetition 267
tcp_ping received 3072 bytes back
Round trip time was 1.99992 milliseconds in repetition 268
tcp_ping received 3072 bytes back
Round trip time was 2.13301 milliseconds in repetition 269
tcp_ping received 3072 bytes back
Round trip time was 2.23057 milliseconds in repetition 270
tcp_ping received 3072 bytes back
Round trip time was 2.53632 milliseconds in repetition 271
tcp_ping received 3072 bytes back
Round trip time was 2.29398 milliseconds in repetition 272
tcp_ping received 3072 bytes back
Round trip time was 2.06597 milliseconds in repetition 273
tcp_ping received 3072 bytes back
Round trip time was 2.3476 milliseconds in repetition 274
tcp_ping received 3072 bytes back
Round trip time was 2.26637 milliseconds in repetition 275
tcp_ping received 3072 bytes back
Round trip time was 2.44089 milliseconds in repetition 276
tcp_ping received 3072 bytes back
Round trip time was 2.55918 milliseconds in repetition 277
tcp_ping received 3072 bytes back
Round trip time was 2.04697 milliseconds in repetition 278
tcp_ping received 3072 bytes back
Round trip time was 2.3952 milliseconds in repetition 279
tcp_ping received 3072 bytes back
Round trip time was 2.05036 milliseconds in repetition 280
tcp_ping received 3072 bytes back
Round trip time was 2.55183 milliseconds in repetition 281
tcp_ping received 3072 bytes back
Round trip time was 3.36497 milliseconds in repetition 282
tcp_ping received 3072 bytes back
Round trip time was 2.22859 milliseconds in repetition 283
tcp_ping received 3072 bytes back
Round trip time was 2.52872 milliseconds in repetition 284
tcp_ping received 3072 bytes back
Round trip time was 2.23572 milliseconds in repetition 285
tcp_ping received 3072 bytes back
Round trip time was 2.01311 milliseconds in repetition 286
tcp_ping received 3072 bytes back
Round trip time was 2.52629 milliseconds in repetition 287
tcp_ping received 3072 bytes back
Round trip time was 2.29206 milliseconds in repetition 288
tcp_ping received 3072 bytes back
Round trip time was 2.38714 milliseconds in repetition 289
tcp_ping received 3072 bytes back
Round trip time was 2.06753 milliseconds in repetition 290
tcp_ping received 3072 bytes back
Round trip time was 2.29034 milliseconds in repetition 291
tcp_ping received 3072 bytes back
Round trip time was 2.55269 milliseconds in repetition 292
tcp_ping received 3072 bytes back
Round trip time was 2.09928 milliseconds in repetition 293
tcp_ping received 3072 bytes back
Round trip time was 2.74515 milliseconds in repetition 294
tcp_ping received 3072 bytes back
Round trip time was 2.21083 milliseconds in repetition 295
tcp_ping received 3072 bytes back
Round trip time was 2.1298 milliseconds in repetition 296
tcp_ping received 3072 bytes back
Round trip time was 2.45251 milliseconds in repetition 297
tcp_ping received 3072 bytes back
Round trip time was 2.09244 milliseconds in repetition 298
tcp_ping received 3072 bytes back
Round trip time was 2.25158 milliseconds in repetition 299
tcp_ping received 3072 bytes back
Round trip time was 2.58652 milliseconds in repetition 300
tcp_ping received 3072 bytes back
Round trip time was 2.46391 milliseconds in repetition 301
tcp_ping received 3072 bytes back
Round trip time was 2.46219 milliseconds in repetition 302
tcp_ping received 3072 bytes back
Round trip time was 2.30965 milliseconds in repetition 303
tcp_ping received 3072 bytes back
Round trip time was 2.61685 milliseconds in repetition 304
tcp_ping received 3072 bytes back
Round trip time was 2.9615 milliseconds in repetition 305
tcp_ping received 3072 bytes back
Round trip time was 2.12201 milliseconds in repetition 306
tcp_ping received 3072 bytes back
Round trip time was 3.12737 milliseconds in repetition 307
tcp_ping received 3072 bytes back
Round trip time was 1.91673 milliseconds in repetition 308
tcp_ping received 3072 bytes back
Round trip time was 2.23083 milliseconds in repetition 309
tcp_ping received 3072 bytes back
Round trip time was 1.98133 milliseconds in repetition 310
tcp_ping received 3072 bytes back
Round trip time was 2.12309 milliseconds in repetition 311
tcp_ping received 3072 bytes back
Round trip time was 2.17793 milliseconds in repetition 312
tcp_ping received 3072 bytes back
Round trip time was 2.68932 milliseconds in repetition 313
tcp_ping received 3072 bytes back
Round trip time was 8.25692 milliseconds in repetition 314
tcp_ping received 3072 bytes back
Round trip time was 2.29402 milliseconds in repetition 315
tcp_ping received 3072 bytes back
Round trip time was 2.38967 milliseconds in repetition 316
tcp_ping received 3072 bytes back
Round trip time was 3.31321 milliseconds in repetition 317
tcp_ping received 3072 bytes back
Round trip time was 2.32139 milliseconds in repetition 318
tcp_ping received 3072 bytes back
Round trip time was 4.13757 milliseconds in repetition 319
tcp_ping received 3072 bytes back
Round trip time was 2.52282 milliseconds in repetition 320
tcp_ping received 3072 bytes back
Round trip time was 2.87421 milliseconds in repetition 321
tcp_ping received 3072 bytes back
Round trip time was 2.12366 milliseconds in repetition 322
tcp_ping received 3072 bytes back
Round trip time was 3.23117 milliseconds in repetition 323
tcp_ping received 3072 bytes back
Round trip time was 2.12334 milliseconds in repetition 324
tcp_ping received 3072 bytes back
Round trip time was 2.74453 milliseconds in repetition 325
tcp_ping received 3072 bytes back
Round trip time was 2.5099 milliseconds in repetition 326
tcp_ping received 3072 bytes back
Round trip time was 2.25634 milliseconds in repetition 327
tcp_ping received 3072 bytes back
Round trip time was 2.55685 milliseconds in repetition 328
tcp_ping received 3072 bytes back
Round trip time was 2.14656 milliseconds in repetition 329
tcp_ping received 3072 bytes back
Round trip time was 2.55841 milliseconds in repetition 330
tcp_ping received 3072 bytes back
Round trip time was 2.27175 milliseconds in repetition 331
tcp_ping received 3072 bytes back
Round trip time was 2.43977 milliseconds in repetition 332
tcp_ping received 3072 bytes back
Round trip time was 2.01621 milliseconds in repetition 333
tcp_ping received 3072 bytes back
Round trip time was 2.07324 milliseconds in repetition 334
tcp_ping received 3072 bytes back
Round trip time was 1.98462 milliseconds in repetition 335
tcp_ping received 3072 bytes back
Round trip time was 2.0057 milliseconds in repetition 336
tcp_ping received 3072 bytes back
Round trip time was 1.91573 milliseconds in repetition 337
tcp_ping received 3072 bytes back
Round trip time was 2.11315 milliseconds in repetition 338
tcp_ping received 3072 bytes back
Round trip time was 2.19541 milliseconds in repetition 339
tcp_ping received 3072 bytes back
Round trip time was 2.64743 milliseconds in repetition 340
tcp_ping received 3072 bytes back
Round trip time was 1.98626 milliseconds in repetition 341
tcp_ping received 3072 bytes back
Round trip time was 2.12756 milliseconds in repetition 342
tcp_ping received 3072 bytes back
Round trip time was 3.0864 milliseconds in repetition 343
tcp_ping received 3072 bytes back
Round trip time was 2.00219 milliseconds in repetition 344
tcp_ping received 3072 bytes back
Round trip time was 2.05474 milliseconds in repetition 345
tcp_ping received 3072 bytes back
Round trip time was 2.48791 milliseconds in repetition 346
tcp_ping received 3072 bytes back
Round trip time was 2.354 milliseconds in repetition 347
tcp_ping received 3072 bytes back
Round trip time was 2.04535 milliseconds in repetition 348
tcp_ping received 3072 bytes back
Round trip time was 2.11107 milliseconds in repetition 349
tcp_ping received 3072 bytes back
Round trip time was 2.09221 milliseconds in repetition 350
tcp_ping received 3072 bytes back
Round trip time was 2.52467 milliseconds in repetition 351
tcp_ping received 3072 bytes back
Round trip time was 3.20153 milliseconds in repetition 352
tcp_ping received 3072 bytes back
Round trip time was 2.77585 milliseconds in repetition 353
tcp_ping received 3072 bytes back
Round trip time was 2.2088 milliseconds in repetition 354
tcp_ping received 3072 bytes back
Round trip time was 2.18944 milliseconds in repetition 355
tcp_ping received 3072 bytes back
Round trip time was 2.2838 milliseconds in repetition 356
tcp_ping received 3072 bytes back
Round trip time was 2.33277 milliseconds in repetition 357
tcp_ping received 3072 bytes back
Round trip time was 2.66971 milliseconds in repetition 358
tcp_ping received 3072 bytes back
Round trip time was 2.31288 milliseconds in repetition 359
tcp_ping received 3072 bytes back
Round trip time was 2.17324 milliseconds in repetition 360
tcp_ping received 3072 bytes back
Round trip time was 2.20822 milliseconds in repetition 361
tcp_ping received 3072 bytes back
Round trip time was 2.42268 milliseconds in repetition 362
tcp_ping received 3072 bytes back
Round trip time was 5.39639 milliseconds in repetition 363
tcp_ping received 3072 bytes back
Round trip time was 2.14544 milliseconds in repetition 364
tcp_ping received 3072 bytes back
Round trip time was 2.08892 milliseconds in repetition 365
tcp_ping received 3072 bytes back
Round trip time was 2.07143 milliseconds in repetition 366
tcp_ping received 3072 bytes back
Round trip time was 2.64779 milliseconds in repetition 367
tcp_ping received 3072 bytes back
Round trip time was 2.18173 milliseconds in repetition 368
tcp_ping received 3072 bytes back
Round trip time was 2.4357 milliseconds in repetition 369
tcp_ping received 3072 bytes back
Round trip time was 3.08907 milliseconds in repetition 370
tcp_ping received 3072 bytes back
Round trip time was 3.12995 milliseconds in repetition 371
tcp_ping received 3072 bytes back
Round trip time was 1.9828 milliseconds in repetition 372
tcp_ping received 3072 bytes back
Round trip time was 2.69308 milliseconds in repetition 373
tcp_ping received 3072 bytes back
Round trip time was 2.90671 milliseconds in repetition 374
tcp_ping received 3072 bytes back
Round trip time was 2.25618 milliseconds in repetition 375
tcp_ping received 3072 bytes back
Round trip time was 2.276 milliseconds in repetition 376
tcp_ping received 3072 bytes back
Round trip time was 2.25871 milliseconds in repetition 377
tcp_ping received 3072 bytes back
Round trip time was 2.43575 milliseconds in repetition 378
tcp_ping received 3072 bytes back
Round trip time was 2.5896 milliseconds in repetition 379
tcp_ping received 3072 bytes back
Round trip time was 2.24575 milliseconds in repetition 380
tcp_ping received 3072 bytes back
Round trip time was 2.27367 milliseconds in repetition 381
tcp_ping received 3072 bytes back
Round trip time was 2.60941 milliseconds in repetition 382
tcp_ping received 3072 bytes back
Round trip time was 2.26547 milliseconds in repetition 383
tcp_ping received 3072 bytes back
Round trip time was 1.96907 milliseconds in repetition 384
tcp_ping received 3072 bytes back
Round trip time was 2.48149 milliseconds in repetition 385
tcp_ping received 3072 bytes back
Round trip time was 2.60511 milliseconds in repetition 386
tcp_ping received 3072 bytes back
Round trip time was 2.80044 milliseconds in repetition 387
tcp_ping received 3072 bytes back
Round trip time was 3.73804 milliseconds in repetition 388
tcp_ping received 3072 bytes back
Round trip time was 3.13655 milliseconds in repetition 389
tcp_ping received 3072 bytes back
Round trip time was 3.21653 milliseconds in repetition 390
tcp_ping received 3072 bytes back
Round trip time was 2.53819 milliseconds in repetition 391
tcp_ping received 3072 bytes back
Round trip time was 2.45643 milliseconds in repetition 392
tcp_ping received 3072 bytes back
Round trip time was 2.15795 milliseconds in repetition 393
tcp_ping received 3072 bytes back
Round trip time was 2.23964 milliseconds in repetition 394
tcp_ping received 3072 bytes back
Round trip time was 2.07507 milliseconds in repetition 395
tcp_ping received 3072 bytes back
Round trip time was 2.00377 milliseconds in repetition 396
tcp_ping received 3072 bytes back
Round trip time was 2.37878 milliseconds in repetition 397
tcp_ping received 3072 bytes back
Round trip time was 2.48066 milliseconds in repetition 398
tcp_ping received 3072 bytes back
Round trip time was 2.62442 milliseconds in repetition 399
tcp_ping received 3072 bytes back
Round trip time was 2.09475 milliseconds in repetition 400
tcp_ping received 3072 bytes back
Round trip time was 2.06891 milliseconds in repetition 401
tcp_ping received 3072 bytes back
Round trip time was 1.95824 milliseconds in repetition 402
tcp_ping received 3072 bytes back
Round trip time was 2.18839 milliseconds in repetition 403
tcp_ping received 3072 bytes back
Round trip time was 2.0387 milliseconds in repetition 404
tcp_ping received 3072 bytes back
Round trip time was 2.49858 milliseconds in repetition 405
tcp_ping received 3072 bytes back
Round trip time was 3.18621 milliseconds in repetition 406
tcp_ping received 3072 bytes back
Round trip time was 2.44024 milliseconds in repetition 407
tcp_ping received 3072 bytes back
Round trip time was 2.32373 milliseconds in repetition 408
tcp_ping received 3072 bytes back
Round trip time was 2.94366 milliseconds in repetition 409
tcp_ping received 3072 bytes back
Round trip time was 2.35908 milliseconds in repetition 410
tcp_ping received 3072 bytes back
Round trip time was 2.50371 milliseconds in repetition 411
tcp_ping received 3072 bytes back
Round trip time was 2.06903 milliseconds in repetition 412
tcp_ping received 3072 bytes back
Round trip time was 2.21691 milliseconds in repetition 413
tcp_ping received 3072 bytes back
Round trip time was 2.22063 milliseconds in repetition 414
tcp_ping received 3072 bytes back
Round trip time was 2.3827 milliseconds in repetition 415
tcp_ping received 3072 bytes back
Round trip time was 1.9606 milliseconds in repetition 416
tcp_ping received 3072 bytes back
Round trip time was 2.68653 milliseconds in repetition 417
tcp_ping received 3072 bytes back
Round trip time was 2.00134 milliseconds in repetition 418
tcp_ping received 3072 bytes back
Round trip time was 2.28035 milliseconds in repetition 419
tcp_ping received 3072 bytes back
Round trip time was 2.0865 milliseconds in repetition 420
tcp_ping received 3072 bytes back
Round trip time was 2.29834 milliseconds in repetition 421
tcp_ping received 3072 bytes back
Round trip time was 2.69543 milliseconds in repetition 422
tcp_ping received 3072 bytes back
Round trip time was 2.32789 milliseconds in repetition 423
tcp_ping received 3072 bytes back
Round trip time was 2.3632 milliseconds in repetition 424
tcp_ping received 3072 bytes back
Round trip time was 2.18003 milliseconds in repetition 425
tcp_ping received 3072 bytes back
Round trip time was 2.10803 milliseconds in repetition 426
tcp_ping received 3072 bytes back
Round trip time was 2.13718 milliseconds in repetition 427
tcp_ping received 3072 bytes back
Round trip time was 2.8237 milliseconds in repetition 428
tcp_ping received 3072 bytes back
Round trip time was 2.33421 milliseconds in repetition 429
tcp_ping received 3072 bytes back
Round trip time was 2.83558 milliseconds in repetition 430
tcp_ping received 3072 bytes back
Round trip time was 2.54775 milliseconds in repetition 431
tcp_ping received 3072 bytes back
Round trip time was 2.02896 milliseconds in repetition 432
tcp_ping received 3072 bytes back
Round trip time was 7.695 milliseconds in repetition 433
tcp_ping received 3072 bytes back
Round trip time was 2.14969 milliseconds in repetition 434
tcp_ping received 3072 bytes back
Round trip time was 2.13931 milliseconds in repetition 435
tcp_ping received 3072 bytes back
Round trip time was 2.67924 milliseconds in repetition 436
tcp_ping received 3072 bytes back
Round trip time was 2.48488 milliseconds in repetition 437
tcp_ping received 3072 bytes back
Round trip time was 2.11216 milliseconds in repetition 438
tcp_ping received 3072 bytes back
Round trip time was 1.95946 milliseconds in repetition 439
tcp_ping received 3072 bytes back
Round trip time was 2.00256 milliseconds in repetition 440
tcp_ping received 3072 bytes back
Round trip time was 2.09658 milliseconds in repetition 441
tcp_ping received 3072 bytes back
Round trip time was 3.27481 milliseconds in repetition 442
tcp_ping received 3072 bytes back
Round trip time was 2.06534 milliseconds in repetition 443
tcp_ping received 3072 bytes back
Round trip time was 2.05291 milliseconds in repetition 444
tcp_ping received 3072 bytes back
Round trip time was 1.79911 milliseconds in repetition 445
tcp_ping received 3072 bytes back
Round trip time was 2.06628 milliseconds in repetition 446
tcp_ping received 3072 bytes back
Round trip time was 2.2182 milliseconds in repetition 447
tcp_ping received 3072 bytes back
Round trip time was 2.09368 milliseconds in repetition 448
tcp_ping received 3072 bytes back
Round trip time was 1.97587 milliseconds in repetition 449
tcp_ping received 3072 bytes back
Round trip time was 1.98624 milliseconds in repetition 450
tcp_ping received 3072 bytes back
Round trip time was 3.6797 milliseconds in repetition 451
tcp_ping received 3072 bytes back
Round trip time was 2.5988 milliseconds in repetition 452
tcp_ping received 3072 bytes back
Round trip time was 2.66374 milliseconds in repetition 453
tcp_ping received 3072 bytes back
Round trip time was 2.0515 milliseconds in repetition 454
tcp_ping received 3072 bytes back
Round trip time was 2.23624 milliseconds in repetition 455
tcp_ping received 3072 bytes back
Round trip time was 2.16595 milliseconds in repetition 456
tcp_ping received 3072 bytes back
Round trip time was 2.28695 milliseconds in repetition 457
tcp_ping received 3072 bytes back
Round trip time was 2.25486 milliseconds in repetition 458
tcp_ping received 3072 bytes back
Round trip time was 2.36661 milliseconds in repetition 459
tcp_ping received 3072 bytes back
Round trip time was 3.95421 milliseconds in repetition 460
tcp_ping received 3072 bytes back
Round trip time was 2.80986 milliseconds in repetition 461
tcp_ping received 3072 bytes back
Round trip time was 2.32765 milliseconds in repetition 462
tcp_ping received 3072 bytes back
Round trip time was 1.97651 milliseconds in repetition 463
tcp_ping received 3072 bytes back
Round trip time was 2.3702 milliseconds in repetition 464
tcp_ping received 3072 bytes back
Round trip time was 2.25127 milliseconds in repetition 465
tcp_ping received 3072 bytes back
Round trip time was 2.3057 milliseconds in repetition 466
tcp_ping received 3072 bytes back
Round trip time was 2.23365 milliseconds in repetition 467
tcp_ping received 3072 bytes back
Round trip time was 2.00787 milliseconds in repetition 468
tcp_ping received 3072 bytes back
Round trip time was 2.85615 milliseconds in repetition 469
tcp_ping received 3072 bytes back
Round trip time was 2.20537 milliseconds in repetition 470
tcp_ping received 3072 bytes back
Round trip time was 2.31002 milliseconds in repetition 471
tcp_ping received 3072 bytes back
Round trip time was 3.07873 milliseconds in repetition 472
tcp_ping received 3072 bytes back
Round trip time was 2.29184 milliseconds in repetition 473
tcp_ping received 3072 bytes back
Round trip time was 2.57249 milliseconds in repetition 474
tcp_ping received 3072 bytes back
Round trip time was 2.28978 milliseconds in repetition 475
tcp_ping received 3072 bytes back
Round trip time was 3.15416 milliseconds in repetition 476
tcp_ping received 3072 bytes back
Round trip time was 2.30778 milliseconds in repetition 477
tcp_ping received 3072 bytes back
Round trip time was 2.16248 milliseconds in repetition 478
tcp_ping received 3072 bytes back
Round trip time was 1.90682 milliseconds in repetition 479
tcp_ping received 3072 bytes back
Round trip time was 2.05764 milliseconds in repetition 480
tcp_ping received 3072 bytes back
Round trip time was 2.06611 milliseconds in repetition 481
tcp_ping received 3072 bytes back
Round trip time was 2.00913 milliseconds in repetition 482
tcp_ping received 3072 bytes back
Round trip time was 2.78203 milliseconds in repetition 483
tcp_ping received 3072 bytes back
Round trip time was 2.1997 milliseconds in repetition 484
tcp_ping received 3072 bytes back
Round trip time was 2.09491 milliseconds in repetition 485
tcp_ping received 3072 bytes back
Round trip time was 2.51756 milliseconds in repetition 486
tcp_ping received 3072 bytes back
Round trip time was 2.05752 milliseconds in repetition 487
tcp_ping received 3072 bytes back
Round trip time was 2.02343 milliseconds in repetition 488
tcp_ping received 3072 bytes back
Round trip time was 2.49581 milliseconds in repetition 489
tcp_ping received 3072 bytes back
Round trip time was 3.02288 milliseconds in repetition 490
tcp_ping received 3072 bytes back
Round trip time was 2.73748 milliseconds in repetition 491
tcp_ping received 3072 bytes back
Round trip time was 2.37533 milliseconds in repetition 492
tcp_ping received 3072 bytes back
Round trip time was 2.02125 milliseconds in repetition 493
tcp_ping received 3072 bytes back
Round trip time was 2.1329 milliseconds in repetition 494
tcp_ping received 3072 bytes back
Round trip time was 2.69299 milliseconds in repetition 495
tcp_ping received 3072 bytes back
Round trip time was 2.54767 milliseconds in repetition 496
tcp_ping received 3072 bytes back
Round trip time was 2.56511 milliseconds in repetition 497
tcp_ping received 3072 bytes back
Round trip time was 2.56352 milliseconds in repetition 498
tcp_ping received 3072 bytes back
Round trip time was 2.07065 milliseconds in repetition 499
tcp_ping received 3072 bytes back
Round trip time was 2.27465 milliseconds in repetition 500
tcp_ping received 3072 bytes back
Round trip time was 2.5075 milliseconds in repetition 501

 ... clock resolution was 1e-06
TCP Ping:  Statistics over 501 repetitions of 3072 byte messages

RTT : percentile 10: 2.02896, median: 2.32765, percentile 90: 3.17691, average: 2.55399, variance: 0.770055

RTT histogram:
1.76722 18
1.79911 246
1.876 147
1.88804 35
1.89583 21
1.90491 14
1.90682 5
1.91292 1
1.91573 1
1.91673 2
1.93063 1
1.93336 2
1.93374 1
1.93421 1
1.9393 1
1.95824 1
1.95946 0
1.9606 3
1.96856 0
1.96907 0
1.97098 1

   median Throughput : 2639.58 KB/s   overall Throughput : 2405.65 KB/s

