TCP Ping trying to connect to server webdev.disi.unige.it (130.251.61.30) on port 1491
 ... connected to Pong server: asking for 501 repetitions of 1536 bytes TCP messages
 ... Pong server agreed :-)
tcp_ping received 1536 bytes back
Round trip time was 7.97459 milliseconds in repetition 1
tcp_ping received 1536 bytes back
Round trip time was 3.14019 milliseconds in repetition 2
tcp_ping received 1536 bytes back
Round trip time was 3.23629 milliseconds in repetition 3
tcp_ping received 1536 bytes back
Round trip time was 10.3824 milliseconds in repetition 4
tcp_ping received 1536 bytes back
Round trip time was 3.4875 milliseconds in repetition 5
tcp_ping received 1536 bytes back
Round trip time was 2.97374 milliseconds in repetition 6
tcp_ping received 1536 bytes back
Round trip time was 3.07198 milliseconds in repetition 7
tcp_ping received 1536 bytes back
Round trip time was 3.43469 milliseconds in repetition 8
tcp_ping received 1536 bytes back
Round trip time was 3.34025 milliseconds in repetition 9
tcp_ping received 1536 bytes back
Round trip time was 3.05364 milliseconds in repetition 10
tcp_ping received 1536 bytes back
Round trip time was 3.20888 milliseconds in repetition 11
tcp_ping received 1536 bytes back
Round trip time was 2.46906 milliseconds in repetition 12
tcp_ping received 1536 bytes back
Round trip time was 4.71665 milliseconds in repetition 13
tcp_ping received 1536 bytes back
Round trip time was 1.89225 milliseconds in repetition 14
tcp_ping received 1536 bytes back
Round trip time was 1.87569 milliseconds in repetition 15
tcp_ping received 1536 bytes back
Round trip time was 1.7302 milliseconds in repetition 16
tcp_ping received 1536 bytes back
Round trip time was 1.79698 milliseconds in repetition 17
tcp_ping received 1536 bytes back
Round trip time was 1.65683 milliseconds in repetition 18
tcp_ping received 1536 bytes back
Round trip time was 2.25286 milliseconds in repetition 19
tcp_ping received 1536 bytes back
Round trip time was 1.81944 milliseconds in repetition 20
tcp_ping received 1536 bytes back
Round trip time was 1.94301 milliseconds in repetition 21
tcp_ping received 1536 bytes back
Round trip time was 2.5708 milliseconds in repetition 22
tcp_ping received 1536 bytes back
Round trip time was 1.88567 milliseconds in repetition 23
tcp_ping received 1536 bytes back
Round trip time was 1.92737 milliseconds in repetition 24
tcp_ping received 1536 bytes back
Round trip time was 1.73383 milliseconds in repetition 25
tcp_ping received 1536 bytes back
Round trip time was 2.16677 milliseconds in repetition 26
tcp_ping received 1536 bytes back
Round trip time was 1.83376 milliseconds in repetition 27
tcp_ping received 1536 bytes back
Round trip time was 1.67478 milliseconds in repetition 28
tcp_ping received 1536 bytes back
Round trip time was 1.85902 milliseconds in repetition 29
tcp_ping received 1536 bytes back
Round trip time was 1.97456 milliseconds in repetition 30
tcp_ping received 1536 bytes back
Round trip time was 1.86598 milliseconds in repetition 31
tcp_ping received 1536 bytes back
Round trip time was 1.62959 milliseconds in repetition 32
tcp_ping received 1536 bytes back
Round trip time was 2.08286 milliseconds in repetition 33
tcp_ping received 1536 bytes back
Round trip time was 2.32392 milliseconds in repetition 34
tcp_ping received 1536 bytes back
Round trip time was 2.42443 milliseconds in repetition 35
tcp_ping received 1536 bytes back
Round trip time was 3.47824 milliseconds in repetition 36
tcp_ping received 1536 bytes back
Round trip time was 1.7114 milliseconds in repetition 37
tcp_ping received 1536 bytes back
Round trip time was 1.66585 milliseconds in repetition 38
tcp_ping received 1536 bytes back
Round trip time was 1.90426 milliseconds in repetition 39
tcp_ping received 1536 bytes back
Round trip time was 2.16155 milliseconds in repetition 40
tcp_ping received 1536 bytes back
Round trip time was 1.91615 milliseconds in repetition 41
tcp_ping received 1536 bytes back
Round trip time was 2.36983 milliseconds in repetition 42
tcp_ping received 1536 bytes back
Round trip time was 1.90039 milliseconds in repetition 43
tcp_ping received 1536 bytes back
Round trip time was 2.32431 milliseconds in repetition 44
tcp_ping received 1536 bytes back
Round trip time was 1.84313 milliseconds in repetition 45
tcp_ping received 1536 bytes back
Round trip time was 2.36616 milliseconds in repetition 46
tcp_ping received 1536 bytes back
Round trip time was 2.18113 milliseconds in repetition 47
tcp_ping received 1536 bytes back
Round trip time was 1.78985 milliseconds in repetition 48
tcp_ping received 1536 bytes back
Round trip time was 2.29117 milliseconds in repetition 49
tcp_ping received 1536 bytes back
Round trip time was 1.81347 milliseconds in repetition 50
tcp_ping received 1536 bytes back
Round trip time was 2.8214 milliseconds in repetition 51
tcp_ping received 1536 bytes back
Round trip time was 2.20803 milliseconds in repetition 52
tcp_ping received 1536 bytes back
Round trip time was 1.80859 milliseconds in repetition 53
tcp_ping received 1536 bytes back
Round trip time was 1.85124 milliseconds in repetition 54
tcp_ping received 1536 bytes back
Round trip time was 1.80241 milliseconds in repetition 55
tcp_ping received 1536 bytes back
Round trip time was 1.74325 milliseconds in repetition 56
tcp_ping received 1536 bytes back
Round trip time was 1.72345 milliseconds in repetition 57
tcp_ping received 1536 bytes back
Round trip time was 2.11773 milliseconds in repetition 58
tcp_ping received 1536 bytes back
Round trip time was 1.6346 milliseconds in repetition 59
tcp_ping received 1536 bytes back
Round trip time was 1.76782 milliseconds in repetition 60
tcp_ping received 1536 bytes back
Round trip time was 1.79528 milliseconds in repetition 61
tcp_ping received 1536 bytes back
Round trip time was 1.78007 milliseconds in repetition 62
tcp_ping received 1536 bytes back
Round trip time was 2.17858 milliseconds in repetition 63
tcp_ping received 1536 bytes back
Round trip time was 3.92098 milliseconds in repetition 64
tcp_ping received 1536 bytes back
Round trip time was 2.30816 milliseconds in repetition 65
tcp_ping received 1536 bytes back
Round trip time was 1.87483 milliseconds in repetition 66
tcp_ping received 1536 bytes back
Round trip time was 2.50938 milliseconds in repetition 67
tcp_ping received 1536 bytes back
Round trip time was 1.69152 milliseconds in repetition 68
tcp_ping received 1536 bytes back
Round trip time was 2.09467 milliseconds in repetition 69
tcp_ping received 1536 bytes back
Round trip time was 1.73432 milliseconds in repetition 70
tcp_ping received 1536 bytes back
Round trip time was 1.77167 milliseconds in repetition 71
tcp_ping received 1536 bytes back
Round trip time was 1.69977 milliseconds in repetition 72
tcp_ping received 1536 bytes back
Round trip time was 1.74506 milliseconds in repetition 73
tcp_ping received 1536 bytes back
Round trip time was 2.21033 milliseconds in repetition 74
tcp_ping received 1536 bytes back
Round trip time was 1.97744 milliseconds in repetition 75
tcp_ping received 1536 bytes back
Round trip time was 1.7984 milliseconds in repetition 76
tcp_ping received 1536 bytes back
Round trip time was 1.75899 milliseconds in repetition 77
tcp_ping received 1536 bytes back
Round trip time was 2.19029 milliseconds in repetition 78
tcp_ping received 1536 bytes back
Round trip time was 1.69676 milliseconds in repetition 79
tcp_ping received 1536 bytes back
Round trip time was 1.99044 milliseconds in repetition 80
tcp_ping received 1536 bytes back
Round trip time was 1.94146 milliseconds in repetition 81
tcp_ping received 1536 bytes back
Round trip time was 2.12806 milliseconds in repetition 82
tcp_ping received 1536 bytes back
Round trip time was 2.20032 milliseconds in repetition 83
tcp_ping received 1536 bytes back
Round trip time was 1.66193 milliseconds in repetition 84
tcp_ping received 1536 bytes back
Round trip time was 1.71945 milliseconds in repetition 85
tcp_ping received 1536 bytes back
Round trip time was 2.85118 milliseconds in repetition 86
tcp_ping received 1536 bytes back
Round trip time was 1.87991 milliseconds in repetition 87
tcp_ping received 1536 bytes back
Round trip time was 2.32482 milliseconds in repetition 88
tcp_ping received 1536 bytes back
Round trip time was 2.35396 milliseconds in repetition 89
tcp_ping received 1536 bytes back
Round trip time was 1.89285 milliseconds in repetition 90
tcp_ping received 1536 bytes back
Round trip time was 2.12143 milliseconds in repetition 91
tcp_ping received 1536 bytes back
Round trip time was 1.98239 milliseconds in repetition 92
tcp_ping received 1536 bytes back
Round trip time was 2.04489 milliseconds in repetition 93
tcp_ping received 1536 bytes back
Round trip time was 1.81057 milliseconds in repetition 94
tcp_ping received 1536 bytes back
Round trip time was 1.95778 milliseconds in repetition 95
tcp_ping received 1536 bytes back
Round trip time was 1.98995 milliseconds in repetition 96
tcp_ping received 1536 bytes back
Round trip time was 1.97528 milliseconds in repetition 97
tcp_ping received 1536 bytes back
Round trip time was 2.61052 milliseconds in repetition 98
tcp_ping received 1536 bytes back
Round trip time was 2.17737 milliseconds in repetition 99
tcp_ping received 1536 bytes back
Round trip time was 1.68861 milliseconds in repetition 100
tcp_ping received 1536 bytes back
Round trip time was 1.6993 milliseconds in repetition 101
tcp_ping received 1536 bytes back
Round trip time was 1.7471 milliseconds in repetition 102
tcp_ping received 1536 bytes back
Round trip time was 1.81057 milliseconds in repetition 103
tcp_ping received 1536 bytes back
Round trip time was 1.95625 milliseconds in repetition 104
tcp_ping received 1536 bytes back
Round trip time was 1.77199 milliseconds in repetition 105
tcp_ping received 1536 bytes back
Round trip time was 2.37543 milliseconds in repetition 106
tcp_ping received 1536 bytes back
Round trip time was 2.43688 milliseconds in repetition 107
tcp_ping received 1536 bytes back
Round trip time was 1.90176 milliseconds in repetition 108
tcp_ping received 1536 bytes back
Round trip time was 1.70707 milliseconds in repetition 109
tcp_ping received 1536 bytes back
Round trip time was 2.00362 milliseconds in repetition 110
tcp_ping received 1536 bytes back
Round trip time was 1.76638 milliseconds in repetition 111
tcp_ping received 1536 bytes back
Round trip time was 1.72515 milliseconds in repetition 112
tcp_ping received 1536 bytes back
Round trip time was 1.88666 milliseconds in repetition 113
tcp_ping received 1536 bytes back
Round trip time was 2.29919 milliseconds in repetition 114
tcp_ping received 1536 bytes back
Round trip time was 2.48769 milliseconds in repetition 115
tcp_ping received 1536 bytes back
Round trip time was 2.39709 milliseconds in repetition 116
tcp_ping received 1536 bytes back
Round trip time was 1.83054 milliseconds in repetition 117
tcp_ping received 1536 bytes back
Round trip time was 2.01227 milliseconds in repetition 118
tcp_ping received 1536 bytes back
Round trip time was 1.74058 milliseconds in repetition 119
tcp_ping received 1536 bytes back
Round trip time was 2.16903 milliseconds in repetition 120
tcp_ping received 1536 bytes back
Round trip time was 2.04564 milliseconds in repetition 121
tcp_ping received 1536 bytes back
Round trip time was 2.20392 milliseconds in repetition 122
tcp_ping received 1536 bytes back
Round trip time was 1.76476 milliseconds in repetition 123
tcp_ping received 1536 bytes back
Round trip time was 1.95268 milliseconds in repetition 124
tcp_ping received 1536 bytes back
Round trip time was 1.82131 milliseconds in repetition 125
tcp_ping received 1536 bytes back
Round trip time was 1.986 milliseconds in repetition 126
tcp_ping received 1536 bytes back
Round trip time was 1.98194 milliseconds in repetition 127
tcp_ping received 1536 bytes back
Round trip time was 2.16935 milliseconds in repetition 128
tcp_ping received 1536 bytes back
Round trip time was 1.97399 milliseconds in repetition 129
tcp_ping received 1536 bytes back
Round trip time was 2.03787 milliseconds in repetition 130
tcp_ping received 1536 bytes back
Round trip time was 1.70493 milliseconds in repetition 131
tcp_ping received 1536 bytes back
Round trip time was 1.88259 milliseconds in repetition 132
tcp_ping received 1536 bytes back
Round trip time was 2.12496 milliseconds in repetition 133
tcp_ping received 1536 bytes back
Round trip time was 1.98127 milliseconds in repetition 134
tcp_ping received 1536 bytes back
Round trip time was 1.81529 milliseconds in repetition 135
tcp_ping received 1536 bytes back
Round trip time was 1.74528 milliseconds in repetition 136
tcp_ping received 1536 bytes back
Round trip time was 1.76671 milliseconds in repetition 137
tcp_ping received 1536 bytes back
Round trip time was 1.95992 milliseconds in repetition 138
tcp_ping received 1536 bytes back
Round trip time was 1.98401 milliseconds in repetition 139
tcp_ping received 1536 bytes back
Round trip time was 2.71569 milliseconds in repetition 140
tcp_ping received 1536 bytes back
Round trip time was 1.82767 milliseconds in repetition 141
tcp_ping received 1536 bytes back
Round trip time was 1.67873 milliseconds in repetition 142
tcp_ping received 1536 bytes back
Round trip time was 1.73734 milliseconds in repetition 143
tcp_ping received 1536 bytes back
Round trip time was 1.86994 milliseconds in repetition 144
tcp_ping received 1536 bytes back
Round trip time was 1.95322 milliseconds in repetition 145
tcp_ping received 1536 bytes back
Round trip time was 1.92056 milliseconds in repetition 146
tcp_ping received 1536 bytes back
Round trip time was 2.00278 milliseconds in repetition 147
tcp_ping received 1536 bytes back
Round trip time was 3.67334 milliseconds in repetition 148
tcp_ping received 1536 bytes back
Round trip time was 1.94438 milliseconds in repetition 149
tcp_ping received 1536 bytes back
Round trip time was 2.67871 milliseconds in repetition 150
tcp_ping received 1536 bytes back
Round trip time was 2.42336 milliseconds in repetition 151
tcp_ping received 1536 bytes back
Round trip time was 1.89406 milliseconds in repetition 152
tcp_ping received 1536 bytes back
Round trip time was 1.88808 milliseconds in repetition 153
tcp_ping received 1536 bytes back
Round trip time was 3.76619 milliseconds in repetition 154
tcp_ping received 1536 bytes back
Round trip time was 4.01962 milliseconds in repetition 155
tcp_ping received 1536 bytes back
Round trip time was 1.75889 milliseconds in repetition 156
tcp_ping received 1536 bytes back
Round trip time was 1.90108 milliseconds in repetition 157
tcp_ping received 1536 bytes back
Round trip time was 1.70446 milliseconds in repetition 158
tcp_ping received 1536 bytes back
Round trip time was 1.75695 milliseconds in repetition 159
tcp_ping received 1536 bytes back
Round trip time was 1.94021 milliseconds in repetition 160
tcp_ping received 1536 bytes back
Round trip time was 1.73853 milliseconds in repetition 161
tcp_ping received 1536 bytes back
Round trip time was 2.3478 milliseconds in repetition 162
tcp_ping received 1536 bytes back
Round trip time was 1.69841 milliseconds in repetition 163
tcp_ping received 1536 bytes back
Round trip time was 1.78931 milliseconds in repetition 164
tcp_ping received 1536 bytes back
Round trip time was 1.94444 milliseconds in repetition 165
tcp_ping received 1536 bytes back
Round trip time was 2.20891 milliseconds in repetition 166
tcp_ping received 1536 bytes back
Round trip time was 2.14701 milliseconds in repetition 167
tcp_ping received 1536 bytes back
Round trip time was 1.86473 milliseconds in repetition 168
tcp_ping received 1536 bytes back
Round trip time was 1.79703 milliseconds in repetition 169
tcp_ping received 1536 bytes back
Round trip time was 1.79702 milliseconds in repetition 170
tcp_ping received 1536 bytes back
Round trip time was 2.22757 milliseconds in repetition 171
tcp_ping received 1536 bytes back
Round trip time was 1.92498 milliseconds in repetition 172
tcp_ping received 1536 bytes back
Round trip time was 1.73415 milliseconds in repetition 173
tcp_ping received 1536 bytes back
Round trip time was 3.46194 milliseconds in repetition 174
tcp_ping received 1536 bytes back
Round trip time was 1.84255 milliseconds in repetition 175
tcp_ping received 1536 bytes back
Round trip time was 2.04 milliseconds in repetition 176
tcp_ping received 1536 bytes back
Round trip time was 2.20164 milliseconds in repetition 177
tcp_ping received 1536 bytes back
Round trip time was 2.02737 milliseconds in repetition 178
tcp_ping received 1536 bytes back
Round trip time was 1.88313 milliseconds in repetition 179
tcp_ping received 1536 bytes back
Round trip time was 1.91914 milliseconds in repetition 180
tcp_ping received 1536 bytes back
Round trip time was 1.77888 milliseconds in repetition 181
tcp_ping received 1536 bytes back
Round trip time was 2.00002 milliseconds in repetition 182
tcp_ping received 1536 bytes back
Round trip time was 3.71331 milliseconds in repetition 183
tcp_ping received 1536 bytes back
Round trip time was 1.90302 milliseconds in repetition 184
tcp_ping received 1536 bytes back
Round trip time was 2.12624 milliseconds in repetition 185
tcp_ping received 1536 bytes back
Round trip time was 1.80312 milliseconds in repetition 186
tcp_ping received 1536 bytes back
Round trip time was 2.71399 milliseconds in repetition 187
tcp_ping received 1536 bytes back
Round trip time was 2.02382 milliseconds in repetition 188
tcp_ping received 1536 bytes back
Round trip time was 1.99747 milliseconds in repetition 189
tcp_ping received 1536 bytes back
Round trip time was 1.73325 milliseconds in repetition 190
tcp_ping received 1536 bytes back
Round trip time was 1.70349 milliseconds in repetition 191
tcp_ping received 1536 bytes back
Round trip time was 1.75114 milliseconds in repetition 192
tcp_ping received 1536 bytes back
Round trip time was 1.9458 milliseconds in repetition 193
tcp_ping received 1536 bytes back
Round trip time was 2.14184 milliseconds in repetition 194
tcp_ping received 1536 bytes back
Round trip time was 1.8222 milliseconds in repetition 195
tcp_ping received 1536 bytes back
Round trip time was 1.71091 milliseconds in repetition 196
tcp_ping received 1536 bytes back
Round trip time was 3.10347 milliseconds in repetition 197
tcp_ping received 1536 bytes back
Round trip time was 1.65941 milliseconds in repetition 198
tcp_ping received 1536 bytes back
Round trip time was 1.80302 milliseconds in repetition 199
tcp_ping received 1536 bytes back
Round trip time was 2.03619 milliseconds in repetition 200
tcp_ping received 1536 bytes back
Round trip time was 1.85607 milliseconds in repetition 201
tcp_ping received 1536 bytes back
Round trip time was 1.75563 milliseconds in repetition 202
tcp_ping received 1536 bytes back
Round trip time was 3.92492 milliseconds in repetition 203
tcp_ping received 1536 bytes back
Round trip time was 2.00846 milliseconds in repetition 204
tcp_ping received 1536 bytes back
Round trip time was 1.95994 milliseconds in repetition 205
tcp_ping received 1536 bytes back
Round trip time was 1.88585 milliseconds in repetition 206
tcp_ping received 1536 bytes back
Round trip time was 2.04024 milliseconds in repetition 207
tcp_ping received 1536 bytes back
Round trip time was 2.45447 milliseconds in repetition 208
tcp_ping received 1536 bytes back
Round trip time was 2.4357 milliseconds in repetition 209
tcp_ping received 1536 bytes back
Round trip time was 2.64763 milliseconds in repetition 210
tcp_ping received 1536 bytes back
Round trip time was 1.98009 milliseconds in repetition 211
tcp_ping received 1536 bytes back
Round trip time was 1.92917 milliseconds in repetition 212
tcp_ping received 1536 bytes back
Round trip time was 1.66676 milliseconds in repetition 213
tcp_ping received 1536 bytes back
Round trip time was 2.06701 milliseconds in repetition 214
tcp_ping received 1536 bytes back
Round trip time was 2.69284 milliseconds in repetition 215
tcp_ping received 1536 bytes back
Round trip time was 2.13547 milliseconds in repetition 216
tcp_ping received 1536 bytes back
Round trip time was 2.40787 milliseconds in repetition 217
tcp_ping received 1536 bytes back
Round trip time was 2.34416 milliseconds in repetition 218
tcp_ping received 1536 bytes back
Round trip time was 1.80128 milliseconds in repetition 219
tcp_ping received 1536 bytes back
Round trip time was 1.74191 milliseconds in repetition 220
tcp_ping received 1536 bytes back
Round trip time was 2.17526 milliseconds in repetition 221
tcp_ping received 1536 bytes back
Round trip time was 2.09775 milliseconds in repetition 222
tcp_ping received 1536 bytes back
Round trip time was 2.02239 milliseconds in repetition 223
tcp_ping received 1536 bytes back
Round trip time was 1.78508 milliseconds in repetition 224
tcp_ping received 1536 bytes back
Round trip time was 2.08131 milliseconds in repetition 225
tcp_ping received 1536 bytes back
Round trip time was 1.72452 milliseconds in repetition 226
tcp_ping received 1536 bytes back
Round trip time was 2.98263 milliseconds in repetition 227
tcp_ping received 1536 bytes back
Round trip time was 2.02542 milliseconds in repetition 228
tcp_ping received 1536 bytes back
Round trip time was 2.54452 milliseconds in repetition 229
tcp_ping received 1536 bytes back
Round trip time was 1.95749 milliseconds in repetition 230
tcp_ping received 1536 bytes back
Round trip time was 1.98441 milliseconds in repetition 231
tcp_ping received 1536 bytes back
Round trip time was 2.16406 milliseconds in repetition 232
tcp_ping received 1536 bytes back
Round trip time was 1.92849 milliseconds in repetition 233
tcp_ping received 1536 bytes back
Round trip time was 1.70741 milliseconds in repetition 234
tcp_ping received 1536 bytes back
Round trip time was 2.08082 milliseconds in repetition 235
tcp_ping received 1536 bytes back
Round trip time was 1.72593 milliseconds in repetition 236
tcp_ping received 1536 bytes back
Round trip time was 1.97886 milliseconds in repetition 237
tcp_ping received 1536 bytes back
Round trip time was 1.95827 milliseconds in repetition 238
tcp_ping received 1536 bytes back
Round trip time was 2.13103 milliseconds in repetition 239
tcp_ping received 1536 bytes back
Round trip time was 2.40766 milliseconds in repetition 240
tcp_ping received 1536 bytes back
Round trip time was 1.88526 milliseconds in repetition 241
tcp_ping received 1536 bytes back
Round trip time was 1.81849 milliseconds in repetition 242
tcp_ping received 1536 bytes back
Round trip time was 1.81274 milliseconds in repetition 243
tcp_ping received 1536 bytes back
Round trip time was 3.55518 milliseconds in repetition 244
tcp_ping received 1536 bytes back
Round trip time was 2.76523 milliseconds in repetition 245
tcp_ping received 1536 bytes back
Round trip time was 2.49916 milliseconds in repetition 246
tcp_ping received 1536 bytes back
Round trip time was 2.27685 milliseconds in repetition 247
tcp_ping received 1536 bytes back
Round trip time was 2.89549 milliseconds in repetition 248
tcp_ping received 1536 bytes back
Round trip time was 2.32527 milliseconds in repetition 249
tcp_ping received 1536 bytes back
Round trip time was 2.89325 milliseconds in repetition 250
tcp_ping received 1536 bytes back
Round trip time was 4.73037 milliseconds in repetition 251
tcp_ping received 1536 bytes back
Round trip time was 2.04472 milliseconds in repetition 252
tcp_ping received 1536 bytes back
Round trip time was 1.86811 milliseconds in repetition 253
tcp_ping received 1536 bytes back
Round trip time was 1.79262 milliseconds in repetition 254
tcp_ping received 1536 bytes back
Round trip time was 2.70296 milliseconds in repetition 255
tcp_ping received 1536 bytes back
Round trip time was 2.55927 milliseconds in repetition 256
tcp_ping received 1536 bytes back
Round trip time was 3.83647 milliseconds in repetition 257
tcp_ping received 1536 bytes back
Round trip time was 1.75712 milliseconds in repetition 258
tcp_ping received 1536 bytes back
Round trip time was 2.11764 milliseconds in repetition 259
tcp_ping received 1536 bytes back
Round trip time was 3.84511 milliseconds in repetition 260
tcp_ping received 1536 bytes back
Round trip time was 2.43248 milliseconds in repetition 261
tcp_ping received 1536 bytes back
Round trip time was 1.80123 milliseconds in repetition 262
tcp_ping received 1536 bytes back
Round trip time was 1.78798 milliseconds in repetition 263
tcp_ping received 1536 bytes back
Round trip time was 2.0167 milliseconds in repetition 264
tcp_ping received 1536 bytes back
Round trip time was 1.9215 milliseconds in repetition 265
tcp_ping received 1536 bytes back
Round trip time was 1.85194 milliseconds in repetition 266
tcp_ping received 1536 bytes back
Round trip time was 3.64959 milliseconds in repetition 267
tcp_ping received 1536 bytes back
Round trip time was 2.00113 milliseconds in repetition 268
tcp_ping received 1536 bytes back
Round trip time was 2.54625 milliseconds in repetition 269
tcp_ping received 1536 bytes back
Round trip time was 1.77225 milliseconds in repetition 270
tcp_ping received 1536 bytes back
Round trip time was 1.75881 milliseconds in repetition 271
tcp_ping received 1536 bytes back
Round trip time was 2.25342 milliseconds in repetition 272
tcp_ping received 1536 bytes back
Round trip time was 1.77292 milliseconds in repetition 273
tcp_ping received 1536 bytes back
Round trip time was 2.00267 milliseconds in repetition 274
tcp_ping received 1536 bytes back
Round trip time was 1.75032 milliseconds in repetition 275
tcp_ping received 1536 bytes back
Round trip time was 2.40573 milliseconds in repetition 276
tcp_ping received 1536 bytes back
Round trip time was 2.47218 milliseconds in repetition 277
tcp_ping received 1536 bytes back
Round trip time was 2.43292 milliseconds in repetition 278
tcp_ping received 1536 bytes back
Round trip time was 2.23611 milliseconds in repetition 279
tcp_ping received 1536 bytes back
Round trip time was 1.92859 milliseconds in repetition 280
tcp_ping received 1536 bytes back
Round trip time was 3.95007 milliseconds in repetition 281
tcp_ping received 1536 bytes back
Round trip time was 2.26369 milliseconds in repetition 282
tcp_ping received 1536 bytes back
Round trip time was 8.51965 milliseconds in repetition 283
tcp_ping received 1536 bytes back
Round trip time was 2.65403 milliseconds in repetition 284
tcp_ping received 1536 bytes back
Round trip time was 3.63448 milliseconds in repetition 285
tcp_ping received 1536 bytes back
Round trip time was 2.32134 milliseconds in repetition 286
tcp_ping received 1536 bytes back
Round trip time was 1.98217 milliseconds in repetition 287
tcp_ping received 1536 bytes back
Round trip time was 2.42202 milliseconds in repetition 288
tcp_ping received 1536 bytes back
Round trip time was 2.58551 milliseconds in repetition 289
tcp_ping received 1536 bytes back
Round trip time was 1.94351 milliseconds in repetition 290
tcp_ping received 1536 bytes back
Round trip time was 2.02367 milliseconds in repetition 291
tcp_ping received 1536 bytes back
Round trip time was 2.94516 milliseconds in repetition 292
tcp_ping received 1536 bytes back
Round trip time was 2.0931 milliseconds in repetition 293
tcp_ping received 1536 bytes back
Round trip time was 2.85011 milliseconds in repetition 294
tcp_ping received 1536 bytes back
Round trip time was 2.74363 milliseconds in repetition 295
tcp_ping received 1536 bytes back
Round trip time was 2.05211 milliseconds in repetition 296
tcp_ping received 1536 bytes back
Round trip time was 2.7279 milliseconds in repetition 297
tcp_ping received 1536 bytes back
Round trip time was 2.17008 milliseconds in repetition 298
tcp_ping received 1536 bytes back
Round trip time was 1.93536 milliseconds in repetition 299
tcp_ping received 1536 bytes back
Round trip time was 1.75636 milliseconds in repetition 300
tcp_ping received 1536 bytes back
Round trip time was 2.07763 milliseconds in repetition 301
tcp_ping received 1536 bytes back
Round trip time was 1.75762 milliseconds in repetition 302
tcp_ping received 1536 bytes back
Round trip time was 1.85774 milliseconds in repetition 303
tcp_ping received 1536 bytes back
Round trip time was 1.84413 milliseconds in repetition 304
tcp_ping received 1536 bytes back
Round trip time was 2.04091 milliseconds in repetition 305
tcp_ping received 1536 bytes back
Round trip time was 1.89612 milliseconds in repetition 306
tcp_ping received 1536 bytes back
Round trip time was 1.95391 milliseconds in repetition 307
tcp_ping received 1536 bytes back
Round trip time was 1.85646 milliseconds in repetition 308
tcp_ping received 1536 bytes back
Round trip time was 1.84672 milliseconds in repetition 309
tcp_ping received 1536 bytes back
Round trip time was 1.70849 milliseconds in repetition 310
tcp_ping received 1536 bytes back
Round trip time was 2.71715 milliseconds in repetition 311
tcp_ping received 1536 bytes back
Round trip time was 1.97423 milliseconds in repetition 312
tcp_ping received 1536 bytes back
Round trip time was 2.2001 milliseconds in repetition 313
tcp_ping received 1536 bytes back
Round trip time was 2.14293 milliseconds in repetition 314
tcp_ping received 1536 bytes back
Round trip time was 1.95899 milliseconds in repetition 315
tcp_ping received 1536 bytes back
Round trip time was 2.57142 milliseconds in repetition 316
tcp_ping received 1536 bytes back
Round trip time was 2.31662 milliseconds in repetition 317
tcp_ping received 1536 bytes back
Round trip time was 2.49381 milliseconds in repetition 318
tcp_ping received 1536 bytes back
Round trip time was 2.03421 milliseconds in repetition 319
tcp_ping received 1536 bytes back
Round trip time was 2.10485 milliseconds in repetition 320
tcp_ping received 1536 bytes back
Round trip time was 2.02577 milliseconds in repetition 321
tcp_ping received 1536 bytes back
Round trip time was 1.96934 milliseconds in repetition 322
tcp_ping received 1536 bytes back
Round trip time was 2.85736 milliseconds in repetition 323
tcp_ping received 1536 bytes back
Round trip time was 2.35623 milliseconds in repetition 324
tcp_ping received 1536 bytes back
Round trip time was 2.54157 milliseconds in repetition 325
tcp_ping received 1536 bytes back
Round trip time was 1.96052 milliseconds in repetition 326
tcp_ping received 1536 bytes back
Round trip time was 2.02539 milliseconds in repetition 327
tcp_ping received 1536 bytes back
Round trip time was 2.01456 milliseconds in repetition 328
tcp_ping received 1536 bytes back
Round trip time was 1.96885 milliseconds in repetition 329
tcp_ping received 1536 bytes back
Round trip time was 1.86336 milliseconds in repetition 330
tcp_ping received 1536 bytes back
Round trip time was 2.62032 milliseconds in repetition 331
tcp_ping received 1536 bytes back
Round trip time was 2.04068 milliseconds in repetition 332
tcp_ping received 1536 bytes back
Round trip time was 1.80043 milliseconds in repetition 333
tcp_ping received 1536 bytes back
Round trip time was 1.74308 milliseconds in repetition 334
tcp_ping received 1536 bytes back
Round trip time was 2.8966 milliseconds in repetition 335
tcp_ping received 1536 bytes back
Round trip time was 2.38699 milliseconds in repetition 336
tcp_ping received 1536 bytes back
Round trip time was 2.20321 milliseconds in repetition 337
tcp_ping received 1536 bytes back
Round trip time was 1.76376 milliseconds in repetition 338
tcp_ping received 1536 bytes back
Round trip time was 1.72107 milliseconds in repetition 339
tcp_ping received 1536 bytes back
Round trip time was 2.64229 milliseconds in repetition 340
tcp_ping received 1536 bytes back
Round trip time was 1.90033 milliseconds in repetition 341
tcp_ping received 1536 bytes back
Round trip time was 1.98743 milliseconds in repetition 342
tcp_ping received 1536 bytes back
Round trip time was 1.93992 milliseconds in repetition 343
tcp_ping received 1536 bytes back
Round trip time was 2.56694 milliseconds in repetition 344
tcp_ping received 1536 bytes back
Round trip time was 3.70597 milliseconds in repetition 345
tcp_ping received 1536 bytes back
Round trip time was 2.09615 milliseconds in repetition 346
tcp_ping received 1536 bytes back
Round trip time was 1.99894 milliseconds in repetition 347
tcp_ping received 1536 bytes back
Round trip time was 3.02885 milliseconds in repetition 348
tcp_ping received 1536 bytes back
Round trip time was 2.046 milliseconds in repetition 349
tcp_ping received 1536 bytes back
Round trip time was 2.3039 milliseconds in repetition 350
tcp_ping received 1536 bytes back
Round trip time was 2.33424 milliseconds in repetition 351
tcp_ping received 1536 bytes back
Round trip time was 2.03934 milliseconds in repetition 352
tcp_ping received 1536 bytes back
Round trip time was 2.63442 milliseconds in repetition 353
tcp_ping received 1536 bytes back
Round trip time was 2.07183 milliseconds in repetition 354
tcp_ping received 1536 bytes back
Round trip time was 2.57482 milliseconds in repetition 355
tcp_ping received 1536 bytes back
Round trip time was 2.26421 milliseconds in repetition 356
tcp_ping received 1536 bytes back
Round trip time was 3.20402 milliseconds in repetition 357
tcp_ping received 1536 bytes back
Round trip time was 4.6581 milliseconds in repetition 358
tcp_ping received 1536 bytes back
Round trip time was 2.49888 milliseconds in repetition 359
tcp_ping received 1536 bytes back
Round trip time was 2.69842 milliseconds in repetition 360
tcp_ping received 1536 bytes back
Round trip time was 2.10909 milliseconds in repetition 361
tcp_ping received 1536 bytes back
Round trip time was 3.7333 milliseconds in repetition 362
tcp_ping received 1536 bytes back
Round trip time was 1.89729 milliseconds in repetition 363
tcp_ping received 1536 bytes back
Round trip time was 1.7282 milliseconds in repetition 364
tcp_ping received 1536 bytes back
Round trip time was 3.86267 milliseconds in repetition 365
tcp_ping received 1536 bytes back
Round trip time was 1.90062 milliseconds in repetition 366
tcp_ping received 1536 bytes back
Round trip time was 2.2225 milliseconds in repetition 367
tcp_ping received 1536 bytes back
Round trip time was 2.45375 milliseconds in repetition 368
tcp_ping received 1536 bytes back
Round trip time was 2.17157 milliseconds in repetition 369
tcp_ping received 1536 bytes back
Round trip time was 1.96637 milliseconds in repetition 370
tcp_ping received 1536 bytes back
Round trip time was 1.86257 milliseconds in repetition 371
tcp_ping received 1536 bytes back
Round trip time was 2.9418 milliseconds in repetition 372
tcp_ping received 1536 bytes back
Round trip time was 1.85721 milliseconds in repetition 373
tcp_ping received 1536 bytes back
Round trip time was 1.97945 milliseconds in repetition 374
tcp_ping received 1536 bytes back
Round trip time was 8.79565 milliseconds in repetition 375
tcp_ping received 1536 bytes back
Round trip time was 2.08363 milliseconds in repetition 376
tcp_ping received 1536 bytes back
Round trip time was 1.79605 milliseconds in repetition 377
tcp_ping received 1536 bytes back
Round trip time was 2.0719 milliseconds in repetition 378
tcp_ping received 1536 bytes back
Round trip time was 1.80799 milliseconds in repetition 379
tcp_ping received 1536 bytes back
Round trip time was 1.68006 milliseconds in repetition 380
tcp_ping received 1536 bytes back
Round trip time was 2.52366 milliseconds in repetition 381
tcp_ping received 1536 bytes back
Round trip time was 2.03347 milliseconds in repetition 382
tcp_ping received 1536 bytes back
Round trip time was 4.19214 milliseconds in repetition 383
tcp_ping received 1536 bytes back
Round trip time was 1.97748 milliseconds in repetition 384
tcp_ping received 1536 bytes back
Round trip time was 2.11442 milliseconds in repetition 385
tcp_ping received 1536 bytes back
Round trip time was 2.41356 milliseconds in repetition 386
tcp_ping received 1536 bytes back
Round trip time was 2.5674 milliseconds in repetition 387
tcp_ping received 1536 bytes back
Round trip time was 2.49186 milliseconds in repetition 388
tcp_ping received 1536 bytes back
Round trip time was 4.04546 milliseconds in repetition 389
tcp_ping received 1536 bytes back
Round trip time was 1.84734 milliseconds in repetition 390
tcp_ping received 1536 bytes back
Round trip time was 2.16348 milliseconds in repetition 391
tcp_ping received 1536 bytes back
Round trip time was 2.30898 milliseconds in repetition 392
tcp_ping received 1536 bytes back
Round trip time was 3.64007 milliseconds in repetition 393
tcp_ping received 1536 bytes back
Round trip time was 2.26297 milliseconds in repetition 394
tcp_ping received 1536 bytes back
Round trip time was 1.69478 milliseconds in repetition 395
tcp_ping received 1536 bytes back
Round trip time was 2.24657 milliseconds in repetition 396
tcp_ping received 1536 bytes back
Round trip time was 2.12128 milliseconds in repetition 397
tcp_ping received 1536 bytes back
Round trip time was 1.80442 milliseconds in repetition 398
tcp_ping received 1536 bytes back
Round trip time was 3.59784 milliseconds in repetition 399
tcp_ping received 1536 bytes back
Round trip time was 2.05442 milliseconds in repetition 400
tcp_ping received 1536 bytes back
Round trip time was 1.88769 milliseconds in repetition 401
tcp_ping received 1536 bytes back
Round trip time was 3.65734 milliseconds in repetition 402
tcp_ping received 1536 bytes back
Round trip time was 1.89492 milliseconds in repetition 403
tcp_ping received 1536 bytes back
Round trip time was 2.28105 milliseconds in repetition 404
tcp_ping received 1536 bytes back
Round trip time was 2.5111 milliseconds in repetition 405
tcp_ping received 1536 bytes back
Round trip time was 3.0825 milliseconds in repetition 406
tcp_ping received 1536 bytes back
Round trip time was 1.83881 milliseconds in repetition 407
tcp_ping received 1536 bytes back
Round trip time was 2.27446 milliseconds in repetition 408
tcp_ping received 1536 bytes back
Round trip time was 2.15199 milliseconds in repetition 409
tcp_ping received 1536 bytes back
Round trip time was 1.63068 milliseconds in repetition 410
tcp_ping received 1536 bytes back
Round trip time was 1.79682 milliseconds in repetition 411
tcp_ping received 1536 bytes back
Round trip time was 4.00199 milliseconds in repetition 412
tcp_ping received 1536 bytes back
Round trip time was 1.93011 milliseconds in repetition 413
tcp_ping received 1536 bytes back
Round trip time was 1.90474 milliseconds in repetition 414
tcp_ping received 1536 bytes back
Round trip time was 2.5594 milliseconds in repetition 415
tcp_ping received 1536 bytes back
Round trip time was 1.80749 milliseconds in repetition 416
tcp_ping received 1536 bytes back
Round trip time was 2.0848 milliseconds in repetition 417
tcp_ping received 1536 bytes back
Round trip time was 3.51299 milliseconds in repetition 418
tcp_ping received 1536 bytes back
Round trip time was 2.59175 milliseconds in repetition 419
tcp_ping received 1536 bytes back
Round trip time was 1.79512 milliseconds in repetition 420
tcp_ping received 1536 bytes back
Round trip time was 1.76416 milliseconds in repetition 421
tcp_ping received 1536 bytes back
Round trip time was 2.92677 milliseconds in repetition 422
tcp_ping received 1536 bytes back
Round trip time was 1.66211 milliseconds in repetition 423
tcp_ping received 1536 bytes back
Round trip time was 2.35034 milliseconds in repetition 424
tcp_ping received 1536 bytes back
Round trip time was 2.89609 milliseconds in repetition 425
tcp_ping received 1536 bytes back
Round trip time was 1.91736 milliseconds in repetition 426
tcp_ping received 1536 bytes back
Round trip time was 1.96886 milliseconds in repetition 427
tcp_ping received 1536 bytes back
Round trip time was 1.71774 milliseconds in repetition 428
tcp_ping received 1536 bytes back
Round trip time was 2.03217 milliseconds in repetition 429
tcp_ping received 1536 bytes back
Round trip time was 1.81531 milliseconds in repetition 430
tcp_ping received 1536 bytes back
Round trip time was 1.78828 milliseconds in repetition 431
tcp_ping received 1536 bytes back
Round trip time was 1.67722 milliseconds in repetition 432
tcp_ping received 1536 bytes back
Round trip time was 1.93927 milliseconds in repetition 433
tcp_ping received 1536 bytes back
Round trip time was 12.2601 milliseconds in repetition 434
tcp_ping received 1536 bytes back
Round trip time was 2.09281 milliseconds in repetition 435
tcp_ping received 1536 bytes back
Round trip time was 3.15264 milliseconds in repetition 436
tcp_ping received 1536 bytes back
Round trip time was 1.83697 milliseconds in repetition 437
tcp_ping received 1536 bytes back
Round trip time was 1.97677 milliseconds in repetition 438
tcp_ping received 1536 bytes back
Round trip time was 3.83253 milliseconds in repetition 439
tcp_ping received 1536 bytes back
Round trip time was 1.82259 milliseconds in repetition 440
tcp_ping received 1536 bytes back
Round trip time was 2.17021 milliseconds in repetition 441
tcp_ping received 1536 bytes back
Round trip time was 2.11669 milliseconds in repetition 442
tcp_ping received 1536 bytes back
Round trip time was 2.65452 milliseconds in repetition 443
tcp_ping received 1536 bytes back
Round trip time was 1.9897 milliseconds in repetition 444
tcp_ping received 1536 bytes back
Round trip time was 2.05237 milliseconds in repetition 445
tcp_ping received 1536 bytes back
Round trip time was 2.15537 milliseconds in repetition 446
tcp_ping received 1536 bytes back
Round trip time was 2.44256 milliseconds in repetition 447
tcp_ping received 1536 bytes back
Round trip time was 4.82606 milliseconds in repetition 448
tcp_ping received 1536 bytes back
Round trip time was 2.10017 milliseconds in repetition 449
tcp_ping received 1536 bytes back
Round trip time was 1.90827 milliseconds in repetition 450
tcp_ping received 1536 bytes back
Round trip time was 2.88661 milliseconds in repetition 451
tcp_ping received 1536 bytes back
Round trip time was 2.0314 milliseconds in repetition 452
tcp_ping received 1536 bytes back
Round trip time was 2.06091 milliseconds in repetition 453
tcp_ping received 1536 bytes back
Round trip time was 2.17547 milliseconds in repetition 454
tcp_ping received 1536 bytes back
Round trip time was 3.03679 milliseconds in repetition 455
tcp_ping received 1536 bytes back
Round trip time was 2.29041 milliseconds in repetition 456
tcp_ping received 1536 bytes back
Round trip time was 1.75272 milliseconds in repetition 457
tcp_ping received 1536 bytes back
Round trip time was 2.41472 milliseconds in repetition 458
tcp_ping received 1536 bytes back
Round trip time was 1.84629 milliseconds in repetition 459
tcp_ping received 1536 bytes back
Round trip time was 3.11648 milliseconds in repetition 460
tcp_ping received 1536 bytes back
Round trip time was 2.73403 milliseconds in repetition 461
tcp_ping received 1536 bytes back
Round trip time was 1.94991 milliseconds in repetition 462
tcp_ping received 1536 bytes back
Round trip time was 2.262 milliseconds in repetition 463
tcp_ping received 1536 bytes back
Round trip time was 1.75033 milliseconds in repetition 464
tcp_ping received 1536 bytes back
Round trip time was 1.99977 milliseconds in repetition 465
tcp_ping received 1536 bytes back
Round trip time was 1.98005 milliseconds in repetition 466
tcp_ping received 1536 bytes back
Round trip time was 2.85747 milliseconds in repetition 467
tcp_ping received 1536 bytes back
Round trip time was 2.40527 milliseconds in repetition 468
tcp_ping received 1536 bytes back
Round trip time was 2.19292 milliseconds in repetition 469
tcp_ping received 1536 bytes back
Round trip time was 1.79701 milliseconds in repetition 470
tcp_ping received 1536 bytes back
Round trip time was 1.78516 milliseconds in repetition 471
tcp_ping received 1536 bytes back
Round trip time was 2.77736 milliseconds in repetition 472
tcp_ping received 1536 bytes back
Round trip time was 2.5583 milliseconds in repetition 473
tcp_ping received 1536 bytes back
Round trip time was 2.2667 milliseconds in repetition 474
tcp_ping received 1536 bytes back
Round trip time was 3.11452 milliseconds in repetition 475
tcp_ping received 1536 bytes back
Round trip time was 1.86159 milliseconds in repetition 476
tcp_ping received 1536 bytes back
Round trip time was 1.81847 milliseconds in repetition 477
tcp_ping received 1536 bytes back
Round trip time was 2.66558 milliseconds in repetition 478
tcp_ping received 1536 bytes back
Round trip time was 2.876 milliseconds in repetition 479
tcp_ping received 1536 bytes back
Round trip time was 2.16978 milliseconds in repetition 480
tcp_ping received 1536 bytes back
Round trip time was 1.80895 milliseconds in repetition 481
tcp_ping received 1536 bytes back
Round trip time was 3.3086 milliseconds in repetition 482
tcp_ping received 1536 bytes back
Round trip time was 1.89431 milliseconds in repetition 483
tcp_ping received 1536 bytes back
Round trip time was 2.33872 milliseconds in repetition 484
tcp_ping received 1536 bytes back
Round trip time was 2.30433 milliseconds in repetition 485
tcp_ping received 1536 bytes back
Round trip time was 1.87947 milliseconds in repetition 486
tcp_ping received 1536 bytes back
Round trip time was 1.81106 milliseconds in repetition 487
tcp_ping received 1536 bytes back
Round trip time was 1.92827 milliseconds in repetition 488
tcp_ping received 1536 bytes back
Round trip time was 1.90779 milliseconds in repetition 489
tcp_ping received 1536 bytes back
Round trip time was 2.71887 milliseconds in repetition 490
tcp_ping received 1536 bytes back
Round trip time was 1.77708 milliseconds in repetition 491
tcp_ping received 1536 bytes back
Round trip time was 3.17314 milliseconds in repetition 492
tcp_ping received 1536 bytes back
Round trip time was 2.15713 milliseconds in repetition 493
tcp_ping received 1536 bytes back
Round trip time was 2.73306 milliseconds in repetition 494
tcp_ping received 1536 bytes back
Round trip time was 3.44246 milliseconds in repetition 495
tcp_ping received 1536 bytes back
Round trip time was 2.39359 milliseconds in repetition 496
tcp_ping received 1536 bytes back
Round trip time was 2.076 milliseconds in repetition 497
tcp_ping received 1536 bytes back
Round trip time was 4.12745 milliseconds in repetition 498
tcp_ping received 1536 bytes back
Round trip time was 2.55841 milliseconds in repetition 499
tcp_ping received 1536 bytes back
Round trip time was 1.93521 milliseconds in repetition 500
tcp_ping received 1536 bytes back
Round trip time was 2.09966 milliseconds in repetition 501

 ... clock resolution was 1e-06
TCP Ping:  Statistics over 501 repetitions of 1536 byte messages

RTT : percentile 10: 1.75032, median: 2.03217, percentile 90: 3.07198, average: 2.30164, variance: 0.884705

RTT histogram:
1.62959 157
1.63068 221
1.6346 67
1.65683 23
1.65941 21
1.66193 3
1.66211 4
1.66585 0
1.66676 0
1.67478 0
1.67722 0
1.67873 0
1.68006 1
1.68861 2
1.69152 0
1.69478 0
1.69676 1
1.69841 0
1.6993 0
1.69977 0
1.70349 1

   median Throughput : 1511.69 KB/s   overall Throughput : 1334.7 KB/s

