TCP Ping trying to connect to server webdev.disi.unige.it (130.251.61.30) on port 1491
 ... connected to Pong server: asking for 501 repetitions of 8192 bytes TCP messages
 ... Pong server agreed :-)
tcp_ping received 8192 bytes back
Round trip time was 10.3893 milliseconds in repetition 1
tcp_ping received 8192 bytes back
Round trip time was 5.87443 milliseconds in repetition 2
tcp_ping received 8192 bytes back
Round trip time was 5.64945 milliseconds in repetition 3
tcp_ping received 8192 bytes back
Round trip time was 5.89511 milliseconds in repetition 4
tcp_ping received 8192 bytes back
Round trip time was 5.46441 milliseconds in repetition 5
tcp_ping received 8192 bytes back
Round trip time was 5.01969 milliseconds in repetition 6
tcp_ping received 8192 bytes back
Round trip time was 3.49913 milliseconds in repetition 7
tcp_ping received 8192 bytes back
Round trip time was 3.39362 milliseconds in repetition 8
tcp_ping received 8192 bytes back
Round trip time was 4.90824 milliseconds in repetition 9
tcp_ping received 8192 bytes back
Round trip time was 3.5352 milliseconds in repetition 10
tcp_ping received 8192 bytes back
Round trip time was 3.31912 milliseconds in repetition 11
tcp_ping received 8192 bytes back
Round trip time was 3.13581 milliseconds in repetition 12
tcp_ping received 8192 bytes back
Round trip time was 8.75854 milliseconds in repetition 13
tcp_ping received 8192 bytes back
Round trip time was 4.1146 milliseconds in repetition 14
tcp_ping received 8192 bytes back
Round trip time was 3.77841 milliseconds in repetition 15
tcp_ping received 8192 bytes back
Round trip time was 4.69286 milliseconds in repetition 16
tcp_ping received 8192 bytes back
Round trip time was 3.33687 milliseconds in repetition 17
tcp_ping received 8192 bytes back
Round trip time was 10.2267 milliseconds in repetition 18
tcp_ping received 8192 bytes back
Round trip time was 2.64152 milliseconds in repetition 19
tcp_ping received 8192 bytes back
Round trip time was 3.48753 milliseconds in repetition 20
tcp_ping received 8192 bytes back
Round trip time was 4.13157 milliseconds in repetition 21
tcp_ping received 8192 bytes back
Round trip time was 3.25188 milliseconds in repetition 22
tcp_ping received 8192 bytes back
Round trip time was 5.2595 milliseconds in repetition 23
tcp_ping received 8192 bytes back
Round trip time was 4.12587 milliseconds in repetition 24
tcp_ping received 8192 bytes back
Round trip time was 7.37939 milliseconds in repetition 25
tcp_ping received 8192 bytes back
Round trip time was 3.49124 milliseconds in repetition 26
tcp_ping received 8192 bytes back
Round trip time was 5.73294 milliseconds in repetition 27
tcp_ping received 8192 bytes back
Round trip time was 3.72667 milliseconds in repetition 28
tcp_ping received 8192 bytes back
Round trip time was 4.15241 milliseconds in repetition 29
tcp_ping received 8192 bytes back
Round trip time was 4.44719 milliseconds in repetition 30
tcp_ping received 8192 bytes back
Round trip time was 3.19785 milliseconds in repetition 31
tcp_ping received 8192 bytes back
Round trip time was 3.1345 milliseconds in repetition 32
tcp_ping received 8192 bytes back
Round trip time was 8.98313 milliseconds in repetition 33
tcp_ping received 8192 bytes back
Round trip time was 3.78871 milliseconds in repetition 34
tcp_ping received 8192 bytes back
Round trip time was 2.86365 milliseconds in repetition 35
tcp_ping received 8192 bytes back
Round trip time was 3.49157 milliseconds in repetition 36
tcp_ping received 8192 bytes back
Round trip time was 3.4243 milliseconds in repetition 37
tcp_ping received 8192 bytes back
Round trip time was 2.81865 milliseconds in repetition 38
tcp_ping received 8192 bytes back
Round trip time was 3.14951 milliseconds in repetition 39
tcp_ping received 8192 bytes back
Round trip time was 2.92268 milliseconds in repetition 40
tcp_ping received 8192 bytes back
Round trip time was 3.41981 milliseconds in repetition 41
tcp_ping received 8192 bytes back
Round trip time was 5.63702 milliseconds in repetition 42
tcp_ping received 8192 bytes back
Round trip time was 3.34607 milliseconds in repetition 43
tcp_ping received 8192 bytes back
Round trip time was 3.19652 milliseconds in repetition 44
tcp_ping received 8192 bytes back
Round trip time was 4.05495 milliseconds in repetition 45
tcp_ping received 8192 bytes back
Round trip time was 45.4467 milliseconds in repetition 46
tcp_ping received 8192 bytes back
Round trip time was 3.06958 milliseconds in repetition 47
tcp_ping received 8192 bytes back
Round trip time was 4.15342 milliseconds in repetition 48
tcp_ping received 8192 bytes back
Round trip time was 7.54074 milliseconds in repetition 49
tcp_ping received 8192 bytes back
Round trip time was 3.33857 milliseconds in repetition 50
tcp_ping received 8192 bytes back
Round trip time was 3.80586 milliseconds in repetition 51
tcp_ping received 8192 bytes back
Round trip time was 4.87088 milliseconds in repetition 52
tcp_ping received 8192 bytes back
Round trip time was 3.05202 milliseconds in repetition 53
tcp_ping received 8192 bytes back
Round trip time was 3.17351 milliseconds in repetition 54
tcp_ping received 8192 bytes back
Round trip time was 3.81392 milliseconds in repetition 55
tcp_ping received 8192 bytes back
Round trip time was 3.53093 milliseconds in repetition 56
tcp_ping received 8192 bytes back
Round trip time was 6.01986 milliseconds in repetition 57
tcp_ping received 8192 bytes back
Round trip time was 7.17733 milliseconds in repetition 58
tcp_ping received 8192 bytes back
Round trip time was 3.35576 milliseconds in repetition 59
tcp_ping received 8192 bytes back
Round trip time was 3.28521 milliseconds in repetition 60
tcp_ping received 8192 bytes back
Round trip time was 10.0016 milliseconds in repetition 61
tcp_ping received 8192 bytes back
Round trip time was 3.32505 milliseconds in repetition 62
tcp_ping received 8192 bytes back
Round trip time was 3.06977 milliseconds in repetition 63
tcp_ping received 8192 bytes back
Round trip time was 3.46825 milliseconds in repetition 64
tcp_ping received 8192 bytes back
Round trip time was 3.52277 milliseconds in repetition 65
tcp_ping received 8192 bytes back
Round trip time was 3.71743 milliseconds in repetition 66
tcp_ping received 8192 bytes back
Round trip time was 2.99785 milliseconds in repetition 67
tcp_ping received 8192 bytes back
Round trip time was 3.61542 milliseconds in repetition 68
tcp_ping received 8192 bytes back
Round trip time was 3.3146 milliseconds in repetition 69
tcp_ping received 8192 bytes back
Round trip time was 3.10129 milliseconds in repetition 70
tcp_ping received 8192 bytes back
Round trip time was 5.36466 milliseconds in repetition 71
tcp_ping received 8192 bytes back
Round trip time was 3.28335 milliseconds in repetition 72
tcp_ping received 8192 bytes back
Round trip time was 10.582 milliseconds in repetition 73
tcp_ping received 8192 bytes back
Round trip time was 3.57387 milliseconds in repetition 74
tcp_ping received 8192 bytes back
Round trip time was 2.89262 milliseconds in repetition 75
tcp_ping received 8192 bytes back
Round trip time was 3.02059 milliseconds in repetition 76
tcp_ping received 8192 bytes back
Round trip time was 3.24483 milliseconds in repetition 77
tcp_ping received 8192 bytes back
Round trip time was 2.77624 milliseconds in repetition 78
tcp_ping received 8192 bytes back
Round trip time was 3.15308 milliseconds in repetition 79
tcp_ping received 8192 bytes back
Round trip time was 2.99149 milliseconds in repetition 80
tcp_ping received 8192 bytes back
Round trip time was 4.01081 milliseconds in repetition 81
tcp_ping received 8192 bytes back
Round trip time was 2.8385 milliseconds in repetition 82
tcp_ping received 8192 bytes back
Round trip time was 2.66855 milliseconds in repetition 83
tcp_ping received 8192 bytes back
Round trip time was 3.63031 milliseconds in repetition 84
tcp_ping received 8192 bytes back
Round trip time was 3.6559 milliseconds in repetition 85
tcp_ping received 8192 bytes back
Round trip time was 6.8853 milliseconds in repetition 86
tcp_ping received 8192 bytes back
Round trip time was 3.7765 milliseconds in repetition 87
tcp_ping received 8192 bytes back
Round trip time was 3.37416 milliseconds in repetition 88
tcp_ping received 8192 bytes back
Round trip time was 2.79368 milliseconds in repetition 89
tcp_ping received 8192 bytes back
Round trip time was 3.25111 milliseconds in repetition 90
tcp_ping received 8192 bytes back
Round trip time was 9.83135 milliseconds in repetition 91
tcp_ping received 8192 bytes back
Round trip time was 3.36038 milliseconds in repetition 92
tcp_ping received 8192 bytes back
Round trip time was 3.01052 milliseconds in repetition 93
tcp_ping received 8192 bytes back
Round trip time was 3.86925 milliseconds in repetition 94
tcp_ping received 8192 bytes back
Round trip time was 3.17936 milliseconds in repetition 95
tcp_ping received 8192 bytes back
Round trip time was 9.92991 milliseconds in repetition 96
tcp_ping received 8192 bytes back
Round trip time was 2.95402 milliseconds in repetition 97
tcp_ping received 8192 bytes back
Round trip time was 3.43218 milliseconds in repetition 98
tcp_ping received 8192 bytes back
Round trip time was 9.23364 milliseconds in repetition 99
tcp_ping received 8192 bytes back
Round trip time was 3.97151 milliseconds in repetition 100
tcp_ping received 8192 bytes back
Round trip time was 3.30343 milliseconds in repetition 101
tcp_ping received 8192 bytes back
Round trip time was 2.9207 milliseconds in repetition 102
tcp_ping received 8192 bytes back
Round trip time was 3.83626 milliseconds in repetition 103
tcp_ping received 8192 bytes back
Round trip time was 3.32921 milliseconds in repetition 104
tcp_ping received 8192 bytes back
Round trip time was 2.98129 milliseconds in repetition 105
tcp_ping received 8192 bytes back
Round trip time was 5.67088 milliseconds in repetition 106
tcp_ping received 8192 bytes back
Round trip time was 3.63054 milliseconds in repetition 107
tcp_ping received 8192 bytes back
Round trip time was 3.32846 milliseconds in repetition 108
tcp_ping received 8192 bytes back
Round trip time was 3.26085 milliseconds in repetition 109
tcp_ping received 8192 bytes back
Round trip time was 10.9752 milliseconds in repetition 110
tcp_ping received 8192 bytes back
Round trip time was 5.77878 milliseconds in repetition 111
tcp_ping received 8192 bytes back
Round trip time was 3.0948 milliseconds in repetition 112
tcp_ping received 8192 bytes back
Round trip time was 5.24851 milliseconds in repetition 113
tcp_ping received 8192 bytes back
Round trip time was 3.26683 milliseconds in repetition 114
tcp_ping received 8192 bytes back
Round trip time was 3.00427 milliseconds in repetition 115
tcp_ping received 8192 bytes back
Round trip time was 5.04624 milliseconds in repetition 116
tcp_ping received 8192 bytes back
Round trip time was 3.03867 milliseconds in repetition 117
tcp_ping received 8192 bytes back
Round trip time was 40.7688 milliseconds in repetition 118
tcp_ping received 8192 bytes back
Round trip time was 3.72092 milliseconds in repetition 119
tcp_ping received 8192 bytes back
Round trip time was 5.19445 milliseconds in repetition 120
tcp_ping received 8192 bytes back
Round trip time was 7.5997 milliseconds in repetition 121
tcp_ping received 8192 bytes back
Round trip time was 3.32771 milliseconds in repetition 122
tcp_ping received 8192 bytes back
Round trip time was 7.93768 milliseconds in repetition 123
tcp_ping received 8192 bytes back
Round trip time was 2.95352 milliseconds in repetition 124
tcp_ping received 8192 bytes back
Round trip time was 3.80157 milliseconds in repetition 125
tcp_ping received 8192 bytes back
Round trip time was 3.41328 milliseconds in repetition 126
tcp_ping received 8192 bytes back
Round trip time was 2.84754 milliseconds in repetition 127
tcp_ping received 8192 bytes back
Round trip time was 3.74213 milliseconds in repetition 128
tcp_ping received 8192 bytes back
Round trip time was 7.61683 milliseconds in repetition 129
tcp_ping received 8192 bytes back
Round trip time was 3.15674 milliseconds in repetition 130
tcp_ping received 8192 bytes back
Round trip time was 3.61648 milliseconds in repetition 131
tcp_ping received 8192 bytes back
Round trip time was 10.8214 milliseconds in repetition 132
tcp_ping received 8192 bytes back
Round trip time was 2.90655 milliseconds in repetition 133
tcp_ping received 8192 bytes back
Round trip time was 2.96733 milliseconds in repetition 134
tcp_ping received 8192 bytes back
Round trip time was 3.1044 milliseconds in repetition 135
tcp_ping received 8192 bytes back
Round trip time was 2.89986 milliseconds in repetition 136
tcp_ping received 8192 bytes back
Round trip time was 3.12753 milliseconds in repetition 137
tcp_ping received 8192 bytes back
Round trip time was 3.67156 milliseconds in repetition 138
tcp_ping received 8192 bytes back
Round trip time was 3.09849 milliseconds in repetition 139
tcp_ping received 8192 bytes back
Round trip time was 5.89904 milliseconds in repetition 140
tcp_ping received 8192 bytes back
Round trip time was 3.59716 milliseconds in repetition 141
tcp_ping received 8192 bytes back
Round trip time was 3.32135 milliseconds in repetition 142
tcp_ping received 8192 bytes back
Round trip time was 4.64359 milliseconds in repetition 143
tcp_ping received 8192 bytes back
Round trip time was 2.93479 milliseconds in repetition 144
tcp_ping received 8192 bytes back
Round trip time was 2.95527 milliseconds in repetition 145
tcp_ping received 8192 bytes back
Round trip time was 3.56958 milliseconds in repetition 146
tcp_ping received 8192 bytes back
Round trip time was 4.53508 milliseconds in repetition 147
tcp_ping received 8192 bytes back
Round trip time was 3.19117 milliseconds in repetition 148
tcp_ping received 8192 bytes back
Round trip time was 4.59238 milliseconds in repetition 149
tcp_ping received 8192 bytes back
Round trip time was 3.57835 milliseconds in repetition 150
tcp_ping received 8192 bytes back
Round trip time was 3.10218 milliseconds in repetition 151
tcp_ping received 8192 bytes back
Round trip time was 3.22907 milliseconds in repetition 152
tcp_ping received 8192 bytes back
Round trip time was 4.63524 milliseconds in repetition 153
tcp_ping received 8192 bytes back
Round trip time was 2.96755 milliseconds in repetition 154
tcp_ping received 8192 bytes back
Round trip time was 5.60521 milliseconds in repetition 155
tcp_ping received 8192 bytes back
Round trip time was 3.48563 milliseconds in repetition 156
tcp_ping received 8192 bytes back
Round trip time was 3.18747 milliseconds in repetition 157
tcp_ping received 8192 bytes back
Round trip time was 9.58852 milliseconds in repetition 158
tcp_ping received 8192 bytes back
Round trip time was 3.22456 milliseconds in repetition 159
tcp_ping received 8192 bytes back
Round trip time was 3.46337 milliseconds in repetition 160
tcp_ping received 8192 bytes back
Round trip time was 3.10933 milliseconds in repetition 161
tcp_ping received 8192 bytes back
Round trip time was 5.25462 milliseconds in repetition 162
tcp_ping received 8192 bytes back
Round trip time was 2.86858 milliseconds in repetition 163
tcp_ping received 8192 bytes back
Round trip time was 3.06845 milliseconds in repetition 164
tcp_ping received 8192 bytes back
Round trip time was 2.87669 milliseconds in repetition 165
tcp_ping received 8192 bytes back
Round trip time was 3.07228 milliseconds in repetition 166
tcp_ping received 8192 bytes back
Round trip time was 11.4423 milliseconds in repetition 167
tcp_ping received 8192 bytes back
Round trip time was 15.9267 milliseconds in repetition 168
tcp_ping received 8192 bytes back
Round trip time was 3.21002 milliseconds in repetition 169
tcp_ping received 8192 bytes back
Round trip time was 3.01098 milliseconds in repetition 170
tcp_ping received 8192 bytes back
Round trip time was 4.65672 milliseconds in repetition 171
tcp_ping received 8192 bytes back
Round trip time was 2.93149 milliseconds in repetition 172
tcp_ping received 8192 bytes back
Round trip time was 2.98556 milliseconds in repetition 173
tcp_ping received 8192 bytes back
Round trip time was 3.22476 milliseconds in repetition 174
tcp_ping received 8192 bytes back
Round trip time was 6.20854 milliseconds in repetition 175
tcp_ping received 8192 bytes back
Round trip time was 12.3406 milliseconds in repetition 176
tcp_ping received 8192 bytes back
Round trip time was 12.7451 milliseconds in repetition 177
tcp_ping received 8192 bytes back
Round trip time was 9.13525 milliseconds in repetition 178
tcp_ping received 8192 bytes back
Round trip time was 4.35441 milliseconds in repetition 179
tcp_ping received 8192 bytes back
Round trip time was 5.28152 milliseconds in repetition 180
tcp_ping received 8192 bytes back
Round trip time was 3.39757 milliseconds in repetition 181
tcp_ping received 8192 bytes back
Round trip time was 3.26628 milliseconds in repetition 182
tcp_ping received 8192 bytes back
Round trip time was 4.8452 milliseconds in repetition 183
tcp_ping received 8192 bytes back
Round trip time was 4.45061 milliseconds in repetition 184
tcp_ping received 8192 bytes back
Round trip time was 2.87991 milliseconds in repetition 185
tcp_ping received 8192 bytes back
Round trip time was 7.3814 milliseconds in repetition 186
tcp_ping received 8192 bytes back
Round trip time was 3.86344 milliseconds in repetition 187
tcp_ping received 8192 bytes back
Round trip time was 3.35254 milliseconds in repetition 188
tcp_ping received 8192 bytes back
Round trip time was 4.95261 milliseconds in repetition 189
tcp_ping received 8192 bytes back
Round trip time was 3.27239 milliseconds in repetition 190
tcp_ping received 8192 bytes back
Round trip time was 3.50109 milliseconds in repetition 191
tcp_ping received 8192 bytes back
Round trip time was 3.37168 milliseconds in repetition 192
tcp_ping received 8192 bytes back
Round trip time was 4.60574 milliseconds in repetition 193
tcp_ping received 8192 bytes back
Round trip time was 7.22379 milliseconds in repetition 194
tcp_ping received 8192 bytes back
Round trip time was 3.04461 milliseconds in repetition 195
tcp_ping received 8192 bytes back
Round trip time was 3.05672 milliseconds in repetition 196
tcp_ping received 8192 bytes back
Round trip time was 7.40285 milliseconds in repetition 197
tcp_ping received 8192 bytes back
Round trip time was 4.28681 milliseconds in repetition 198
tcp_ping received 8192 bytes back
Round trip time was 3.50641 milliseconds in repetition 199
tcp_ping received 8192 bytes back
Round trip time was 3.28694 milliseconds in repetition 200
tcp_ping received 8192 bytes back
Round trip time was 4.65229 milliseconds in repetition 201
tcp_ping received 8192 bytes back
Round trip time was 3.58954 milliseconds in repetition 202
tcp_ping received 8192 bytes back
Round trip time was 7.99627 milliseconds in repetition 203
tcp_ping received 8192 bytes back
Round trip time was 4.50809 milliseconds in repetition 204
tcp_ping received 8192 bytes back
Round trip time was 3.96278 milliseconds in repetition 205
tcp_ping received 8192 bytes back
Round trip time was 3.26418 milliseconds in repetition 206
tcp_ping received 8192 bytes back
Round trip time was 3.20429 milliseconds in repetition 207
tcp_ping received 8192 bytes back
Round trip time was 3.22927 milliseconds in repetition 208
tcp_ping received 8192 bytes back
Round trip time was 3.33401 milliseconds in repetition 209
tcp_ping received 8192 bytes back
Round trip time was 3.16992 milliseconds in repetition 210
tcp_ping received 8192 bytes back
Round trip time was 5.23972 milliseconds in repetition 211
tcp_ping received 8192 bytes back
Round trip time was 6.56003 milliseconds in repetition 212
tcp_ping received 8192 bytes back
Round trip time was 3.16728 milliseconds in repetition 213
tcp_ping received 8192 bytes back
Round trip time was 3.0402 milliseconds in repetition 214
tcp_ping received 8192 bytes back
Round trip time was 3.39284 milliseconds in repetition 215
tcp_ping received 8192 bytes back
Round trip time was 3.44305 milliseconds in repetition 216
tcp_ping received 8192 bytes back
Round trip time was 3.39078 milliseconds in repetition 217
tcp_ping received 8192 bytes back
Round trip time was 4.02513 milliseconds in repetition 218
tcp_ping received 8192 bytes back
Round trip time was 10.6456 milliseconds in repetition 219
tcp_ping received 8192 bytes back
Round trip time was 3.20965 milliseconds in repetition 220
tcp_ping received 8192 bytes back
Round trip time was 2.77064 milliseconds in repetition 221
tcp_ping received 8192 bytes back
Round trip time was 3.38907 milliseconds in repetition 222
tcp_ping received 8192 bytes back
Round trip time was 3.60188 milliseconds in repetition 223
tcp_ping received 8192 bytes back
Round trip time was 3.15286 milliseconds in repetition 224
tcp_ping received 8192 bytes back
Round trip time was 3.7566 milliseconds in repetition 225
tcp_ping received 8192 bytes back
Round trip time was 8.79209 milliseconds in repetition 226
tcp_ping received 8192 bytes back
Round trip time was 11.0414 milliseconds in repetition 227
tcp_ping received 8192 bytes back
Round trip time was 7.41981 milliseconds in repetition 228
tcp_ping received 8192 bytes back
Round trip time was 4.61641 milliseconds in repetition 229
tcp_ping received 8192 bytes back
Round trip time was 3.41772 milliseconds in repetition 230
tcp_ping received 8192 bytes back
Round trip time was 4.50231 milliseconds in repetition 231
tcp_ping received 8192 bytes back
Round trip time was 4.85399 milliseconds in repetition 232
tcp_ping received 8192 bytes back
Round trip time was 4.41903 milliseconds in repetition 233
tcp_ping received 8192 bytes back
Round trip time was 3.68371 milliseconds in repetition 234
tcp_ping received 8192 bytes back
Round trip time was 3.66891 milliseconds in repetition 235
tcp_ping received 8192 bytes back
Round trip time was 4.17968 milliseconds in repetition 236
tcp_ping received 8192 bytes back
Round trip time was 4.80073 milliseconds in repetition 237
tcp_ping received 8192 bytes back
Round trip time was 3.35928 milliseconds in repetition 238
tcp_ping received 8192 bytes back
Round trip time was 6.5748 milliseconds in repetition 239
tcp_ping received 8192 bytes back
Round trip time was 5.30211 milliseconds in repetition 240
tcp_ping received 8192 bytes back
Round trip time was 3.59865 milliseconds in repetition 241
tcp_ping received 8192 bytes back
Round trip time was 3.96495 milliseconds in repetition 242
tcp_ping received 8192 bytes back
Round trip time was 2.89815 milliseconds in repetition 243
tcp_ping received 8192 bytes back
Round trip time was 3.38295 milliseconds in repetition 244
tcp_ping received 8192 bytes back
Round trip time was 3.38973 milliseconds in repetition 245
tcp_ping received 8192 bytes back
Round trip time was 2.96875 milliseconds in repetition 246
tcp_ping received 8192 bytes back
Round trip time was 5.64257 milliseconds in repetition 247
tcp_ping received 8192 bytes back
Round trip time was 3.87284 milliseconds in repetition 248
tcp_ping received 8192 bytes back
Round trip time was 2.97716 milliseconds in repetition 249
tcp_ping received 8192 bytes back
Round trip time was 8.24376 milliseconds in repetition 250
tcp_ping received 8192 bytes back
Round trip time was 2.92714 milliseconds in repetition 251
tcp_ping received 8192 bytes back
Round trip time was 3.37872 milliseconds in repetition 252
tcp_ping received 8192 bytes back
Round trip time was 4.19692 milliseconds in repetition 253
tcp_ping received 8192 bytes back
Round trip time was 3.9706 milliseconds in repetition 254
tcp_ping received 8192 bytes back
Round trip time was 3.25162 milliseconds in repetition 255
tcp_ping received 8192 bytes back
Round trip time was 4.99932 milliseconds in repetition 256
tcp_ping received 8192 bytes back
Round trip time was 5.96332 milliseconds in repetition 257
tcp_ping received 8192 bytes back
Round trip time was 3.41042 milliseconds in repetition 258
tcp_ping received 8192 bytes back
Round trip time was 2.98423 milliseconds in repetition 259
tcp_ping received 8192 bytes back
Round trip time was 3.05078 milliseconds in repetition 260
tcp_ping received 8192 bytes back
Round trip time was 3.41752 milliseconds in repetition 261
tcp_ping received 8192 bytes back
Round trip time was 3.07378 milliseconds in repetition 262
tcp_ping received 8192 bytes back
Round trip time was 3.35321 milliseconds in repetition 263
tcp_ping received 8192 bytes back
Round trip time was 11.2529 milliseconds in repetition 264
tcp_ping received 8192 bytes back
Round trip time was 2.92986 milliseconds in repetition 265
tcp_ping received 8192 bytes back
Round trip time was 3.10049 milliseconds in repetition 266
tcp_ping received 8192 bytes back
Round trip time was 3.44086 milliseconds in repetition 267
tcp_ping received 8192 bytes back
Round trip time was 4.18392 milliseconds in repetition 268
tcp_ping received 8192 bytes back
Round trip time was 3.50403 milliseconds in repetition 269
tcp_ping received 8192 bytes back
Round trip time was 3.60923 milliseconds in repetition 270
tcp_ping received 8192 bytes back
Round trip time was 3.84508 milliseconds in repetition 271
tcp_ping received 8192 bytes back
Round trip time was 3.07159 milliseconds in repetition 272
tcp_ping received 8192 bytes back
Round trip time was 3.40659 milliseconds in repetition 273
tcp_ping received 8192 bytes back
Round trip time was 4.27262 milliseconds in repetition 274
tcp_ping received 8192 bytes back
Round trip time was 10.6488 milliseconds in repetition 275
tcp_ping received 8192 bytes back
Round trip time was 8.00553 milliseconds in repetition 276
tcp_ping received 8192 bytes back
Round trip time was 3.23724 milliseconds in repetition 277
tcp_ping received 8192 bytes back
Round trip time was 3.62153 milliseconds in repetition 278
tcp_ping received 8192 bytes back
Round trip time was 3.32819 milliseconds in repetition 279
tcp_ping received 8192 bytes back
Round trip time was 3.55936 milliseconds in repetition 280
tcp_ping received 8192 bytes back
Round trip time was 3.22694 milliseconds in repetition 281
tcp_ping received 8192 bytes back
Round trip time was 3.48562 milliseconds in repetition 282
tcp_ping received 8192 bytes back
Round trip time was 3.25554 milliseconds in repetition 283
tcp_ping received 8192 bytes back
Round trip time was 6.58647 milliseconds in repetition 284
tcp_ping received 8192 bytes back
Round trip time was 3.05317 milliseconds in repetition 285
tcp_ping received 8192 bytes back
Round trip time was 2.62396 milliseconds in repetition 286
tcp_ping received 8192 bytes back
Round trip time was 2.67696 milliseconds in repetition 287
tcp_ping received 8192 bytes back
Round trip time was 3.1119 milliseconds in repetition 288
tcp_ping received 8192 bytes back
Round trip time was 4.49753 milliseconds in repetition 289
tcp_ping received 8192 bytes back
Round trip time was 3.48352 milliseconds in repetition 290
tcp_ping received 8192 bytes back
Round trip time was 4.98174 milliseconds in repetition 291
tcp_ping received 8192 bytes back
Round trip time was 3.02993 milliseconds in repetition 292
tcp_ping received 8192 bytes back
Round trip time was 2.65266 milliseconds in repetition 293
tcp_ping received 8192 bytes back
Round trip time was 2.84179 milliseconds in repetition 294
tcp_ping received 8192 bytes back
Round trip time was 2.68833 milliseconds in repetition 295
tcp_ping received 8192 bytes back
Round trip time was 2.952 milliseconds in repetition 296
tcp_ping received 8192 bytes back
Round trip time was 2.69423 milliseconds in repetition 297
tcp_ping received 8192 bytes back
Round trip time was 2.90293 milliseconds in repetition 298
tcp_ping received 8192 bytes back
Round trip time was 2.70148 milliseconds in repetition 299
tcp_ping received 8192 bytes back
Round trip time was 3.75244 milliseconds in repetition 300
tcp_ping received 8192 bytes back
Round trip time was 3.15911 milliseconds in repetition 301
tcp_ping received 8192 bytes back
Round trip time was 3.28631 milliseconds in repetition 302
tcp_ping received 8192 bytes back
Round trip time was 3.06116 milliseconds in repetition 303
tcp_ping received 8192 bytes back
Round trip time was 2.34399 milliseconds in repetition 304
tcp_ping received 8192 bytes back
Round trip time was 3.27365 milliseconds in repetition 305
tcp_ping received 8192 bytes back
Round trip time was 2.61205 milliseconds in repetition 306
tcp_ping received 8192 bytes back
Round trip time was 2.69953 milliseconds in repetition 307
tcp_ping received 8192 bytes back
Round trip time was 3.13303 milliseconds in repetition 308
tcp_ping received 8192 bytes back
Round trip time was 3.15794 milliseconds in repetition 309
tcp_ping received 8192 bytes back
Round trip time was 2.9284 milliseconds in repetition 310
tcp_ping received 8192 bytes back
Round trip time was 2.73358 milliseconds in repetition 311
tcp_ping received 8192 bytes back
Round trip time was 2.81821 milliseconds in repetition 312
tcp_ping received 8192 bytes back
Round trip time was 3.69149 milliseconds in repetition 313
tcp_ping received 8192 bytes back
Round trip time was 3.25716 milliseconds in repetition 314
tcp_ping received 8192 bytes back
Round trip time was 2.72447 milliseconds in repetition 315
tcp_ping received 8192 bytes back
Round trip time was 2.69245 milliseconds in repetition 316
tcp_ping received 8192 bytes back
Round trip time was 2.98225 milliseconds in repetition 317
tcp_ping received 8192 bytes back
Round trip time was 2.90272 milliseconds in repetition 318
tcp_ping received 8192 bytes back
Round trip time was 2.87507 milliseconds in repetition 319
tcp_ping received 8192 bytes back
Round trip time was 2.98153 milliseconds in repetition 320
tcp_ping received 8192 bytes back
Round trip time was 2.83147 milliseconds in repetition 321
tcp_ping received 8192 bytes back
Round trip time was 3.05306 milliseconds in repetition 322
tcp_ping received 8192 bytes back
Round trip time was 2.85696 milliseconds in repetition 323
tcp_ping received 8192 bytes back
Round trip time was 2.71956 milliseconds in repetition 324
tcp_ping received 8192 bytes back
Round trip time was 3.01424 milliseconds in repetition 325
tcp_ping received 8192 bytes back
Round trip time was 3.21575 milliseconds in repetition 326
tcp_ping received 8192 bytes back
Round trip time was 2.64999 milliseconds in repetition 327
tcp_ping received 8192 bytes back
Round trip time was 2.67005 milliseconds in repetition 328
tcp_ping received 8192 bytes back
Round trip time was 3.07771 milliseconds in repetition 329
tcp_ping received 8192 bytes back
Round trip time was 3.32965 milliseconds in repetition 330
tcp_ping received 8192 bytes back
Round trip time was 2.71939 milliseconds in repetition 331
tcp_ping received 8192 bytes back
Round trip time was 2.83308 milliseconds in repetition 332
tcp_ping received 8192 bytes back
Round trip time was 3.05053 milliseconds in repetition 333
tcp_ping received 8192 bytes back
Round trip time was 3.19921 milliseconds in repetition 334
tcp_ping received 8192 bytes back
Round trip time was 2.72589 milliseconds in repetition 335
tcp_ping received 8192 bytes back
Round trip time was 2.87415 milliseconds in repetition 336
tcp_ping received 8192 bytes back
Round trip time was 2.8428 milliseconds in repetition 337
tcp_ping received 8192 bytes back
Round trip time was 3.06611 milliseconds in repetition 338
tcp_ping received 8192 bytes back
Round trip time was 2.71943 milliseconds in repetition 339
tcp_ping received 8192 bytes back
Round trip time was 3.53564 milliseconds in repetition 340
tcp_ping received 8192 bytes back
Round trip time was 2.71354 milliseconds in repetition 341
tcp_ping received 8192 bytes back
Round trip time was 3.25606 milliseconds in repetition 342
tcp_ping received 8192 bytes back
Round trip time was 3.47129 milliseconds in repetition 343
tcp_ping received 8192 bytes back
Round trip time was 2.99243 milliseconds in repetition 344
tcp_ping received 8192 bytes back
Round trip time was 2.84465 milliseconds in repetition 345
tcp_ping received 8192 bytes back
Round trip time was 3.12316 milliseconds in repetition 346
tcp_ping received 8192 bytes back
Round trip time was 3.86623 milliseconds in repetition 347
tcp_ping received 8192 bytes back
Round trip time was 9.30823 milliseconds in repetition 348
tcp_ping received 8192 bytes back
Round trip time was 3.43066 milliseconds in repetition 349
tcp_ping received 8192 bytes back
Round trip time was 4.82733 milliseconds in repetition 350
tcp_ping received 8192 bytes back
Round trip time was 3.04784 milliseconds in repetition 351
tcp_ping received 8192 bytes back
Round trip time was 3.0438 milliseconds in repetition 352
tcp_ping received 8192 bytes back
Round trip time was 4.28312 milliseconds in repetition 353
tcp_ping received 8192 bytes back
Round trip time was 3.34037 milliseconds in repetition 354
tcp_ping received 8192 bytes back
Round trip time was 3.24057 milliseconds in repetition 355
tcp_ping received 8192 bytes back
Round trip time was 3.41599 milliseconds in repetition 356
tcp_ping received 8192 bytes back
Round trip time was 3.1034 milliseconds in repetition 357
tcp_ping received 8192 bytes back
Round trip time was 4.00486 milliseconds in repetition 358
tcp_ping received 8192 bytes back
Round trip time was 3.59374 milliseconds in repetition 359
tcp_ping received 8192 bytes back
Round trip time was 3.27643 milliseconds in repetition 360
tcp_ping received 8192 bytes back
Round trip time was 2.92964 milliseconds in repetition 361
tcp_ping received 8192 bytes back
Round trip time was 3.49483 milliseconds in repetition 362
tcp_ping received 8192 bytes back
Round trip time was 3.63607 milliseconds in repetition 363
tcp_ping received 8192 bytes back
Round trip time was 4.00016 milliseconds in repetition 364
tcp_ping received 8192 bytes back
Round trip time was 3.70914 milliseconds in repetition 365
tcp_ping received 8192 bytes back
Round trip time was 4.36333 milliseconds in repetition 366
tcp_ping received 8192 bytes back
Round trip time was 3.56857 milliseconds in repetition 367
tcp_ping received 8192 bytes back
Round trip time was 4.93587 milliseconds in repetition 368
tcp_ping received 8192 bytes back
Round trip time was 3.4883 milliseconds in repetition 369
tcp_ping received 8192 bytes back
Round trip time was 3.6361 milliseconds in repetition 370
tcp_ping received 8192 bytes back
Round trip time was 3.30979 milliseconds in repetition 371
tcp_ping received 8192 bytes back
Round trip time was 2.83446 milliseconds in repetition 372
tcp_ping received 8192 bytes back
Round trip time was 4.15648 milliseconds in repetition 373
tcp_ping received 8192 bytes back
Round trip time was 3.40172 milliseconds in repetition 374
tcp_ping received 8192 bytes back
Round trip time was 3.39351 milliseconds in repetition 375
tcp_ping received 8192 bytes back
Round trip time was 3.38311 milliseconds in repetition 376
tcp_ping received 8192 bytes back
Round trip time was 3.73822 milliseconds in repetition 377
tcp_ping received 8192 bytes back
Round trip time was 7.26817 milliseconds in repetition 378
tcp_ping received 8192 bytes back
Round trip time was 3.3358 milliseconds in repetition 379
tcp_ping received 8192 bytes back
Round trip time was 9.47136 milliseconds in repetition 380
tcp_ping received 8192 bytes back
Round trip time was 3.49071 milliseconds in repetition 381
tcp_ping received 8192 bytes back
Round trip time was 3.29984 milliseconds in repetition 382
tcp_ping received 8192 bytes back
Round trip time was 2.99787 milliseconds in repetition 383
tcp_ping received 8192 bytes back
Round trip time was 3.32554 milliseconds in repetition 384
tcp_ping received 8192 bytes back
Round trip time was 3.30943 milliseconds in repetition 385
tcp_ping received 8192 bytes back
Round trip time was 3.89295 milliseconds in repetition 386
tcp_ping received 8192 bytes back
Round trip time was 2.89467 milliseconds in repetition 387
tcp_ping received 8192 bytes back
Round trip time was 3.55834 milliseconds in repetition 388
tcp_ping received 8192 bytes back
Round trip time was 3.1283 milliseconds in repetition 389
tcp_ping received 8192 bytes back
Round trip time was 4.37696 milliseconds in repetition 390
tcp_ping received 8192 bytes back
Round trip time was 3.54424 milliseconds in repetition 391
tcp_ping received 8192 bytes back
Round trip time was 3.10515 milliseconds in repetition 392
tcp_ping received 8192 bytes back
Round trip time was 3.9381 milliseconds in repetition 393
tcp_ping received 8192 bytes back
Round trip time was 3.03741 milliseconds in repetition 394
tcp_ping received 8192 bytes back
Round trip time was 2.98687 milliseconds in repetition 395
tcp_ping received 8192 bytes back
Round trip time was 3.76186 milliseconds in repetition 396
tcp_ping received 8192 bytes back
Round trip time was 3.83104 milliseconds in repetition 397
tcp_ping received 8192 bytes back
Round trip time was 3.14006 milliseconds in repetition 398
tcp_ping received 8192 bytes back
Round trip time was 3.76551 milliseconds in repetition 399
tcp_ping received 8192 bytes back
Round trip time was 3.53003 milliseconds in repetition 400
tcp_ping received 8192 bytes back
Round trip time was 3.94178 milliseconds in repetition 401
tcp_ping received 8192 bytes back
Round trip time was 2.98329 milliseconds in repetition 402
tcp_ping received 8192 bytes back
Round trip time was 3.6793 milliseconds in repetition 403
tcp_ping received 8192 bytes back
Round trip time was 3.15171 milliseconds in repetition 404
tcp_ping received 8192 bytes back
Round trip time was 4.34788 milliseconds in repetition 405
tcp_ping received 8192 bytes back
Round trip time was 2.98355 milliseconds in repetition 406
tcp_ping received 8192 bytes back
Round trip time was 8.89391 milliseconds in repetition 407
tcp_ping received 8192 bytes back
Round trip time was 3.49032 milliseconds in repetition 408
tcp_ping received 8192 bytes back
Round trip time was 3.42537 milliseconds in repetition 409
tcp_ping received 8192 bytes back
Round trip time was 8.93551 milliseconds in repetition 410
tcp_ping received 8192 bytes back
Round trip time was 3.72774 milliseconds in repetition 411
tcp_ping received 8192 bytes back
Round trip time was 3.63377 milliseconds in repetition 412
tcp_ping received 8192 bytes back
Round trip time was 4.80858 milliseconds in repetition 413
tcp_ping received 8192 bytes back
Round trip time was 3.4492 milliseconds in repetition 414
tcp_ping received 8192 bytes back
Round trip time was 10.2683 milliseconds in repetition 415
tcp_ping received 8192 bytes back
Round trip time was 4.16128 milliseconds in repetition 416
tcp_ping received 8192 bytes back
Round trip time was 5.66263 milliseconds in repetition 417
tcp_ping received 8192 bytes back
Round trip time was 2.83013 milliseconds in repetition 418
tcp_ping received 8192 bytes back
Round trip time was 3.37855 milliseconds in repetition 419
tcp_ping received 8192 bytes back
Round trip time was 3.86408 milliseconds in repetition 420
tcp_ping received 8192 bytes back
Round trip time was 3.80012 milliseconds in repetition 421
tcp_ping received 8192 bytes back
Round trip time was 3.44669 milliseconds in repetition 422
tcp_ping received 8192 bytes back
Round trip time was 3.56091 milliseconds in repetition 423
tcp_ping received 8192 bytes back
Round trip time was 10.1626 milliseconds in repetition 424
tcp_ping received 8192 bytes back
Round trip time was 3.17152 milliseconds in repetition 425
tcp_ping received 8192 bytes back
Round trip time was 3.32774 milliseconds in repetition 426
tcp_ping received 8192 bytes back
Round trip time was 3.57864 milliseconds in repetition 427
tcp_ping received 8192 bytes back
Round trip time was 4.12785 milliseconds in repetition 428
tcp_ping received 8192 bytes back
Round trip time was 7.29473 milliseconds in repetition 429
tcp_ping received 8192 bytes back
Round trip time was 6.78431 milliseconds in repetition 430
tcp_ping received 8192 bytes back
Round trip time was 3.41391 milliseconds in repetition 431
tcp_ping received 8192 bytes back
Round trip time was 4.42142 milliseconds in repetition 432
tcp_ping received 8192 bytes back
Round trip time was 3.47803 milliseconds in repetition 433
tcp_ping received 8192 bytes back
Round trip time was 3.02444 milliseconds in repetition 434
tcp_ping received 8192 bytes back
Round trip time was 4.19611 milliseconds in repetition 435
tcp_ping received 8192 bytes back
Round trip time was 2.97389 milliseconds in repetition 436
tcp_ping received 8192 bytes back
Round trip time was 3.46898 milliseconds in repetition 437
tcp_ping received 8192 bytes back
Round trip time was 3.72073 milliseconds in repetition 438
tcp_ping received 8192 bytes back
Round trip time was 3.82188 milliseconds in repetition 439
tcp_ping received 8192 bytes back
Round trip time was 6.84335 milliseconds in repetition 440
tcp_ping received 8192 bytes back
Round trip time was 3.31291 milliseconds in repetition 441
tcp_ping received 8192 bytes back
Round trip time was 3.00462 milliseconds in repetition 442
tcp_ping received 8192 bytes back
Round trip time was 4.22796 milliseconds in repetition 443
tcp_ping received 8192 bytes back
Round trip time was 3.39799 milliseconds in repetition 444
tcp_ping received 8192 bytes back
Round trip time was 3.49242 milliseconds in repetition 445
tcp_ping received 8192 bytes back
Round trip time was 3.12637 milliseconds in repetition 446
tcp_ping received 8192 bytes back
Round trip time was 3.76301 milliseconds in repetition 447
tcp_ping received 8192 bytes back
Round trip time was 6.68767 milliseconds in repetition 448
tcp_ping received 8192 bytes back
Round trip time was 3.75598 milliseconds in repetition 449
tcp_ping received 8192 bytes back
Round trip time was 2.83329 milliseconds in repetition 450
tcp_ping received 8192 bytes back
Round trip time was 3.53239 milliseconds in repetition 451
tcp_ping received 8192 bytes back
Round trip time was 3.97418 milliseconds in repetition 452
tcp_ping received 8192 bytes back
Round trip time was 5.92303 milliseconds in repetition 453
tcp_ping received 8192 bytes back
Round trip time was 3.54165 milliseconds in repetition 454
tcp_ping received 8192 bytes back
Round trip time was 3.52819 milliseconds in repetition 455
tcp_ping received 8192 bytes back
Round trip time was 5.74916 milliseconds in repetition 456
tcp_ping received 8192 bytes back
Round trip time was 10.6972 milliseconds in repetition 457
tcp_ping received 8192 bytes back
Round trip time was 3.16201 milliseconds in repetition 458
tcp_ping received 8192 bytes back
Round trip time was 8.4967 milliseconds in repetition 459
tcp_ping received 8192 bytes back
Round trip time was 3.26518 milliseconds in repetition 460
tcp_ping received 8192 bytes back
Round trip time was 3.24273 milliseconds in repetition 461
tcp_ping received 8192 bytes back
Round trip time was 4.41475 milliseconds in repetition 462
tcp_ping received 8192 bytes back
Round trip time was 3.30599 milliseconds in repetition 463
tcp_ping received 8192 bytes back
Round trip time was 3.26528 milliseconds in repetition 464
tcp_ping received 8192 bytes back
Round trip time was 10.3675 milliseconds in repetition 465
tcp_ping received 8192 bytes back
Round trip time was 3.66808 milliseconds in repetition 466
tcp_ping received 8192 bytes back
Round trip time was 3.19464 milliseconds in repetition 467
tcp_ping received 8192 bytes back
Round trip time was 8.56724 milliseconds in repetition 468
tcp_ping received 8192 bytes back
Round trip time was 3.42605 milliseconds in repetition 469
tcp_ping received 8192 bytes back
Round trip time was 2.99668 milliseconds in repetition 470
tcp_ping received 8192 bytes back
Round trip time was 3.31666 milliseconds in repetition 471
tcp_ping received 8192 bytes back
Round trip time was 5.4499 milliseconds in repetition 472
tcp_ping received 8192 bytes back
Round trip time was 3.19702 milliseconds in repetition 473
tcp_ping received 8192 bytes back
Round trip time was 9.64175 milliseconds in repetition 474
tcp_ping received 8192 bytes back
Round trip time was 3.21842 milliseconds in repetition 475
tcp_ping received 8192 bytes back
Round trip time was 3.32494 milliseconds in repetition 476
tcp_ping received 8192 bytes back
Round trip time was 3.40801 milliseconds in repetition 477
tcp_ping received 8192 bytes back
Round trip time was 3.726 milliseconds in repetition 478
tcp_ping received 8192 bytes back
Round trip time was 3.61139 milliseconds in repetition 479
tcp_ping received 8192 bytes back
Round trip time was 5.3946 milliseconds in repetition 480
tcp_ping received 8192 bytes back
Round trip time was 6.50179 milliseconds in repetition 481
tcp_ping received 8192 bytes back
Round trip time was 8.98996 milliseconds in repetition 482
tcp_ping received 8192 bytes back
Round trip time was 6.70907 milliseconds in repetition 483
tcp_ping received 8192 bytes back
Round trip time was 10.5914 milliseconds in repetition 484
tcp_ping received 8192 bytes back
Round trip time was 3.11903 milliseconds in repetition 485
tcp_ping received 8192 bytes back
Round trip time was 5.56668 milliseconds in repetition 486
tcp_ping received 8192 bytes back
Round trip time was 9.14377 milliseconds in repetition 487
tcp_ping received 8192 bytes back
Round trip time was 8.07909 milliseconds in repetition 488
tcp_ping received 8192 bytes back
Round trip time was 3.72686 milliseconds in repetition 489
tcp_ping received 8192 bytes back
Round trip time was 3.295 milliseconds in repetition 490
tcp_ping received 8192 bytes back
Round trip time was 4.78064 milliseconds in repetition 491
tcp_ping received 8192 bytes back
Round trip time was 3.16413 milliseconds in repetition 492
tcp_ping received 8192 bytes back
Round trip time was 9.75277 milliseconds in repetition 493
tcp_ping received 8192 bytes back
Round trip time was 12.2163 milliseconds in repetition 494
tcp_ping received 8192 bytes back
Round trip time was 3.84211 milliseconds in repetition 495
tcp_ping received 8192 bytes back
Round trip time was 8.42074 milliseconds in repetition 496
tcp_ping received 8192 bytes back
Round trip time was 3.43226 milliseconds in repetition 497
tcp_ping received 8192 bytes back
Round trip time was 3.10705 milliseconds in repetition 498
tcp_ping received 8192 bytes back
Round trip time was 8.78662 milliseconds in repetition 499
tcp_ping received 8192 bytes back
Round trip time was 3.50095 milliseconds in repetition 500
tcp_ping received 8192 bytes back
Round trip time was 3.15609 milliseconds in repetition 501

 ... clock resolution was 1e-06
TCP Ping:  Statistics over 501 repetitions of 8192 byte messages

RTT : percentile 10: 2.9207, median: 3.46825, percentile 90: 7.41981, average: 4.44265, variance: 10.3063

RTT histogram:
2.34399 239
2.61205 179
2.62396 36
2.64152 24
2.64999 17
2.65266 3
2.66855 1
2.67005 0
2.67696 0
2.68833 0
2.69245 0
2.69423 0
2.69953 0
2.70148 0
2.71354 0
2.71939 0
2.71943 0
2.71956 0
2.72447 1
2.72589 0
2.73358 1

   median Throughput : 4724 KB/s   overall Throughput : 3687.89 KB/s

