TCP Ping trying to connect to server webdev.disi.unige.it (130.251.61.30) on port 1491
 ... connected to Pong server: asking for 501 repetitions of 384 bytes TCP messages
 ... Pong server agreed :-)
tcp_ping received 384 bytes back
Round trip time was 4.39059 milliseconds in repetition 1
tcp_ping received 384 bytes back
Round trip time was 1.54612 milliseconds in repetition 2
tcp_ping received 384 bytes back
Round trip time was 1.84498 milliseconds in repetition 3
tcp_ping received 384 bytes back
Round trip time was 1.863 milliseconds in repetition 4
tcp_ping received 384 bytes back
Round trip time was 1.62674 milliseconds in repetition 5
tcp_ping received 384 bytes back
Round trip time was 1.60603 milliseconds in repetition 6
tcp_ping received 384 bytes back
Round trip time was 2.84653 milliseconds in repetition 7
tcp_ping received 384 bytes back
Round trip time was 1.7693 milliseconds in repetition 8
tcp_ping received 384 bytes back
Round trip time was 2.27441 milliseconds in repetition 9
tcp_ping received 384 bytes back
Round trip time was 2.39017 milliseconds in repetition 10
tcp_ping received 384 bytes back
Round trip time was 1.78416 milliseconds in repetition 11
tcp_ping received 384 bytes back
Round trip time was 1.52935 milliseconds in repetition 12
tcp_ping received 384 bytes back
Round trip time was 1.89616 milliseconds in repetition 13
tcp_ping received 384 bytes back
Round trip time was 1.58048 milliseconds in repetition 14
tcp_ping received 384 bytes back
Round trip time was 2.19332 milliseconds in repetition 15
tcp_ping received 384 bytes back
Round trip time was 2.44113 milliseconds in repetition 16
tcp_ping received 384 bytes back
Round trip time was 3.48534 milliseconds in repetition 17
tcp_ping received 384 bytes back
Round trip time was 1.91501 milliseconds in repetition 18
tcp_ping received 384 bytes back
Round trip time was 1.60365 milliseconds in repetition 19
tcp_ping received 384 bytes back
Round trip time was 2.38565 milliseconds in repetition 20
tcp_ping received 384 bytes back
Round trip time was 1.60414 milliseconds in repetition 21
tcp_ping received 384 bytes back
Round trip time was 1.7659 milliseconds in repetition 22
tcp_ping received 384 bytes back
Round trip time was 2.1302 milliseconds in repetition 23
tcp_ping received 384 bytes back
Round trip time was 1.64112 milliseconds in repetition 24
tcp_ping received 384 bytes back
Round trip time was 2.20137 milliseconds in repetition 25
tcp_ping received 384 bytes back
Round trip time was 1.845 milliseconds in repetition 26
tcp_ping received 384 bytes back
Round trip time was 1.56466 milliseconds in repetition 27
tcp_ping received 384 bytes back
Round trip time was 1.79744 milliseconds in repetition 28
tcp_ping received 384 bytes back
Round trip time was 1.81979 milliseconds in repetition 29
tcp_ping received 384 bytes back
Round trip time was 1.79426 milliseconds in repetition 30
tcp_ping received 384 bytes back
Round trip time was 1.98842 milliseconds in repetition 31
tcp_ping received 384 bytes back
Round trip time was 1.5892 milliseconds in repetition 32
tcp_ping received 384 bytes back
Round trip time was 1.97452 milliseconds in repetition 33
tcp_ping received 384 bytes back
Round trip time was 1.44801 milliseconds in repetition 34
tcp_ping received 384 bytes back
Round trip time was 1.15592 milliseconds in repetition 35
tcp_ping received 384 bytes back
Round trip time was 1.42083 milliseconds in repetition 36
tcp_ping received 384 bytes back
Round trip time was 1.21316 milliseconds in repetition 37
tcp_ping received 384 bytes back
Round trip time was 1.18328 milliseconds in repetition 38
tcp_ping received 384 bytes back
Round trip time was 1.52176 milliseconds in repetition 39
tcp_ping received 384 bytes back
Round trip time was 1.19536 milliseconds in repetition 40
tcp_ping received 384 bytes back
Round trip time was 1.56632 milliseconds in repetition 41
tcp_ping received 384 bytes back
Round trip time was 1.14609 milliseconds in repetition 42
tcp_ping received 384 bytes back
Round trip time was 1.20869 milliseconds in repetition 43
tcp_ping received 384 bytes back
Round trip time was 1.12971 milliseconds in repetition 44
tcp_ping received 384 bytes back
Round trip time was 3.61484 milliseconds in repetition 45
tcp_ping received 384 bytes back
Round trip time was 2.11421 milliseconds in repetition 46
tcp_ping received 384 bytes back
Round trip time was 1.20318 milliseconds in repetition 47
tcp_ping received 384 bytes back
Round trip time was 1.27894 milliseconds in repetition 48
tcp_ping received 384 bytes back
Round trip time was 1.05157 milliseconds in repetition 49
tcp_ping received 384 bytes back
Round trip time was 1.12379 milliseconds in repetition 50
tcp_ping received 384 bytes back
Round trip time was 1.28225 milliseconds in repetition 51
tcp_ping received 384 bytes back
Round trip time was 1.32332 milliseconds in repetition 52
tcp_ping received 384 bytes back
Round trip time was 1.03208 milliseconds in repetition 53
tcp_ping received 384 bytes back
Round trip time was 2.74709 milliseconds in repetition 54
tcp_ping received 384 bytes back
Round trip time was 1.37511 milliseconds in repetition 55
tcp_ping received 384 bytes back
Round trip time was 1.66003 milliseconds in repetition 56
tcp_ping received 384 bytes back
Round trip time was 1.05301 milliseconds in repetition 57
tcp_ping received 384 bytes back
Round trip time was 1.11546 milliseconds in repetition 58
tcp_ping received 384 bytes back
Round trip time was 1.13712 milliseconds in repetition 59
tcp_ping received 384 bytes back
Round trip time was 1.74668 milliseconds in repetition 60
tcp_ping received 384 bytes back
Round trip time was 1.20959 milliseconds in repetition 61
tcp_ping received 384 bytes back
Round trip time was 1.11504 milliseconds in repetition 62
tcp_ping received 384 bytes back
Round trip time was 1.21196 milliseconds in repetition 63
tcp_ping received 384 bytes back
Round trip time was 3.88553 milliseconds in repetition 64
tcp_ping received 384 bytes back
Round trip time was 1.50422 milliseconds in repetition 65
tcp_ping received 384 bytes back
Round trip time was 1.22916 milliseconds in repetition 66
tcp_ping received 384 bytes back
Round trip time was 2.14026 milliseconds in repetition 67
tcp_ping received 384 bytes back
Round trip time was 1.29461 milliseconds in repetition 68
tcp_ping received 384 bytes back
Round trip time was 1.91624 milliseconds in repetition 69
tcp_ping received 384 bytes back
Round trip time was 1.25995 milliseconds in repetition 70
tcp_ping received 384 bytes back
Round trip time was 1.4579 milliseconds in repetition 71
tcp_ping received 384 bytes back
Round trip time was 1.14825 milliseconds in repetition 72
tcp_ping received 384 bytes back
Round trip time was 1.17745 milliseconds in repetition 73
tcp_ping received 384 bytes back
Round trip time was 1.13236 milliseconds in repetition 74
tcp_ping received 384 bytes back
Round trip time was 1.32947 milliseconds in repetition 75
tcp_ping received 384 bytes back
Round trip time was 1.38205 milliseconds in repetition 76
tcp_ping received 384 bytes back
Round trip time was 1.32048 milliseconds in repetition 77
tcp_ping received 384 bytes back
Round trip time was 1.27933 milliseconds in repetition 78
tcp_ping received 384 bytes back
Round trip time was 1.19985 milliseconds in repetition 79
tcp_ping received 384 bytes back
Round trip time was 2.2241 milliseconds in repetition 80
tcp_ping received 384 bytes back
Round trip time was 1.28613 milliseconds in repetition 81
tcp_ping received 384 bytes back
Round trip time was 1.33397 milliseconds in repetition 82
tcp_ping received 384 bytes back
Round trip time was 1.66462 milliseconds in repetition 83
tcp_ping received 384 bytes back
Round trip time was 1.1551 milliseconds in repetition 84
tcp_ping received 384 bytes back
Round trip time was 1.25758 milliseconds in repetition 85
tcp_ping received 384 bytes back
Round trip time was 1.23646 milliseconds in repetition 86
tcp_ping received 384 bytes back
Round trip time was 1.13237 milliseconds in repetition 87
tcp_ping received 384 bytes back
Round trip time was 1.46323 milliseconds in repetition 88
tcp_ping received 384 bytes back
Round trip time was 1.94221 milliseconds in repetition 89
tcp_ping received 384 bytes back
Round trip time was 1.52362 milliseconds in repetition 90
tcp_ping received 384 bytes back
Round trip time was 1.50393 milliseconds in repetition 91
tcp_ping received 384 bytes back
Round trip time was 1.19819 milliseconds in repetition 92
tcp_ping received 384 bytes back
Round trip time was 1.334 milliseconds in repetition 93
tcp_ping received 384 bytes back
Round trip time was 1.54863 milliseconds in repetition 94
tcp_ping received 384 bytes back
Round trip time was 1.52396 milliseconds in repetition 95
tcp_ping received 384 bytes back
Round trip time was 1.46057 milliseconds in repetition 96
tcp_ping received 384 bytes back
Round trip time was 1.47811 milliseconds in repetition 97
tcp_ping received 384 bytes back
Round trip time was 1.12516 milliseconds in repetition 98
tcp_ping received 384 bytes back
Round trip time was 1.248 milliseconds in repetition 99
tcp_ping received 384 bytes back
Round trip time was 1.30996 milliseconds in repetition 100
tcp_ping received 384 bytes back
Round trip time was 1.22612 milliseconds in repetition 101
tcp_ping received 384 bytes back
Round trip time was 1.15887 milliseconds in repetition 102
tcp_ping received 384 bytes back
Round trip time was 1.164 milliseconds in repetition 103
tcp_ping received 384 bytes back
Round trip time was 1.34335 milliseconds in repetition 104
tcp_ping received 384 bytes back
Round trip time was 1.21885 milliseconds in repetition 105
tcp_ping received 384 bytes back
Round trip time was 1.09487 milliseconds in repetition 106
tcp_ping received 384 bytes back
Round trip time was 1.20185 milliseconds in repetition 107
tcp_ping received 384 bytes back
Round trip time was 1.25548 milliseconds in repetition 108
tcp_ping received 384 bytes back
Round trip time was 1.18222 milliseconds in repetition 109
tcp_ping received 384 bytes back
Round trip time was 1.17656 milliseconds in repetition 110
tcp_ping received 384 bytes back
Round trip time was 1.15833 milliseconds in repetition 111
tcp_ping received 384 bytes back
Round trip time was 2.45515 milliseconds in repetition 112
tcp_ping received 384 bytes back
Round trip time was 1.37997 milliseconds in repetition 113
tcp_ping received 384 bytes back
Round trip time was 1.50768 milliseconds in repetition 114
tcp_ping received 384 bytes back
Round trip time was 1.21271 milliseconds in repetition 115
tcp_ping received 384 bytes back
Round trip time was 1.34078 milliseconds in repetition 116
tcp_ping received 384 bytes back
Round trip time was 1.20295 milliseconds in repetition 117
tcp_ping received 384 bytes back
Round trip time was 1.0614 milliseconds in repetition 118
tcp_ping received 384 bytes back
Round trip time was 1.07169 milliseconds in repetition 119
tcp_ping received 384 bytes back
Round trip time was 1.21147 milliseconds in repetition 120
tcp_ping received 384 bytes back
Round trip time was 1.95322 milliseconds in repetition 121
tcp_ping received 384 bytes back
Round trip time was 1.19924 milliseconds in repetition 122
tcp_ping received 384 bytes back
Round trip time was 1.29802 milliseconds in repetition 123
tcp_ping received 384 bytes back
Round trip time was 1.64448 milliseconds in repetition 124
tcp_ping received 384 bytes back
Round trip time was 1.04986 milliseconds in repetition 125
tcp_ping received 384 bytes back
Round trip time was 2.11266 milliseconds in repetition 126
tcp_ping received 384 bytes back
Round trip time was 2.98406 milliseconds in repetition 127
tcp_ping received 384 bytes back
Round trip time was 1.05733 milliseconds in repetition 128
tcp_ping received 384 bytes back
Round trip time was 0.967519 milliseconds in repetition 129
tcp_ping received 384 bytes back
Round trip time was 1.02007 milliseconds in repetition 130
tcp_ping received 384 bytes back
Round trip time was 0.961801 milliseconds in repetition 131
tcp_ping received 384 bytes back
Round trip time was 1.03767 milliseconds in repetition 132
tcp_ping received 384 bytes back
Round trip time was 0.978146 milliseconds in repetition 133
tcp_ping received 384 bytes back
Round trip time was 1.01009 milliseconds in repetition 134
tcp_ping received 384 bytes back
Round trip time was 0.94763 milliseconds in repetition 135
tcp_ping received 384 bytes back
Round trip time was 0.987986 milliseconds in repetition 136
tcp_ping received 384 bytes back
Round trip time was 1.03714 milliseconds in repetition 137
tcp_ping received 384 bytes back
Round trip time was 1.01771 milliseconds in repetition 138
tcp_ping received 384 bytes back
Round trip time was 0.991326 milliseconds in repetition 139
tcp_ping received 384 bytes back
Round trip time was 1.01557 milliseconds in repetition 140
tcp_ping received 384 bytes back
Round trip time was 1.18826 milliseconds in repetition 141
tcp_ping received 384 bytes back
Round trip time was 1.07202 milliseconds in repetition 142
tcp_ping received 384 bytes back
Round trip time was 1.01383 milliseconds in repetition 143
tcp_ping received 384 bytes back
Round trip time was 0.998716 milliseconds in repetition 144
tcp_ping received 384 bytes back
Round trip time was 0.977907 milliseconds in repetition 145
tcp_ping received 384 bytes back
Round trip time was 0.934127 milliseconds in repetition 146
tcp_ping received 384 bytes back
Round trip time was 0.934175 milliseconds in repetition 147
tcp_ping received 384 bytes back
Round trip time was 0.917939 milliseconds in repetition 148
tcp_ping received 384 bytes back
Round trip time was 0.928701 milliseconds in repetition 149
tcp_ping received 384 bytes back
Round trip time was 0.966085 milliseconds in repetition 150
tcp_ping received 384 bytes back
Round trip time was 0.986348 milliseconds in repetition 151
tcp_ping received 384 bytes back
Round trip time was 0.918475 milliseconds in repetition 152
tcp_ping received 384 bytes back
Round trip time was 1.27459 milliseconds in repetition 153
tcp_ping received 384 bytes back
Round trip time was 0.994947 milliseconds in repetition 154
tcp_ping received 384 bytes back
Round trip time was 0.993386 milliseconds in repetition 155
tcp_ping received 384 bytes back
Round trip time was 0.927735 milliseconds in repetition 156
tcp_ping received 384 bytes back
Round trip time was 0.941448 milliseconds in repetition 157
tcp_ping received 384 bytes back
Round trip time was 0.930245 milliseconds in repetition 158
tcp_ping received 384 bytes back
Round trip time was 0.928894 milliseconds in repetition 159
tcp_ping received 384 bytes back
Round trip time was 0.939012 milliseconds in repetition 160
tcp_ping received 384 bytes back
Round trip time was 0.935007 milliseconds in repetition 161
tcp_ping received 384 bytes back
Round trip time was 0.985334 milliseconds in repetition 162
tcp_ping received 384 bytes back
Round trip time was 0.929725 milliseconds in repetition 163
tcp_ping received 384 bytes back
Round trip time was 0.979925 milliseconds in repetition 164
tcp_ping received 384 bytes back
Round trip time was 1.16441 milliseconds in repetition 165
tcp_ping received 384 bytes back
Round trip time was 1.01098 milliseconds in repetition 166
tcp_ping received 384 bytes back
Round trip time was 0.963597 milliseconds in repetition 167
tcp_ping received 384 bytes back
Round trip time was 1.40123 milliseconds in repetition 168
tcp_ping received 384 bytes back
Round trip time was 0.981897 milliseconds in repetition 169
tcp_ping received 384 bytes back
Round trip time was 0.94489 milliseconds in repetition 170
tcp_ping received 384 bytes back
Round trip time was 0.969628 milliseconds in repetition 171
tcp_ping received 384 bytes back
Round trip time was 0.960422 milliseconds in repetition 172
tcp_ping received 384 bytes back
Round trip time was 0.948006 milliseconds in repetition 173
tcp_ping received 384 bytes back
Round trip time was 0.980316 milliseconds in repetition 174
tcp_ping received 384 bytes back
Round trip time was 1.06849 milliseconds in repetition 175
tcp_ping received 384 bytes back
Round trip time was 1.11759 milliseconds in repetition 176
tcp_ping received 384 bytes back
Round trip time was 1.10146 milliseconds in repetition 177
tcp_ping received 384 bytes back
Round trip time was 1.0761 milliseconds in repetition 178
tcp_ping received 384 bytes back
Round trip time was 1.04291 milliseconds in repetition 179
tcp_ping received 384 bytes back
Round trip time was 0.940894 milliseconds in repetition 180
tcp_ping received 384 bytes back
Round trip time was 0.967193 milliseconds in repetition 181
tcp_ping received 384 bytes back
Round trip time was 0.957149 milliseconds in repetition 182
tcp_ping received 384 bytes back
Round trip time was 2.04701 milliseconds in repetition 183
tcp_ping received 384 bytes back
Round trip time was 0.987417 milliseconds in repetition 184
tcp_ping received 384 bytes back
Round trip time was 0.95684 milliseconds in repetition 185
tcp_ping received 384 bytes back
Round trip time was 1.14781 milliseconds in repetition 186
tcp_ping received 384 bytes back
Round trip time was 0.941378 milliseconds in repetition 187
tcp_ping received 384 bytes back
Round trip time was 1.24145 milliseconds in repetition 188
tcp_ping received 384 bytes back
Round trip time was 0.976762 milliseconds in repetition 189
tcp_ping received 384 bytes back
Round trip time was 0.949687 milliseconds in repetition 190
tcp_ping received 384 bytes back
Round trip time was 0.953546 milliseconds in repetition 191
tcp_ping received 384 bytes back
Round trip time was 0.937657 milliseconds in repetition 192
tcp_ping received 384 bytes back
Round trip time was 0.96121 milliseconds in repetition 193
tcp_ping received 384 bytes back
Round trip time was 1.0135 milliseconds in repetition 194
tcp_ping received 384 bytes back
Round trip time was 1.43095 milliseconds in repetition 195
tcp_ping received 384 bytes back
Round trip time was 0.967699 milliseconds in repetition 196
tcp_ping received 384 bytes back
Round trip time was 1.01377 milliseconds in repetition 197
tcp_ping received 384 bytes back
Round trip time was 1.0266 milliseconds in repetition 198
tcp_ping received 384 bytes back
Round trip time was 0.98672 milliseconds in repetition 199
tcp_ping received 384 bytes back
Round trip time was 1.10984 milliseconds in repetition 200
tcp_ping received 384 bytes back
Round trip time was 0.958967 milliseconds in repetition 201
tcp_ping received 384 bytes back
Round trip time was 0.964367 milliseconds in repetition 202
tcp_ping received 384 bytes back
Round trip time was 0.96342 milliseconds in repetition 203
tcp_ping received 384 bytes back
Round trip time was 0.926458 milliseconds in repetition 204
tcp_ping received 384 bytes back
Round trip time was 12.724 milliseconds in repetition 205
tcp_ping received 384 bytes back
Round trip time was 2.34142 milliseconds in repetition 206
tcp_ping received 384 bytes back
Round trip time was 1.18399 milliseconds in repetition 207
tcp_ping received 384 bytes back
Round trip time was 3.20441 milliseconds in repetition 208
tcp_ping received 384 bytes back
Round trip time was 1.442 milliseconds in repetition 209
tcp_ping received 384 bytes back
Round trip time was 1.44871 milliseconds in repetition 210
tcp_ping received 384 bytes back
Round trip time was 2.37826 milliseconds in repetition 211
tcp_ping received 384 bytes back
Round trip time was 2.32774 milliseconds in repetition 212
tcp_ping received 384 bytes back
Round trip time was 1.25157 milliseconds in repetition 213
tcp_ping received 384 bytes back
Round trip time was 1.85086 milliseconds in repetition 214
tcp_ping received 384 bytes back
Round trip time was 2.1078 milliseconds in repetition 215
tcp_ping received 384 bytes back
Round trip time was 2.47696 milliseconds in repetition 216
tcp_ping received 384 bytes back
Round trip time was 1.08549 milliseconds in repetition 217
tcp_ping received 384 bytes back
Round trip time was 1.3458 milliseconds in repetition 218
tcp_ping received 384 bytes back
Round trip time was 1.17523 milliseconds in repetition 219
tcp_ping received 384 bytes back
Round trip time was 1.72681 milliseconds in repetition 220
tcp_ping received 384 bytes back
Round trip time was 3.19572 milliseconds in repetition 221
tcp_ping received 384 bytes back
Round trip time was 1.02537 milliseconds in repetition 222
tcp_ping received 384 bytes back
Round trip time was 1.07015 milliseconds in repetition 223
tcp_ping received 384 bytes back
Round trip time was 1.77075 milliseconds in repetition 224
tcp_ping received 384 bytes back
Round trip time was 2.78525 milliseconds in repetition 225
tcp_ping received 384 bytes back
Round trip time was 1.52179 milliseconds in repetition 226
tcp_ping received 384 bytes back
Round trip time was 1.83303 milliseconds in repetition 227
tcp_ping received 384 bytes back
Round trip time was 1.88659 milliseconds in repetition 228
tcp_ping received 384 bytes back
Round trip time was 3.82418 milliseconds in repetition 229
tcp_ping received 384 bytes back
Round trip time was 1.06508 milliseconds in repetition 230
tcp_ping received 384 bytes back
Round trip time was 1.0807 milliseconds in repetition 231
tcp_ping received 384 bytes back
Round trip time was 0.830604 milliseconds in repetition 232
tcp_ping received 384 bytes back
Round trip time was 1.59655 milliseconds in repetition 233
tcp_ping received 384 bytes back
Round trip time was 2.76744 milliseconds in repetition 234
tcp_ping received 384 bytes back
Round trip time was 1.0856 milliseconds in repetition 235
tcp_ping received 384 bytes back
Round trip time was 1.91741 milliseconds in repetition 236
tcp_ping received 384 bytes back
Round trip time was 1.91188 milliseconds in repetition 237
tcp_ping received 384 bytes back
Round trip time was 3.67756 milliseconds in repetition 238
tcp_ping received 384 bytes back
Round trip time was 1.43046 milliseconds in repetition 239
tcp_ping received 384 bytes back
Round trip time was 1.00535 milliseconds in repetition 240
tcp_ping received 384 bytes back
Round trip time was 1.80257 milliseconds in repetition 241
tcp_ping received 384 bytes back
Round trip time was 2.76016 milliseconds in repetition 242
tcp_ping received 384 bytes back
Round trip time was 1.08604 milliseconds in repetition 243
tcp_ping received 384 bytes back
Round trip time was 1.65117 milliseconds in repetition 244
tcp_ping received 384 bytes back
Round trip time was 1.69415 milliseconds in repetition 245
tcp_ping received 384 bytes back
Round trip time was 3.014 milliseconds in repetition 246
tcp_ping received 384 bytes back
Round trip time was 1.36059 milliseconds in repetition 247
tcp_ping received 384 bytes back
Round trip time was 1.1458 milliseconds in repetition 248
tcp_ping received 384 bytes back
Round trip time was 2.2621 milliseconds in repetition 249
tcp_ping received 384 bytes back
Round trip time was 3.83506 milliseconds in repetition 250
tcp_ping received 384 bytes back
Round trip time was 1.32283 milliseconds in repetition 251
tcp_ping received 384 bytes back
Round trip time was 2.30905 milliseconds in repetition 252
tcp_ping received 384 bytes back
Round trip time was 1.12562 milliseconds in repetition 253
tcp_ping received 384 bytes back
Round trip time was 2.9916 milliseconds in repetition 254
tcp_ping received 384 bytes back
Round trip time was 1.81332 milliseconds in repetition 255
tcp_ping received 384 bytes back
Round trip time was 2.06486 milliseconds in repetition 256
tcp_ping received 384 bytes back
Round trip time was 1.10762 milliseconds in repetition 257
tcp_ping received 384 bytes back
Round trip time was 3.35576 milliseconds in repetition 258
tcp_ping received 384 bytes back
Round trip time was 1.38453 milliseconds in repetition 259
tcp_ping received 384 bytes back
Round trip time was 3.24352 milliseconds in repetition 260
tcp_ping received 384 bytes back
Round trip time was 1.48275 milliseconds in repetition 261
tcp_ping received 384 bytes back
Round trip time was 1.14309 milliseconds in repetition 262
tcp_ping received 384 bytes back
Round trip time was 2.45221 milliseconds in repetition 263
tcp_ping received 384 bytes back
Round trip time was 1.11711 milliseconds in repetition 264
tcp_ping received 384 bytes back
Round trip time was 1.283 milliseconds in repetition 265
tcp_ping received 384 bytes back
Round trip time was 1.23817 milliseconds in repetition 266
tcp_ping received 384 bytes back
Round trip time was 1.06383 milliseconds in repetition 267
tcp_ping received 384 bytes back
Round trip time was 1.90614 milliseconds in repetition 268
tcp_ping received 384 bytes back
Round trip time was 1.65474 milliseconds in repetition 269
tcp_ping received 384 bytes back
Round trip time was 2.55352 milliseconds in repetition 270
tcp_ping received 384 bytes back
Round trip time was 1.18178 milliseconds in repetition 271
tcp_ping received 384 bytes back
Round trip time was 1.1781 milliseconds in repetition 272
tcp_ping received 384 bytes back
Round trip time was 1.30988 milliseconds in repetition 273
tcp_ping received 384 bytes back
Round trip time was 1.42556 milliseconds in repetition 274
tcp_ping received 384 bytes back
Round trip time was 1.41713 milliseconds in repetition 275
tcp_ping received 384 bytes back
Round trip time was 1.91305 milliseconds in repetition 276
tcp_ping received 384 bytes back
Round trip time was 1.48827 milliseconds in repetition 277
tcp_ping received 384 bytes back
Round trip time was 1.23148 milliseconds in repetition 278
tcp_ping received 384 bytes back
Round trip time was 1.12191 milliseconds in repetition 279
tcp_ping received 384 bytes back
Round trip time was 3.72696 milliseconds in repetition 280
tcp_ping received 384 bytes back
Round trip time was 1.19927 milliseconds in repetition 281
tcp_ping received 384 bytes back
Round trip time was 1.24423 milliseconds in repetition 282
tcp_ping received 384 bytes back
Round trip time was 1.16502 milliseconds in repetition 283
tcp_ping received 384 bytes back
Round trip time was 3.3817 milliseconds in repetition 284
tcp_ping received 384 bytes back
Round trip time was 1.55602 milliseconds in repetition 285
tcp_ping received 384 bytes back
Round trip time was 1.66354 milliseconds in repetition 286
tcp_ping received 384 bytes back
Round trip time was 1.10742 milliseconds in repetition 287
tcp_ping received 384 bytes back
Round trip time was 1.1342 milliseconds in repetition 288
tcp_ping received 384 bytes back
Round trip time was 1.45187 milliseconds in repetition 289
tcp_ping received 384 bytes back
Round trip time was 2.41656 milliseconds in repetition 290
tcp_ping received 384 bytes back
Round trip time was 1.35684 milliseconds in repetition 291
tcp_ping received 384 bytes back
Round trip time was 1.16071 milliseconds in repetition 292
tcp_ping received 384 bytes back
Round trip time was 1.25043 milliseconds in repetition 293
tcp_ping received 384 bytes back
Round trip time was 1.57759 milliseconds in repetition 294
tcp_ping received 384 bytes back
Round trip time was 2.6525 milliseconds in repetition 295
tcp_ping received 384 bytes back
Round trip time was 1.1104 milliseconds in repetition 296
tcp_ping received 384 bytes back
Round trip time was 1.21591 milliseconds in repetition 297
tcp_ping received 384 bytes back
Round trip time was 1.1427 milliseconds in repetition 298
tcp_ping received 384 bytes back
Round trip time was 5.53634 milliseconds in repetition 299
tcp_ping received 384 bytes back
Round trip time was 1.7679 milliseconds in repetition 300
tcp_ping received 384 bytes back
Round trip time was 2.64641 milliseconds in repetition 301
tcp_ping received 384 bytes back
Round trip time was 3.4612 milliseconds in repetition 302
tcp_ping received 384 bytes back
Round trip time was 1.25012 milliseconds in repetition 303
tcp_ping received 384 bytes back
Round trip time was 1.04295 milliseconds in repetition 304
tcp_ping received 384 bytes back
Round trip time was 1.27034 milliseconds in repetition 305
tcp_ping received 384 bytes back
Round trip time was 3.91687 milliseconds in repetition 306
tcp_ping received 384 bytes back
Round trip time was 1.05384 milliseconds in repetition 307
tcp_ping received 384 bytes back
Round trip time was 1.30882 milliseconds in repetition 308
tcp_ping received 384 bytes back
Round trip time was 2.65099 milliseconds in repetition 309
tcp_ping received 384 bytes back
Round trip time was 2.99816 milliseconds in repetition 310
tcp_ping received 384 bytes back
Round trip time was 1.55141 milliseconds in repetition 311
tcp_ping received 384 bytes back
Round trip time was 1.30889 milliseconds in repetition 312
tcp_ping received 384 bytes back
Round trip time was 1.70343 milliseconds in repetition 313
tcp_ping received 384 bytes back
Round trip time was 1.75402 milliseconds in repetition 314
tcp_ping received 384 bytes back
Round trip time was 2.64867 milliseconds in repetition 315
tcp_ping received 384 bytes back
Round trip time was 1.13426 milliseconds in repetition 316
tcp_ping received 384 bytes back
Round trip time was 1.91603 milliseconds in repetition 317
tcp_ping received 384 bytes back
Round trip time was 1.08452 milliseconds in repetition 318
tcp_ping received 384 bytes back
Round trip time was 1.11065 milliseconds in repetition 319
tcp_ping received 384 bytes back
Round trip time was 1.1195 milliseconds in repetition 320
tcp_ping received 384 bytes back
Round trip time was 1.51136 milliseconds in repetition 321
tcp_ping received 384 bytes back
Round trip time was 1.29265 milliseconds in repetition 322
tcp_ping received 384 bytes back
Round trip time was 1.41358 milliseconds in repetition 323
tcp_ping received 384 bytes back
Round trip time was 1.97155 milliseconds in repetition 324
tcp_ping received 384 bytes back
Round trip time was 1.10754 milliseconds in repetition 325
tcp_ping received 384 bytes back
Round trip time was 1.29463 milliseconds in repetition 326
tcp_ping received 384 bytes back
Round trip time was 1.41083 milliseconds in repetition 327
tcp_ping received 384 bytes back
Round trip time was 2.25333 milliseconds in repetition 328
tcp_ping received 384 bytes back
Round trip time was 1.18443 milliseconds in repetition 329
tcp_ping received 384 bytes back
Round trip time was 0.974325 milliseconds in repetition 330
tcp_ping received 384 bytes back
Round trip time was 2.7241 milliseconds in repetition 331
tcp_ping received 384 bytes back
Round trip time was 1.26018 milliseconds in repetition 332
tcp_ping received 384 bytes back
Round trip time was 2.69997 milliseconds in repetition 333
tcp_ping received 384 bytes back
Round trip time was 1.43267 milliseconds in repetition 334
tcp_ping received 384 bytes back
Round trip time was 1.30935 milliseconds in repetition 335
tcp_ping received 384 bytes back
Round trip time was 1.31946 milliseconds in repetition 336
tcp_ping received 384 bytes back
Round trip time was 1.12454 milliseconds in repetition 337
tcp_ping received 384 bytes back
Round trip time was 2.66143 milliseconds in repetition 338
tcp_ping received 384 bytes back
Round trip time was 1.14735 milliseconds in repetition 339
tcp_ping received 384 bytes back
Round trip time was 1.04421 milliseconds in repetition 340
tcp_ping received 384 bytes back
Round trip time was 1.0702 milliseconds in repetition 341
tcp_ping received 384 bytes back
Round trip time was 1.12174 milliseconds in repetition 342
tcp_ping received 384 bytes back
Round trip time was 2.41859 milliseconds in repetition 343
tcp_ping received 384 bytes back
Round trip time was 1.63369 milliseconds in repetition 344
tcp_ping received 384 bytes back
Round trip time was 1.30347 milliseconds in repetition 345
tcp_ping received 384 bytes back
Round trip time was 1.12233 milliseconds in repetition 346
tcp_ping received 384 bytes back
Round trip time was 0.929997 milliseconds in repetition 347
tcp_ping received 384 bytes back
Round trip time was 1.12711 milliseconds in repetition 348
tcp_ping received 384 bytes back
Round trip time was 2.83437 milliseconds in repetition 349
tcp_ping received 384 bytes back
Round trip time was 1.31292 milliseconds in repetition 350
tcp_ping received 384 bytes back
Round trip time was 1.11955 milliseconds in repetition 351
tcp_ping received 384 bytes back
Round trip time was 1.36319 milliseconds in repetition 352
tcp_ping received 384 bytes back
Round trip time was 1.31309 milliseconds in repetition 353
tcp_ping received 384 bytes back
Round trip time was 1.64752 milliseconds in repetition 354
tcp_ping received 384 bytes back
Round trip time was 1.26983 milliseconds in repetition 355
tcp_ping received 384 bytes back
Round trip time was 1.92279 milliseconds in repetition 356
tcp_ping received 384 bytes back
Round trip time was 1.08312 milliseconds in repetition 357
tcp_ping received 384 bytes back
Round trip time was 1.12291 milliseconds in repetition 358
tcp_ping received 384 bytes back
Round trip time was 1.80157 milliseconds in repetition 359
tcp_ping received 384 bytes back
Round trip time was 1.59663 milliseconds in repetition 360
tcp_ping received 384 bytes back
Round trip time was 1.07185 milliseconds in repetition 361
tcp_ping received 384 bytes back
Round trip time was 1.20495 milliseconds in repetition 362
tcp_ping received 384 bytes back
Round trip time was 1.54889 milliseconds in repetition 363
tcp_ping received 384 bytes back
Round trip time was 1.30615 milliseconds in repetition 364
tcp_ping received 384 bytes back
Round trip time was 4.85029 milliseconds in repetition 365
tcp_ping received 384 bytes back
Round trip time was 1.89206 milliseconds in repetition 366
tcp_ping received 384 bytes back
Round trip time was 1.18928 milliseconds in repetition 367
tcp_ping received 384 bytes back
Round trip time was 1.98721 milliseconds in repetition 368
tcp_ping received 384 bytes back
Round trip time was 3.04648 milliseconds in repetition 369
tcp_ping received 384 bytes back
Round trip time was 1.44112 milliseconds in repetition 370
tcp_ping received 384 bytes back
Round trip time was 1.43989 milliseconds in repetition 371
tcp_ping received 384 bytes back
Round trip time was 1.56581 milliseconds in repetition 372
tcp_ping received 384 bytes back
Round trip time was 2.27229 milliseconds in repetition 373
tcp_ping received 384 bytes back
Round trip time was 1.5221 milliseconds in repetition 374
tcp_ping received 384 bytes back
Round trip time was 1.5711 milliseconds in repetition 375
tcp_ping received 384 bytes back
Round trip time was 2.42121 milliseconds in repetition 376
tcp_ping received 384 bytes back
Round trip time was 1.25162 milliseconds in repetition 377
tcp_ping received 384 bytes back
Round trip time was 1.18812 milliseconds in repetition 378
tcp_ping received 384 bytes back
Round trip time was 0.962188 milliseconds in repetition 379
tcp_ping received 384 bytes back
Round trip time was 1.61989 milliseconds in repetition 380
tcp_ping received 384 bytes back
Round trip time was 1.3282 milliseconds in repetition 381
tcp_ping received 384 bytes back
Round trip time was 2.56151 milliseconds in repetition 382
tcp_ping received 384 bytes back
Round trip time was 1.54757 milliseconds in repetition 383
tcp_ping received 384 bytes back
Round trip time was 1.81438 milliseconds in repetition 384
tcp_ping received 384 bytes back
Round trip time was 1.84798 milliseconds in repetition 385
tcp_ping received 384 bytes back
Round trip time was 2.64963 milliseconds in repetition 386
tcp_ping received 384 bytes back
Round trip time was 1.38805 milliseconds in repetition 387
tcp_ping received 384 bytes back
Round trip time was 1.21754 milliseconds in repetition 388
tcp_ping received 384 bytes back
Round trip time was 1.24886 milliseconds in repetition 389
tcp_ping received 384 bytes back
Round trip time was 1.68548 milliseconds in repetition 390
tcp_ping received 384 bytes back
Round trip time was 1.64018 milliseconds in repetition 391
tcp_ping received 384 bytes back
Round trip time was 0.866791 milliseconds in repetition 392
tcp_ping received 384 bytes back
Round trip time was 1.24339 milliseconds in repetition 393
tcp_ping received 384 bytes back
Round trip time was 1.38656 milliseconds in repetition 394
tcp_ping received 384 bytes back
Round trip time was 1.15694 milliseconds in repetition 395
tcp_ping received 384 bytes back
Round trip time was 2.27402 milliseconds in repetition 396
tcp_ping received 384 bytes back
Round trip time was 2.00161 milliseconds in repetition 397
tcp_ping received 384 bytes back
Round trip time was 2.19653 milliseconds in repetition 398
tcp_ping received 384 bytes back
Round trip time was 1.44516 milliseconds in repetition 399
tcp_ping received 384 bytes back
Round trip time was 1.15084 milliseconds in repetition 400
tcp_ping received 384 bytes back
Round trip time was 1.32476 milliseconds in repetition 401
tcp_ping received 384 bytes back
Round trip time was 1.40643 milliseconds in repetition 402
tcp_ping received 384 bytes back
Round trip time was 1.20235 milliseconds in repetition 403
tcp_ping received 384 bytes back
Round trip time was 1.42907 milliseconds in repetition 404
tcp_ping received 384 bytes back
Round trip time was 1.43001 milliseconds in repetition 405
tcp_ping received 384 bytes back
Round trip time was 2.5414 milliseconds in repetition 406
tcp_ping received 384 bytes back
Round trip time was 2.17612 milliseconds in repetition 407
tcp_ping received 384 bytes back
Round trip time was 1.21125 milliseconds in repetition 408
tcp_ping received 384 bytes back
Round trip time was 1.20139 milliseconds in repetition 409
tcp_ping received 384 bytes back
Round trip time was 1.20889 milliseconds in repetition 410
tcp_ping received 384 bytes back
Round trip time was 1.38563 milliseconds in repetition 411
tcp_ping received 384 bytes back
Round trip time was 2.12093 milliseconds in repetition 412
tcp_ping received 384 bytes back
Round trip time was 1.3372 milliseconds in repetition 413
tcp_ping received 384 bytes back
Round trip time was 1.17675 milliseconds in repetition 414
tcp_ping received 384 bytes back
Round trip time was 1.76886 milliseconds in repetition 415
tcp_ping received 384 bytes back
Round trip time was 2.44983 milliseconds in repetition 416
tcp_ping received 384 bytes back
Round trip time was 1.77539 milliseconds in repetition 417
tcp_ping received 384 bytes back
Round trip time was 1.43112 milliseconds in repetition 418
tcp_ping received 384 bytes back
Round trip time was 1.33156 milliseconds in repetition 419
tcp_ping received 384 bytes back
Round trip time was 1.17284 milliseconds in repetition 420
tcp_ping received 384 bytes back
Round trip time was 1.35262 milliseconds in repetition 421
tcp_ping received 384 bytes back
Round trip time was 1.43192 milliseconds in repetition 422
tcp_ping received 384 bytes back
Round trip time was 1.8952 milliseconds in repetition 423
tcp_ping received 384 bytes back
Round trip time was 2.11124 milliseconds in repetition 424
tcp_ping received 384 bytes back
Round trip time was 1.44037 milliseconds in repetition 425
tcp_ping received 384 bytes back
Round trip time was 1.40938 milliseconds in repetition 426
tcp_ping received 384 bytes back
Round trip time was 1.03954 milliseconds in repetition 427
tcp_ping received 384 bytes back
Round trip time was 1.74579 milliseconds in repetition 428
tcp_ping received 384 bytes back
Round trip time was 1.288 milliseconds in repetition 429
tcp_ping received 384 bytes back
Round trip time was 1.08691 milliseconds in repetition 430
tcp_ping received 384 bytes back
Round trip time was 1.64617 milliseconds in repetition 431
tcp_ping received 384 bytes back
Round trip time was 1.14553 milliseconds in repetition 432
tcp_ping received 384 bytes back
Round trip time was 2.05834 milliseconds in repetition 433
tcp_ping received 384 bytes back
Round trip time was 1.10918 milliseconds in repetition 434
tcp_ping received 384 bytes back
Round trip time was 2.1974 milliseconds in repetition 435
tcp_ping received 384 bytes back
Round trip time was 1.13297 milliseconds in repetition 436
tcp_ping received 384 bytes back
Round trip time was 1.37336 milliseconds in repetition 437
tcp_ping received 384 bytes back
Round trip time was 1.10533 milliseconds in repetition 438
tcp_ping received 384 bytes back
Round trip time was 1.23072 milliseconds in repetition 439
tcp_ping received 384 bytes back
Round trip time was 1.641 milliseconds in repetition 440
tcp_ping received 384 bytes back
Round trip time was 1.05766 milliseconds in repetition 441
tcp_ping received 384 bytes back
Round trip time was 1.02752 milliseconds in repetition 442
tcp_ping received 384 bytes back
Round trip time was 1.41924 milliseconds in repetition 443
tcp_ping received 384 bytes back
Round trip time was 2.02513 milliseconds in repetition 444
tcp_ping received 384 bytes back
Round trip time was 1.16814 milliseconds in repetition 445
tcp_ping received 384 bytes back
Round trip time was 1.2418 milliseconds in repetition 446
tcp_ping received 384 bytes back
Round trip time was 1.31622 milliseconds in repetition 447
tcp_ping received 384 bytes back
Round trip time was 1.51299 milliseconds in repetition 448
tcp_ping received 384 bytes back
Round trip time was 2.32597 milliseconds in repetition 449
tcp_ping received 384 bytes back
Round trip time was 1.87158 milliseconds in repetition 450
tcp_ping received 384 bytes back
Round trip time was 1.90117 milliseconds in repetition 451
tcp_ping received 384 bytes back
Round trip time was 3.0449 milliseconds in repetition 452
tcp_ping received 384 bytes back
Round trip time was 1.52466 milliseconds in repetition 453
tcp_ping received 384 bytes back
Round trip time was 1.287 milliseconds in repetition 454
tcp_ping received 384 bytes back
Round trip time was 1.23455 milliseconds in repetition 455
tcp_ping received 384 bytes back
Round trip time was 1.25767 milliseconds in repetition 456
tcp_ping received 384 bytes back
Round trip time was 1.45678 milliseconds in repetition 457
tcp_ping received 384 bytes back
Round trip time was 2.02099 milliseconds in repetition 458
tcp_ping received 384 bytes back
Round trip time was 1.403 milliseconds in repetition 459
tcp_ping received 384 bytes back
Round trip time was 1.81714 milliseconds in repetition 460
tcp_ping received 384 bytes back
Round trip time was 1.30627 milliseconds in repetition 461
tcp_ping received 384 bytes back
Round trip time was 1.84222 milliseconds in repetition 462
tcp_ping received 384 bytes back
Round trip time was 2.42643 milliseconds in repetition 463
tcp_ping received 384 bytes back
Round trip time was 1.32263 milliseconds in repetition 464
tcp_ping received 384 bytes back
Round trip time was 1.10881 milliseconds in repetition 465
tcp_ping received 384 bytes back
Round trip time was 2.44933 milliseconds in repetition 466
tcp_ping received 384 bytes back
Round trip time was 1.39095 milliseconds in repetition 467
tcp_ping received 384 bytes back
Round trip time was 2.01366 milliseconds in repetition 468
tcp_ping received 384 bytes back
Round trip time was 2.72921 milliseconds in repetition 469
tcp_ping received 384 bytes back
Round trip time was 1.94572 milliseconds in repetition 470
tcp_ping received 384 bytes back
Round trip time was 2.65934 milliseconds in repetition 471
tcp_ping received 384 bytes back
Round trip time was 2.2147 milliseconds in repetition 472
tcp_ping received 384 bytes back
Round trip time was 1.51847 milliseconds in repetition 473
tcp_ping received 384 bytes back
Round trip time was 4.27827 milliseconds in repetition 474
tcp_ping received 384 bytes back
Round trip time was 1.39766 milliseconds in repetition 475
tcp_ping received 384 bytes back
Round trip time was 1.76101 milliseconds in repetition 476
tcp_ping received 384 bytes back
Round trip time was 1.84067 milliseconds in repetition 477
tcp_ping received 384 bytes back
Round trip time was 3.03251 milliseconds in repetition 478
tcp_ping received 384 bytes back
Round trip time was 1.15357 milliseconds in repetition 479
tcp_ping received 384 bytes back
Round trip time was 1.01728 milliseconds in repetition 480
tcp_ping received 384 bytes back
Round trip time was 2.70881 milliseconds in repetition 481
tcp_ping received 384 bytes back
Round trip time was 2.15965 milliseconds in repetition 482
tcp_ping received 384 bytes back
Round trip time was 1.28314 milliseconds in repetition 483
tcp_ping received 384 bytes back
Round trip time was 2.13226 milliseconds in repetition 484
tcp_ping received 384 bytes back
Round trip time was 1.86731 milliseconds in repetition 485
tcp_ping received 384 bytes back
Round trip time was 1.35985 milliseconds in repetition 486
tcp_ping received 384 bytes back
Round trip time was 1.55919 milliseconds in repetition 487
tcp_ping received 384 bytes back
Round trip time was 1.20548 milliseconds in repetition 488
tcp_ping received 384 bytes back
Round trip time was 1.29271 milliseconds in repetition 489
tcp_ping received 384 bytes back
Round trip time was 3.61901 milliseconds in repetition 490
tcp_ping received 384 bytes back
Round trip time was 2.23692 milliseconds in repetition 491
tcp_ping received 384 bytes back
Round trip time was 1.04018 milliseconds in repetition 492
tcp_ping received 384 bytes back
Round trip time was 1.00931 milliseconds in repetition 493
tcp_ping received 384 bytes back
Round trip time was 2.12061 milliseconds in repetition 494
tcp_ping received 384 bytes back
Round trip time was 1.28863 milliseconds in repetition 495
tcp_ping received 384 bytes back
Round trip time was 2.00878 milliseconds in repetition 496
tcp_ping received 384 bytes back
Round trip time was 2.04751 milliseconds in repetition 497
tcp_ping received 384 bytes back
Round trip time was 2.30236 milliseconds in repetition 498
tcp_ping received 384 bytes back
Round trip time was 1.63704 milliseconds in repetition 499
tcp_ping received 384 bytes back
Round trip time was 2.19246 milliseconds in repetition 500
tcp_ping received 384 bytes back
Round trip time was 2.41732 milliseconds in repetition 501

 ... clock resolution was 1e-06
TCP Ping:  Statistics over 501 repetitions of 384 byte messages

RTT : percentile 10: 0.987986, median: 1.334, percentile 90: 2.44983, average: 1.60203, variance: 0.699205

RTT histogram:
0.830604 126
0.866791 226
0.917939 85
0.918475 37
0.926458 14
0.927735 8
0.928701 2
0.928894 1
0.929725 1
0.929997 0
0.930245 0
0.934127 0
0.934175 0
0.935007 0
0.937657 0
0.939012 0
0.940894 0
0.941378 0
0.941448 0
0.94489 0
0.94763 1

   median Throughput : 575.711 KB/s   overall Throughput : 479.392 KB/s

