TCP Ping trying to connect to server webdev.disi.unige.it (130.251.61.30) on port 1491
 ... connected to Pong server: asking for 501 repetitions of 48 bytes TCP messages
 ... Pong server agreed :-)
tcp_ping received 48 bytes back
Round trip time was 3.65209 milliseconds in repetition 1
tcp_ping received 48 bytes back
Round trip time was 2.82352 milliseconds in repetition 2
tcp_ping received 48 bytes back
Round trip time was 2.11766 milliseconds in repetition 3
tcp_ping received 48 bytes back
Round trip time was 2.43941 milliseconds in repetition 4
tcp_ping received 48 bytes back
Round trip time was 2.86442 milliseconds in repetition 5
tcp_ping received 48 bytes back
Round trip time was 2.3245 milliseconds in repetition 6
tcp_ping received 48 bytes back
Round trip time was 5.40065 milliseconds in repetition 7
tcp_ping received 48 bytes back
Round trip time was 2.3497 milliseconds in repetition 8
tcp_ping received 48 bytes back
Round trip time was 1.38375 milliseconds in repetition 9
tcp_ping received 48 bytes back
Round trip time was 1.76417 milliseconds in repetition 10
tcp_ping received 48 bytes back
Round trip time was 2.29853 milliseconds in repetition 11
tcp_ping received 48 bytes back
Round trip time was 1.48944 milliseconds in repetition 12
tcp_ping received 48 bytes back
Round trip time was 1.66137 milliseconds in repetition 13
tcp_ping received 48 bytes back
Round trip time was 1.69805 milliseconds in repetition 14
tcp_ping received 48 bytes back
Round trip time was 2.87581 milliseconds in repetition 15
tcp_ping received 48 bytes back
Round trip time was 1.46156 milliseconds in repetition 16
tcp_ping received 48 bytes back
Round trip time was 1.40864 milliseconds in repetition 17
tcp_ping received 48 bytes back
Round trip time was 1.98 milliseconds in repetition 18
tcp_ping received 48 bytes back
Round trip time was 2.99175 milliseconds in repetition 19
tcp_ping received 48 bytes back
Round trip time was 1.65649 milliseconds in repetition 20
tcp_ping received 48 bytes back
Round trip time was 2.21638 milliseconds in repetition 21
tcp_ping received 48 bytes back
Round trip time was 2.62746 milliseconds in repetition 22
tcp_ping received 48 bytes back
Round trip time was 1.83339 milliseconds in repetition 23
tcp_ping received 48 bytes back
Round trip time was 5.01043 milliseconds in repetition 24
tcp_ping received 48 bytes back
Round trip time was 1.70043 milliseconds in repetition 25
tcp_ping received 48 bytes back
Round trip time was 1.6446 milliseconds in repetition 26
tcp_ping received 48 bytes back
Round trip time was 2.07899 milliseconds in repetition 27
tcp_ping received 48 bytes back
Round trip time was 1.65692 milliseconds in repetition 28
tcp_ping received 48 bytes back
Round trip time was 1.87084 milliseconds in repetition 29
tcp_ping received 48 bytes back
Round trip time was 1.71147 milliseconds in repetition 30
tcp_ping received 48 bytes back
Round trip time was 1.4878 milliseconds in repetition 31
tcp_ping received 48 bytes back
Round trip time was 1.8641 milliseconds in repetition 32
tcp_ping received 48 bytes back
Round trip time was 1.4138 milliseconds in repetition 33
tcp_ping received 48 bytes back
Round trip time was 5.74407 milliseconds in repetition 34
tcp_ping received 48 bytes back
Round trip time was 4.70403 milliseconds in repetition 35
tcp_ping received 48 bytes back
Round trip time was 1.15581 milliseconds in repetition 36
tcp_ping received 48 bytes back
Round trip time was 1.45835 milliseconds in repetition 37
tcp_ping received 48 bytes back
Round trip time was 1.90914 milliseconds in repetition 38
tcp_ping received 48 bytes back
Round trip time was 1.06288 milliseconds in repetition 39
tcp_ping received 48 bytes back
Round trip time was 1.2111 milliseconds in repetition 40
tcp_ping received 48 bytes back
Round trip time was 1.42579 milliseconds in repetition 41
tcp_ping received 48 bytes back
Round trip time was 2.44361 milliseconds in repetition 42
tcp_ping received 48 bytes back
Round trip time was 1.2342 milliseconds in repetition 43
tcp_ping received 48 bytes back
Round trip time was 0.983429 milliseconds in repetition 44
tcp_ping received 48 bytes back
Round trip time was 1.3741 milliseconds in repetition 45
tcp_ping received 48 bytes back
Round trip time was 5.54684 milliseconds in repetition 46
tcp_ping received 48 bytes back
Round trip time was 1.04537 milliseconds in repetition 47
tcp_ping received 48 bytes back
Round trip time was 1.07251 milliseconds in repetition 48
tcp_ping received 48 bytes back
Round trip time was 1.31195 milliseconds in repetition 49
tcp_ping received 48 bytes back
Round trip time was 2.28154 milliseconds in repetition 50
tcp_ping received 48 bytes back
Round trip time was 2.31873 milliseconds in repetition 51
tcp_ping received 48 bytes back
Round trip time was 2.12974 milliseconds in repetition 52
tcp_ping received 48 bytes back
Round trip time was 1.20838 milliseconds in repetition 53
tcp_ping received 48 bytes back
Round trip time was 3.04312 milliseconds in repetition 54
tcp_ping received 48 bytes back
Round trip time was 1.21609 milliseconds in repetition 55
tcp_ping received 48 bytes back
Round trip time was 1.02617 milliseconds in repetition 56
tcp_ping received 48 bytes back
Round trip time was 1.52278 milliseconds in repetition 57
tcp_ping received 48 bytes back
Round trip time was 1.03183 milliseconds in repetition 58
tcp_ping received 48 bytes back
Round trip time was 1.20248 milliseconds in repetition 59
tcp_ping received 48 bytes back
Round trip time was 1.72549 milliseconds in repetition 60
tcp_ping received 48 bytes back
Round trip time was 1.43946 milliseconds in repetition 61
tcp_ping received 48 bytes back
Round trip time was 1.03131 milliseconds in repetition 62
tcp_ping received 48 bytes back
Round trip time was 1.10618 milliseconds in repetition 63
tcp_ping received 48 bytes back
Round trip time was 1.27635 milliseconds in repetition 64
tcp_ping received 48 bytes back
Round trip time was 1.05622 milliseconds in repetition 65
tcp_ping received 48 bytes back
Round trip time was 1.72531 milliseconds in repetition 66
tcp_ping received 48 bytes back
Round trip time was 1.76505 milliseconds in repetition 67
tcp_ping received 48 bytes back
Round trip time was 1.3654 milliseconds in repetition 68
tcp_ping received 48 bytes back
Round trip time was 1.17304 milliseconds in repetition 69
tcp_ping received 48 bytes back
Round trip time was 0.864348 milliseconds in repetition 70
tcp_ping received 48 bytes back
Round trip time was 0.969612 milliseconds in repetition 71
tcp_ping received 48 bytes back
Round trip time was 1.31742 milliseconds in repetition 72
tcp_ping received 48 bytes back
Round trip time was 1.38529 milliseconds in repetition 73
tcp_ping received 48 bytes back
Round trip time was 1.3401 milliseconds in repetition 74
tcp_ping received 48 bytes back
Round trip time was 1.55049 milliseconds in repetition 75
tcp_ping received 48 bytes back
Round trip time was 1.93139 milliseconds in repetition 76
tcp_ping received 48 bytes back
Round trip time was 0.99512 milliseconds in repetition 77
tcp_ping received 48 bytes back
Round trip time was 2.86588 milliseconds in repetition 78
tcp_ping received 48 bytes back
Round trip time was 1.22052 milliseconds in repetition 79
tcp_ping received 48 bytes back
Round trip time was 0.948535 milliseconds in repetition 80
tcp_ping received 48 bytes back
Round trip time was 1.06694 milliseconds in repetition 81
tcp_ping received 48 bytes back
Round trip time was 0.937801 milliseconds in repetition 82
tcp_ping received 48 bytes back
Round trip time was 1.63456 milliseconds in repetition 83
tcp_ping received 48 bytes back
Round trip time was 2.2069 milliseconds in repetition 84
tcp_ping received 48 bytes back
Round trip time was 0.99041 milliseconds in repetition 85
tcp_ping received 48 bytes back
Round trip time was 0.942954 milliseconds in repetition 86
tcp_ping received 48 bytes back
Round trip time was 4.70419 milliseconds in repetition 87
tcp_ping received 48 bytes back
Round trip time was 1.00174 milliseconds in repetition 88
tcp_ping received 48 bytes back
Round trip time was 0.919454 milliseconds in repetition 89
tcp_ping received 48 bytes back
Round trip time was 1.18662 milliseconds in repetition 90
tcp_ping received 48 bytes back
Round trip time was 1.36208 milliseconds in repetition 91
tcp_ping received 48 bytes back
Round trip time was 1.21082 milliseconds in repetition 92
tcp_ping received 48 bytes back
Round trip time was 1.72495 milliseconds in repetition 93
tcp_ping received 48 bytes back
Round trip time was 2.07777 milliseconds in repetition 94
tcp_ping received 48 bytes back
Round trip time was 1.02493 milliseconds in repetition 95
tcp_ping received 48 bytes back
Round trip time was 4.42581 milliseconds in repetition 96
tcp_ping received 48 bytes back
Round trip time was 1.16448 milliseconds in repetition 97
tcp_ping received 48 bytes back
Round trip time was 1.49225 milliseconds in repetition 98
tcp_ping received 48 bytes back
Round trip time was 1.02482 milliseconds in repetition 99
tcp_ping received 48 bytes back
Round trip time was 2.35013 milliseconds in repetition 100
tcp_ping received 48 bytes back
Round trip time was 1.97428 milliseconds in repetition 101
tcp_ping received 48 bytes back
Round trip time was 2.66196 milliseconds in repetition 102
tcp_ping received 48 bytes back
Round trip time was 5.07249 milliseconds in repetition 103
tcp_ping received 48 bytes back
Round trip time was 1.01519 milliseconds in repetition 104
tcp_ping received 48 bytes back
Round trip time was 1.10044 milliseconds in repetition 105
tcp_ping received 48 bytes back
Round trip time was 0.915035 milliseconds in repetition 106
tcp_ping received 48 bytes back
Round trip time was 0.944881 milliseconds in repetition 107
tcp_ping received 48 bytes back
Round trip time was 1.88815 milliseconds in repetition 108
tcp_ping received 48 bytes back
Round trip time was 1.17842 milliseconds in repetition 109
tcp_ping received 48 bytes back
Round trip time was 1.3277 milliseconds in repetition 110
tcp_ping received 48 bytes back
Round trip time was 1.13437 milliseconds in repetition 111
tcp_ping received 48 bytes back
Round trip time was 3.02865 milliseconds in repetition 112
tcp_ping received 48 bytes back
Round trip time was 1.24466 milliseconds in repetition 113
tcp_ping received 48 bytes back
Round trip time was 2.88562 milliseconds in repetition 114
tcp_ping received 48 bytes back
Round trip time was 1.0695 milliseconds in repetition 115
tcp_ping received 48 bytes back
Round trip time was 1.01299 milliseconds in repetition 116
tcp_ping received 48 bytes back
Round trip time was 1.00342 milliseconds in repetition 117
tcp_ping received 48 bytes back
Round trip time was 1.7914 milliseconds in repetition 118
tcp_ping received 48 bytes back
Round trip time was 2.37607 milliseconds in repetition 119
tcp_ping received 48 bytes back
Round trip time was 0.929039 milliseconds in repetition 120
tcp_ping received 48 bytes back
Round trip time was 0.942348 milliseconds in repetition 121
tcp_ping received 48 bytes back
Round trip time was 0.855691 milliseconds in repetition 122
tcp_ping received 48 bytes back
Round trip time was 2.16811 milliseconds in repetition 123
tcp_ping received 48 bytes back
Round trip time was 3.84471 milliseconds in repetition 124
tcp_ping received 48 bytes back
Round trip time was 1.89211 milliseconds in repetition 125
tcp_ping received 48 bytes back
Round trip time was 0.924968 milliseconds in repetition 126
tcp_ping received 48 bytes back
Round trip time was 1.49227 milliseconds in repetition 127
tcp_ping received 48 bytes back
Round trip time was 2.54121 milliseconds in repetition 128
tcp_ping received 48 bytes back
Round trip time was 0.949985 milliseconds in repetition 129
tcp_ping received 48 bytes back
Round trip time was 1.91008 milliseconds in repetition 130
tcp_ping received 48 bytes back
Round trip time was 3.12524 milliseconds in repetition 131
tcp_ping received 48 bytes back
Round trip time was 2.52666 milliseconds in repetition 132
tcp_ping received 48 bytes back
Round trip time was 0.919865 milliseconds in repetition 133
tcp_ping received 48 bytes back
Round trip time was 1.20984 milliseconds in repetition 134
tcp_ping received 48 bytes back
Round trip time was 1.63371 milliseconds in repetition 135
tcp_ping received 48 bytes back
Round trip time was 1.22716 milliseconds in repetition 136
tcp_ping received 48 bytes back
Round trip time was 2.55286 milliseconds in repetition 137
tcp_ping received 48 bytes back
Round trip time was 1.10101 milliseconds in repetition 138
tcp_ping received 48 bytes back
Round trip time was 1.49135 milliseconds in repetition 139
tcp_ping received 48 bytes back
Round trip time was 0.9495 milliseconds in repetition 140
tcp_ping received 48 bytes back
Round trip time was 1.45083 milliseconds in repetition 141
tcp_ping received 48 bytes back
Round trip time was 2.82212 milliseconds in repetition 142
tcp_ping received 48 bytes back
Round trip time was 1.00724 milliseconds in repetition 143
tcp_ping received 48 bytes back
Round trip time was 1.23339 milliseconds in repetition 144
tcp_ping received 48 bytes back
Round trip time was 2.42925 milliseconds in repetition 145
tcp_ping received 48 bytes back
Round trip time was 1.47477 milliseconds in repetition 146
tcp_ping received 48 bytes back
Round trip time was 1.0046 milliseconds in repetition 147
tcp_ping received 48 bytes back
Round trip time was 4.78355 milliseconds in repetition 148
tcp_ping received 48 bytes back
Round trip time was 2.13473 milliseconds in repetition 149
tcp_ping received 48 bytes back
Round trip time was 1.32785 milliseconds in repetition 150
tcp_ping received 48 bytes back
Round trip time was 5.42135 milliseconds in repetition 151
tcp_ping received 48 bytes back
Round trip time was 1.33101 milliseconds in repetition 152
tcp_ping received 48 bytes back
Round trip time was 1.00649 milliseconds in repetition 153
tcp_ping received 48 bytes back
Round trip time was 1.30668 milliseconds in repetition 154
tcp_ping received 48 bytes back
Round trip time was 0.908597 milliseconds in repetition 155
tcp_ping received 48 bytes back
Round trip time was 1.90484 milliseconds in repetition 156
tcp_ping received 48 bytes back
Round trip time was 1.29647 milliseconds in repetition 157
tcp_ping received 48 bytes back
Round trip time was 1.01396 milliseconds in repetition 158
tcp_ping received 48 bytes back
Round trip time was 0.962386 milliseconds in repetition 159
tcp_ping received 48 bytes back
Round trip time was 0.995812 milliseconds in repetition 160
tcp_ping received 48 bytes back
Round trip time was 1.20406 milliseconds in repetition 161
tcp_ping received 48 bytes back
Round trip time was 0.983786 milliseconds in repetition 162
tcp_ping received 48 bytes back
Round trip time was 1.38002 milliseconds in repetition 163
tcp_ping received 48 bytes back
Round trip time was 1.45109 milliseconds in repetition 164
tcp_ping received 48 bytes back
Round trip time was 0.9542 milliseconds in repetition 165
tcp_ping received 48 bytes back
Round trip time was 1.64901 milliseconds in repetition 166
tcp_ping received 48 bytes back
Round trip time was 1.08354 milliseconds in repetition 167
tcp_ping received 48 bytes back
Round trip time was 1.00371 milliseconds in repetition 168
tcp_ping received 48 bytes back
Round trip time was 2.25405 milliseconds in repetition 169
tcp_ping received 48 bytes back
Round trip time was 3.14235 milliseconds in repetition 170
tcp_ping received 48 bytes back
Round trip time was 2.3767 milliseconds in repetition 171
tcp_ping received 48 bytes back
Round trip time was 1.51072 milliseconds in repetition 172
tcp_ping received 48 bytes back
Round trip time was 2.17315 milliseconds in repetition 173
tcp_ping received 48 bytes back
Round trip time was 1.52037 milliseconds in repetition 174
tcp_ping received 48 bytes back
Round trip time was 1.09977 milliseconds in repetition 175
tcp_ping received 48 bytes back
Round trip time was 1.07096 milliseconds in repetition 176
tcp_ping received 48 bytes back
Round trip time was 1.03714 milliseconds in repetition 177
tcp_ping received 48 bytes back
Round trip time was 1.58106 milliseconds in repetition 178
tcp_ping received 48 bytes back
Round trip time was 1.80241 milliseconds in repetition 179
tcp_ping received 48 bytes back
Round trip time was 1.10429 milliseconds in repetition 180
tcp_ping received 48 bytes back
Round trip time was 1.2987 milliseconds in repetition 181
tcp_ping received 48 bytes back
Round trip time was 1.42331 milliseconds in repetition 182
tcp_ping received 48 bytes back
Round trip time was 1.57354 milliseconds in repetition 183
tcp_ping received 48 bytes back
Round trip time was 2.80924 milliseconds in repetition 184
tcp_ping received 48 bytes back
Round trip time was 1.14767 milliseconds in repetition 185
tcp_ping received 48 bytes back
Round trip time was 1.1374 milliseconds in repetition 186
tcp_ping received 48 bytes back
Round trip time was 2.71864 milliseconds in repetition 187
tcp_ping received 48 bytes back
Round trip time was 2.71417 milliseconds in repetition 188
tcp_ping received 48 bytes back
Round trip time was 1.47287 milliseconds in repetition 189
tcp_ping received 48 bytes back
Round trip time was 1.14525 milliseconds in repetition 190
tcp_ping received 48 bytes back
Round trip time was 1.02263 milliseconds in repetition 191
tcp_ping received 48 bytes back
Round trip time was 1.51196 milliseconds in repetition 192
tcp_ping received 48 bytes back
Round trip time was 2.81458 milliseconds in repetition 193
tcp_ping received 48 bytes back
Round trip time was 1.30056 milliseconds in repetition 194
tcp_ping received 48 bytes back
Round trip time was 1.32423 milliseconds in repetition 195
tcp_ping received 48 bytes back
Round trip time was 1.17792 milliseconds in repetition 196
tcp_ping received 48 bytes back
Round trip time was 1.41183 milliseconds in repetition 197
tcp_ping received 48 bytes back
Round trip time was 2.68445 milliseconds in repetition 198
tcp_ping received 48 bytes back
Round trip time was 1.0149 milliseconds in repetition 199
tcp_ping received 48 bytes back
Round trip time was 1.18877 milliseconds in repetition 200
tcp_ping received 48 bytes back
Round trip time was 0.952663 milliseconds in repetition 201
tcp_ping received 48 bytes back
Round trip time was 2.16865 milliseconds in repetition 202
tcp_ping received 48 bytes back
Round trip time was 3.11882 milliseconds in repetition 203
tcp_ping received 48 bytes back
Round trip time was 1.87892 milliseconds in repetition 204
tcp_ping received 48 bytes back
Round trip time was 3.82466 milliseconds in repetition 205
tcp_ping received 48 bytes back
Round trip time was 1.10055 milliseconds in repetition 206
tcp_ping received 48 bytes back
Round trip time was 1.15762 milliseconds in repetition 207
tcp_ping received 48 bytes back
Round trip time was 0.820132 milliseconds in repetition 208
tcp_ping received 48 bytes back
Round trip time was 1.11298 milliseconds in repetition 209
tcp_ping received 48 bytes back
Round trip time was 0.963222 milliseconds in repetition 210
tcp_ping received 48 bytes back
Round trip time was 1.022 milliseconds in repetition 211
tcp_ping received 48 bytes back
Round trip time was 1.0093 milliseconds in repetition 212
tcp_ping received 48 bytes back
Round trip time was 0.814546 milliseconds in repetition 213
tcp_ping received 48 bytes back
Round trip time was 0.956745 milliseconds in repetition 214
tcp_ping received 48 bytes back
Round trip time was 0.931351 milliseconds in repetition 215
tcp_ping received 48 bytes back
Round trip time was 1.00154 milliseconds in repetition 216
tcp_ping received 48 bytes back
Round trip time was 1.17353 milliseconds in repetition 217
tcp_ping received 48 bytes back
Round trip time was 1.03546 milliseconds in repetition 218
tcp_ping received 48 bytes back
Round trip time was 1.44354 milliseconds in repetition 219
tcp_ping received 48 bytes back
Round trip time was 2.60457 milliseconds in repetition 220
tcp_ping received 48 bytes back
Round trip time was 1.09903 milliseconds in repetition 221
tcp_ping received 48 bytes back
Round trip time was 1.18583 milliseconds in repetition 222
tcp_ping received 48 bytes back
Round trip time was 1.06075 milliseconds in repetition 223
tcp_ping received 48 bytes back
Round trip time was 4.39717 milliseconds in repetition 224
tcp_ping received 48 bytes back
Round trip time was 1.09962 milliseconds in repetition 225
tcp_ping received 48 bytes back
Round trip time was 1.71216 milliseconds in repetition 226
tcp_ping received 48 bytes back
Round trip time was 1.03328 milliseconds in repetition 227
tcp_ping received 48 bytes back
Round trip time was 1.49894 milliseconds in repetition 228
tcp_ping received 48 bytes back
Round trip time was 3.67359 milliseconds in repetition 229
tcp_ping received 48 bytes back
Round trip time was 1.17624 milliseconds in repetition 230
tcp_ping received 48 bytes back
Round trip time was 1.00212 milliseconds in repetition 231
tcp_ping received 48 bytes back
Round trip time was 1.99958 milliseconds in repetition 232
tcp_ping received 48 bytes back
Round trip time was 3.29677 milliseconds in repetition 233
tcp_ping received 48 bytes back
Round trip time was 1.09139 milliseconds in repetition 234
tcp_ping received 48 bytes back
Round trip time was 1.01582 milliseconds in repetition 235
tcp_ping received 48 bytes back
Round trip time was 1.02108 milliseconds in repetition 236
tcp_ping received 48 bytes back
Round trip time was 1.16235 milliseconds in repetition 237
tcp_ping received 48 bytes back
Round trip time was 1.41371 milliseconds in repetition 238
tcp_ping received 48 bytes back
Round trip time was 2.19572 milliseconds in repetition 239
tcp_ping received 48 bytes back
Round trip time was 1.75877 milliseconds in repetition 240
tcp_ping received 48 bytes back
Round trip time was 0.956116 milliseconds in repetition 241
tcp_ping received 48 bytes back
Round trip time was 1.38781 milliseconds in repetition 242
tcp_ping received 48 bytes back
Round trip time was 1.42028 milliseconds in repetition 243
tcp_ping received 48 bytes back
Round trip time was 1.95816 milliseconds in repetition 244
tcp_ping received 48 bytes back
Round trip time was 1.06974 milliseconds in repetition 245
tcp_ping received 48 bytes back
Round trip time was 1.02123 milliseconds in repetition 246
tcp_ping received 48 bytes back
Round trip time was 1.01886 milliseconds in repetition 247
tcp_ping received 48 bytes back
Round trip time was 1.78664 milliseconds in repetition 248
tcp_ping received 48 bytes back
Round trip time was 2.59921 milliseconds in repetition 249
tcp_ping received 48 bytes back
Round trip time was 2.33305 milliseconds in repetition 250
tcp_ping received 48 bytes back
Round trip time was 1.61035 milliseconds in repetition 251
tcp_ping received 48 bytes back
Round trip time was 0.983091 milliseconds in repetition 252
tcp_ping received 48 bytes back
Round trip time was 1.23314 milliseconds in repetition 253
tcp_ping received 48 bytes back
Round trip time was 1.9544 milliseconds in repetition 254
tcp_ping received 48 bytes back
Round trip time was 1.20498 milliseconds in repetition 255
tcp_ping received 48 bytes back
Round trip time was 1.07516 milliseconds in repetition 256
tcp_ping received 48 bytes back
Round trip time was 0.953913 milliseconds in repetition 257
tcp_ping received 48 bytes back
Round trip time was 1.89794 milliseconds in repetition 258
tcp_ping received 48 bytes back
Round trip time was 2.51506 milliseconds in repetition 259
tcp_ping received 48 bytes back
Round trip time was 0.911958 milliseconds in repetition 260
tcp_ping received 48 bytes back
Round trip time was 1.25125 milliseconds in repetition 261
tcp_ping received 48 bytes back
Round trip time was 1.02765 milliseconds in repetition 262
tcp_ping received 48 bytes back
Round trip time was 1.22474 milliseconds in repetition 263
tcp_ping received 48 bytes back
Round trip time was 1.56084 milliseconds in repetition 264
tcp_ping received 48 bytes back
Round trip time was 4.06982 milliseconds in repetition 265
tcp_ping received 48 bytes back
Round trip time was 1.14277 milliseconds in repetition 266
tcp_ping received 48 bytes back
Round trip time was 1.804 milliseconds in repetition 267
tcp_ping received 48 bytes back
Round trip time was 0.977377 milliseconds in repetition 268
tcp_ping received 48 bytes back
Round trip time was 1.11053 milliseconds in repetition 269
tcp_ping received 48 bytes back
Round trip time was 2.79553 milliseconds in repetition 270
tcp_ping received 48 bytes back
Round trip time was 1.02545 milliseconds in repetition 271
tcp_ping received 48 bytes back
Round trip time was 2.73845 milliseconds in repetition 272
tcp_ping received 48 bytes back
Round trip time was 1.06959 milliseconds in repetition 273
tcp_ping received 48 bytes back
Round trip time was 1.06363 milliseconds in repetition 274
tcp_ping received 48 bytes back
Round trip time was 1.13729 milliseconds in repetition 275
tcp_ping received 48 bytes back
Round trip time was 1.9587 milliseconds in repetition 276
tcp_ping received 48 bytes back
Round trip time was 2.661 milliseconds in repetition 277
tcp_ping received 48 bytes back
Round trip time was 1.05675 milliseconds in repetition 278
tcp_ping received 48 bytes back
Round trip time was 0.918558 milliseconds in repetition 279
tcp_ping received 48 bytes back
Round trip time was 1.01075 milliseconds in repetition 280
tcp_ping received 48 bytes back
Round trip time was 1.04063 milliseconds in repetition 281
tcp_ping received 48 bytes back
Round trip time was 0.994021 milliseconds in repetition 282
tcp_ping received 48 bytes back
Round trip time was 0.984663 milliseconds in repetition 283
tcp_ping received 48 bytes back
Round trip time was 1.17993 milliseconds in repetition 284
tcp_ping received 48 bytes back
Round trip time was 2.16039 milliseconds in repetition 285
tcp_ping received 48 bytes back
Round trip time was 1.02439 milliseconds in repetition 286
tcp_ping received 48 bytes back
Round trip time was 1.34341 milliseconds in repetition 287
tcp_ping received 48 bytes back
Round trip time was 0.970304 milliseconds in repetition 288
tcp_ping received 48 bytes back
Round trip time was 1.02989 milliseconds in repetition 289
tcp_ping received 48 bytes back
Round trip time was 0.964975 milliseconds in repetition 290
tcp_ping received 48 bytes back
Round trip time was 1.81715 milliseconds in repetition 291
tcp_ping received 48 bytes back
Round trip time was 1.04426 milliseconds in repetition 292
tcp_ping received 48 bytes back
Round trip time was 1.00083 milliseconds in repetition 293
tcp_ping received 48 bytes back
Round trip time was 0.93413 milliseconds in repetition 294
tcp_ping received 48 bytes back
Round trip time was 1.02096 milliseconds in repetition 295
tcp_ping received 48 bytes back
Round trip time was 1.21254 milliseconds in repetition 296
tcp_ping received 48 bytes back
Round trip time was 1.79499 milliseconds in repetition 297
tcp_ping received 48 bytes back
Round trip time was 0.992454 milliseconds in repetition 298
tcp_ping received 48 bytes back
Round trip time was 0.939156 milliseconds in repetition 299
tcp_ping received 48 bytes back
Round trip time was 0.977676 milliseconds in repetition 300
tcp_ping received 48 bytes back
Round trip time was 1.81566 milliseconds in repetition 301
tcp_ping received 48 bytes back
Round trip time was 1.13023 milliseconds in repetition 302
tcp_ping received 48 bytes back
Round trip time was 1.35312 milliseconds in repetition 303
tcp_ping received 48 bytes back
Round trip time was 0.882643 milliseconds in repetition 304
tcp_ping received 48 bytes back
Round trip time was 0.948097 milliseconds in repetition 305
tcp_ping received 48 bytes back
Round trip time was 1.18217 milliseconds in repetition 306
tcp_ping received 48 bytes back
Round trip time was 1.23106 milliseconds in repetition 307
tcp_ping received 48 bytes back
Round trip time was 1.28171 milliseconds in repetition 308
tcp_ping received 48 bytes back
Round trip time was 0.953147 milliseconds in repetition 309
tcp_ping received 48 bytes back
Round trip time was 0.875619 milliseconds in repetition 310
tcp_ping received 48 bytes back
Round trip time was 0.896623 milliseconds in repetition 311
tcp_ping received 48 bytes back
Round trip time was 0.997473 milliseconds in repetition 312
tcp_ping received 48 bytes back
Round trip time was 0.853994 milliseconds in repetition 313
tcp_ping received 48 bytes back
Round trip time was 1.06604 milliseconds in repetition 314
tcp_ping received 48 bytes back
Round trip time was 0.934348 milliseconds in repetition 315
tcp_ping received 48 bytes back
Round trip time was 0.802389 milliseconds in repetition 316
tcp_ping received 48 bytes back
Round trip time was 0.858336 milliseconds in repetition 317
tcp_ping received 48 bytes back
Round trip time was 1.10212 milliseconds in repetition 318
tcp_ping received 48 bytes back
Round trip time was 0.803367 milliseconds in repetition 319
tcp_ping received 48 bytes back
Round trip time was 0.857206 milliseconds in repetition 320
tcp_ping received 48 bytes back
Round trip time was 0.852879 milliseconds in repetition 321
tcp_ping received 48 bytes back
Round trip time was 0.864981 milliseconds in repetition 322
tcp_ping received 48 bytes back
Round trip time was 0.873282 milliseconds in repetition 323
tcp_ping received 48 bytes back
Round trip time was 0.859407 milliseconds in repetition 324
tcp_ping received 48 bytes back
Round trip time was 0.856176 milliseconds in repetition 325
tcp_ping received 48 bytes back
Round trip time was 0.837123 milliseconds in repetition 326
tcp_ping received 48 bytes back
Round trip time was 0.886191 milliseconds in repetition 327
tcp_ping received 48 bytes back
Round trip time was 1.03924 milliseconds in repetition 328
tcp_ping received 48 bytes back
Round trip time was 0.86884 milliseconds in repetition 329
tcp_ping received 48 bytes back
Round trip time was 0.853793 milliseconds in repetition 330
tcp_ping received 48 bytes back
Round trip time was 1.0918 milliseconds in repetition 331
tcp_ping received 48 bytes back
Round trip time was 0.95768 milliseconds in repetition 332
tcp_ping received 48 bytes back
Round trip time was 0.855032 milliseconds in repetition 333
tcp_ping received 48 bytes back
Round trip time was 0.924003 milliseconds in repetition 334
tcp_ping received 48 bytes back
Round trip time was 1.14999 milliseconds in repetition 335
tcp_ping received 48 bytes back
Round trip time was 0.797197 milliseconds in repetition 336
tcp_ping received 48 bytes back
Round trip time was 0.870508 milliseconds in repetition 337
tcp_ping received 48 bytes back
Round trip time was 0.859759 milliseconds in repetition 338
tcp_ping received 48 bytes back
Round trip time was 0.861769 milliseconds in repetition 339
tcp_ping received 48 bytes back
Round trip time was 0.845247 milliseconds in repetition 340
tcp_ping received 48 bytes back
Round trip time was 0.887267 milliseconds in repetition 341
tcp_ping received 48 bytes back
Round trip time was 0.863349 milliseconds in repetition 342
tcp_ping received 48 bytes back
Round trip time was 1.05468 milliseconds in repetition 343
tcp_ping received 48 bytes back
Round trip time was 0.952153 milliseconds in repetition 344
tcp_ping received 48 bytes back
Round trip time was 0.858373 milliseconds in repetition 345
tcp_ping received 48 bytes back
Round trip time was 0.845033 milliseconds in repetition 346
tcp_ping received 48 bytes back
Round trip time was 0.859388 milliseconds in repetition 347
tcp_ping received 48 bytes back
Round trip time was 0.891835 milliseconds in repetition 348
tcp_ping received 48 bytes back
Round trip time was 0.804333 milliseconds in repetition 349
tcp_ping received 48 bytes back
Round trip time was 0.811239 milliseconds in repetition 350
tcp_ping received 48 bytes back
Round trip time was 0.870638 milliseconds in repetition 351
tcp_ping received 48 bytes back
Round trip time was 0.87986 milliseconds in repetition 352
tcp_ping received 48 bytes back
Round trip time was 0.861832 milliseconds in repetition 353
tcp_ping received 48 bytes back
Round trip time was 5.63933 milliseconds in repetition 354
tcp_ping received 48 bytes back
Round trip time was 1.88121 milliseconds in repetition 355
tcp_ping received 48 bytes back
Round trip time was 1.24743 milliseconds in repetition 356
tcp_ping received 48 bytes back
Round trip time was 0.946768 milliseconds in repetition 357
tcp_ping received 48 bytes back
Round trip time was 1.6193 milliseconds in repetition 358
tcp_ping received 48 bytes back
Round trip time was 1.1476 milliseconds in repetition 359
tcp_ping received 48 bytes back
Round trip time was 1.67889 milliseconds in repetition 360
tcp_ping received 48 bytes back
Round trip time was 1.13154 milliseconds in repetition 361
tcp_ping received 48 bytes back
Round trip time was 1.19139 milliseconds in repetition 362
tcp_ping received 48 bytes back
Round trip time was 1.14829 milliseconds in repetition 363
tcp_ping received 48 bytes back
Round trip time was 0.99108 milliseconds in repetition 364
tcp_ping received 48 bytes back
Round trip time was 1.04814 milliseconds in repetition 365
tcp_ping received 48 bytes back
Round trip time was 0.997229 milliseconds in repetition 366
tcp_ping received 48 bytes back
Round trip time was 0.94666 milliseconds in repetition 367
tcp_ping received 48 bytes back
Round trip time was 1.05083 milliseconds in repetition 368
tcp_ping received 48 bytes back
Round trip time was 0.998343 milliseconds in repetition 369
tcp_ping received 48 bytes back
Round trip time was 0.787097 milliseconds in repetition 370
tcp_ping received 48 bytes back
Round trip time was 1.08952 milliseconds in repetition 371
tcp_ping received 48 bytes back
Round trip time was 1.73553 milliseconds in repetition 372
tcp_ping received 48 bytes back
Round trip time was 1.04188 milliseconds in repetition 373
tcp_ping received 48 bytes back
Round trip time was 0.882259 milliseconds in repetition 374
tcp_ping received 48 bytes back
Round trip time was 0.963376 milliseconds in repetition 375
tcp_ping received 48 bytes back
Round trip time was 0.979851 milliseconds in repetition 376
tcp_ping received 48 bytes back
Round trip time was 0.96354 milliseconds in repetition 377
tcp_ping received 48 bytes back
Round trip time was 1.03626 milliseconds in repetition 378
tcp_ping received 48 bytes back
Round trip time was 0.85824 milliseconds in repetition 379
tcp_ping received 48 bytes back
Round trip time was 2.32835 milliseconds in repetition 380
tcp_ping received 48 bytes back
Round trip time was 1.08094 milliseconds in repetition 381
tcp_ping received 48 bytes back
Round trip time was 1.1205 milliseconds in repetition 382
tcp_ping received 48 bytes back
Round trip time was 1.12092 milliseconds in repetition 383
tcp_ping received 48 bytes back
Round trip time was 1.02639 milliseconds in repetition 384
tcp_ping received 48 bytes back
Round trip time was 0.851435 milliseconds in repetition 385
tcp_ping received 48 bytes back
Round trip time was 0.856764 milliseconds in repetition 386
tcp_ping received 48 bytes back
Round trip time was 1.13705 milliseconds in repetition 387
tcp_ping received 48 bytes back
Round trip time was 1.01211 milliseconds in repetition 388
tcp_ping received 48 bytes back
Round trip time was 0.9723 milliseconds in repetition 389
tcp_ping received 48 bytes back
Round trip time was 1.1754 milliseconds in repetition 390
tcp_ping received 48 bytes back
Round trip time was 1.03745 milliseconds in repetition 391
tcp_ping received 48 bytes back
Round trip time was 0.934741 milliseconds in repetition 392
tcp_ping received 48 bytes back
Round trip time was 1.01959 milliseconds in repetition 393
tcp_ping received 48 bytes back
Round trip time was 1.26859 milliseconds in repetition 394
tcp_ping received 48 bytes back
Round trip time was 0.782432 milliseconds in repetition 395
tcp_ping received 48 bytes back
Round trip time was 1.47088 milliseconds in repetition 396
tcp_ping received 48 bytes back
Round trip time was 0.867841 milliseconds in repetition 397
tcp_ping received 48 bytes back
Round trip time was 0.801578 milliseconds in repetition 398
tcp_ping received 48 bytes back
Round trip time was 1.14216 milliseconds in repetition 399
tcp_ping received 48 bytes back
Round trip time was 1.84907 milliseconds in repetition 400
tcp_ping received 48 bytes back
Round trip time was 1.31136 milliseconds in repetition 401
tcp_ping received 48 bytes back
Round trip time was 0.933021 milliseconds in repetition 402
tcp_ping received 48 bytes back
Round trip time was 1.0732 milliseconds in repetition 403
tcp_ping received 48 bytes back
Round trip time was 1.08541 milliseconds in repetition 404
tcp_ping received 48 bytes back
Round trip time was 0.910596 milliseconds in repetition 405
tcp_ping received 48 bytes back
Round trip time was 0.910021 milliseconds in repetition 406
tcp_ping received 48 bytes back
Round trip time was 0.908817 milliseconds in repetition 407
tcp_ping received 48 bytes back
Round trip time was 0.98284 milliseconds in repetition 408
tcp_ping received 48 bytes back
Round trip time was 1.08141 milliseconds in repetition 409
tcp_ping received 48 bytes back
Round trip time was 0.88643 milliseconds in repetition 410
tcp_ping received 48 bytes back
Round trip time was 0.872432 milliseconds in repetition 411
tcp_ping received 48 bytes back
Round trip time was 1.96583 milliseconds in repetition 412
tcp_ping received 48 bytes back
Round trip time was 1.0192 milliseconds in repetition 413
tcp_ping received 48 bytes back
Round trip time was 0.932205 milliseconds in repetition 414
tcp_ping received 48 bytes back
Round trip time was 1.17629 milliseconds in repetition 415
tcp_ping received 48 bytes back
Round trip time was 0.974346 milliseconds in repetition 416
tcp_ping received 48 bytes back
Round trip time was 1.02536 milliseconds in repetition 417
tcp_ping received 48 bytes back
Round trip time was 0.92755 milliseconds in repetition 418
tcp_ping received 48 bytes back
Round trip time was 1.02156 milliseconds in repetition 419
tcp_ping received 48 bytes back
Round trip time was 0.895712 milliseconds in repetition 420
tcp_ping received 48 bytes back
Round trip time was 0.914523 milliseconds in repetition 421
tcp_ping received 48 bytes back
Round trip time was 1.03542 milliseconds in repetition 422
tcp_ping received 48 bytes back
Round trip time was 0.957414 milliseconds in repetition 423
tcp_ping received 48 bytes back
Round trip time was 0.989881 milliseconds in repetition 424
tcp_ping received 48 bytes back
Round trip time was 0.907659 milliseconds in repetition 425
tcp_ping received 48 bytes back
Round trip time was 0.912803 milliseconds in repetition 426
tcp_ping received 48 bytes back
Round trip time was 1.26564 milliseconds in repetition 427
tcp_ping received 48 bytes back
Round trip time was 1.04611 milliseconds in repetition 428
tcp_ping received 48 bytes back
Round trip time was 0.899567 milliseconds in repetition 429
tcp_ping received 48 bytes back
Round trip time was 0.943577 milliseconds in repetition 430
tcp_ping received 48 bytes back
Round trip time was 0.985914 milliseconds in repetition 431
tcp_ping received 48 bytes back
Round trip time was 1.12835 milliseconds in repetition 432
tcp_ping received 48 bytes back
Round trip time was 0.92656 milliseconds in repetition 433
tcp_ping received 48 bytes back
Round trip time was 0.951097 milliseconds in repetition 434
tcp_ping received 48 bytes back
Round trip time was 0.968362 milliseconds in repetition 435
tcp_ping received 48 bytes back
Round trip time was 2.5468 milliseconds in repetition 436
tcp_ping received 48 bytes back
Round trip time was 0.969426 milliseconds in repetition 437
tcp_ping received 48 bytes back
Round trip time was 1.15222 milliseconds in repetition 438
tcp_ping received 48 bytes back
Round trip time was 0.982446 milliseconds in repetition 439
tcp_ping received 48 bytes back
Round trip time was 0.940346 milliseconds in repetition 440
tcp_ping received 48 bytes back
Round trip time was 1.17103 milliseconds in repetition 441
tcp_ping received 48 bytes back
Round trip time was 1.05906 milliseconds in repetition 442
tcp_ping received 48 bytes back
Round trip time was 0.888016 milliseconds in repetition 443
tcp_ping received 48 bytes back
Round trip time was 1.00724 milliseconds in repetition 444
tcp_ping received 48 bytes back
Round trip time was 1.01016 milliseconds in repetition 445
tcp_ping received 48 bytes back
Round trip time was 0.826523 milliseconds in repetition 446
tcp_ping received 48 bytes back
Round trip time was 0.913585 milliseconds in repetition 447
tcp_ping received 48 bytes back
Round trip time was 1.15565 milliseconds in repetition 448
tcp_ping received 48 bytes back
Round trip time was 0.960217 milliseconds in repetition 449
tcp_ping received 48 bytes back
Round trip time was 0.973689 milliseconds in repetition 450
tcp_ping received 48 bytes back
Round trip time was 3.01891 milliseconds in repetition 451
tcp_ping received 48 bytes back
Round trip time was 1.00495 milliseconds in repetition 452
tcp_ping received 48 bytes back
Round trip time was 0.86612 milliseconds in repetition 453
tcp_ping received 48 bytes back
Round trip time was 0.957678 milliseconds in repetition 454
tcp_ping received 48 bytes back
Round trip time was 0.871815 milliseconds in repetition 455
tcp_ping received 48 bytes back
Round trip time was 0.874089 milliseconds in repetition 456
tcp_ping received 48 bytes back
Round trip time was 0.801582 milliseconds in repetition 457
tcp_ping received 48 bytes back
Round trip time was 1.01369 milliseconds in repetition 458
tcp_ping received 48 bytes back
Round trip time was 0.866948 milliseconds in repetition 459
tcp_ping received 48 bytes back
Round trip time was 0.813642 milliseconds in repetition 460
tcp_ping received 48 bytes back
Round trip time was 0.850263 milliseconds in repetition 461
tcp_ping received 48 bytes back
Round trip time was 0.86796 milliseconds in repetition 462
tcp_ping received 48 bytes back
Round trip time was 0.801358 milliseconds in repetition 463
tcp_ping received 48 bytes back
Round trip time was 0.87643 milliseconds in repetition 464
tcp_ping received 48 bytes back
Round trip time was 0.81937 milliseconds in repetition 465
tcp_ping received 48 bytes back
Round trip time was 0.879889 milliseconds in repetition 466
tcp_ping received 48 bytes back
Round trip time was 0.874328 milliseconds in repetition 467
tcp_ping received 48 bytes back
Round trip time was 0.796348 milliseconds in repetition 468
tcp_ping received 48 bytes back
Round trip time was 0.835089 milliseconds in repetition 469
tcp_ping received 48 bytes back
Round trip time was 1.37495 milliseconds in repetition 470
tcp_ping received 48 bytes back
Round trip time was 0.941776 milliseconds in repetition 471
tcp_ping received 48 bytes back
Round trip time was 0.894044 milliseconds in repetition 472
tcp_ping received 48 bytes back
Round trip time was 1.21037 milliseconds in repetition 473
tcp_ping received 48 bytes back
Round trip time was 0.825804 milliseconds in repetition 474
tcp_ping received 48 bytes back
Round trip time was 0.963843 milliseconds in repetition 475
tcp_ping received 48 bytes back
Round trip time was 0.85173 milliseconds in repetition 476
tcp_ping received 48 bytes back
Round trip time was 0.8373 milliseconds in repetition 477
tcp_ping received 48 bytes back
Round trip time was 0.850921 milliseconds in repetition 478
tcp_ping received 48 bytes back
Round trip time was 0.839392 milliseconds in repetition 479
tcp_ping received 48 bytes back
Round trip time was 0.877682 milliseconds in repetition 480
tcp_ping received 48 bytes back
Round trip time was 0.821552 milliseconds in repetition 481
tcp_ping received 48 bytes back
Round trip time was 0.842031 milliseconds in repetition 482
tcp_ping received 48 bytes back
Round trip time was 0.825297 milliseconds in repetition 483
tcp_ping received 48 bytes back
Round trip time was 0.928457 milliseconds in repetition 484
tcp_ping received 48 bytes back
Round trip time was 7.09823 milliseconds in repetition 485
tcp_ping received 48 bytes back
Round trip time was 1.59906 milliseconds in repetition 486
tcp_ping received 48 bytes back
Round trip time was 0.763812 milliseconds in repetition 487
tcp_ping received 48 bytes back
Round trip time was 0.843862 milliseconds in repetition 488
tcp_ping received 48 bytes back
Round trip time was 1.1953 milliseconds in repetition 489
tcp_ping received 48 bytes back
Round trip time was 1.64975 milliseconds in repetition 490
tcp_ping received 48 bytes back
Round trip time was 0.982124 milliseconds in repetition 491
tcp_ping received 48 bytes back
Round trip time was 0.990588 milliseconds in repetition 492
tcp_ping received 48 bytes back
Round trip time was 1.02799 milliseconds in repetition 493
tcp_ping received 48 bytes back
Round trip time was 0.972611 milliseconds in repetition 494
tcp_ping received 48 bytes back
Round trip time was 1.04662 milliseconds in repetition 495
tcp_ping received 48 bytes back
Round trip time was 2.23982 milliseconds in repetition 496
tcp_ping received 48 bytes back
Round trip time was 1.29827 milliseconds in repetition 497
tcp_ping received 48 bytes back
Round trip time was 1.02852 milliseconds in repetition 498
tcp_ping received 48 bytes back
Round trip time was 1.19652 milliseconds in repetition 499
tcp_ping received 48 bytes back
Round trip time was 0.961839 milliseconds in repetition 500
tcp_ping received 48 bytes back
Round trip time was 1.08286 milliseconds in repetition 501

 ... clock resolution was 1e-06
TCP Ping:  Statistics over 501 repetitions of 48 byte messages

RTT : percentile 10: 0.864981, median: 1.09962, percentile 90: 2.43941, average: 1.44052, variance: 0.745727

RTT histogram:
0.763812 92
0.782432 223
0.787097 57
0.796348 37
0.797197 25
0.801358 18
0.801578 18
0.801582 11
0.802389 2
0.803367 2
0.804333 3
0.811239 1
0.813642 3
0.814546 2
0.81937 1
0.820132 4
0.821552 1
0.825297 0
0.825804 0
0.826523 0
0.835089 1

   median Throughput : 87.3025 KB/s   overall Throughput : 66.6426 KB/s

