TCP Ping trying to connect to server webdev.disi.unige.it (130.251.61.30) on port 1491
 ... connected to Pong server: asking for 501 repetitions of 32 bytes TCP messages
 ... Pong server agreed :-)
tcp_ping received 32 bytes back
Round trip time was 2.41983 milliseconds in repetition 1
tcp_ping received 32 bytes back
Round trip time was 1.41185 milliseconds in repetition 2
tcp_ping received 32 bytes back
Round trip time was 1.41184 milliseconds in repetition 3
tcp_ping received 32 bytes back
Round trip time was 1.93451 milliseconds in repetition 4
tcp_ping received 32 bytes back
Round trip time was 1.55638 milliseconds in repetition 5
tcp_ping received 32 bytes back
Round trip time was 1.74594 milliseconds in repetition 6
tcp_ping received 32 bytes back
Round trip time was 1.87736 milliseconds in repetition 7
tcp_ping received 32 bytes back
Round trip time was 1.63965 milliseconds in repetition 8
tcp_ping received 32 bytes back
Round trip time was 1.56316 milliseconds in repetition 9
tcp_ping received 32 bytes back
Round trip time was 1.62806 milliseconds in repetition 10
tcp_ping received 32 bytes back
Round trip time was 1.76872 milliseconds in repetition 11
tcp_ping received 32 bytes back
Round trip time was 2.14601 milliseconds in repetition 12
tcp_ping received 32 bytes back
Round trip time was 1.45465 milliseconds in repetition 13
tcp_ping received 32 bytes back
Round trip time was 1.42402 milliseconds in repetition 14
tcp_ping received 32 bytes back
Round trip time was 1.36575 milliseconds in repetition 15
tcp_ping received 32 bytes back
Round trip time was 1.62842 milliseconds in repetition 16
tcp_ping received 32 bytes back
Round trip time was 1.48059 milliseconds in repetition 17
tcp_ping received 32 bytes back
Round trip time was 1.7427 milliseconds in repetition 18
tcp_ping received 32 bytes back
Round trip time was 1.60314 milliseconds in repetition 19
tcp_ping received 32 bytes back
Round trip time was 1.92668 milliseconds in repetition 20
tcp_ping received 32 bytes back
Round trip time was 1.44607 milliseconds in repetition 21
tcp_ping received 32 bytes back
Round trip time was 1.4592 milliseconds in repetition 22
tcp_ping received 32 bytes back
Round trip time was 1.45911 milliseconds in repetition 23
tcp_ping received 32 bytes back
Round trip time was 1.80185 milliseconds in repetition 24
tcp_ping received 32 bytes back
Round trip time was 1.84964 milliseconds in repetition 25
tcp_ping received 32 bytes back
Round trip time was 1.85644 milliseconds in repetition 26
tcp_ping received 32 bytes back
Round trip time was 1.75923 milliseconds in repetition 27
tcp_ping received 32 bytes back
Round trip time was 1.61774 milliseconds in repetition 28
tcp_ping received 32 bytes back
Round trip time was 1.61141 milliseconds in repetition 29
tcp_ping received 32 bytes back
Round trip time was 1.8025 milliseconds in repetition 30
tcp_ping received 32 bytes back
Round trip time was 2.44525 milliseconds in repetition 31
tcp_ping received 32 bytes back
Round trip time was 1.42511 milliseconds in repetition 32
tcp_ping received 32 bytes back
Round trip time was 1.36728 milliseconds in repetition 33
tcp_ping received 32 bytes back
Round trip time was 1.5899 milliseconds in repetition 34
tcp_ping received 32 bytes back
Round trip time was 0.832185 milliseconds in repetition 35
tcp_ping received 32 bytes back
Round trip time was 0.955536 milliseconds in repetition 36
tcp_ping received 32 bytes back
Round trip time was 0.777302 milliseconds in repetition 37
tcp_ping received 32 bytes back
Round trip time was 0.849808 milliseconds in repetition 38
tcp_ping received 32 bytes back
Round trip time was 0.870293 milliseconds in repetition 39
tcp_ping received 32 bytes back
Round trip time was 0.842742 milliseconds in repetition 40
tcp_ping received 32 bytes back
Round trip time was 0.835248 milliseconds in repetition 41
tcp_ping received 32 bytes back
Round trip time was 0.844884 milliseconds in repetition 42
tcp_ping received 32 bytes back
Round trip time was 0.834313 milliseconds in repetition 43
tcp_ping received 32 bytes back
Round trip time was 0.843901 milliseconds in repetition 44
tcp_ping received 32 bytes back
Round trip time was 0.957532 milliseconds in repetition 45
tcp_ping received 32 bytes back
Round trip time was 0.838956 milliseconds in repetition 46
tcp_ping received 32 bytes back
Round trip time was 1.08641 milliseconds in repetition 47
tcp_ping received 32 bytes back
Round trip time was 0.841539 milliseconds in repetition 48
tcp_ping received 32 bytes back
Round trip time was 0.839893 milliseconds in repetition 49
tcp_ping received 32 bytes back
Round trip time was 0.832473 milliseconds in repetition 50
tcp_ping received 32 bytes back
Round trip time was 0.794426 milliseconds in repetition 51
tcp_ping received 32 bytes back
Round trip time was 0.812404 milliseconds in repetition 52
tcp_ping received 32 bytes back
Round trip time was 0.860484 milliseconds in repetition 53
tcp_ping received 32 bytes back
Round trip time was 0.785507 milliseconds in repetition 54
tcp_ping received 32 bytes back
Round trip time was 0.847697 milliseconds in repetition 55
tcp_ping received 32 bytes back
Round trip time was 0.863527 milliseconds in repetition 56
tcp_ping received 32 bytes back
Round trip time was 0.869685 milliseconds in repetition 57
tcp_ping received 32 bytes back
Round trip time was 1.13741 milliseconds in repetition 58
tcp_ping received 32 bytes back
Round trip time was 0.931123 milliseconds in repetition 59
tcp_ping received 32 bytes back
Round trip time was 0.791275 milliseconds in repetition 60
tcp_ping received 32 bytes back
Round trip time was 0.844191 milliseconds in repetition 61
tcp_ping received 32 bytes back
Round trip time was 0.789219 milliseconds in repetition 62
tcp_ping received 32 bytes back
Round trip time was 0.772232 milliseconds in repetition 63
tcp_ping received 32 bytes back
Round trip time was 0.849877 milliseconds in repetition 64
tcp_ping received 32 bytes back
Round trip time was 0.846968 milliseconds in repetition 65
tcp_ping received 32 bytes back
Round trip time was 0.845346 milliseconds in repetition 66
tcp_ping received 32 bytes back
Round trip time was 0.843807 milliseconds in repetition 67
tcp_ping received 32 bytes back
Round trip time was 0.868389 milliseconds in repetition 68
tcp_ping received 32 bytes back
Round trip time was 0.795501 milliseconds in repetition 69
tcp_ping received 32 bytes back
Round trip time was 0.84218 milliseconds in repetition 70
tcp_ping received 32 bytes back
Round trip time was 0.998829 milliseconds in repetition 71
tcp_ping received 32 bytes back
Round trip time was 0.785953 milliseconds in repetition 72
tcp_ping received 32 bytes back
Round trip time was 0.784353 milliseconds in repetition 73
tcp_ping received 32 bytes back
Round trip time was 0.83835 milliseconds in repetition 74
tcp_ping received 32 bytes back
Round trip time was 0.847265 milliseconds in repetition 75
tcp_ping received 32 bytes back
Round trip time was 0.925983 milliseconds in repetition 76
tcp_ping received 32 bytes back
Round trip time was 0.894345 milliseconds in repetition 77
tcp_ping received 32 bytes back
Round trip time was 0.847523 milliseconds in repetition 78
tcp_ping received 32 bytes back
Round trip time was 0.841283 milliseconds in repetition 79
tcp_ping received 32 bytes back
Round trip time was 5.20162 milliseconds in repetition 80
tcp_ping received 32 bytes back
Round trip time was 1.72542 milliseconds in repetition 81
tcp_ping received 32 bytes back
Round trip time was 1.76175 milliseconds in repetition 82
tcp_ping received 32 bytes back
Round trip time was 1.11528 milliseconds in repetition 83
tcp_ping received 32 bytes back
Round trip time was 1.66843 milliseconds in repetition 84
tcp_ping received 32 bytes back
Round trip time was 0.890991 milliseconds in repetition 85
tcp_ping received 32 bytes back
Round trip time was 0.872699 milliseconds in repetition 86
tcp_ping received 32 bytes back
Round trip time was 0.755586 milliseconds in repetition 87
tcp_ping received 32 bytes back
Round trip time was 0.93369 milliseconds in repetition 88
tcp_ping received 32 bytes back
Round trip time was 1.18643 milliseconds in repetition 89
tcp_ping received 32 bytes back
Round trip time was 0.91648 milliseconds in repetition 90
tcp_ping received 32 bytes back
Round trip time was 0.885422 milliseconds in repetition 91
tcp_ping received 32 bytes back
Round trip time was 0.891257 milliseconds in repetition 92
tcp_ping received 32 bytes back
Round trip time was 0.895761 milliseconds in repetition 93
tcp_ping received 32 bytes back
Round trip time was 0.873249 milliseconds in repetition 94
tcp_ping received 32 bytes back
Round trip time was 0.977465 milliseconds in repetition 95
tcp_ping received 32 bytes back
Round trip time was 0.874398 milliseconds in repetition 96
tcp_ping received 32 bytes back
Round trip time was 0.84023 milliseconds in repetition 97
tcp_ping received 32 bytes back
Round trip time was 0.946312 milliseconds in repetition 98
tcp_ping received 32 bytes back
Round trip time was 1.16681 milliseconds in repetition 99
tcp_ping received 32 bytes back
Round trip time was 1.38248 milliseconds in repetition 100
tcp_ping received 32 bytes back
Round trip time was 1.03631 milliseconds in repetition 101
tcp_ping received 32 bytes back
Round trip time was 0.915771 milliseconds in repetition 102
tcp_ping received 32 bytes back
Round trip time was 1.10483 milliseconds in repetition 103
tcp_ping received 32 bytes back
Round trip time was 0.904344 milliseconds in repetition 104
tcp_ping received 32 bytes back
Round trip time was 0.90231 milliseconds in repetition 105
tcp_ping received 32 bytes back
Round trip time was 0.865536 milliseconds in repetition 106
tcp_ping received 32 bytes back
Round trip time was 0.87116 milliseconds in repetition 107
tcp_ping received 32 bytes back
Round trip time was 0.884499 milliseconds in repetition 108
tcp_ping received 32 bytes back
Round trip time was 1.557 milliseconds in repetition 109
tcp_ping received 32 bytes back
Round trip time was 1.20111 milliseconds in repetition 110
tcp_ping received 32 bytes back
Round trip time was 1.0036 milliseconds in repetition 111
tcp_ping received 32 bytes back
Round trip time was 1.16256 milliseconds in repetition 112
tcp_ping received 32 bytes back
Round trip time was 0.957179 milliseconds in repetition 113
tcp_ping received 32 bytes back
Round trip time was 0.838194 milliseconds in repetition 114
tcp_ping received 32 bytes back
Round trip time was 0.974155 milliseconds in repetition 115
tcp_ping received 32 bytes back
Round trip time was 0.885335 milliseconds in repetition 116
tcp_ping received 32 bytes back
Round trip time was 0.882703 milliseconds in repetition 117
tcp_ping received 32 bytes back
Round trip time was 0.984085 milliseconds in repetition 118
tcp_ping received 32 bytes back
Round trip time was 0.870255 milliseconds in repetition 119
tcp_ping received 32 bytes back
Round trip time was 0.898426 milliseconds in repetition 120
tcp_ping received 32 bytes back
Round trip time was 0.885946 milliseconds in repetition 121
tcp_ping received 32 bytes back
Round trip time was 1.13444 milliseconds in repetition 122
tcp_ping received 32 bytes back
Round trip time was 1.01323 milliseconds in repetition 123
tcp_ping received 32 bytes back
Round trip time was 1.2111 milliseconds in repetition 124
tcp_ping received 32 bytes back
Round trip time was 0.813028 milliseconds in repetition 125
tcp_ping received 32 bytes back
Round trip time was 0.922292 milliseconds in repetition 126
tcp_ping received 32 bytes back
Round trip time was 0.87272 milliseconds in repetition 127
tcp_ping received 32 bytes back
Round trip time was 0.955621 milliseconds in repetition 128
tcp_ping received 32 bytes back
Round trip time was 0.869186 milliseconds in repetition 129
tcp_ping received 32 bytes back
Round trip time was 1.05476 milliseconds in repetition 130
tcp_ping received 32 bytes back
Round trip time was 1.13912 milliseconds in repetition 131
tcp_ping received 32 bytes back
Round trip time was 2.32603 milliseconds in repetition 132
tcp_ping received 32 bytes back
Round trip time was 2.85191 milliseconds in repetition 133
tcp_ping received 32 bytes back
Round trip time was 1.12132 milliseconds in repetition 134
tcp_ping received 32 bytes back
Round trip time was 2.96363 milliseconds in repetition 135
tcp_ping received 32 bytes back
Round trip time was 2.61892 milliseconds in repetition 136
tcp_ping received 32 bytes back
Round trip time was 2.1382 milliseconds in repetition 137
tcp_ping received 32 bytes back
Round trip time was 0.918003 milliseconds in repetition 138
tcp_ping received 32 bytes back
Round trip time was 2.6088 milliseconds in repetition 139
tcp_ping received 32 bytes back
Round trip time was 2.56811 milliseconds in repetition 140
tcp_ping received 32 bytes back
Round trip time was 0.953882 milliseconds in repetition 141
tcp_ping received 32 bytes back
Round trip time was 1.10721 milliseconds in repetition 142
tcp_ping received 32 bytes back
Round trip time was 0.903555 milliseconds in repetition 143
tcp_ping received 32 bytes back
Round trip time was 5.05754 milliseconds in repetition 144
tcp_ping received 32 bytes back
Round trip time was 0.946601 milliseconds in repetition 145
tcp_ping received 32 bytes back
Round trip time was 2.05591 milliseconds in repetition 146
tcp_ping received 32 bytes back
Round trip time was 3.23195 milliseconds in repetition 147
tcp_ping received 32 bytes back
Round trip time was 1.6089 milliseconds in repetition 148
tcp_ping received 32 bytes back
Round trip time was 7.4365 milliseconds in repetition 149
tcp_ping received 32 bytes back
Round trip time was 3.13259 milliseconds in repetition 150
tcp_ping received 32 bytes back
Round trip time was 1.01938 milliseconds in repetition 151
tcp_ping received 32 bytes back
Round trip time was 0.917441 milliseconds in repetition 152
tcp_ping received 32 bytes back
Round trip time was 1.44099 milliseconds in repetition 153
tcp_ping received 32 bytes back
Round trip time was 1.03541 milliseconds in repetition 154
tcp_ping received 32 bytes back
Round trip time was 2.41865 milliseconds in repetition 155
tcp_ping received 32 bytes back
Round trip time was 1.28859 milliseconds in repetition 156
tcp_ping received 32 bytes back
Round trip time was 2.93972 milliseconds in repetition 157
tcp_ping received 32 bytes back
Round trip time was 0.942427 milliseconds in repetition 158
tcp_ping received 32 bytes back
Round trip time was 0.937011 milliseconds in repetition 159
tcp_ping received 32 bytes back
Round trip time was 1.13409 milliseconds in repetition 160
tcp_ping received 32 bytes back
Round trip time was 1.22333 milliseconds in repetition 161
tcp_ping received 32 bytes back
Round trip time was 2.69802 milliseconds in repetition 162
tcp_ping received 32 bytes back
Round trip time was 1.46211 milliseconds in repetition 163
tcp_ping received 32 bytes back
Round trip time was 0.994035 milliseconds in repetition 164
tcp_ping received 32 bytes back
Round trip time was 0.957317 milliseconds in repetition 165
tcp_ping received 32 bytes back
Round trip time was 1.14539 milliseconds in repetition 166
tcp_ping received 32 bytes back
Round trip time was 1.67333 milliseconds in repetition 167
tcp_ping received 32 bytes back
Round trip time was 2.44531 milliseconds in repetition 168
tcp_ping received 32 bytes back
Round trip time was 1.15723 milliseconds in repetition 169
tcp_ping received 32 bytes back
Round trip time was 1.57136 milliseconds in repetition 170
tcp_ping received 32 bytes back
Round trip time was 2.71834 milliseconds in repetition 171
tcp_ping received 32 bytes back
Round trip time was 1.44751 milliseconds in repetition 172
tcp_ping received 32 bytes back
Round trip time was 1.78123 milliseconds in repetition 173
tcp_ping received 32 bytes back
Round trip time was 1.13127 milliseconds in repetition 174
tcp_ping received 32 bytes back
Round trip time was 0.904605 milliseconds in repetition 175
tcp_ping received 32 bytes back
Round trip time was 4.82028 milliseconds in repetition 176
tcp_ping received 32 bytes back
Round trip time was 1.12683 milliseconds in repetition 177
tcp_ping received 32 bytes back
Round trip time was 0.96443 milliseconds in repetition 178
tcp_ping received 32 bytes back
Round trip time was 0.89472 milliseconds in repetition 179
tcp_ping received 32 bytes back
Round trip time was 0.935766 milliseconds in repetition 180
tcp_ping received 32 bytes back
Round trip time was 2.50007 milliseconds in repetition 181
tcp_ping received 32 bytes back
Round trip time was 2.97552 milliseconds in repetition 182
tcp_ping received 32 bytes back
Round trip time was 2.68589 milliseconds in repetition 183
tcp_ping received 32 bytes back
Round trip time was 1.03886 milliseconds in repetition 184
tcp_ping received 32 bytes back
Round trip time was 3.49553 milliseconds in repetition 185
tcp_ping received 32 bytes back
Round trip time was 1.05189 milliseconds in repetition 186
tcp_ping received 32 bytes back
Round trip time was 0.957024 milliseconds in repetition 187
tcp_ping received 32 bytes back
Round trip time was 1.17031 milliseconds in repetition 188
tcp_ping received 32 bytes back
Round trip time was 4.62194 milliseconds in repetition 189
tcp_ping received 32 bytes back
Round trip time was 2.85021 milliseconds in repetition 190
tcp_ping received 32 bytes back
Round trip time was 0.930719 milliseconds in repetition 191
tcp_ping received 32 bytes back
Round trip time was 1.84376 milliseconds in repetition 192
tcp_ping received 32 bytes back
Round trip time was 2.31588 milliseconds in repetition 193
tcp_ping received 32 bytes back
Round trip time was 1.34072 milliseconds in repetition 194
tcp_ping received 32 bytes back
Round trip time was 1.42816 milliseconds in repetition 195
tcp_ping received 32 bytes back
Round trip time was 1.52471 milliseconds in repetition 196
tcp_ping received 32 bytes back
Round trip time was 1.08134 milliseconds in repetition 197
tcp_ping received 32 bytes back
Round trip time was 3.32993 milliseconds in repetition 198
tcp_ping received 32 bytes back
Round trip time was 0.902097 milliseconds in repetition 199
tcp_ping received 32 bytes back
Round trip time was 1.11284 milliseconds in repetition 200
tcp_ping received 32 bytes back
Round trip time was 0.843012 milliseconds in repetition 201
tcp_ping received 32 bytes back
Round trip time was 5.24364 milliseconds in repetition 202
tcp_ping received 32 bytes back
Round trip time was 0.988515 milliseconds in repetition 203
tcp_ping received 32 bytes back
Round trip time was 0.881503 milliseconds in repetition 204
tcp_ping received 32 bytes back
Round trip time was 1.04372 milliseconds in repetition 205
tcp_ping received 32 bytes back
Round trip time was 2.0879 milliseconds in repetition 206
tcp_ping received 32 bytes back
Round trip time was 2.30527 milliseconds in repetition 207
tcp_ping received 32 bytes back
Round trip time was 1.60985 milliseconds in repetition 208
tcp_ping received 32 bytes back
Round trip time was 1.05338 milliseconds in repetition 209
tcp_ping received 32 bytes back
Round trip time was 0.897317 milliseconds in repetition 210
tcp_ping received 32 bytes back
Round trip time was 3.08989 milliseconds in repetition 211
tcp_ping received 32 bytes back
Round trip time was 1.06639 milliseconds in repetition 212
tcp_ping received 32 bytes back
Round trip time was 1.96626 milliseconds in repetition 213
tcp_ping received 32 bytes back
Round trip time was 1.61234 milliseconds in repetition 214
tcp_ping received 32 bytes back
Round trip time was 3.63437 milliseconds in repetition 215
tcp_ping received 32 bytes back
Round trip time was 1.06091 milliseconds in repetition 216
tcp_ping received 32 bytes back
Round trip time was 0.949561 milliseconds in repetition 217
tcp_ping received 32 bytes back
Round trip time was 0.957443 milliseconds in repetition 218
tcp_ping received 32 bytes back
Round trip time was 3.23616 milliseconds in repetition 219
tcp_ping received 32 bytes back
Round trip time was 1.33207 milliseconds in repetition 220
tcp_ping received 32 bytes back
Round trip time was 0.950539 milliseconds in repetition 221
tcp_ping received 32 bytes back
Round trip time was 1.39493 milliseconds in repetition 222
tcp_ping received 32 bytes back
Round trip time was 1.34023 milliseconds in repetition 223
tcp_ping received 32 bytes back
Round trip time was 0.950062 milliseconds in repetition 224
tcp_ping received 32 bytes back
Round trip time was 2.60626 milliseconds in repetition 225
tcp_ping received 32 bytes back
Round trip time was 1.73779 milliseconds in repetition 226
tcp_ping received 32 bytes back
Round trip time was 1.73591 milliseconds in repetition 227
tcp_ping received 32 bytes back
Round trip time was 0.960854 milliseconds in repetition 228
tcp_ping received 32 bytes back
Round trip time was 3.04574 milliseconds in repetition 229
tcp_ping received 32 bytes back
Round trip time was 1.58505 milliseconds in repetition 230
tcp_ping received 32 bytes back
Round trip time was 1.2952 milliseconds in repetition 231
tcp_ping received 32 bytes back
Round trip time was 1.15599 milliseconds in repetition 232
tcp_ping received 32 bytes back
Round trip time was 1.3862 milliseconds in repetition 233
tcp_ping received 32 bytes back
Round trip time was 1.38725 milliseconds in repetition 234
tcp_ping received 32 bytes back
Round trip time was 2.74074 milliseconds in repetition 235
tcp_ping received 32 bytes back
Round trip time was 1.2257 milliseconds in repetition 236
tcp_ping received 32 bytes back
Round trip time was 1.07731 milliseconds in repetition 237
tcp_ping received 32 bytes back
Round trip time was 0.97236 milliseconds in repetition 238
tcp_ping received 32 bytes back
Round trip time was 3.77834 milliseconds in repetition 239
tcp_ping received 32 bytes back
Round trip time was 0.97911 milliseconds in repetition 240
tcp_ping received 32 bytes back
Round trip time was 0.87972 milliseconds in repetition 241
tcp_ping received 32 bytes back
Round trip time was 1.52826 milliseconds in repetition 242
tcp_ping received 32 bytes back
Round trip time was 0.823403 milliseconds in repetition 243
tcp_ping received 32 bytes back
Round trip time was 1.51512 milliseconds in repetition 244
tcp_ping received 32 bytes back
Round trip time was 2.25024 milliseconds in repetition 245
tcp_ping received 32 bytes back
Round trip time was 1.09052 milliseconds in repetition 246
tcp_ping received 32 bytes back
Round trip time was 1.68061 milliseconds in repetition 247
tcp_ping received 32 bytes back
Round trip time was 2.63295 milliseconds in repetition 248
tcp_ping received 32 bytes back
Round trip time was 0.868155 milliseconds in repetition 249
tcp_ping received 32 bytes back
Round trip time was 1.90029 milliseconds in repetition 250
tcp_ping received 32 bytes back
Round trip time was 0.857821 milliseconds in repetition 251
tcp_ping received 32 bytes back
Round trip time was 1.19944 milliseconds in repetition 252
tcp_ping received 32 bytes back
Round trip time was 2.13788 milliseconds in repetition 253
tcp_ping received 32 bytes back
Round trip time was 2.45505 milliseconds in repetition 254
tcp_ping received 32 bytes back
Round trip time was 1.52871 milliseconds in repetition 255
tcp_ping received 32 bytes back
Round trip time was 1.11331 milliseconds in repetition 256
tcp_ping received 32 bytes back
Round trip time was 2.30271 milliseconds in repetition 257
tcp_ping received 32 bytes back
Round trip time was 3.13061 milliseconds in repetition 258
tcp_ping received 32 bytes back
Round trip time was 1.11532 milliseconds in repetition 259
tcp_ping received 32 bytes back
Round trip time was 2.1463 milliseconds in repetition 260
tcp_ping received 32 bytes back
Round trip time was 1.76088 milliseconds in repetition 261
tcp_ping received 32 bytes back
Round trip time was 3.32659 milliseconds in repetition 262
tcp_ping received 32 bytes back
Round trip time was 1.42854 milliseconds in repetition 263
tcp_ping received 32 bytes back
Round trip time was 1.09459 milliseconds in repetition 264
tcp_ping received 32 bytes back
Round trip time was 0.96383 milliseconds in repetition 265
tcp_ping received 32 bytes back
Round trip time was 1.66313 milliseconds in repetition 266
tcp_ping received 32 bytes back
Round trip time was 3.09737 milliseconds in repetition 267
tcp_ping received 32 bytes back
Round trip time was 1.81732 milliseconds in repetition 268
tcp_ping received 32 bytes back
Round trip time was 0.796957 milliseconds in repetition 269
tcp_ping received 32 bytes back
Round trip time was 2.26515 milliseconds in repetition 270
tcp_ping received 32 bytes back
Round trip time was 2.87844 milliseconds in repetition 271
tcp_ping received 32 bytes back
Round trip time was 0.95237 milliseconds in repetition 272
tcp_ping received 32 bytes back
Round trip time was 0.913339 milliseconds in repetition 273
tcp_ping received 32 bytes back
Round trip time was 0.910584 milliseconds in repetition 274
tcp_ping received 32 bytes back
Round trip time was 2.1838 milliseconds in repetition 275
tcp_ping received 32 bytes back
Round trip time was 2.40627 milliseconds in repetition 276
tcp_ping received 32 bytes back
Round trip time was 0.898881 milliseconds in repetition 277
tcp_ping received 32 bytes back
Round trip time was 1.17321 milliseconds in repetition 278
tcp_ping received 32 bytes back
Round trip time was 0.93461 milliseconds in repetition 279
tcp_ping received 32 bytes back
Round trip time was 1.52131 milliseconds in repetition 280
tcp_ping received 32 bytes back
Round trip time was 2.95384 milliseconds in repetition 281
tcp_ping received 32 bytes back
Round trip time was 1.03014 milliseconds in repetition 282
tcp_ping received 32 bytes back
Round trip time was 1.20376 milliseconds in repetition 283
tcp_ping received 32 bytes back
Round trip time was 2.85838 milliseconds in repetition 284
tcp_ping received 32 bytes back
Round trip time was 2.6041 milliseconds in repetition 285
tcp_ping received 32 bytes back
Round trip time was 1.08342 milliseconds in repetition 286
tcp_ping received 32 bytes back
Round trip time was 0.85246 milliseconds in repetition 287
tcp_ping received 32 bytes back
Round trip time was 1.67971 milliseconds in repetition 288
tcp_ping received 32 bytes back
Round trip time was 1.81477 milliseconds in repetition 289
tcp_ping received 32 bytes back
Round trip time was 2.60665 milliseconds in repetition 290
tcp_ping received 32 bytes back
Round trip time was 2.43698 milliseconds in repetition 291
tcp_ping received 32 bytes back
Round trip time was 1.16795 milliseconds in repetition 292
tcp_ping received 32 bytes back
Round trip time was 1.61612 milliseconds in repetition 293
tcp_ping received 32 bytes back
Round trip time was 2.58397 milliseconds in repetition 294
tcp_ping received 32 bytes back
Round trip time was 1.0924 milliseconds in repetition 295
tcp_ping received 32 bytes back
Round trip time was 0.768055 milliseconds in repetition 296
tcp_ping received 32 bytes back
Round trip time was 1.10401 milliseconds in repetition 297
tcp_ping received 32 bytes back
Round trip time was 0.973405 milliseconds in repetition 298
tcp_ping received 32 bytes back
Round trip time was 3.74435 milliseconds in repetition 299
tcp_ping received 32 bytes back
Round trip time was 1.06749 milliseconds in repetition 300
tcp_ping received 32 bytes back
Round trip time was 4.27313 milliseconds in repetition 301
tcp_ping received 32 bytes back
Round trip time was 2.20402 milliseconds in repetition 302
tcp_ping received 32 bytes back
Round trip time was 1.20125 milliseconds in repetition 303
tcp_ping received 32 bytes back
Round trip time was 0.925701 milliseconds in repetition 304
tcp_ping received 32 bytes back
Round trip time was 1.11081 milliseconds in repetition 305
tcp_ping received 32 bytes back
Round trip time was 0.902586 milliseconds in repetition 306
tcp_ping received 32 bytes back
Round trip time was 1.34727 milliseconds in repetition 307
tcp_ping received 32 bytes back
Round trip time was 1.22545 milliseconds in repetition 308
tcp_ping received 32 bytes back
Round trip time was 0.970694 milliseconds in repetition 309
tcp_ping received 32 bytes back
Round trip time was 1.48405 milliseconds in repetition 310
tcp_ping received 32 bytes back
Round trip time was 1.29036 milliseconds in repetition 311
tcp_ping received 32 bytes back
Round trip time was 1.19024 milliseconds in repetition 312
tcp_ping received 32 bytes back
Round trip time was 1.74288 milliseconds in repetition 313
tcp_ping received 32 bytes back
Round trip time was 1.23131 milliseconds in repetition 314
tcp_ping received 32 bytes back
Round trip time was 1.16948 milliseconds in repetition 315
tcp_ping received 32 bytes back
Round trip time was 0.870091 milliseconds in repetition 316
tcp_ping received 32 bytes back
Round trip time was 2.46804 milliseconds in repetition 317
tcp_ping received 32 bytes back
Round trip time was 0.97056 milliseconds in repetition 318
tcp_ping received 32 bytes back
Round trip time was 1.55867 milliseconds in repetition 319
tcp_ping received 32 bytes back
Round trip time was 1.58915 milliseconds in repetition 320
tcp_ping received 32 bytes back
Round trip time was 1.24099 milliseconds in repetition 321
tcp_ping received 32 bytes back
Round trip time was 1.38459 milliseconds in repetition 322
tcp_ping received 32 bytes back
Round trip time was 1.03231 milliseconds in repetition 323
tcp_ping received 32 bytes back
Round trip time was 1.95458 milliseconds in repetition 324
tcp_ping received 32 bytes back
Round trip time was 1.3 milliseconds in repetition 325
tcp_ping received 32 bytes back
Round trip time was 1.40683 milliseconds in repetition 326
tcp_ping received 32 bytes back
Round trip time was 0.983149 milliseconds in repetition 327
tcp_ping received 32 bytes back
Round trip time was 1.19379 milliseconds in repetition 328
tcp_ping received 32 bytes back
Round trip time was 1.23485 milliseconds in repetition 329
tcp_ping received 32 bytes back
Round trip time was 1.59593 milliseconds in repetition 330
tcp_ping received 32 bytes back
Round trip time was 1.55247 milliseconds in repetition 331
tcp_ping received 32 bytes back
Round trip time was 1.03422 milliseconds in repetition 332
tcp_ping received 32 bytes back
Round trip time was 2.01494 milliseconds in repetition 333
tcp_ping received 32 bytes back
Round trip time was 1.08725 milliseconds in repetition 334
tcp_ping received 32 bytes back
Round trip time was 1.66267 milliseconds in repetition 335
tcp_ping received 32 bytes back
Round trip time was 1.8052 milliseconds in repetition 336
tcp_ping received 32 bytes back
Round trip time was 0.985253 milliseconds in repetition 337
tcp_ping received 32 bytes back
Round trip time was 1.14064 milliseconds in repetition 338
tcp_ping received 32 bytes back
Round trip time was 1.43465 milliseconds in repetition 339
tcp_ping received 32 bytes back
Round trip time was 1.95233 milliseconds in repetition 340
tcp_ping received 32 bytes back
Round trip time was 1.20135 milliseconds in repetition 341
tcp_ping received 32 bytes back
Round trip time was 1.84956 milliseconds in repetition 342
tcp_ping received 32 bytes back
Round trip time was 1.29232 milliseconds in repetition 343
tcp_ping received 32 bytes back
Round trip time was 0.754922 milliseconds in repetition 344
tcp_ping received 32 bytes back
Round trip time was 0.886013 milliseconds in repetition 345
tcp_ping received 32 bytes back
Round trip time was 0.96816 milliseconds in repetition 346
tcp_ping received 32 bytes back
Round trip time was 1.72199 milliseconds in repetition 347
tcp_ping received 32 bytes back
Round trip time was 1.17404 milliseconds in repetition 348
tcp_ping received 32 bytes back
Round trip time was 1.39624 milliseconds in repetition 349
tcp_ping received 32 bytes back
Round trip time was 0.967416 milliseconds in repetition 350
tcp_ping received 32 bytes back
Round trip time was 1.19268 milliseconds in repetition 351
tcp_ping received 32 bytes back
Round trip time was 0.951898 milliseconds in repetition 352
tcp_ping received 32 bytes back
Round trip time was 2.17037 milliseconds in repetition 353
tcp_ping received 32 bytes back
Round trip time was 1.93987 milliseconds in repetition 354
tcp_ping received 32 bytes back
Round trip time was 1.13696 milliseconds in repetition 355
tcp_ping received 32 bytes back
Round trip time was 0.993089 milliseconds in repetition 356
tcp_ping received 32 bytes back
Round trip time was 1.16925 milliseconds in repetition 357
tcp_ping received 32 bytes back
Round trip time was 1.01352 milliseconds in repetition 358
tcp_ping received 32 bytes back
Round trip time was 1.34958 milliseconds in repetition 359
tcp_ping received 32 bytes back
Round trip time was 1.30913 milliseconds in repetition 360
tcp_ping received 32 bytes back
Round trip time was 1.54991 milliseconds in repetition 361
tcp_ping received 32 bytes back
Round trip time was 0.968966 milliseconds in repetition 362
tcp_ping received 32 bytes back
Round trip time was 1.31624 milliseconds in repetition 363
tcp_ping received 32 bytes back
Round trip time was 0.937942 milliseconds in repetition 364
tcp_ping received 32 bytes back
Round trip time was 1.71032 milliseconds in repetition 365
tcp_ping received 32 bytes back
Round trip time was 2.02137 milliseconds in repetition 366
tcp_ping received 32 bytes back
Round trip time was 1.06773 milliseconds in repetition 367
tcp_ping received 32 bytes back
Round trip time was 0.977782 milliseconds in repetition 368
tcp_ping received 32 bytes back
Round trip time was 1.1605 milliseconds in repetition 369
tcp_ping received 32 bytes back
Round trip time was 0.993794 milliseconds in repetition 370
tcp_ping received 32 bytes back
Round trip time was 1.4103 milliseconds in repetition 371
tcp_ping received 32 bytes back
Round trip time was 2.09503 milliseconds in repetition 372
tcp_ping received 32 bytes back
Round trip time was 1.26773 milliseconds in repetition 373
tcp_ping received 32 bytes back
Round trip time was 0.995241 milliseconds in repetition 374
tcp_ping received 32 bytes back
Round trip time was 1.12611 milliseconds in repetition 375
tcp_ping received 32 bytes back
Round trip time was 1.07275 milliseconds in repetition 376
tcp_ping received 32 bytes back
Round trip time was 1.29884 milliseconds in repetition 377
tcp_ping received 32 bytes back
Round trip time was 3.14869 milliseconds in repetition 378
tcp_ping received 32 bytes back
Round trip time was 1.10361 milliseconds in repetition 379
tcp_ping received 32 bytes back
Round trip time was 1.014 milliseconds in repetition 380
tcp_ping received 32 bytes back
Round trip time was 0.982766 milliseconds in repetition 381
tcp_ping received 32 bytes back
Round trip time was 1.68513 milliseconds in repetition 382
tcp_ping received 32 bytes back
Round trip time was 1.20751 milliseconds in repetition 383
tcp_ping received 32 bytes back
Round trip time was 1.01025 milliseconds in repetition 384
tcp_ping received 32 bytes back
Round trip time was 2.04318 milliseconds in repetition 385
tcp_ping received 32 bytes back
Round trip time was 0.944545 milliseconds in repetition 386
tcp_ping received 32 bytes back
Round trip time was 1.06379 milliseconds in repetition 387
tcp_ping received 32 bytes back
Round trip time was 1.4887 milliseconds in repetition 388
tcp_ping received 32 bytes back
Round trip time was 1.22263 milliseconds in repetition 389
tcp_ping received 32 bytes back
Round trip time was 1.05347 milliseconds in repetition 390
tcp_ping received 32 bytes back
Round trip time was 1.23167 milliseconds in repetition 391
tcp_ping received 32 bytes back
Round trip time was 1.97476 milliseconds in repetition 392
tcp_ping received 32 bytes back
Round trip time was 1.05686 milliseconds in repetition 393
tcp_ping received 32 bytes back
Round trip time was 1.04041 milliseconds in repetition 394
tcp_ping received 32 bytes back
Round trip time was 2.63797 milliseconds in repetition 395
tcp_ping received 32 bytes back
Round trip time was 1.15041 milliseconds in repetition 396
tcp_ping received 32 bytes back
Round trip time was 1.46035 milliseconds in repetition 397
tcp_ping received 32 bytes back
Round trip time was 0.961014 milliseconds in repetition 398
tcp_ping received 32 bytes back
Round trip time was 1.14947 milliseconds in repetition 399
tcp_ping received 32 bytes back
Round trip time was 0.887222 milliseconds in repetition 400
tcp_ping received 32 bytes back
Round trip time was 0.894706 milliseconds in repetition 401
tcp_ping received 32 bytes back
Round trip time was 0.873202 milliseconds in repetition 402
tcp_ping received 32 bytes back
Round trip time was 0.874329 milliseconds in repetition 403
tcp_ping received 32 bytes back
Round trip time was 0.87099 milliseconds in repetition 404
tcp_ping received 32 bytes back
Round trip time was 0.903564 milliseconds in repetition 405
tcp_ping received 32 bytes back
Round trip time was 0.924268 milliseconds in repetition 406
tcp_ping received 32 bytes back
Round trip time was 0.864121 milliseconds in repetition 407
tcp_ping received 32 bytes back
Round trip time was 0.893419 milliseconds in repetition 408
tcp_ping received 32 bytes back
Round trip time was 0.87387 milliseconds in repetition 409
tcp_ping received 32 bytes back
Round trip time was 1.2017 milliseconds in repetition 410
tcp_ping received 32 bytes back
Round trip time was 1.39701 milliseconds in repetition 411
tcp_ping received 32 bytes back
Round trip time was 0.879713 milliseconds in repetition 412
tcp_ping received 32 bytes back
Round trip time was 0.859136 milliseconds in repetition 413
tcp_ping received 32 bytes back
Round trip time was 0.856381 milliseconds in repetition 414
tcp_ping received 32 bytes back
Round trip time was 5.5323 milliseconds in repetition 415
tcp_ping received 32 bytes back
Round trip time was 1.07776 milliseconds in repetition 416
tcp_ping received 32 bytes back
Round trip time was 0.964902 milliseconds in repetition 417
tcp_ping received 32 bytes back
Round trip time was 0.887146 milliseconds in repetition 418
tcp_ping received 32 bytes back
Round trip time was 1.06834 milliseconds in repetition 419
tcp_ping received 32 bytes back
Round trip time was 0.88503 milliseconds in repetition 420
tcp_ping received 32 bytes back
Round trip time was 0.920736 milliseconds in repetition 421
tcp_ping received 32 bytes back
Round trip time was 0.951027 milliseconds in repetition 422
tcp_ping received 32 bytes back
Round trip time was 0.875726 milliseconds in repetition 423
tcp_ping received 32 bytes back
Round trip time was 0.88255 milliseconds in repetition 424
tcp_ping received 32 bytes back
Round trip time was 0.906701 milliseconds in repetition 425
tcp_ping received 32 bytes back
Round trip time was 0.879347 milliseconds in repetition 426
tcp_ping received 32 bytes back
Round trip time was 0.886007 milliseconds in repetition 427
tcp_ping received 32 bytes back
Round trip time was 0.879529 milliseconds in repetition 428
tcp_ping received 32 bytes back
Round trip time was 0.869633 milliseconds in repetition 429
tcp_ping received 32 bytes back
Round trip time was 0.906913 milliseconds in repetition 430
tcp_ping received 32 bytes back
Round trip time was 0.869015 milliseconds in repetition 431
tcp_ping received 32 bytes back
Round trip time was 0.985297 milliseconds in repetition 432
tcp_ping received 32 bytes back
Round trip time was 0.902084 milliseconds in repetition 433
tcp_ping received 32 bytes back
Round trip time was 0.904805 milliseconds in repetition 434
tcp_ping received 32 bytes back
Round trip time was 0.921341 milliseconds in repetition 435
tcp_ping received 32 bytes back
Round trip time was 4.33995 milliseconds in repetition 436
tcp_ping received 32 bytes back
Round trip time was 0.976448 milliseconds in repetition 437
tcp_ping received 32 bytes back
Round trip time was 0.88034 milliseconds in repetition 438
tcp_ping received 32 bytes back
Round trip time was 1.14644 milliseconds in repetition 439
tcp_ping received 32 bytes back
Round trip time was 6.07484 milliseconds in repetition 440
tcp_ping received 32 bytes back
Round trip time was 1.06097 milliseconds in repetition 441
tcp_ping received 32 bytes back
Round trip time was 0.891994 milliseconds in repetition 442
tcp_ping received 32 bytes back
Round trip time was 5.35054 milliseconds in repetition 443
tcp_ping received 32 bytes back
Round trip time was 1.17728 milliseconds in repetition 444
tcp_ping received 32 bytes back
Round trip time was 0.911273 milliseconds in repetition 445
tcp_ping received 32 bytes back
Round trip time was 4.05913 milliseconds in repetition 446
tcp_ping received 32 bytes back
Round trip time was 1.55819 milliseconds in repetition 447
tcp_ping received 32 bytes back
Round trip time was 1.37338 milliseconds in repetition 448
tcp_ping received 32 bytes back
Round trip time was 0.886833 milliseconds in repetition 449
tcp_ping received 32 bytes back
Round trip time was 3.79162 milliseconds in repetition 450
tcp_ping received 32 bytes back
Round trip time was 1.48946 milliseconds in repetition 451
tcp_ping received 32 bytes back
Round trip time was 1.13095 milliseconds in repetition 452
tcp_ping received 32 bytes back
Round trip time was 1.315 milliseconds in repetition 453
tcp_ping received 32 bytes back
Round trip time was 2.48637 milliseconds in repetition 454
tcp_ping received 32 bytes back
Round trip time was 2.316 milliseconds in repetition 455
tcp_ping received 32 bytes back
Round trip time was 2.25837 milliseconds in repetition 456
tcp_ping received 32 bytes back
Round trip time was 1.05939 milliseconds in repetition 457
tcp_ping received 32 bytes back
Round trip time was 0.900019 milliseconds in repetition 458
tcp_ping received 32 bytes back
Round trip time was 0.916715 milliseconds in repetition 459
tcp_ping received 32 bytes back
Round trip time was 0.929597 milliseconds in repetition 460
tcp_ping received 32 bytes back
Round trip time was 0.894644 milliseconds in repetition 461
tcp_ping received 32 bytes back
Round trip time was 0.899253 milliseconds in repetition 462
tcp_ping received 32 bytes back
Round trip time was 0.88075 milliseconds in repetition 463
tcp_ping received 32 bytes back
Round trip time was 0.904858 milliseconds in repetition 464
tcp_ping received 32 bytes back
Round trip time was 1.01376 milliseconds in repetition 465
tcp_ping received 32 bytes back
Round trip time was 1.70382 milliseconds in repetition 466
tcp_ping received 32 bytes back
Round trip time was 0.975172 milliseconds in repetition 467
tcp_ping received 32 bytes back
Round trip time was 0.9607 milliseconds in repetition 468
tcp_ping received 32 bytes back
Round trip time was 0.893744 milliseconds in repetition 469
tcp_ping received 32 bytes back
Round trip time was 0.931305 milliseconds in repetition 470
tcp_ping received 32 bytes back
Round trip time was 0.89712 milliseconds in repetition 471
tcp_ping received 32 bytes back
Round trip time was 0.893756 milliseconds in repetition 472
tcp_ping received 32 bytes back
Round trip time was 0.867744 milliseconds in repetition 473
tcp_ping received 32 bytes back
Round trip time was 0.904021 milliseconds in repetition 474
tcp_ping received 32 bytes back
Round trip time was 1.07378 milliseconds in repetition 475
tcp_ping received 32 bytes back
Round trip time was 0.904185 milliseconds in repetition 476
tcp_ping received 32 bytes back
Round trip time was 1.22162 milliseconds in repetition 477
tcp_ping received 32 bytes back
Round trip time was 1.4815 milliseconds in repetition 478
tcp_ping received 32 bytes back
Round trip time was 0.910373 milliseconds in repetition 479
tcp_ping received 32 bytes back
Round trip time was 0.890582 milliseconds in repetition 480
tcp_ping received 32 bytes back
Round trip time was 0.88179 milliseconds in repetition 481
tcp_ping received 32 bytes back
Round trip time was 0.885276 milliseconds in repetition 482
tcp_ping received 32 bytes back
Round trip time was 0.936953 milliseconds in repetition 483
tcp_ping received 32 bytes back
Round trip time was 0.897786 milliseconds in repetition 484
tcp_ping received 32 bytes back
Round trip time was 0.856322 milliseconds in repetition 485
tcp_ping received 32 bytes back
Round trip time was 0.871965 milliseconds in repetition 486
tcp_ping received 32 bytes back
Round trip time was 1.04378 milliseconds in repetition 487
tcp_ping received 32 bytes back
Round trip time was 0.826277 milliseconds in repetition 488
tcp_ping received 32 bytes back
Round trip time was 0.843673 milliseconds in repetition 489
tcp_ping received 32 bytes back
Round trip time was 0.87635 milliseconds in repetition 490
tcp_ping received 32 bytes back
Round trip time was 0.860895 milliseconds in repetition 491
tcp_ping received 32 bytes back
Round trip time was 0.877243 milliseconds in repetition 492
tcp_ping received 32 bytes back
Round trip time was 0.905431 milliseconds in repetition 493
tcp_ping received 32 bytes back
Round trip time was 0.800497 milliseconds in repetition 494
tcp_ping received 32 bytes back
Round trip time was 0.809277 milliseconds in repetition 495
tcp_ping received 32 bytes back
Round trip time was 0.817668 milliseconds in repetition 496
tcp_ping received 32 bytes back
Round trip time was 0.949106 milliseconds in repetition 497
tcp_ping received 32 bytes back
Round trip time was 0.886848 milliseconds in repetition 498
tcp_ping received 32 bytes back
Round trip time was 0.86753 milliseconds in repetition 499
tcp_ping received 32 bytes back
Round trip time was 0.927945 milliseconds in repetition 500
tcp_ping received 32 bytes back
Round trip time was 0.961893 milliseconds in repetition 501

 ... clock resolution was 1e-06
TCP Ping:  Statistics over 501 repetitions of 32 byte messages

RTT : percentile 10: 0.859136, median: 1.0924, percentile 90: 2.46804, average: 1.42977, variance: 0.739261

RTT histogram:
0.754922 147
0.755586 162
0.768055 63
0.772232 43
0.777302 21
0.784353 19
0.785507 15
0.785953 12
0.789219 3
0.791275 4
0.794426 1
0.795501 2
0.796957 2
0.800497 3
0.809277 2
0.812404 0
0.813028 1
0.817668 0
0.823403 0
0.826277 0
0.832185 1

   median Throughput : 58.5868 KB/s   overall Throughput : 44.7624 KB/s

