TCP Ping trying to connect to server webdev.disi.unige.it (130.251.61.30) on port 1491
 ... connected to Pong server: asking for 501 repetitions of 32768 bytes TCP messages
 ... Pong server agreed :-)
tcp_ping received 32768 bytes back
Round trip time was 23.7904 milliseconds in repetition 1
tcp_ping received 32768 bytes back
Round trip time was 12.6556 milliseconds in repetition 2
tcp_ping received 32768 bytes back
Round trip time was 8.22061 milliseconds in repetition 3
tcp_ping received 32768 bytes back
Round trip time was 16.6613 milliseconds in repetition 4
tcp_ping received 32768 bytes back
Round trip time was 10.6707 milliseconds in repetition 5
tcp_ping received 32768 bytes back
Round trip time was 9.33901 milliseconds in repetition 6
tcp_ping received 32768 bytes back
Round trip time was 11.6138 milliseconds in repetition 7
tcp_ping received 32768 bytes back
Round trip time was 9.33395 milliseconds in repetition 8
tcp_ping received 32768 bytes back
Round trip time was 21.1598 milliseconds in repetition 9
tcp_ping received 32768 bytes back
Round trip time was 10.9285 milliseconds in repetition 10
tcp_ping received 32768 bytes back
Round trip time was 11.4713 milliseconds in repetition 11
tcp_ping received 32768 bytes back
Round trip time was 7.67559 milliseconds in repetition 12
tcp_ping received 32768 bytes back
Round trip time was 7.72412 milliseconds in repetition 13
tcp_ping received 32768 bytes back
Round trip time was 12.3641 milliseconds in repetition 14
tcp_ping received 32768 bytes back
Round trip time was 16.8475 milliseconds in repetition 15
tcp_ping received 32768 bytes back
Round trip time was 10.4512 milliseconds in repetition 16
tcp_ping received 32768 bytes back
Round trip time was 12.607 milliseconds in repetition 17
tcp_ping received 32768 bytes back
Round trip time was 9.43592 milliseconds in repetition 18
tcp_ping received 32768 bytes back
Round trip time was 10.1279 milliseconds in repetition 19
tcp_ping received 32768 bytes back
Round trip time was 9.62797 milliseconds in repetition 20
tcp_ping received 32768 bytes back
Round trip time was 17.0629 milliseconds in repetition 21
tcp_ping received 32768 bytes back
Round trip time was 8.17565 milliseconds in repetition 22
tcp_ping received 32768 bytes back
Round trip time was 8.10702 milliseconds in repetition 23
tcp_ping received 32768 bytes back
Round trip time was 14.0295 milliseconds in repetition 24
tcp_ping received 32768 bytes back
Round trip time was 11.1311 milliseconds in repetition 25
tcp_ping received 32768 bytes back
Round trip time was 11.0332 milliseconds in repetition 26
tcp_ping received 32768 bytes back
Round trip time was 8.79893 milliseconds in repetition 27
tcp_ping received 32768 bytes back
Round trip time was 12.4429 milliseconds in repetition 28
tcp_ping received 32768 bytes back
Round trip time was 15.1207 milliseconds in repetition 29
tcp_ping received 32768 bytes back
Round trip time was 12.4175 milliseconds in repetition 30
tcp_ping received 32768 bytes back
Round trip time was 16.4343 milliseconds in repetition 31
tcp_ping received 32768 bytes back
Round trip time was 14.8858 milliseconds in repetition 32
tcp_ping received 32768 bytes back
Round trip time was 8.85617 milliseconds in repetition 33
tcp_ping received 32768 bytes back
Round trip time was 13.1449 milliseconds in repetition 34
tcp_ping received 32768 bytes back
Round trip time was 15.0205 milliseconds in repetition 35
tcp_ping received 32768 bytes back
Round trip time was 8.04397 milliseconds in repetition 36
tcp_ping received 32768 bytes back
Round trip time was 9.07005 milliseconds in repetition 37
tcp_ping received 32768 bytes back
Round trip time was 8.02618 milliseconds in repetition 38
tcp_ping received 32768 bytes back
Round trip time was 22.8115 milliseconds in repetition 39
tcp_ping received 32768 bytes back
Round trip time was 15.2434 milliseconds in repetition 40
tcp_ping received 32768 bytes back
Round trip time was 8.78434 milliseconds in repetition 41
tcp_ping received 32768 bytes back
Round trip time was 9.77584 milliseconds in repetition 42
tcp_ping received 32768 bytes back
Round trip time was 9.99563 milliseconds in repetition 43
tcp_ping received 32768 bytes back
Round trip time was 15.8273 milliseconds in repetition 44
tcp_ping received 32768 bytes back
Round trip time was 10.8452 milliseconds in repetition 45
tcp_ping received 32768 bytes back
Round trip time was 11.1575 milliseconds in repetition 46
tcp_ping received 32768 bytes back
Round trip time was 11.7698 milliseconds in repetition 47
tcp_ping received 32768 bytes back
Round trip time was 12.4635 milliseconds in repetition 48
tcp_ping received 32768 bytes back
Round trip time was 9.89801 milliseconds in repetition 49
tcp_ping received 32768 bytes back
Round trip time was 15.8859 milliseconds in repetition 50
tcp_ping received 32768 bytes back
Round trip time was 8.07719 milliseconds in repetition 51
tcp_ping received 32768 bytes back
Round trip time was 19.9852 milliseconds in repetition 52
tcp_ping received 32768 bytes back
Round trip time was 11.4542 milliseconds in repetition 53
tcp_ping received 32768 bytes back
Round trip time was 13.0302 milliseconds in repetition 54
tcp_ping received 32768 bytes back
Round trip time was 14.6629 milliseconds in repetition 55
tcp_ping received 32768 bytes back
Round trip time was 12.1442 milliseconds in repetition 56
tcp_ping received 32768 bytes back
Round trip time was 7.68345 milliseconds in repetition 57
tcp_ping received 32768 bytes back
Round trip time was 8.06926 milliseconds in repetition 58
tcp_ping received 32768 bytes back
Round trip time was 10.7687 milliseconds in repetition 59
tcp_ping received 32768 bytes back
Round trip time was 14.6714 milliseconds in repetition 60
tcp_ping received 32768 bytes back
Round trip time was 8.48005 milliseconds in repetition 61
tcp_ping received 32768 bytes back
Round trip time was 9.04322 milliseconds in repetition 62
tcp_ping received 32768 bytes back
Round trip time was 15.014 milliseconds in repetition 63
tcp_ping received 32768 bytes back
Round trip time was 9.80596 milliseconds in repetition 64
tcp_ping received 32768 bytes back
Round trip time was 8.30936 milliseconds in repetition 65
tcp_ping received 32768 bytes back
Round trip time was 13.8794 milliseconds in repetition 66
tcp_ping received 32768 bytes back
Round trip time was 8.34906 milliseconds in repetition 67
tcp_ping received 32768 bytes back
Round trip time was 13.8791 milliseconds in repetition 68
tcp_ping received 32768 bytes back
Round trip time was 8.44831 milliseconds in repetition 69
tcp_ping received 32768 bytes back
Round trip time was 8.20337 milliseconds in repetition 70
tcp_ping received 32768 bytes back
Round trip time was 15.9424 milliseconds in repetition 71
tcp_ping received 32768 bytes back
Round trip time was 16.3287 milliseconds in repetition 72
tcp_ping received 32768 bytes back
Round trip time was 13.7641 milliseconds in repetition 73
tcp_ping received 32768 bytes back
Round trip time was 8.96379 milliseconds in repetition 74
tcp_ping received 32768 bytes back
Round trip time was 7.94083 milliseconds in repetition 75
tcp_ping received 32768 bytes back
Round trip time was 14.1153 milliseconds in repetition 76
tcp_ping received 32768 bytes back
Round trip time was 8.70732 milliseconds in repetition 77
tcp_ping received 32768 bytes back
Round trip time was 9.37624 milliseconds in repetition 78
tcp_ping received 32768 bytes back
Round trip time was 10.3096 milliseconds in repetition 79
tcp_ping received 32768 bytes back
Round trip time was 9.24054 milliseconds in repetition 80
tcp_ping received 32768 bytes back
Round trip time was 8.03469 milliseconds in repetition 81
tcp_ping received 32768 bytes back
Round trip time was 11.5552 milliseconds in repetition 82
tcp_ping received 32768 bytes back
Round trip time was 8.51359 milliseconds in repetition 83
tcp_ping received 32768 bytes back
Round trip time was 7.76966 milliseconds in repetition 84
tcp_ping received 32768 bytes back
Round trip time was 7.82119 milliseconds in repetition 85
tcp_ping received 32768 bytes back
Round trip time was 10.4147 milliseconds in repetition 86
tcp_ping received 32768 bytes back
Round trip time was 8.51295 milliseconds in repetition 87
tcp_ping received 32768 bytes back
Round trip time was 17.8664 milliseconds in repetition 88
tcp_ping received 32768 bytes back
Round trip time was 13.8652 milliseconds in repetition 89
tcp_ping received 32768 bytes back
Round trip time was 10.3823 milliseconds in repetition 90
tcp_ping received 32768 bytes back
Round trip time was 8.24008 milliseconds in repetition 91
tcp_ping received 32768 bytes back
Round trip time was 9.90665 milliseconds in repetition 92
tcp_ping received 32768 bytes back
Round trip time was 9.43623 milliseconds in repetition 93
tcp_ping received 32768 bytes back
Round trip time was 10.2865 milliseconds in repetition 94
tcp_ping received 32768 bytes back
Round trip time was 13.374 milliseconds in repetition 95
tcp_ping received 32768 bytes back
Round trip time was 9.45248 milliseconds in repetition 96
tcp_ping received 32768 bytes back
Round trip time was 8.1674 milliseconds in repetition 97
tcp_ping received 32768 bytes back
Round trip time was 15.1744 milliseconds in repetition 98
tcp_ping received 32768 bytes back
Round trip time was 8.75899 milliseconds in repetition 99
tcp_ping received 32768 bytes back
Round trip time was 11.7265 milliseconds in repetition 100
tcp_ping received 32768 bytes back
Round trip time was 9.70071 milliseconds in repetition 101
tcp_ping received 32768 bytes back
Round trip time was 9.78169 milliseconds in repetition 102
tcp_ping received 32768 bytes back
Round trip time was 15.0558 milliseconds in repetition 103
tcp_ping received 32768 bytes back
Round trip time was 15.9702 milliseconds in repetition 104
tcp_ping received 32768 bytes back
Round trip time was 24.1131 milliseconds in repetition 105
tcp_ping received 32768 bytes back
Round trip time was 8.98751 milliseconds in repetition 106
tcp_ping received 32768 bytes back
Round trip time was 13.8327 milliseconds in repetition 107
tcp_ping received 32768 bytes back
Round trip time was 9.08588 milliseconds in repetition 108
tcp_ping received 32768 bytes back
Round trip time was 14.0353 milliseconds in repetition 109
tcp_ping received 32768 bytes back
Round trip time was 21.8902 milliseconds in repetition 110
tcp_ping received 32768 bytes back
Round trip time was 9.42111 milliseconds in repetition 111
tcp_ping received 32768 bytes back
Round trip time was 7.70815 milliseconds in repetition 112
tcp_ping received 32768 bytes back
Round trip time was 11.2341 milliseconds in repetition 113
tcp_ping received 32768 bytes back
Round trip time was 9.41712 milliseconds in repetition 114
tcp_ping received 32768 bytes back
Round trip time was 14.9262 milliseconds in repetition 115
tcp_ping received 32768 bytes back
Round trip time was 8.08268 milliseconds in repetition 116
tcp_ping received 32768 bytes back
Round trip time was 13.7692 milliseconds in repetition 117
tcp_ping received 32768 bytes back
Round trip time was 12.0955 milliseconds in repetition 118
tcp_ping received 32768 bytes back
Round trip time was 11.9289 milliseconds in repetition 119
tcp_ping received 32768 bytes back
Round trip time was 12.6239 milliseconds in repetition 120
tcp_ping received 32768 bytes back
Round trip time was 8.80057 milliseconds in repetition 121
tcp_ping received 32768 bytes back
Round trip time was 13.4966 milliseconds in repetition 122
tcp_ping received 32768 bytes back
Round trip time was 10.9992 milliseconds in repetition 123
tcp_ping received 32768 bytes back
Round trip time was 11.1228 milliseconds in repetition 124
tcp_ping received 32768 bytes back
Round trip time was 12.8632 milliseconds in repetition 125
tcp_ping received 32768 bytes back
Round trip time was 9.43255 milliseconds in repetition 126
tcp_ping received 32768 bytes back
Round trip time was 19.0101 milliseconds in repetition 127
tcp_ping received 32768 bytes back
Round trip time was 10.5754 milliseconds in repetition 128
tcp_ping received 32768 bytes back
Round trip time was 14.1846 milliseconds in repetition 129
tcp_ping received 32768 bytes back
Round trip time was 8.20113 milliseconds in repetition 130
tcp_ping received 32768 bytes back
Round trip time was 11.7622 milliseconds in repetition 131
tcp_ping received 32768 bytes back
Round trip time was 10.1986 milliseconds in repetition 132
tcp_ping received 32768 bytes back
Round trip time was 10.0482 milliseconds in repetition 133
tcp_ping received 32768 bytes back
Round trip time was 9.94066 milliseconds in repetition 134
tcp_ping received 32768 bytes back
Round trip time was 13.4445 milliseconds in repetition 135
tcp_ping received 32768 bytes back
Round trip time was 14.1211 milliseconds in repetition 136
tcp_ping received 32768 bytes back
Round trip time was 11.8046 milliseconds in repetition 137
tcp_ping received 32768 bytes back
Round trip time was 13.2014 milliseconds in repetition 138
tcp_ping received 32768 bytes back
Round trip time was 16.3829 milliseconds in repetition 139
tcp_ping received 32768 bytes back
Round trip time was 13.8905 milliseconds in repetition 140
tcp_ping received 32768 bytes back
Round trip time was 8.42016 milliseconds in repetition 141
tcp_ping received 32768 bytes back
Round trip time was 15.3657 milliseconds in repetition 142
tcp_ping received 32768 bytes back
Round trip time was 9.39759 milliseconds in repetition 143
tcp_ping received 32768 bytes back
Round trip time was 10.8786 milliseconds in repetition 144
tcp_ping received 32768 bytes back
Round trip time was 13.8258 milliseconds in repetition 145
tcp_ping received 32768 bytes back
Round trip time was 8.91732 milliseconds in repetition 146
tcp_ping received 32768 bytes back
Round trip time was 17.6946 milliseconds in repetition 147
tcp_ping received 32768 bytes back
Round trip time was 15.6625 milliseconds in repetition 148
tcp_ping received 32768 bytes back
Round trip time was 8.02294 milliseconds in repetition 149
tcp_ping received 32768 bytes back
Round trip time was 18.4578 milliseconds in repetition 150
tcp_ping received 32768 bytes back
Round trip time was 7.89443 milliseconds in repetition 151
tcp_ping received 32768 bytes back
Round trip time was 13.2623 milliseconds in repetition 152
tcp_ping received 32768 bytes back
Round trip time was 14.7394 milliseconds in repetition 153
tcp_ping received 32768 bytes back
Round trip time was 14.542 milliseconds in repetition 154
tcp_ping received 32768 bytes back
Round trip time was 8.90614 milliseconds in repetition 155
tcp_ping received 32768 bytes back
Round trip time was 8.37459 milliseconds in repetition 156
tcp_ping received 32768 bytes back
Round trip time was 13.014 milliseconds in repetition 157
tcp_ping received 32768 bytes back
Round trip time was 7.70456 milliseconds in repetition 158
tcp_ping received 32768 bytes back
Round trip time was 12.1938 milliseconds in repetition 159
tcp_ping received 32768 bytes back
Round trip time was 11.4436 milliseconds in repetition 160
tcp_ping received 32768 bytes back
Round trip time was 10.3206 milliseconds in repetition 161
tcp_ping received 32768 bytes back
Round trip time was 7.89075 milliseconds in repetition 162
tcp_ping received 32768 bytes back
Round trip time was 8.78146 milliseconds in repetition 163
tcp_ping received 32768 bytes back
Round trip time was 9.57145 milliseconds in repetition 164
tcp_ping received 32768 bytes back
Round trip time was 8.54264 milliseconds in repetition 165
tcp_ping received 32768 bytes back
Round trip time was 9.99489 milliseconds in repetition 166
tcp_ping received 32768 bytes back
Round trip time was 7.43408 milliseconds in repetition 167
tcp_ping received 32768 bytes back
Round trip time was 7.42953 milliseconds in repetition 168
tcp_ping received 32768 bytes back
Round trip time was 7.66829 milliseconds in repetition 169
tcp_ping received 32768 bytes back
Round trip time was 7.26677 milliseconds in repetition 170
tcp_ping received 32768 bytes back
Round trip time was 11.3226 milliseconds in repetition 171
tcp_ping received 32768 bytes back
Round trip time was 10.0622 milliseconds in repetition 172
tcp_ping received 32768 bytes back
Round trip time was 20.1869 milliseconds in repetition 173
tcp_ping received 32768 bytes back
Round trip time was 8.29519 milliseconds in repetition 174
tcp_ping received 32768 bytes back
Round trip time was 10.422 milliseconds in repetition 175
tcp_ping received 32768 bytes back
Round trip time was 7.93225 milliseconds in repetition 176
tcp_ping received 32768 bytes back
Round trip time was 7.43837 milliseconds in repetition 177
tcp_ping received 32768 bytes back
Round trip time was 13.119 milliseconds in repetition 178
tcp_ping received 32768 bytes back
Round trip time was 9.30967 milliseconds in repetition 179
tcp_ping received 32768 bytes back
Round trip time was 7.42172 milliseconds in repetition 180
tcp_ping received 32768 bytes back
Round trip time was 8.17377 milliseconds in repetition 181
tcp_ping received 32768 bytes back
Round trip time was 9.82539 milliseconds in repetition 182
tcp_ping received 32768 bytes back
Round trip time was 13.9203 milliseconds in repetition 183
tcp_ping received 32768 bytes back
Round trip time was 7.85359 milliseconds in repetition 184
tcp_ping received 32768 bytes back
Round trip time was 8.56676 milliseconds in repetition 185
tcp_ping received 32768 bytes back
Round trip time was 14.8211 milliseconds in repetition 186
tcp_ping received 32768 bytes back
Round trip time was 7.68291 milliseconds in repetition 187
tcp_ping received 32768 bytes back
Round trip time was 9.32198 milliseconds in repetition 188
tcp_ping received 32768 bytes back
Round trip time was 14.1243 milliseconds in repetition 189
tcp_ping received 32768 bytes back
Round trip time was 7.62573 milliseconds in repetition 190
tcp_ping received 32768 bytes back
Round trip time was 15.0486 milliseconds in repetition 191
tcp_ping received 32768 bytes back
Round trip time was 8.28309 milliseconds in repetition 192
tcp_ping received 32768 bytes back
Round trip time was 9.11598 milliseconds in repetition 193
tcp_ping received 32768 bytes back
Round trip time was 11.7161 milliseconds in repetition 194
tcp_ping received 32768 bytes back
Round trip time was 9.41523 milliseconds in repetition 195
tcp_ping received 32768 bytes back
Round trip time was 12.7752 milliseconds in repetition 196
tcp_ping received 32768 bytes back
Round trip time was 17.5049 milliseconds in repetition 197
tcp_ping received 32768 bytes back
Round trip time was 12.7799 milliseconds in repetition 198
tcp_ping received 32768 bytes back
Round trip time was 11.2833 milliseconds in repetition 199
tcp_ping received 32768 bytes back
Round trip time was 13.1642 milliseconds in repetition 200
tcp_ping received 32768 bytes back
Round trip time was 13.3872 milliseconds in repetition 201
tcp_ping received 32768 bytes back
Round trip time was 8.04679 milliseconds in repetition 202
tcp_ping received 32768 bytes back
Round trip time was 7.99682 milliseconds in repetition 203
tcp_ping received 32768 bytes back
Round trip time was 13.6653 milliseconds in repetition 204
tcp_ping received 32768 bytes back
Round trip time was 14.2012 milliseconds in repetition 205
tcp_ping received 32768 bytes back
Round trip time was 8.6924 milliseconds in repetition 206
tcp_ping received 32768 bytes back
Round trip time was 8.09947 milliseconds in repetition 207
tcp_ping received 32768 bytes back
Round trip time was 7.29551 milliseconds in repetition 208
tcp_ping received 32768 bytes back
Round trip time was 7.68675 milliseconds in repetition 209
tcp_ping received 32768 bytes back
Round trip time was 7.93255 milliseconds in repetition 210
tcp_ping received 32768 bytes back
Round trip time was 13.1517 milliseconds in repetition 211
tcp_ping received 32768 bytes back
Round trip time was 18.7742 milliseconds in repetition 212
tcp_ping received 32768 bytes back
Round trip time was 10.1258 milliseconds in repetition 213
tcp_ping received 32768 bytes back
Round trip time was 14.7766 milliseconds in repetition 214
tcp_ping received 32768 bytes back
Round trip time was 14.8918 milliseconds in repetition 215
tcp_ping received 32768 bytes back
Round trip time was 9.45824 milliseconds in repetition 216
tcp_ping received 32768 bytes back
Round trip time was 10.3343 milliseconds in repetition 217
tcp_ping received 32768 bytes back
Round trip time was 11.6226 milliseconds in repetition 218
tcp_ping received 32768 bytes back
Round trip time was 9.06443 milliseconds in repetition 219
tcp_ping received 32768 bytes back
Round trip time was 8.12454 milliseconds in repetition 220
tcp_ping received 32768 bytes back
Round trip time was 12.86 milliseconds in repetition 221
tcp_ping received 32768 bytes back
Round trip time was 10.9385 milliseconds in repetition 222
tcp_ping received 32768 bytes back
Round trip time was 7.7887 milliseconds in repetition 223
tcp_ping received 32768 bytes back
Round trip time was 7.84546 milliseconds in repetition 224
tcp_ping received 32768 bytes back
Round trip time was 16.659 milliseconds in repetition 225
tcp_ping received 32768 bytes back
Round trip time was 9.55764 milliseconds in repetition 226
tcp_ping received 32768 bytes back
Round trip time was 13.4545 milliseconds in repetition 227
tcp_ping received 32768 bytes back
Round trip time was 8.23505 milliseconds in repetition 228
tcp_ping received 32768 bytes back
Round trip time was 7.74246 milliseconds in repetition 229
tcp_ping received 32768 bytes back
Round trip time was 10.4726 milliseconds in repetition 230
tcp_ping received 32768 bytes back
Round trip time was 15.2831 milliseconds in repetition 231
tcp_ping received 32768 bytes back
Round trip time was 11.5197 milliseconds in repetition 232
tcp_ping received 32768 bytes back
Round trip time was 7.86248 milliseconds in repetition 233
tcp_ping received 32768 bytes back
Round trip time was 8.25155 milliseconds in repetition 234
tcp_ping received 32768 bytes back
Round trip time was 7.65924 milliseconds in repetition 235
tcp_ping received 32768 bytes back
Round trip time was 7.82056 milliseconds in repetition 236
tcp_ping received 32768 bytes back
Round trip time was 10.561 milliseconds in repetition 237
tcp_ping received 32768 bytes back
Round trip time was 15.7645 milliseconds in repetition 238
tcp_ping received 32768 bytes back
Round trip time was 7.48875 milliseconds in repetition 239
tcp_ping received 32768 bytes back
Round trip time was 7.66512 milliseconds in repetition 240
tcp_ping received 32768 bytes back
Round trip time was 7.67312 milliseconds in repetition 241
tcp_ping received 32768 bytes back
Round trip time was 14.494 milliseconds in repetition 242
tcp_ping received 32768 bytes back
Round trip time was 8.59215 milliseconds in repetition 243
tcp_ping received 32768 bytes back
Round trip time was 7.89768 milliseconds in repetition 244
tcp_ping received 32768 bytes back
Round trip time was 7.92328 milliseconds in repetition 245
tcp_ping received 32768 bytes back
Round trip time was 13.3655 milliseconds in repetition 246
tcp_ping received 32768 bytes back
Round trip time was 9.54214 milliseconds in repetition 247
tcp_ping received 32768 bytes back
Round trip time was 12.0404 milliseconds in repetition 248
tcp_ping received 32768 bytes back
Round trip time was 8.43595 milliseconds in repetition 249
tcp_ping received 32768 bytes back
Round trip time was 14.648 milliseconds in repetition 250
tcp_ping received 32768 bytes back
Round trip time was 8.02883 milliseconds in repetition 251
tcp_ping received 32768 bytes back
Round trip time was 10.9386 milliseconds in repetition 252
tcp_ping received 32768 bytes back
Round trip time was 9.15472 milliseconds in repetition 253
tcp_ping received 32768 bytes back
Round trip time was 11.9604 milliseconds in repetition 254
tcp_ping received 32768 bytes back
Round trip time was 8.03428 milliseconds in repetition 255
tcp_ping received 32768 bytes back
Round trip time was 10.7796 milliseconds in repetition 256
tcp_ping received 32768 bytes back
Round trip time was 14.2878 milliseconds in repetition 257
tcp_ping received 32768 bytes back
Round trip time was 13.1529 milliseconds in repetition 258
tcp_ping received 32768 bytes back
Round trip time was 15.9753 milliseconds in repetition 259
tcp_ping received 32768 bytes back
Round trip time was 8.43157 milliseconds in repetition 260
tcp_ping received 32768 bytes back
Round trip time was 9.46229 milliseconds in repetition 261
tcp_ping received 32768 bytes back
Round trip time was 8.15496 milliseconds in repetition 262
tcp_ping received 32768 bytes back
Round trip time was 11.2213 milliseconds in repetition 263
tcp_ping received 32768 bytes back
Round trip time was 13.0096 milliseconds in repetition 264
tcp_ping received 32768 bytes back
Round trip time was 10.1102 milliseconds in repetition 265
tcp_ping received 32768 bytes back
Round trip time was 8.5481 milliseconds in repetition 266
tcp_ping received 32768 bytes back
Round trip time was 16.7919 milliseconds in repetition 267
tcp_ping received 32768 bytes back
Round trip time was 15.1378 milliseconds in repetition 268
tcp_ping received 32768 bytes back
Round trip time was 8.20213 milliseconds in repetition 269
tcp_ping received 32768 bytes back
Round trip time was 11.0577 milliseconds in repetition 270
tcp_ping received 32768 bytes back
Round trip time was 8.41496 milliseconds in repetition 271
tcp_ping received 32768 bytes back
Round trip time was 13.3616 milliseconds in repetition 272
tcp_ping received 32768 bytes back
Round trip time was 12.416 milliseconds in repetition 273
tcp_ping received 32768 bytes back
Round trip time was 9.00688 milliseconds in repetition 274
tcp_ping received 32768 bytes back
Round trip time was 11.5435 milliseconds in repetition 275
tcp_ping received 32768 bytes back
Round trip time was 14.2027 milliseconds in repetition 276
tcp_ping received 32768 bytes back
Round trip time was 14.054 milliseconds in repetition 277
tcp_ping received 32768 bytes back
Round trip time was 9.38022 milliseconds in repetition 278
tcp_ping received 32768 bytes back
Round trip time was 8.01016 milliseconds in repetition 279
tcp_ping received 32768 bytes back
Round trip time was 8.99638 milliseconds in repetition 280
tcp_ping received 32768 bytes back
Round trip time was 8.68903 milliseconds in repetition 281
tcp_ping received 32768 bytes back
Round trip time was 14.0796 milliseconds in repetition 282
tcp_ping received 32768 bytes back
Round trip time was 13.3339 milliseconds in repetition 283
tcp_ping received 32768 bytes back
Round trip time was 14.6914 milliseconds in repetition 284
tcp_ping received 32768 bytes back
Round trip time was 9.37678 milliseconds in repetition 285
tcp_ping received 32768 bytes back
Round trip time was 11.3351 milliseconds in repetition 286
tcp_ping received 32768 bytes back
Round trip time was 8.41303 milliseconds in repetition 287
tcp_ping received 32768 bytes back
Round trip time was 7.59039 milliseconds in repetition 288
tcp_ping received 32768 bytes back
Round trip time was 8.7574 milliseconds in repetition 289
tcp_ping received 32768 bytes back
Round trip time was 12.9334 milliseconds in repetition 290
tcp_ping received 32768 bytes back
Round trip time was 7.8696 milliseconds in repetition 291
tcp_ping received 32768 bytes back
Round trip time was 8.23972 milliseconds in repetition 292
tcp_ping received 32768 bytes back
Round trip time was 11.5028 milliseconds in repetition 293
tcp_ping received 32768 bytes back
Round trip time was 12.8877 milliseconds in repetition 294
tcp_ping received 32768 bytes back
Round trip time was 8.06181 milliseconds in repetition 295
tcp_ping received 32768 bytes back
Round trip time was 12.7249 milliseconds in repetition 296
tcp_ping received 32768 bytes back
Round trip time was 15.8124 milliseconds in repetition 297
tcp_ping received 32768 bytes back
Round trip time was 7.945 milliseconds in repetition 298
tcp_ping received 32768 bytes back
Round trip time was 13.4714 milliseconds in repetition 299
tcp_ping received 32768 bytes back
Round trip time was 19.5643 milliseconds in repetition 300
tcp_ping received 32768 bytes back
Round trip time was 9.32467 milliseconds in repetition 301
tcp_ping received 32768 bytes back
Round trip time was 8.45575 milliseconds in repetition 302
tcp_ping received 32768 bytes back
Round trip time was 12.0772 milliseconds in repetition 303
tcp_ping received 32768 bytes back
Round trip time was 9.17983 milliseconds in repetition 304
tcp_ping received 32768 bytes back
Round trip time was 13.0359 milliseconds in repetition 305
tcp_ping received 32768 bytes back
Round trip time was 7.64873 milliseconds in repetition 306
tcp_ping received 32768 bytes back
Round trip time was 7.93128 milliseconds in repetition 307
tcp_ping received 32768 bytes back
Round trip time was 13.2257 milliseconds in repetition 308
tcp_ping received 32768 bytes back
Round trip time was 7.75791 milliseconds in repetition 309
tcp_ping received 32768 bytes back
Round trip time was 9.18975 milliseconds in repetition 310
tcp_ping received 32768 bytes back
Round trip time was 9.42152 milliseconds in repetition 311
tcp_ping received 32768 bytes back
Round trip time was 13.5454 milliseconds in repetition 312
tcp_ping received 32768 bytes back
Round trip time was 10.4116 milliseconds in repetition 313
tcp_ping received 32768 bytes back
Round trip time was 8.52155 milliseconds in repetition 314
tcp_ping received 32768 bytes back
Round trip time was 11.5784 milliseconds in repetition 315
tcp_ping received 32768 bytes back
Round trip time was 16.6787 milliseconds in repetition 316
tcp_ping received 32768 bytes back
Round trip time was 8.4952 milliseconds in repetition 317
tcp_ping received 32768 bytes back
Round trip time was 11.7291 milliseconds in repetition 318
tcp_ping received 32768 bytes back
Round trip time was 14.0015 milliseconds in repetition 319
tcp_ping received 32768 bytes back
Round trip time was 8.62501 milliseconds in repetition 320
tcp_ping received 32768 bytes back
Round trip time was 13.8841 milliseconds in repetition 321
tcp_ping received 32768 bytes back
Round trip time was 12.309 milliseconds in repetition 322
tcp_ping received 32768 bytes back
Round trip time was 9.50604 milliseconds in repetition 323
tcp_ping received 32768 bytes back
Round trip time was 15.5298 milliseconds in repetition 324
tcp_ping received 32768 bytes back
Round trip time was 9.12834 milliseconds in repetition 325
tcp_ping received 32768 bytes back
Round trip time was 7.42941 milliseconds in repetition 326
tcp_ping received 32768 bytes back
Round trip time was 22.2684 milliseconds in repetition 327
tcp_ping received 32768 bytes back
Round trip time was 11.8918 milliseconds in repetition 328
tcp_ping received 32768 bytes back
Round trip time was 14.9653 milliseconds in repetition 329
tcp_ping received 32768 bytes back
Round trip time was 11.5334 milliseconds in repetition 330
tcp_ping received 32768 bytes back
Round trip time was 6.97792 milliseconds in repetition 331
tcp_ping received 32768 bytes back
Round trip time was 6.83177 milliseconds in repetition 332
tcp_ping received 32768 bytes back
Round trip time was 6.87511 milliseconds in repetition 333
tcp_ping received 32768 bytes back
Round trip time was 6.94852 milliseconds in repetition 334
tcp_ping received 32768 bytes back
Round trip time was 8.09669 milliseconds in repetition 335
tcp_ping received 32768 bytes back
Round trip time was 6.8475 milliseconds in repetition 336
tcp_ping received 32768 bytes back
Round trip time was 14.7124 milliseconds in repetition 337
tcp_ping received 32768 bytes back
Round trip time was 9.9136 milliseconds in repetition 338
tcp_ping received 32768 bytes back
Round trip time was 7.43496 milliseconds in repetition 339
tcp_ping received 32768 bytes back
Round trip time was 7.01615 milliseconds in repetition 340
tcp_ping received 32768 bytes back
Round trip time was 7.14405 milliseconds in repetition 341
tcp_ping received 32768 bytes back
Round trip time was 6.92758 milliseconds in repetition 342
tcp_ping received 32768 bytes back
Round trip time was 9.20714 milliseconds in repetition 343
tcp_ping received 32768 bytes back
Round trip time was 7.40308 milliseconds in repetition 344
tcp_ping received 32768 bytes back
Round trip time was 7.70896 milliseconds in repetition 345
tcp_ping received 32768 bytes back
Round trip time was 7.12375 milliseconds in repetition 346
tcp_ping received 32768 bytes back
Round trip time was 9.27663 milliseconds in repetition 347
tcp_ping received 32768 bytes back
Round trip time was 8.21736 milliseconds in repetition 348
tcp_ping received 32768 bytes back
Round trip time was 15.5468 milliseconds in repetition 349
tcp_ping received 32768 bytes back
Round trip time was 11.2433 milliseconds in repetition 350
tcp_ping received 32768 bytes back
Round trip time was 8.24642 milliseconds in repetition 351
tcp_ping received 32768 bytes back
Round trip time was 10.515 milliseconds in repetition 352
tcp_ping received 32768 bytes back
Round trip time was 13.8059 milliseconds in repetition 353
tcp_ping received 32768 bytes back
Round trip time was 14.6424 milliseconds in repetition 354
tcp_ping received 32768 bytes back
Round trip time was 8.0429 milliseconds in repetition 355
tcp_ping received 32768 bytes back
Round trip time was 8.65451 milliseconds in repetition 356
tcp_ping received 32768 bytes back
Round trip time was 18.9644 milliseconds in repetition 357
tcp_ping received 32768 bytes back
Round trip time was 6.83736 milliseconds in repetition 358
tcp_ping received 32768 bytes back
Round trip time was 7.56456 milliseconds in repetition 359
tcp_ping received 32768 bytes back
Round trip time was 7.2326 milliseconds in repetition 360
tcp_ping received 32768 bytes back
Round trip time was 6.95986 milliseconds in repetition 361
tcp_ping received 32768 bytes back
Round trip time was 7.22246 milliseconds in repetition 362
tcp_ping received 32768 bytes back
Round trip time was 7.29635 milliseconds in repetition 363
tcp_ping received 32768 bytes back
Round trip time was 6.96521 milliseconds in repetition 364
tcp_ping received 32768 bytes back
Round trip time was 7.68749 milliseconds in repetition 365
tcp_ping received 32768 bytes back
Round trip time was 8.97111 milliseconds in repetition 366
tcp_ping received 32768 bytes back
Round trip time was 7.4392 milliseconds in repetition 367
tcp_ping received 32768 bytes back
Round trip time was 8.10754 milliseconds in repetition 368
tcp_ping received 32768 bytes back
Round trip time was 10.1082 milliseconds in repetition 369
tcp_ping received 32768 bytes back
Round trip time was 10.5802 milliseconds in repetition 370
tcp_ping received 32768 bytes back
Round trip time was 8.75945 milliseconds in repetition 371
tcp_ping received 32768 bytes back
Round trip time was 9.61096 milliseconds in repetition 372
tcp_ping received 32768 bytes back
Round trip time was 14.3301 milliseconds in repetition 373
tcp_ping received 32768 bytes back
Round trip time was 13.1953 milliseconds in repetition 374
tcp_ping received 32768 bytes back
Round trip time was 15.3352 milliseconds in repetition 375
tcp_ping received 32768 bytes back
Round trip time was 10.7299 milliseconds in repetition 376
tcp_ping received 32768 bytes back
Round trip time was 10.7295 milliseconds in repetition 377
tcp_ping received 32768 bytes back
Round trip time was 9.47299 milliseconds in repetition 378
tcp_ping received 32768 bytes back
Round trip time was 9.94707 milliseconds in repetition 379
tcp_ping received 32768 bytes back
Round trip time was 8.58552 milliseconds in repetition 380
tcp_ping received 32768 bytes back
Round trip time was 10.8586 milliseconds in repetition 381
tcp_ping received 32768 bytes back
Round trip time was 12.4406 milliseconds in repetition 382
tcp_ping received 32768 bytes back
Round trip time was 10.6219 milliseconds in repetition 383
tcp_ping received 32768 bytes back
Round trip time was 12.1629 milliseconds in repetition 384
tcp_ping received 32768 bytes back
Round trip time was 8.17643 milliseconds in repetition 385
tcp_ping received 32768 bytes back
Round trip time was 10.2995 milliseconds in repetition 386
tcp_ping received 32768 bytes back
Round trip time was 10.7206 milliseconds in repetition 387
tcp_ping received 32768 bytes back
Round trip time was 8.38347 milliseconds in repetition 388
tcp_ping received 32768 bytes back
Round trip time was 11.0507 milliseconds in repetition 389
tcp_ping received 32768 bytes back
Round trip time was 15.6845 milliseconds in repetition 390
tcp_ping received 32768 bytes back
Round trip time was 8.06142 milliseconds in repetition 391
tcp_ping received 32768 bytes back
Round trip time was 13.1606 milliseconds in repetition 392
tcp_ping received 32768 bytes back
Round trip time was 8.79216 milliseconds in repetition 393
tcp_ping received 32768 bytes back
Round trip time was 16.8456 milliseconds in repetition 394
tcp_ping received 32768 bytes back
Round trip time was 8.63341 milliseconds in repetition 395
tcp_ping received 32768 bytes back
Round trip time was 14.1644 milliseconds in repetition 396
tcp_ping received 32768 bytes back
Round trip time was 11.3999 milliseconds in repetition 397
tcp_ping received 32768 bytes back
Round trip time was 9.65481 milliseconds in repetition 398
tcp_ping received 32768 bytes back
Round trip time was 8.07255 milliseconds in repetition 399
tcp_ping received 32768 bytes back
Round trip time was 8.05281 milliseconds in repetition 400
tcp_ping received 32768 bytes back
Round trip time was 13.7004 milliseconds in repetition 401
tcp_ping received 32768 bytes back
Round trip time was 10.6814 milliseconds in repetition 402
tcp_ping received 32768 bytes back
Round trip time was 10.923 milliseconds in repetition 403
tcp_ping received 32768 bytes back
Round trip time was 8.16119 milliseconds in repetition 404
tcp_ping received 32768 bytes back
Round trip time was 8.13472 milliseconds in repetition 405
tcp_ping received 32768 bytes back
Round trip time was 14.028 milliseconds in repetition 406
tcp_ping received 32768 bytes back
Round trip time was 17.7747 milliseconds in repetition 407
tcp_ping received 32768 bytes back
Round trip time was 9.01942 milliseconds in repetition 408
tcp_ping received 32768 bytes back
Round trip time was 20.8071 milliseconds in repetition 409
tcp_ping received 32768 bytes back
Round trip time was 8.16887 milliseconds in repetition 410
tcp_ping received 32768 bytes back
Round trip time was 12.1649 milliseconds in repetition 411
tcp_ping received 32768 bytes back
Round trip time was 14.0412 milliseconds in repetition 412
tcp_ping received 32768 bytes back
Round trip time was 9.54448 milliseconds in repetition 413
tcp_ping received 32768 bytes back
Round trip time was 8.67414 milliseconds in repetition 414
tcp_ping received 32768 bytes back
Round trip time was 12.9047 milliseconds in repetition 415
tcp_ping received 32768 bytes back
Round trip time was 12.607 milliseconds in repetition 416
tcp_ping received 32768 bytes back
Round trip time was 8.60638 milliseconds in repetition 417
tcp_ping received 32768 bytes back
Round trip time was 8.20901 milliseconds in repetition 418
tcp_ping received 32768 bytes back
Round trip time was 15.6132 milliseconds in repetition 419
tcp_ping received 32768 bytes back
Round trip time was 11.3951 milliseconds in repetition 420
tcp_ping received 32768 bytes back
Round trip time was 7.68221 milliseconds in repetition 421
tcp_ping received 32768 bytes back
Round trip time was 10.5338 milliseconds in repetition 422
tcp_ping received 32768 bytes back
Round trip time was 17.6973 milliseconds in repetition 423
tcp_ping received 32768 bytes back
Round trip time was 13.6899 milliseconds in repetition 424
tcp_ping received 32768 bytes back
Round trip time was 8.22841 milliseconds in repetition 425
tcp_ping received 32768 bytes back
Round trip time was 11.6134 milliseconds in repetition 426
tcp_ping received 32768 bytes back
Round trip time was 8.27285 milliseconds in repetition 427
tcp_ping received 32768 bytes back
Round trip time was 10.0728 milliseconds in repetition 428
tcp_ping received 32768 bytes back
Round trip time was 8.40136 milliseconds in repetition 429
tcp_ping received 32768 bytes back
Round trip time was 13.1438 milliseconds in repetition 430
tcp_ping received 32768 bytes back
Round trip time was 14.2092 milliseconds in repetition 431
tcp_ping received 32768 bytes back
Round trip time was 7.77647 milliseconds in repetition 432
tcp_ping received 32768 bytes back
Round trip time was 12.4971 milliseconds in repetition 433
tcp_ping received 32768 bytes back
Round trip time was 12.7138 milliseconds in repetition 434
tcp_ping received 32768 bytes back
Round trip time was 9.03197 milliseconds in repetition 435
tcp_ping received 32768 bytes back
Round trip time was 14.2691 milliseconds in repetition 436
tcp_ping received 32768 bytes back
Round trip time was 14.9716 milliseconds in repetition 437
tcp_ping received 32768 bytes back
Round trip time was 9.00292 milliseconds in repetition 438
tcp_ping received 32768 bytes back
Round trip time was 8.54644 milliseconds in repetition 439
tcp_ping received 32768 bytes back
Round trip time was 10.9766 milliseconds in repetition 440
tcp_ping received 32768 bytes back
Round trip time was 16.2355 milliseconds in repetition 441
tcp_ping received 32768 bytes back
Round trip time was 9.99378 milliseconds in repetition 442
tcp_ping received 32768 bytes back
Round trip time was 13.3356 milliseconds in repetition 443
tcp_ping received 32768 bytes back
Round trip time was 8.15111 milliseconds in repetition 444
tcp_ping received 32768 bytes back
Round trip time was 9.19571 milliseconds in repetition 445
tcp_ping received 32768 bytes back
Round trip time was 7.77369 milliseconds in repetition 446
tcp_ping received 32768 bytes back
Round trip time was 7.62803 milliseconds in repetition 447
tcp_ping received 32768 bytes back
Round trip time was 13.0305 milliseconds in repetition 448
tcp_ping received 32768 bytes back
Round trip time was 12.7478 milliseconds in repetition 449
tcp_ping received 32768 bytes back
Round trip time was 15.944 milliseconds in repetition 450
tcp_ping received 32768 bytes back
Round trip time was 8.00336 milliseconds in repetition 451
tcp_ping received 32768 bytes back
Round trip time was 8.59119 milliseconds in repetition 452
tcp_ping received 32768 bytes back
Round trip time was 15.0978 milliseconds in repetition 453
tcp_ping received 32768 bytes back
Round trip time was 10.5711 milliseconds in repetition 454
tcp_ping received 32768 bytes back
Round trip time was 12.3831 milliseconds in repetition 455
tcp_ping received 32768 bytes back
Round trip time was 12.6142 milliseconds in repetition 456
tcp_ping received 32768 bytes back
Round trip time was 8.42842 milliseconds in repetition 457
tcp_ping received 32768 bytes back
Round trip time was 15.0605 milliseconds in repetition 458
tcp_ping received 32768 bytes back
Round trip time was 7.96852 milliseconds in repetition 459
tcp_ping received 32768 bytes back
Round trip time was 7.84515 milliseconds in repetition 460
tcp_ping received 32768 bytes back
Round trip time was 8.58138 milliseconds in repetition 461
tcp_ping received 32768 bytes back
Round trip time was 8.61528 milliseconds in repetition 462
tcp_ping received 32768 bytes back
Round trip time was 11.9899 milliseconds in repetition 463
tcp_ping received 32768 bytes back
Round trip time was 8.34956 milliseconds in repetition 464
tcp_ping received 32768 bytes back
Round trip time was 12.6889 milliseconds in repetition 465
tcp_ping received 32768 bytes back
Round trip time was 7.98735 milliseconds in repetition 466
tcp_ping received 32768 bytes back
Round trip time was 8.00698 milliseconds in repetition 467
tcp_ping received 32768 bytes back
Round trip time was 12.4638 milliseconds in repetition 468
tcp_ping received 32768 bytes back
Round trip time was 13.2271 milliseconds in repetition 469
tcp_ping received 32768 bytes back
Round trip time was 8.5237 milliseconds in repetition 470
tcp_ping received 32768 bytes back
Round trip time was 9.19799 milliseconds in repetition 471
tcp_ping received 32768 bytes back
Round trip time was 9.3048 milliseconds in repetition 472
tcp_ping received 32768 bytes back
Round trip time was 11.7571 milliseconds in repetition 473
tcp_ping received 32768 bytes back
Round trip time was 14.4234 milliseconds in repetition 474
tcp_ping received 32768 bytes back
Round trip time was 9.29586 milliseconds in repetition 475
tcp_ping received 32768 bytes back
Round trip time was 7.74604 milliseconds in repetition 476
tcp_ping received 32768 bytes back
Round trip time was 12.5239 milliseconds in repetition 477
tcp_ping received 32768 bytes back
Round trip time was 9.88058 milliseconds in repetition 478
tcp_ping received 32768 bytes back
Round trip time was 8.36048 milliseconds in repetition 479
tcp_ping received 32768 bytes back
Round trip time was 19.5047 milliseconds in repetition 480
tcp_ping received 32768 bytes back
Round trip time was 15.9242 milliseconds in repetition 481
tcp_ping received 32768 bytes back
Round trip time was 8.79031 milliseconds in repetition 482
tcp_ping received 32768 bytes back
Round trip time was 11.7063 milliseconds in repetition 483
tcp_ping received 32768 bytes back
Round trip time was 8.10193 milliseconds in repetition 484
tcp_ping received 32768 bytes back
Round trip time was 13.5687 milliseconds in repetition 485
tcp_ping received 32768 bytes back
Round trip time was 22.7145 milliseconds in repetition 486
tcp_ping received 32768 bytes back
Round trip time was 7.78492 milliseconds in repetition 487
tcp_ping received 32768 bytes back
Round trip time was 18.025 milliseconds in repetition 488
tcp_ping received 32768 bytes back
Round trip time was 8.12483 milliseconds in repetition 489
tcp_ping received 32768 bytes back
Round trip time was 9.24272 milliseconds in repetition 490
tcp_ping received 32768 bytes back
Round trip time was 10.7171 milliseconds in repetition 491
tcp_ping received 32768 bytes back
Round trip time was 9.08873 milliseconds in repetition 492
tcp_ping received 32768 bytes back
Round trip time was 12.0404 milliseconds in repetition 493
tcp_ping received 32768 bytes back
Round trip time was 8.98527 milliseconds in repetition 494
tcp_ping received 32768 bytes back
Round trip time was 7.93059 milliseconds in repetition 495
tcp_ping received 32768 bytes back
Round trip time was 12.6003 milliseconds in repetition 496
tcp_ping received 32768 bytes back
Round trip time was 12.552 milliseconds in repetition 497
tcp_ping received 32768 bytes back
Round trip time was 8.13703 milliseconds in repetition 498
tcp_ping received 32768 bytes back
Round trip time was 15.0868 milliseconds in repetition 499
tcp_ping received 32768 bytes back
Round trip time was 13.485 milliseconds in repetition 500
tcp_ping received 32768 bytes back
Round trip time was 8.32087 milliseconds in repetition 501

 ... clock resolution was 1e-06
TCP Ping:  Statistics over 501 repetitions of 32768 byte messages

RTT : percentile 10: 7.77647, median: 10.1986, percentile 90: 15.2434, average: 11.081, variance: 10.6934

RTT histogram:
6.83177 14
6.83736 84
6.8475 80
6.87511 56
6.92758 38
6.94852 37
6.95986 30
6.96521 39
6.97792 38
7.01615 26
7.12375 21
7.14405 12
7.22246 5
7.2326 6
7.26677 3
7.29551 4
7.29635 1
7.40308 2
7.42172 3
7.42941 0
7.42953 2

   median Throughput : 6425.95 KB/s   overall Throughput : 5914.27 KB/s

