TCP Ping trying to connect to server webdev.disi.unige.it (130.251.61.30) on port 1491
 ... connected to Pong server: asking for 501 repetitions of 768 bytes TCP messages
 ... Pong server agreed :-)
tcp_ping received 768 bytes back
Round trip time was 5.64937 milliseconds in repetition 1
tcp_ping received 768 bytes back
Round trip time was 2.02869 milliseconds in repetition 2
tcp_ping received 768 bytes back
Round trip time was 2.09442 milliseconds in repetition 3
tcp_ping received 768 bytes back
Round trip time was 3.79777 milliseconds in repetition 4
tcp_ping received 768 bytes back
Round trip time was 1.95997 milliseconds in repetition 5
tcp_ping received 768 bytes back
Round trip time was 2.10588 milliseconds in repetition 6
tcp_ping received 768 bytes back
Round trip time was 1.93146 milliseconds in repetition 7
tcp_ping received 768 bytes back
Round trip time was 1.99028 milliseconds in repetition 8
tcp_ping received 768 bytes back
Round trip time was 2.50696 milliseconds in repetition 9
tcp_ping received 768 bytes back
Round trip time was 2.0364 milliseconds in repetition 10
tcp_ping received 768 bytes back
Round trip time was 1.99461 milliseconds in repetition 11
tcp_ping received 768 bytes back
Round trip time was 1.84492 milliseconds in repetition 12
tcp_ping received 768 bytes back
Round trip time was 1.81493 milliseconds in repetition 13
tcp_ping received 768 bytes back
Round trip time was 1.90599 milliseconds in repetition 14
tcp_ping received 768 bytes back
Round trip time was 2.03125 milliseconds in repetition 15
tcp_ping received 768 bytes back
Round trip time was 1.83459 milliseconds in repetition 16
tcp_ping received 768 bytes back
Round trip time was 2.12157 milliseconds in repetition 17
tcp_ping received 768 bytes back
Round trip time was 1.80734 milliseconds in repetition 18
tcp_ping received 768 bytes back
Round trip time was 1.77694 milliseconds in repetition 19
tcp_ping received 768 bytes back
Round trip time was 1.85447 milliseconds in repetition 20
tcp_ping received 768 bytes back
Round trip time was 7.15111 milliseconds in repetition 21
tcp_ping received 768 bytes back
Round trip time was 2.00668 milliseconds in repetition 22
tcp_ping received 768 bytes back
Round trip time was 2.16254 milliseconds in repetition 23
tcp_ping received 768 bytes back
Round trip time was 2.21197 milliseconds in repetition 24
tcp_ping received 768 bytes back
Round trip time was 1.79884 milliseconds in repetition 25
tcp_ping received 768 bytes back
Round trip time was 1.78815 milliseconds in repetition 26
tcp_ping received 768 bytes back
Round trip time was 2.79388 milliseconds in repetition 27
tcp_ping received 768 bytes back
Round trip time was 1.94058 milliseconds in repetition 28
tcp_ping received 768 bytes back
Round trip time was 1.88404 milliseconds in repetition 29
tcp_ping received 768 bytes back
Round trip time was 2.10199 milliseconds in repetition 30
tcp_ping received 768 bytes back
Round trip time was 1.77298 milliseconds in repetition 31
tcp_ping received 768 bytes back
Round trip time was 2.01826 milliseconds in repetition 32
tcp_ping received 768 bytes back
Round trip time was 1.87743 milliseconds in repetition 33
tcp_ping received 768 bytes back
Round trip time was 1.57168 milliseconds in repetition 34
tcp_ping received 768 bytes back
Round trip time was 1.45935 milliseconds in repetition 35
tcp_ping received 768 bytes back
Round trip time was 1.48449 milliseconds in repetition 36
tcp_ping received 768 bytes back
Round trip time was 1.53958 milliseconds in repetition 37
tcp_ping received 768 bytes back
Round trip time was 1.38498 milliseconds in repetition 38
tcp_ping received 768 bytes back
Round trip time was 1.22625 milliseconds in repetition 39
tcp_ping received 768 bytes back
Round trip time was 1.2655 milliseconds in repetition 40
tcp_ping received 768 bytes back
Round trip time was 1.55332 milliseconds in repetition 41
tcp_ping received 768 bytes back
Round trip time was 1.33674 milliseconds in repetition 42
tcp_ping received 768 bytes back
Round trip time was 1.56168 milliseconds in repetition 43
tcp_ping received 768 bytes back
Round trip time was 1.31268 milliseconds in repetition 44
tcp_ping received 768 bytes back
Round trip time was 1.52247 milliseconds in repetition 45
tcp_ping received 768 bytes back
Round trip time was 1.19694 milliseconds in repetition 46
tcp_ping received 768 bytes back
Round trip time was 1.57995 milliseconds in repetition 47
tcp_ping received 768 bytes back
Round trip time was 1.32054 milliseconds in repetition 48
tcp_ping received 768 bytes back
Round trip time was 1.56625 milliseconds in repetition 49
tcp_ping received 768 bytes back
Round trip time was 1.36172 milliseconds in repetition 50
tcp_ping received 768 bytes back
Round trip time was 1.62053 milliseconds in repetition 51
tcp_ping received 768 bytes back
Round trip time was 1.33028 milliseconds in repetition 52
tcp_ping received 768 bytes back
Round trip time was 1.49369 milliseconds in repetition 53
tcp_ping received 768 bytes back
Round trip time was 1.35452 milliseconds in repetition 54
tcp_ping received 768 bytes back
Round trip time was 3.2269 milliseconds in repetition 55
tcp_ping received 768 bytes back
Round trip time was 1.32551 milliseconds in repetition 56
tcp_ping received 768 bytes back
Round trip time was 1.25463 milliseconds in repetition 57
tcp_ping received 768 bytes back
Round trip time was 1.45342 milliseconds in repetition 58
tcp_ping received 768 bytes back
Round trip time was 1.89598 milliseconds in repetition 59
tcp_ping received 768 bytes back
Round trip time was 1.39358 milliseconds in repetition 60
tcp_ping received 768 bytes back
Round trip time was 1.89623 milliseconds in repetition 61
tcp_ping received 768 bytes back
Round trip time was 1.29842 milliseconds in repetition 62
tcp_ping received 768 bytes back
Round trip time was 1.28493 milliseconds in repetition 63
tcp_ping received 768 bytes back
Round trip time was 2.14155 milliseconds in repetition 64
tcp_ping received 768 bytes back
Round trip time was 1.53855 milliseconds in repetition 65
tcp_ping received 768 bytes back
Round trip time was 1.36737 milliseconds in repetition 66
tcp_ping received 768 bytes back
Round trip time was 1.39537 milliseconds in repetition 67
tcp_ping received 768 bytes back
Round trip time was 1.19087 milliseconds in repetition 68
tcp_ping received 768 bytes back
Round trip time was 1.36251 milliseconds in repetition 69
tcp_ping received 768 bytes back
Round trip time was 4.0699 milliseconds in repetition 70
tcp_ping received 768 bytes back
Round trip time was 1.32912 milliseconds in repetition 71
tcp_ping received 768 bytes back
Round trip time was 2.04592 milliseconds in repetition 72
tcp_ping received 768 bytes back
Round trip time was 1.54241 milliseconds in repetition 73
tcp_ping received 768 bytes back
Round trip time was 1.21108 milliseconds in repetition 74
tcp_ping received 768 bytes back
Round trip time was 1.19562 milliseconds in repetition 75
tcp_ping received 768 bytes back
Round trip time was 1.423 milliseconds in repetition 76
tcp_ping received 768 bytes back
Round trip time was 3.21853 milliseconds in repetition 77
tcp_ping received 768 bytes back
Round trip time was 1.64184 milliseconds in repetition 78
tcp_ping received 768 bytes back
Round trip time was 1.48225 milliseconds in repetition 79
tcp_ping received 768 bytes back
Round trip time was 1.27408 milliseconds in repetition 80
tcp_ping received 768 bytes back
Round trip time was 1.26467 milliseconds in repetition 81
tcp_ping received 768 bytes back
Round trip time was 1.37601 milliseconds in repetition 82
tcp_ping received 768 bytes back
Round trip time was 1.33847 milliseconds in repetition 83
tcp_ping received 768 bytes back
Round trip time was 1.10542 milliseconds in repetition 84
tcp_ping received 768 bytes back
Round trip time was 1.22962 milliseconds in repetition 85
tcp_ping received 768 bytes back
Round trip time was 1.5348 milliseconds in repetition 86
tcp_ping received 768 bytes back
Round trip time was 1.18635 milliseconds in repetition 87
tcp_ping received 768 bytes back
Round trip time was 1.38237 milliseconds in repetition 88
tcp_ping received 768 bytes back
Round trip time was 1.30229 milliseconds in repetition 89
tcp_ping received 768 bytes back
Round trip time was 3.88704 milliseconds in repetition 90
tcp_ping received 768 bytes back
Round trip time was 2.12272 milliseconds in repetition 91
tcp_ping received 768 bytes back
Round trip time was 7.76118 milliseconds in repetition 92
tcp_ping received 768 bytes back
Round trip time was 2.58599 milliseconds in repetition 93
tcp_ping received 768 bytes back
Round trip time was 2.6728 milliseconds in repetition 94
tcp_ping received 768 bytes back
Round trip time was 1.47005 milliseconds in repetition 95
tcp_ping received 768 bytes back
Round trip time was 3.03315 milliseconds in repetition 96
tcp_ping received 768 bytes back
Round trip time was 2.86095 milliseconds in repetition 97
tcp_ping received 768 bytes back
Round trip time was 2.6883 milliseconds in repetition 98
tcp_ping received 768 bytes back
Round trip time was 2.27458 milliseconds in repetition 99
tcp_ping received 768 bytes back
Round trip time was 3.46683 milliseconds in repetition 100
tcp_ping received 768 bytes back
Round trip time was 13.784 milliseconds in repetition 101
tcp_ping received 768 bytes back
Round trip time was 1.41671 milliseconds in repetition 102
tcp_ping received 768 bytes back
Round trip time was 1.54097 milliseconds in repetition 103
tcp_ping received 768 bytes back
Round trip time was 1.30372 milliseconds in repetition 104
tcp_ping received 768 bytes back
Round trip time was 1.60243 milliseconds in repetition 105
tcp_ping received 768 bytes back
Round trip time was 1.35559 milliseconds in repetition 106
tcp_ping received 768 bytes back
Round trip time was 1.30357 milliseconds in repetition 107
tcp_ping received 768 bytes back
Round trip time was 1.67085 milliseconds in repetition 108
tcp_ping received 768 bytes back
Round trip time was 1.3669 milliseconds in repetition 109
tcp_ping received 768 bytes back
Round trip time was 1.33094 milliseconds in repetition 110
tcp_ping received 768 bytes back
Round trip time was 1.62481 milliseconds in repetition 111
tcp_ping received 768 bytes back
Round trip time was 3.53972 milliseconds in repetition 112
tcp_ping received 768 bytes back
Round trip time was 1.45713 milliseconds in repetition 113
tcp_ping received 768 bytes back
Round trip time was 2.50204 milliseconds in repetition 114
tcp_ping received 768 bytes back
Round trip time was 1.3139 milliseconds in repetition 115
tcp_ping received 768 bytes back
Round trip time was 1.29431 milliseconds in repetition 116
tcp_ping received 768 bytes back
Round trip time was 1.51629 milliseconds in repetition 117
tcp_ping received 768 bytes back
Round trip time was 1.27136 milliseconds in repetition 118
tcp_ping received 768 bytes back
Round trip time was 1.37546 milliseconds in repetition 119
tcp_ping received 768 bytes back
Round trip time was 1.34384 milliseconds in repetition 120
tcp_ping received 768 bytes back
Round trip time was 1.33257 milliseconds in repetition 121
tcp_ping received 768 bytes back
Round trip time was 1.50179 milliseconds in repetition 122
tcp_ping received 768 bytes back
Round trip time was 1.25794 milliseconds in repetition 123
tcp_ping received 768 bytes back
Round trip time was 1.85768 milliseconds in repetition 124
tcp_ping received 768 bytes back
Round trip time was 3.3766 milliseconds in repetition 125
tcp_ping received 768 bytes back
Round trip time was 5.28185 milliseconds in repetition 126
tcp_ping received 768 bytes back
Round trip time was 2.76642 milliseconds in repetition 127
tcp_ping received 768 bytes back
Round trip time was 1.31054 milliseconds in repetition 128
tcp_ping received 768 bytes back
Round trip time was 1.2454 milliseconds in repetition 129
tcp_ping received 768 bytes back
Round trip time was 1.78117 milliseconds in repetition 130
tcp_ping received 768 bytes back
Round trip time was 2.4536 milliseconds in repetition 131
tcp_ping received 768 bytes back
Round trip time was 1.44412 milliseconds in repetition 132
tcp_ping received 768 bytes back
Round trip time was 1.5898 milliseconds in repetition 133
tcp_ping received 768 bytes back
Round trip time was 1.86012 milliseconds in repetition 134
tcp_ping received 768 bytes back
Round trip time was 1.32283 milliseconds in repetition 135
tcp_ping received 768 bytes back
Round trip time was 1.70647 milliseconds in repetition 136
tcp_ping received 768 bytes back
Round trip time was 1.24372 milliseconds in repetition 137
tcp_ping received 768 bytes back
Round trip time was 5.47781 milliseconds in repetition 138
tcp_ping received 768 bytes back
Round trip time was 1.95835 milliseconds in repetition 139
tcp_ping received 768 bytes back
Round trip time was 2.25434 milliseconds in repetition 140
tcp_ping received 768 bytes back
Round trip time was 1.33758 milliseconds in repetition 141
tcp_ping received 768 bytes back
Round trip time was 1.42644 milliseconds in repetition 142
tcp_ping received 768 bytes back
Round trip time was 1.79711 milliseconds in repetition 143
tcp_ping received 768 bytes back
Round trip time was 1.55281 milliseconds in repetition 144
tcp_ping received 768 bytes back
Round trip time was 1.56855 milliseconds in repetition 145
tcp_ping received 768 bytes back
Round trip time was 1.41005 milliseconds in repetition 146
tcp_ping received 768 bytes back
Round trip time was 1.41219 milliseconds in repetition 147
tcp_ping received 768 bytes back
Round trip time was 1.19959 milliseconds in repetition 148
tcp_ping received 768 bytes back
Round trip time was 1.64085 milliseconds in repetition 149
tcp_ping received 768 bytes back
Round trip time was 1.48917 milliseconds in repetition 150
tcp_ping received 768 bytes back
Round trip time was 4.08262 milliseconds in repetition 151
tcp_ping received 768 bytes back
Round trip time was 1.46178 milliseconds in repetition 152
tcp_ping received 768 bytes back
Round trip time was 1.2313 milliseconds in repetition 153
tcp_ping received 768 bytes back
Round trip time was 1.52533 milliseconds in repetition 154
tcp_ping received 768 bytes back
Round trip time was 1.30268 milliseconds in repetition 155
tcp_ping received 768 bytes back
Round trip time was 2.35062 milliseconds in repetition 156
tcp_ping received 768 bytes back
Round trip time was 1.25232 milliseconds in repetition 157
tcp_ping received 768 bytes back
Round trip time was 1.51857 milliseconds in repetition 158
tcp_ping received 768 bytes back
Round trip time was 1.34806 milliseconds in repetition 159
tcp_ping received 768 bytes back
Round trip time was 1.37115 milliseconds in repetition 160
tcp_ping received 768 bytes back
Round trip time was 2.09596 milliseconds in repetition 161
tcp_ping received 768 bytes back
Round trip time was 1.33917 milliseconds in repetition 162
tcp_ping received 768 bytes back
Round trip time was 1.20879 milliseconds in repetition 163
tcp_ping received 768 bytes back
Round trip time was 1.29508 milliseconds in repetition 164
tcp_ping received 768 bytes back
Round trip time was 3.15727 milliseconds in repetition 165
tcp_ping received 768 bytes back
Round trip time was 1.85806 milliseconds in repetition 166
tcp_ping received 768 bytes back
Round trip time was 1.29877 milliseconds in repetition 167
tcp_ping received 768 bytes back
Round trip time was 1.50848 milliseconds in repetition 168
tcp_ping received 768 bytes back
Round trip time was 3.87902 milliseconds in repetition 169
tcp_ping received 768 bytes back
Round trip time was 1.4002 milliseconds in repetition 170
tcp_ping received 768 bytes back
Round trip time was 1.58324 milliseconds in repetition 171
tcp_ping received 768 bytes back
Round trip time was 1.33655 milliseconds in repetition 172
tcp_ping received 768 bytes back
Round trip time was 1.98478 milliseconds in repetition 173
tcp_ping received 768 bytes back
Round trip time was 1.73678 milliseconds in repetition 174
tcp_ping received 768 bytes back
Round trip time was 2.60172 milliseconds in repetition 175
tcp_ping received 768 bytes back
Round trip time was 1.34641 milliseconds in repetition 176
tcp_ping received 768 bytes back
Round trip time was 2.53245 milliseconds in repetition 177
tcp_ping received 768 bytes back
Round trip time was 1.61183 milliseconds in repetition 178
tcp_ping received 768 bytes back
Round trip time was 1.37197 milliseconds in repetition 179
tcp_ping received 768 bytes back
Round trip time was 1.33475 milliseconds in repetition 180
tcp_ping received 768 bytes back
Round trip time was 4.35455 milliseconds in repetition 181
tcp_ping received 768 bytes back
Round trip time was 1.61382 milliseconds in repetition 182
tcp_ping received 768 bytes back
Round trip time was 1.51003 milliseconds in repetition 183
tcp_ping received 768 bytes back
Round trip time was 1.94181 milliseconds in repetition 184
tcp_ping received 768 bytes back
Round trip time was 2.57082 milliseconds in repetition 185
tcp_ping received 768 bytes back
Round trip time was 1.3199 milliseconds in repetition 186
tcp_ping received 768 bytes back
Round trip time was 1.86957 milliseconds in repetition 187
tcp_ping received 768 bytes back
Round trip time was 3.0336 milliseconds in repetition 188
tcp_ping received 768 bytes back
Round trip time was 2.92747 milliseconds in repetition 189
tcp_ping received 768 bytes back
Round trip time was 1.64308 milliseconds in repetition 190
tcp_ping received 768 bytes back
Round trip time was 1.26141 milliseconds in repetition 191
tcp_ping received 768 bytes back
Round trip time was 4.40557 milliseconds in repetition 192
tcp_ping received 768 bytes back
Round trip time was 1.60225 milliseconds in repetition 193
tcp_ping received 768 bytes back
Round trip time was 1.24243 milliseconds in repetition 194
tcp_ping received 768 bytes back
Round trip time was 1.25641 milliseconds in repetition 195
tcp_ping received 768 bytes back
Round trip time was 3.11639 milliseconds in repetition 196
tcp_ping received 768 bytes back
Round trip time was 1.16396 milliseconds in repetition 197
tcp_ping received 768 bytes back
Round trip time was 1.69413 milliseconds in repetition 198
tcp_ping received 768 bytes back
Round trip time was 1.70581 milliseconds in repetition 199
tcp_ping received 768 bytes back
Round trip time was 4.21481 milliseconds in repetition 200
tcp_ping received 768 bytes back
Round trip time was 1.29129 milliseconds in repetition 201
tcp_ping received 768 bytes back
Round trip time was 1.12586 milliseconds in repetition 202
tcp_ping received 768 bytes back
Round trip time was 1.94881 milliseconds in repetition 203
tcp_ping received 768 bytes back
Round trip time was 3.23368 milliseconds in repetition 204
tcp_ping received 768 bytes back
Round trip time was 1.40667 milliseconds in repetition 205
tcp_ping received 768 bytes back
Round trip time was 1.07608 milliseconds in repetition 206
tcp_ping received 768 bytes back
Round trip time was 2.22174 milliseconds in repetition 207
tcp_ping received 768 bytes back
Round trip time was 3.85796 milliseconds in repetition 208
tcp_ping received 768 bytes back
Round trip time was 1.52732 milliseconds in repetition 209
tcp_ping received 768 bytes back
Round trip time was 1.71902 milliseconds in repetition 210
tcp_ping received 768 bytes back
Round trip time was 1.5916 milliseconds in repetition 211
tcp_ping received 768 bytes back
Round trip time was 3.37721 milliseconds in repetition 212
tcp_ping received 768 bytes back
Round trip time was 1.47903 milliseconds in repetition 213
tcp_ping received 768 bytes back
Round trip time was 1.43515 milliseconds in repetition 214
tcp_ping received 768 bytes back
Round trip time was 1.51452 milliseconds in repetition 215
tcp_ping received 768 bytes back
Round trip time was 2.57949 milliseconds in repetition 216
tcp_ping received 768 bytes back
Round trip time was 1.60686 milliseconds in repetition 217
tcp_ping received 768 bytes back
Round trip time was 1.65303 milliseconds in repetition 218
tcp_ping received 768 bytes back
Round trip time was 1.44675 milliseconds in repetition 219
tcp_ping received 768 bytes back
Round trip time was 3.8557 milliseconds in repetition 220
tcp_ping received 768 bytes back
Round trip time was 1.63926 milliseconds in repetition 221
tcp_ping received 768 bytes back
Round trip time was 2.67078 milliseconds in repetition 222
tcp_ping received 768 bytes back
Round trip time was 2.36411 milliseconds in repetition 223
tcp_ping received 768 bytes back
Round trip time was 2.33279 milliseconds in repetition 224
tcp_ping received 768 bytes back
Round trip time was 1.27812 milliseconds in repetition 225
tcp_ping received 768 bytes back
Round trip time was 1.75982 milliseconds in repetition 226
tcp_ping received 768 bytes back
Round trip time was 1.14415 milliseconds in repetition 227
tcp_ping received 768 bytes back
Round trip time was 1.31818 milliseconds in repetition 228
tcp_ping received 768 bytes back
Round trip time was 1.97305 milliseconds in repetition 229
tcp_ping received 768 bytes back
Round trip time was 1.38101 milliseconds in repetition 230
tcp_ping received 768 bytes back
Round trip time was 1.4056 milliseconds in repetition 231
tcp_ping received 768 bytes back
Round trip time was 1.45819 milliseconds in repetition 232
tcp_ping received 768 bytes back
Round trip time was 1.28145 milliseconds in repetition 233
tcp_ping received 768 bytes back
Round trip time was 1.52334 milliseconds in repetition 234
tcp_ping received 768 bytes back
Round trip time was 1.67692 milliseconds in repetition 235
tcp_ping received 768 bytes back
Round trip time was 1.34507 milliseconds in repetition 236
tcp_ping received 768 bytes back
Round trip time was 1.49994 milliseconds in repetition 237
tcp_ping received 768 bytes back
Round trip time was 1.16289 milliseconds in repetition 238
tcp_ping received 768 bytes back
Round trip time was 1.63687 milliseconds in repetition 239
tcp_ping received 768 bytes back
Round trip time was 1.60683 milliseconds in repetition 240
tcp_ping received 768 bytes back
Round trip time was 2.7146 milliseconds in repetition 241
tcp_ping received 768 bytes back
Round trip time was 2.16355 milliseconds in repetition 242
tcp_ping received 768 bytes back
Round trip time was 1.47218 milliseconds in repetition 243
tcp_ping received 768 bytes back
Round trip time was 1.89259 milliseconds in repetition 244
tcp_ping received 768 bytes back
Round trip time was 2.17237 milliseconds in repetition 245
tcp_ping received 768 bytes back
Round trip time was 2.1412 milliseconds in repetition 246
tcp_ping received 768 bytes back
Round trip time was 1.35368 milliseconds in repetition 247
tcp_ping received 768 bytes back
Round trip time was 3.00943 milliseconds in repetition 248
tcp_ping received 768 bytes back
Round trip time was 1.97371 milliseconds in repetition 249
tcp_ping received 768 bytes back
Round trip time was 1.4728 milliseconds in repetition 250
tcp_ping received 768 bytes back
Round trip time was 1.27811 milliseconds in repetition 251
tcp_ping received 768 bytes back
Round trip time was 1.26988 milliseconds in repetition 252
tcp_ping received 768 bytes back
Round trip time was 1.39555 milliseconds in repetition 253
tcp_ping received 768 bytes back
Round trip time was 1.72609 milliseconds in repetition 254
tcp_ping received 768 bytes back
Round trip time was 1.59695 milliseconds in repetition 255
tcp_ping received 768 bytes back
Round trip time was 1.32411 milliseconds in repetition 256
tcp_ping received 768 bytes back
Round trip time was 1.50576 milliseconds in repetition 257
tcp_ping received 768 bytes back
Round trip time was 1.73859 milliseconds in repetition 258
tcp_ping received 768 bytes back
Round trip time was 1.66984 milliseconds in repetition 259
tcp_ping received 768 bytes back
Round trip time was 2.44035 milliseconds in repetition 260
tcp_ping received 768 bytes back
Round trip time was 1.45586 milliseconds in repetition 261
tcp_ping received 768 bytes back
Round trip time was 1.63089 milliseconds in repetition 262
tcp_ping received 768 bytes back
Round trip time was 2.12668 milliseconds in repetition 263
tcp_ping received 768 bytes back
Round trip time was 3.3217 milliseconds in repetition 264
tcp_ping received 768 bytes back
Round trip time was 1.795 milliseconds in repetition 265
tcp_ping received 768 bytes back
Round trip time was 1.74332 milliseconds in repetition 266
tcp_ping received 768 bytes back
Round trip time was 1.46257 milliseconds in repetition 267
tcp_ping received 768 bytes back
Round trip time was 2.0672 milliseconds in repetition 268
tcp_ping received 768 bytes back
Round trip time was 1.51459 milliseconds in repetition 269
tcp_ping received 768 bytes back
Round trip time was 1.33623 milliseconds in repetition 270
tcp_ping received 768 bytes back
Round trip time was 1.49065 milliseconds in repetition 271
tcp_ping received 768 bytes back
Round trip time was 1.29465 milliseconds in repetition 272
tcp_ping received 768 bytes back
Round trip time was 1.27888 milliseconds in repetition 273
tcp_ping received 768 bytes back
Round trip time was 1.33288 milliseconds in repetition 274
tcp_ping received 768 bytes back
Round trip time was 1.34288 milliseconds in repetition 275
tcp_ping received 768 bytes back
Round trip time was 1.63625 milliseconds in repetition 276
tcp_ping received 768 bytes back
Round trip time was 1.42352 milliseconds in repetition 277
tcp_ping received 768 bytes back
Round trip time was 1.14021 milliseconds in repetition 278
tcp_ping received 768 bytes back
Round trip time was 1.35519 milliseconds in repetition 279
tcp_ping received 768 bytes back
Round trip time was 1.39631 milliseconds in repetition 280
tcp_ping received 768 bytes back
Round trip time was 1.32545 milliseconds in repetition 281
tcp_ping received 768 bytes back
Round trip time was 1.37191 milliseconds in repetition 282
tcp_ping received 768 bytes back
Round trip time was 1.29079 milliseconds in repetition 283
tcp_ping received 768 bytes back
Round trip time was 1.39696 milliseconds in repetition 284
tcp_ping received 768 bytes back
Round trip time was 1.90614 milliseconds in repetition 285
tcp_ping received 768 bytes back
Round trip time was 1.64845 milliseconds in repetition 286
tcp_ping received 768 bytes back
Round trip time was 1.56919 milliseconds in repetition 287
tcp_ping received 768 bytes back
Round trip time was 1.20562 milliseconds in repetition 288
tcp_ping received 768 bytes back
Round trip time was 1.38678 milliseconds in repetition 289
tcp_ping received 768 bytes back
Round trip time was 1.42036 milliseconds in repetition 290
tcp_ping received 768 bytes back
Round trip time was 1.60257 milliseconds in repetition 291
tcp_ping received 768 bytes back
Round trip time was 1.39197 milliseconds in repetition 292
tcp_ping received 768 bytes back
Round trip time was 2.64683 milliseconds in repetition 293
tcp_ping received 768 bytes back
Round trip time was 1.43588 milliseconds in repetition 294
tcp_ping received 768 bytes back
Round trip time was 1.3605 milliseconds in repetition 295
tcp_ping received 768 bytes back
Round trip time was 1.27781 milliseconds in repetition 296
tcp_ping received 768 bytes back
Round trip time was 2.32483 milliseconds in repetition 297
tcp_ping received 768 bytes back
Round trip time was 2.97019 milliseconds in repetition 298
tcp_ping received 768 bytes back
Round trip time was 1.60047 milliseconds in repetition 299
tcp_ping received 768 bytes back
Round trip time was 1.32544 milliseconds in repetition 300
tcp_ping received 768 bytes back
Round trip time was 1.3387 milliseconds in repetition 301
tcp_ping received 768 bytes back
Round trip time was 1.13529 milliseconds in repetition 302
tcp_ping received 768 bytes back
Round trip time was 1.26183 milliseconds in repetition 303
tcp_ping received 768 bytes back
Round trip time was 1.44863 milliseconds in repetition 304
tcp_ping received 768 bytes back
Round trip time was 1.62199 milliseconds in repetition 305
tcp_ping received 768 bytes back
Round trip time was 1.46515 milliseconds in repetition 306
tcp_ping received 768 bytes back
Round trip time was 1.75027 milliseconds in repetition 307
tcp_ping received 768 bytes back
Round trip time was 2.12607 milliseconds in repetition 308
tcp_ping received 768 bytes back
Round trip time was 1.66119 milliseconds in repetition 309
tcp_ping received 768 bytes back
Round trip time was 1.23274 milliseconds in repetition 310
tcp_ping received 768 bytes back
Round trip time was 1.37148 milliseconds in repetition 311
tcp_ping received 768 bytes back
Round trip time was 1.42463 milliseconds in repetition 312
tcp_ping received 768 bytes back
Round trip time was 1.43183 milliseconds in repetition 313
tcp_ping received 768 bytes back
Round trip time was 1.69016 milliseconds in repetition 314
tcp_ping received 768 bytes back
Round trip time was 1.59147 milliseconds in repetition 315
tcp_ping received 768 bytes back
Round trip time was 1.49214 milliseconds in repetition 316
tcp_ping received 768 bytes back
Round trip time was 1.38951 milliseconds in repetition 317
tcp_ping received 768 bytes back
Round trip time was 2.38193 milliseconds in repetition 318
tcp_ping received 768 bytes back
Round trip time was 1.23505 milliseconds in repetition 319
tcp_ping received 768 bytes back
Round trip time was 1.20885 milliseconds in repetition 320
tcp_ping received 768 bytes back
Round trip time was 1.47433 milliseconds in repetition 321
tcp_ping received 768 bytes back
Round trip time was 1.90264 milliseconds in repetition 322
tcp_ping received 768 bytes back
Round trip time was 1.41714 milliseconds in repetition 323
tcp_ping received 768 bytes back
Round trip time was 1.29217 milliseconds in repetition 324
tcp_ping received 768 bytes back
Round trip time was 1.64071 milliseconds in repetition 325
tcp_ping received 768 bytes back
Round trip time was 1.37445 milliseconds in repetition 326
tcp_ping received 768 bytes back
Round trip time was 1.35907 milliseconds in repetition 327
tcp_ping received 768 bytes back
Round trip time was 1.4895 milliseconds in repetition 328
tcp_ping received 768 bytes back
Round trip time was 2.05893 milliseconds in repetition 329
tcp_ping received 768 bytes back
Round trip time was 1.33289 milliseconds in repetition 330
tcp_ping received 768 bytes back
Round trip time was 1.39809 milliseconds in repetition 331
tcp_ping received 768 bytes back
Round trip time was 1.38022 milliseconds in repetition 332
tcp_ping received 768 bytes back
Round trip time was 1.38924 milliseconds in repetition 333
tcp_ping received 768 bytes back
Round trip time was 1.47646 milliseconds in repetition 334
tcp_ping received 768 bytes back
Round trip time was 1.6705 milliseconds in repetition 335
tcp_ping received 768 bytes back
Round trip time was 1.42115 milliseconds in repetition 336
tcp_ping received 768 bytes back
Round trip time was 1.50121 milliseconds in repetition 337
tcp_ping received 768 bytes back
Round trip time was 1.26721 milliseconds in repetition 338
tcp_ping received 768 bytes back
Round trip time was 1.57567 milliseconds in repetition 339
tcp_ping received 768 bytes back
Round trip time was 2.2112 milliseconds in repetition 340
tcp_ping received 768 bytes back
Round trip time was 1.43352 milliseconds in repetition 341
tcp_ping received 768 bytes back
Round trip time was 2.2787 milliseconds in repetition 342
tcp_ping received 768 bytes back
Round trip time was 1.38699 milliseconds in repetition 343
tcp_ping received 768 bytes back
Round trip time was 1.52919 milliseconds in repetition 344
tcp_ping received 768 bytes back
Round trip time was 1.30295 milliseconds in repetition 345
tcp_ping received 768 bytes back
Round trip time was 1.32815 milliseconds in repetition 346
tcp_ping received 768 bytes back
Round trip time was 1.82227 milliseconds in repetition 347
tcp_ping received 768 bytes back
Round trip time was 1.4652 milliseconds in repetition 348
tcp_ping received 768 bytes back
Round trip time was 1.21571 milliseconds in repetition 349
tcp_ping received 768 bytes back
Round trip time was 1.97216 milliseconds in repetition 350
tcp_ping received 768 bytes back
Round trip time was 1.69825 milliseconds in repetition 351
tcp_ping received 768 bytes back
Round trip time was 1.89125 milliseconds in repetition 352
tcp_ping received 768 bytes back
Round trip time was 1.41734 milliseconds in repetition 353
tcp_ping received 768 bytes back
Round trip time was 1.45999 milliseconds in repetition 354
tcp_ping received 768 bytes back
Round trip time was 1.22082 milliseconds in repetition 355
tcp_ping received 768 bytes back
Round trip time was 1.39075 milliseconds in repetition 356
tcp_ping received 768 bytes back
Round trip time was 1.61773 milliseconds in repetition 357
tcp_ping received 768 bytes back
Round trip time was 1.43254 milliseconds in repetition 358
tcp_ping received 768 bytes back
Round trip time was 2.72323 milliseconds in repetition 359
tcp_ping received 768 bytes back
Round trip time was 1.3209 milliseconds in repetition 360
tcp_ping received 768 bytes back
Round trip time was 1.38352 milliseconds in repetition 361
tcp_ping received 768 bytes back
Round trip time was 1.36368 milliseconds in repetition 362
tcp_ping received 768 bytes back
Round trip time was 1.42555 milliseconds in repetition 363
tcp_ping received 768 bytes back
Round trip time was 1.42208 milliseconds in repetition 364
tcp_ping received 768 bytes back
Round trip time was 1.49018 milliseconds in repetition 365
tcp_ping received 768 bytes back
Round trip time was 1.55844 milliseconds in repetition 366
tcp_ping received 768 bytes back
Round trip time was 1.65142 milliseconds in repetition 367
tcp_ping received 768 bytes back
Round trip time was 1.37726 milliseconds in repetition 368
tcp_ping received 768 bytes back
Round trip time was 1.38443 milliseconds in repetition 369
tcp_ping received 768 bytes back
Round trip time was 2.46186 milliseconds in repetition 370
tcp_ping received 768 bytes back
Round trip time was 1.46372 milliseconds in repetition 371
tcp_ping received 768 bytes back
Round trip time was 1.26358 milliseconds in repetition 372
tcp_ping received 768 bytes back
Round trip time was 1.42304 milliseconds in repetition 373
tcp_ping received 768 bytes back
Round trip time was 1.80392 milliseconds in repetition 374
tcp_ping received 768 bytes back
Round trip time was 1.50517 milliseconds in repetition 375
tcp_ping received 768 bytes back
Round trip time was 1.35047 milliseconds in repetition 376
tcp_ping received 768 bytes back
Round trip time was 1.41842 milliseconds in repetition 377
tcp_ping received 768 bytes back
Round trip time was 1.42087 milliseconds in repetition 378
tcp_ping received 768 bytes back
Round trip time was 1.36346 milliseconds in repetition 379
tcp_ping received 768 bytes back
Round trip time was 1.3568 milliseconds in repetition 380
tcp_ping received 768 bytes back
Round trip time was 4.1188 milliseconds in repetition 381
tcp_ping received 768 bytes back
Round trip time was 1.58726 milliseconds in repetition 382
tcp_ping received 768 bytes back
Round trip time was 1.60292 milliseconds in repetition 383
tcp_ping received 768 bytes back
Round trip time was 1.43494 milliseconds in repetition 384
tcp_ping received 768 bytes back
Round trip time was 1.38674 milliseconds in repetition 385
tcp_ping received 768 bytes back
Round trip time was 1.3233 milliseconds in repetition 386
tcp_ping received 768 bytes back
Round trip time was 1.60042 milliseconds in repetition 387
tcp_ping received 768 bytes back
Round trip time was 1.74168 milliseconds in repetition 388
tcp_ping received 768 bytes back
Round trip time was 1.22425 milliseconds in repetition 389
tcp_ping received 768 bytes back
Round trip time was 2.1294 milliseconds in repetition 390
tcp_ping received 768 bytes back
Round trip time was 1.72565 milliseconds in repetition 391
tcp_ping received 768 bytes back
Round trip time was 1.3683 milliseconds in repetition 392
tcp_ping received 768 bytes back
Round trip time was 1.48264 milliseconds in repetition 393
tcp_ping received 768 bytes back
Round trip time was 1.59422 milliseconds in repetition 394
tcp_ping received 768 bytes back
Round trip time was 1.60149 milliseconds in repetition 395
tcp_ping received 768 bytes back
Round trip time was 1.4082 milliseconds in repetition 396
tcp_ping received 768 bytes back
Round trip time was 1.40067 milliseconds in repetition 397
tcp_ping received 768 bytes back
Round trip time was 1.50741 milliseconds in repetition 398
tcp_ping received 768 bytes back
Round trip time was 2.58501 milliseconds in repetition 399
tcp_ping received 768 bytes back
Round trip time was 1.5263 milliseconds in repetition 400
tcp_ping received 768 bytes back
Round trip time was 2.10052 milliseconds in repetition 401
tcp_ping received 768 bytes back
Round trip time was 1.31456 milliseconds in repetition 402
tcp_ping received 768 bytes back
Round trip time was 1.42273 milliseconds in repetition 403
tcp_ping received 768 bytes back
Round trip time was 1.36347 milliseconds in repetition 404
tcp_ping received 768 bytes back
Round trip time was 1.23974 milliseconds in repetition 405
tcp_ping received 768 bytes back
Round trip time was 1.35601 milliseconds in repetition 406
tcp_ping received 768 bytes back
Round trip time was 2.23329 milliseconds in repetition 407
tcp_ping received 768 bytes back
Round trip time was 1.808 milliseconds in repetition 408
tcp_ping received 768 bytes back
Round trip time was 2.10005 milliseconds in repetition 409
tcp_ping received 768 bytes back
Round trip time was 1.43067 milliseconds in repetition 410
tcp_ping received 768 bytes back
Round trip time was 1.41369 milliseconds in repetition 411
tcp_ping received 768 bytes back
Round trip time was 1.32197 milliseconds in repetition 412
tcp_ping received 768 bytes back
Round trip time was 2.1676 milliseconds in repetition 413
tcp_ping received 768 bytes back
Round trip time was 1.51492 milliseconds in repetition 414
tcp_ping received 768 bytes back
Round trip time was 1.40045 milliseconds in repetition 415
tcp_ping received 768 bytes back
Round trip time was 1.49623 milliseconds in repetition 416
tcp_ping received 768 bytes back
Round trip time was 1.26795 milliseconds in repetition 417
tcp_ping received 768 bytes back
Round trip time was 1.33197 milliseconds in repetition 418
tcp_ping received 768 bytes back
Round trip time was 2.02192 milliseconds in repetition 419
tcp_ping received 768 bytes back
Round trip time was 1.26587 milliseconds in repetition 420
tcp_ping received 768 bytes back
Round trip time was 1.46413 milliseconds in repetition 421
tcp_ping received 768 bytes back
Round trip time was 1.31255 milliseconds in repetition 422
tcp_ping received 768 bytes back
Round trip time was 1.37565 milliseconds in repetition 423
tcp_ping received 768 bytes back
Round trip time was 1.27053 milliseconds in repetition 424
tcp_ping received 768 bytes back
Round trip time was 1.4934 milliseconds in repetition 425
tcp_ping received 768 bytes back
Round trip time was 1.35223 milliseconds in repetition 426
tcp_ping received 768 bytes back
Round trip time was 1.94765 milliseconds in repetition 427
tcp_ping received 768 bytes back
Round trip time was 1.43178 milliseconds in repetition 428
tcp_ping received 768 bytes back
Round trip time was 1.1819 milliseconds in repetition 429
tcp_ping received 768 bytes back
Round trip time was 2.01512 milliseconds in repetition 430
tcp_ping received 768 bytes back
Round trip time was 1.5609 milliseconds in repetition 431
tcp_ping received 768 bytes back
Round trip time was 1.85048 milliseconds in repetition 432
tcp_ping received 768 bytes back
Round trip time was 1.28851 milliseconds in repetition 433
tcp_ping received 768 bytes back
Round trip time was 1.45604 milliseconds in repetition 434
tcp_ping received 768 bytes back
Round trip time was 1.41026 milliseconds in repetition 435
tcp_ping received 768 bytes back
Round trip time was 1.17637 milliseconds in repetition 436
tcp_ping received 768 bytes back
Round trip time was 1.50317 milliseconds in repetition 437
tcp_ping received 768 bytes back
Round trip time was 1.33795 milliseconds in repetition 438
tcp_ping received 768 bytes back
Round trip time was 1.54581 milliseconds in repetition 439
tcp_ping received 768 bytes back
Round trip time was 1.21502 milliseconds in repetition 440
tcp_ping received 768 bytes back
Round trip time was 1.41588 milliseconds in repetition 441
tcp_ping received 768 bytes back
Round trip time was 1.27712 milliseconds in repetition 442
tcp_ping received 768 bytes back
Round trip time was 1.43405 milliseconds in repetition 443
tcp_ping received 768 bytes back
Round trip time was 1.5367 milliseconds in repetition 444
tcp_ping received 768 bytes back
Round trip time was 1.6785 milliseconds in repetition 445
tcp_ping received 768 bytes back
Round trip time was 3.94419 milliseconds in repetition 446
tcp_ping received 768 bytes back
Round trip time was 2.87202 milliseconds in repetition 447
tcp_ping received 768 bytes back
Round trip time was 1.25936 milliseconds in repetition 448
tcp_ping received 768 bytes back
Round trip time was 1.24871 milliseconds in repetition 449
tcp_ping received 768 bytes back
Round trip time was 1.52103 milliseconds in repetition 450
tcp_ping received 768 bytes back
Round trip time was 1.36344 milliseconds in repetition 451
tcp_ping received 768 bytes back
Round trip time was 1.43021 milliseconds in repetition 452
tcp_ping received 768 bytes back
Round trip time was 1.27807 milliseconds in repetition 453
tcp_ping received 768 bytes back
Round trip time was 1.64323 milliseconds in repetition 454
tcp_ping received 768 bytes back
Round trip time was 1.4032 milliseconds in repetition 455
tcp_ping received 768 bytes back
Round trip time was 1.58274 milliseconds in repetition 456
tcp_ping received 768 bytes back
Round trip time was 1.39294 milliseconds in repetition 457
tcp_ping received 768 bytes back
Round trip time was 1.12046 milliseconds in repetition 458
tcp_ping received 768 bytes back
Round trip time was 1.3421 milliseconds in repetition 459
tcp_ping received 768 bytes back
Round trip time was 1.6596 milliseconds in repetition 460
tcp_ping received 768 bytes back
Round trip time was 1.75758 milliseconds in repetition 461
tcp_ping received 768 bytes back
Round trip time was 1.70132 milliseconds in repetition 462
tcp_ping received 768 bytes back
Round trip time was 6.34719 milliseconds in repetition 463
tcp_ping received 768 bytes back
Round trip time was 1.39419 milliseconds in repetition 464
tcp_ping received 768 bytes back
Round trip time was 1.99013 milliseconds in repetition 465
tcp_ping received 768 bytes back
Round trip time was 1.3927 milliseconds in repetition 466
tcp_ping received 768 bytes back
Round trip time was 1.79326 milliseconds in repetition 467
tcp_ping received 768 bytes back
Round trip time was 1.28808 milliseconds in repetition 468
tcp_ping received 768 bytes back
Round trip time was 1.39035 milliseconds in repetition 469
tcp_ping received 768 bytes back
Round trip time was 1.34109 milliseconds in repetition 470
tcp_ping received 768 bytes back
Round trip time was 1.38116 milliseconds in repetition 471
tcp_ping received 768 bytes back
Round trip time was 1.59041 milliseconds in repetition 472
tcp_ping received 768 bytes back
Round trip time was 1.60023 milliseconds in repetition 473
tcp_ping received 768 bytes back
Round trip time was 1.42209 milliseconds in repetition 474
tcp_ping received 768 bytes back
Round trip time was 1.29957 milliseconds in repetition 475
tcp_ping received 768 bytes back
Round trip time was 1.27302 milliseconds in repetition 476
tcp_ping received 768 bytes back
Round trip time was 1.28885 milliseconds in repetition 477
tcp_ping received 768 bytes back
Round trip time was 1.60844 milliseconds in repetition 478
tcp_ping received 768 bytes back
Round trip time was 1.97288 milliseconds in repetition 479
tcp_ping received 768 bytes back
Round trip time was 1.59681 milliseconds in repetition 480
tcp_ping received 768 bytes back
Round trip time was 1.23215 milliseconds in repetition 481
tcp_ping received 768 bytes back
Round trip time was 1.3678 milliseconds in repetition 482
tcp_ping received 768 bytes back
Round trip time was 2.30063 milliseconds in repetition 483
tcp_ping received 768 bytes back
Round trip time was 1.38978 milliseconds in repetition 484
tcp_ping received 768 bytes back
Round trip time was 1.41433 milliseconds in repetition 485
tcp_ping received 768 bytes back
Round trip time was 1.34089 milliseconds in repetition 486
tcp_ping received 768 bytes back
Round trip time was 1.31138 milliseconds in repetition 487
tcp_ping received 768 bytes back
Round trip time was 2.4694 milliseconds in repetition 488
tcp_ping received 768 bytes back
Round trip time was 1.31839 milliseconds in repetition 489
tcp_ping received 768 bytes back
Round trip time was 1.40019 milliseconds in repetition 490
tcp_ping received 768 bytes back
Round trip time was 1.30877 milliseconds in repetition 491
tcp_ping received 768 bytes back
Round trip time was 1.37377 milliseconds in repetition 492
tcp_ping received 768 bytes back
Round trip time was 1.27761 milliseconds in repetition 493
tcp_ping received 768 bytes back
Round trip time was 1.73822 milliseconds in repetition 494
tcp_ping received 768 bytes back
Round trip time was 1.52145 milliseconds in repetition 495
tcp_ping received 768 bytes back
Round trip time was 1.23938 milliseconds in repetition 496
tcp_ping received 768 bytes back
Round trip time was 1.30832 milliseconds in repetition 497
tcp_ping received 768 bytes back
Round trip time was 1.499 milliseconds in repetition 498
tcp_ping received 768 bytes back
Round trip time was 2.05834 milliseconds in repetition 499
tcp_ping received 768 bytes back
Round trip time was 1.40624 milliseconds in repetition 500
tcp_ping received 768 bytes back
Round trip time was 1.72387 milliseconds in repetition 501

 ... clock resolution was 1e-06
TCP Ping:  Statistics over 501 repetitions of 768 byte messages

RTT : percentile 10: 1.27053, median: 1.49214, percentile 90: 2.50696, average: 1.77393, variance: 0.879166

RTT histogram:
1.07608 174
1.10542 235
1.12046 49
1.12586 19
1.13529 10
1.14021 7
1.14415 0
1.16289 3
1.16396 1
1.17637 0
1.1819 1
1.18635 1
1.19087 0
1.19562 0
1.19694 0
1.19959 0
1.20562 0
1.20879 0
1.20885 0
1.21108 0
1.21502 1

   median Throughput : 1029.4 KB/s   overall Throughput : 865.873 KB/s

