UDP Ping trying to connect to server webdev.disi.unige.it (130.251.61.30) on TCP port 1491
 ... connected to Pong server: asking for 501 repetitions of 24576 _bytes UDP messages
 ... Pong server agreed to ping-pong using port 62832 :-)
 ... about to connect socket 3 to IP address 130.251.61.30, port 62832
 ... sending message 1
Round trip time was 38.986 milliseconds in repetition 1
 ... sending message 2
Round trip time was 11.755 milliseconds in repetition 2
 ... sending message 3
Round trip time was 11.459 milliseconds in repetition 3
 ... sending message 4
Round trip time was 11.943 milliseconds in repetition 4
 ... sending message 5
Round trip time was 11.576 milliseconds in repetition 5
 ... sending message 6
Round trip time was 12.300 milliseconds in repetition 6
 ... sending message 7
Round trip time was 11.511 milliseconds in repetition 7
 ... sending message 8
Round trip time was 11.285 milliseconds in repetition 8
 ... sending message 9
Round trip time was 11.312 milliseconds in repetition 9
 ... sending message 10
Round trip time was 11.282 milliseconds in repetition 10
 ... sending message 11
Round trip time was 11.311 milliseconds in repetition 11
 ... sending message 12
Round trip time was 11.427 milliseconds in repetition 12
 ... sending message 13
Round trip time was 12.079 milliseconds in repetition 13
 ... sending message 14
Round trip time was 11.692 milliseconds in repetition 14
 ... sending message 15
Round trip time was 11.462 milliseconds in repetition 15
 ... sending message 16
Round trip time was 11.934 milliseconds in repetition 16
 ... sending message 17
Round trip time was 11.186 milliseconds in repetition 17
 ... sending message 18
Round trip time was 11.296 milliseconds in repetition 18
 ... sending message 19
Round trip time was 11.066 milliseconds in repetition 19
 ... sending message 20
Round trip time was  8.976 milliseconds in repetition 20
 ... sending message 21
Round trip time was  8.098 milliseconds in repetition 21
 ... sending message 22
Round trip time was  7.975 milliseconds in repetition 22
 ... sending message 23
Round trip time was  7.960 milliseconds in repetition 23
 ... sending message 24
Round trip time was  7.492 milliseconds in repetition 24
 ... sending message 25
Round trip time was  8.532 milliseconds in repetition 25
 ... sending message 26
Round trip time was  7.945 milliseconds in repetition 26
 ... sending message 27
Round trip time was  7.738 milliseconds in repetition 27
 ... sending message 28
Round trip time was  7.913 milliseconds in repetition 28
 ... sending message 29
Round trip time was  7.889 milliseconds in repetition 29
 ... sending message 30
Round trip time was  7.673 milliseconds in repetition 30
 ... sending message 31
Round trip time was  7.970 milliseconds in repetition 31
 ... sending message 32
Round trip time was  8.012 milliseconds in repetition 32
 ... sending message 33
Round trip time was  7.754 milliseconds in repetition 33
 ... sending message 34
Round trip time was  7.840 milliseconds in repetition 34
 ... sending message 35
Round trip time was  7.836 milliseconds in repetition 35
 ... sending message 36
Round trip time was  7.897 milliseconds in repetition 36
 ... sending message 37
Round trip time was  9.062 milliseconds in repetition 37
 ... sending message 38
Round trip time was  6.259 milliseconds in repetition 38
 ... sending message 39
Round trip time was 12.734 milliseconds in repetition 39
 ... sending message 40
Round trip time was 15.071 milliseconds in repetition 40
 ... sending message 41
Round trip time was  8.507 milliseconds in repetition 41
 ... sending message 42
Round trip time was  7.811 milliseconds in repetition 42
 ... sending message 43
Round trip time was  8.002 milliseconds in repetition 43
 ... sending message 44
Round trip time was  7.756 milliseconds in repetition 44
 ... sending message 45
Round trip time was  7.506 milliseconds in repetition 45
 ... sending message 46
Round trip time was  7.998 milliseconds in repetition 46
 ... sending message 47
Round trip time was  7.812 milliseconds in repetition 47
 ... sending message 48
Round trip time was  8.814 milliseconds in repetition 48
 ... sending message 49
Round trip time was  7.750 milliseconds in repetition 49
 ... sending message 50
Round trip time was  7.796 milliseconds in repetition 50
 ... sending message 51
Round trip time was  7.545 milliseconds in repetition 51
 ... sending message 52
Round trip time was  7.921 milliseconds in repetition 52
 ... sending message 53
Round trip time was  7.819 milliseconds in repetition 53
 ... sending message 54
Round trip time was  8.105 milliseconds in repetition 54
 ... sending message 55
Round trip time was  8.204 milliseconds in repetition 55
 ... sending message 56
Round trip time was  8.010 milliseconds in repetition 56
 ... sending message 57
Round trip time was  7.951 milliseconds in repetition 57
 ... sending message 58
Round trip time was  7.806 milliseconds in repetition 58
 ... sending message 59
Round trip time was  7.955 milliseconds in repetition 59
 ... sending message 60
Round trip time was  7.963 milliseconds in repetition 60
 ... sending message 61
Round trip time was  8.031 milliseconds in repetition 61
 ... sending message 62
Round trip time was  8.022 milliseconds in repetition 62
 ... sending message 63
Round trip time was  8.264 milliseconds in repetition 63
 ... sending message 64
Round trip time was  7.611 milliseconds in repetition 64
 ... sending message 65
Round trip time was  7.596 milliseconds in repetition 65
 ... sending message 66
Round trip time was  8.197 milliseconds in repetition 66
 ... sending message 67
Round trip time was  4.287 milliseconds in repetition 67
 ... sending message 68
Round trip time was  9.990 milliseconds in repetition 68
 ... sending message 69
Round trip time was 13.836 milliseconds in repetition 69
 ... sending message 70
Round trip time was  4.012 milliseconds in repetition 70
 ... sending message 71
Round trip time was  8.371 milliseconds in repetition 71
 ... sending message 72
Round trip time was  7.463 milliseconds in repetition 72
 ... sending message 73
Round trip time was  7.844 milliseconds in repetition 73
 ... sending message 74
Round trip time was  7.846 milliseconds in repetition 74
 ... sending message 75
Round trip time was  7.931 milliseconds in repetition 75
 ... sending message 76
Round trip time was  8.235 milliseconds in repetition 76
 ... sending message 77
Round trip time was  7.676 milliseconds in repetition 77
 ... sending message 78
Round trip time was  8.139 milliseconds in repetition 78
 ... sending message 79
Round trip time was  8.843 milliseconds in repetition 79
 ... sending message 80
Round trip time was  9.170 milliseconds in repetition 80
 ... sending message 81
Round trip time was 10.149 milliseconds in repetition 81
 ... sending message 82
Round trip time was  7.662 milliseconds in repetition 82
 ... sending message 83
Round trip time was  7.963 milliseconds in repetition 83
 ... sending message 84
Round trip time was  8.125 milliseconds in repetition 84
 ... sending message 85
Round trip time was  7.661 milliseconds in repetition 85
 ... sending message 86
Round trip time was  8.147 milliseconds in repetition 86
 ... sending message 87
Round trip time was  7.954 milliseconds in repetition 87
 ... sending message 88
Round trip time was  8.246 milliseconds in repetition 88
 ... sending message 89
Round trip time was  8.149 milliseconds in repetition 89
 ... sending message 90
Round trip time was  7.604 milliseconds in repetition 90
 ... sending message 91
Round trip time was  7.888 milliseconds in repetition 91
 ... sending message 92
Round trip time was  7.970 milliseconds in repetition 92
 ... sending message 93
Round trip time was  7.793 milliseconds in repetition 93
 ... sending message 94
Round trip time was  7.971 milliseconds in repetition 94
 ... sending message 95
Round trip time was  8.126 milliseconds in repetition 95
 ... sending message 96
Round trip time was  7.933 milliseconds in repetition 96
 ... sending message 97
Round trip time was  7.803 milliseconds in repetition 97
 ... sending message 98
Round trip time was  7.869 milliseconds in repetition 98
 ... sending message 99
Round trip time was  8.512 milliseconds in repetition 99
 ... sending message 100
Round trip time was  7.675 milliseconds in repetition 100
 ... sending message 101
Round trip time was  7.719 milliseconds in repetition 101
 ... sending message 102
Round trip time was 11.221 milliseconds in repetition 102
 ... sending message 103
Round trip time was  8.333 milliseconds in repetition 103
 ... sending message 104
Round trip time was  8.050 milliseconds in repetition 104
 ... sending message 105
Round trip time was  8.012 milliseconds in repetition 105
 ... sending message 106
Round trip time was  7.826 milliseconds in repetition 106
 ... sending message 107
Round trip time was  8.095 milliseconds in repetition 107
 ... sending message 108
Round trip time was  8.203 milliseconds in repetition 108
 ... sending message 109
Round trip time was  8.626 milliseconds in repetition 109
 ... sending message 110
Round trip time was  9.324 milliseconds in repetition 110
 ... sending message 111
Round trip time was 15.151 milliseconds in repetition 111
 ... sending message 112
Round trip time was  8.116 milliseconds in repetition 112
 ... sending message 113
Round trip time was  7.862 milliseconds in repetition 113
 ... sending message 114
Round trip time was  8.240 milliseconds in repetition 114
 ... sending message 115
Round trip time was  7.543 milliseconds in repetition 115
 ... sending message 116
Round trip time was  7.901 milliseconds in repetition 116
 ... sending message 117
Round trip time was  7.822 milliseconds in repetition 117
 ... sending message 118
Round trip time was  7.741 milliseconds in repetition 118
 ... sending message 119
Round trip time was  7.881 milliseconds in repetition 119
 ... sending message 120
Round trip time was  8.106 milliseconds in repetition 120
 ... sending message 121
Round trip time was  7.888 milliseconds in repetition 121
 ... sending message 122
Round trip time was  7.826 milliseconds in repetition 122
 ... sending message 123
Round trip time was  7.773 milliseconds in repetition 123
 ... sending message 124
Round trip time was  7.497 milliseconds in repetition 124
 ... sending message 125
Round trip time was  7.786 milliseconds in repetition 125
 ... sending message 126
Round trip time was  7.925 milliseconds in repetition 126
 ... sending message 127
Round trip time was  8.034 milliseconds in repetition 127
 ... sending message 128
Round trip time was  7.864 milliseconds in repetition 128
 ... sending message 129
Round trip time was  8.137 milliseconds in repetition 129
 ... sending message 130
Round trip time was  7.967 milliseconds in repetition 130
 ... sending message 131
Round trip time was  8.179 milliseconds in repetition 131
 ... sending message 132
Round trip time was  7.977 milliseconds in repetition 132
 ... sending message 133
Round trip time was  7.755 milliseconds in repetition 133
 ... sending message 134
Round trip time was  8.018 milliseconds in repetition 134
 ... sending message 135
Round trip time was  8.010 milliseconds in repetition 135
 ... sending message 136
Round trip time was  8.071 milliseconds in repetition 136
 ... sending message 137
Round trip time was  7.970 milliseconds in repetition 137
 ... sending message 138
Round trip time was  8.482 milliseconds in repetition 138
 ... sending message 139
Round trip time was  9.164 milliseconds in repetition 139
 ... sending message 140
Round trip time was 10.267 milliseconds in repetition 140
 ... sending message 141
Round trip time was  7.904 milliseconds in repetition 141
 ... sending message 142
Round trip time was  7.739 milliseconds in repetition 142
 ... sending message 143
Round trip time was  8.282 milliseconds in repetition 143
 ... sending message 144
Round trip time was  8.373 milliseconds in repetition 144
 ... sending message 145
Round trip time was  8.049 milliseconds in repetition 145
 ... sending message 146
Round trip time was  7.778 milliseconds in repetition 146
 ... sending message 147
Round trip time was  7.932 milliseconds in repetition 147
 ... sending message 148
Round trip time was  8.026 milliseconds in repetition 148
 ... sending message 149
Round trip time was  7.666 milliseconds in repetition 149
 ... sending message 150
Round trip time was  8.108 milliseconds in repetition 150
 ... sending message 151
Round trip time was  7.832 milliseconds in repetition 151
 ... sending message 152
Round trip time was  7.668 milliseconds in repetition 152
 ... sending message 153
Round trip time was  7.990 milliseconds in repetition 153
 ... sending message 154
Round trip time was  8.976 milliseconds in repetition 154
 ... sending message 155
Round trip time was 11.240 milliseconds in repetition 155
 ... sending message 156
Round trip time was  7.693 milliseconds in repetition 156
 ... sending message 157
Round trip time was  8.018 milliseconds in repetition 157
 ... sending message 158
Round trip time was  7.677 milliseconds in repetition 158
 ... sending message 159
Round trip time was  7.950 milliseconds in repetition 159
 ... sending message 160
Round trip time was  8.135 milliseconds in repetition 160
 ... sending message 161
Round trip time was  8.302 milliseconds in repetition 161
 ... sending message 162
Round trip time was  7.633 milliseconds in repetition 162
 ... sending message 163
Round trip time was  8.915 milliseconds in repetition 163
 ... sending message 164
Round trip time was  8.761 milliseconds in repetition 164
 ... sending message 165
Round trip time was  7.575 milliseconds in repetition 165
 ... sending message 166
Round trip time was  7.766 milliseconds in repetition 166
 ... sending message 167
Round trip time was  7.933 milliseconds in repetition 167
 ... sending message 168
Round trip time was  7.505 milliseconds in repetition 168
 ... sending message 169
Round trip time was  8.003 milliseconds in repetition 169
 ... sending message 170
Round trip time was  8.400 milliseconds in repetition 170
 ... sending message 171
Round trip time was 10.955 milliseconds in repetition 171
 ... sending message 172
Round trip time was  7.874 milliseconds in repetition 172
 ... sending message 173
Round trip time was  8.123 milliseconds in repetition 173
 ... sending message 174
Round trip time was  8.014 milliseconds in repetition 174
 ... sending message 175
Round trip time was  7.965 milliseconds in repetition 175
 ... sending message 176
Round trip time was  8.579 milliseconds in repetition 176
 ... sending message 177
Round trip time was  7.646 milliseconds in repetition 177
 ... sending message 178
Round trip time was  7.815 milliseconds in repetition 178
 ... sending message 179
Round trip time was  7.863 milliseconds in repetition 179
 ... sending message 180
Round trip time was  7.962 milliseconds in repetition 180
 ... sending message 181
Round trip time was  7.655 milliseconds in repetition 181
 ... sending message 182
Round trip time was  8.028 milliseconds in repetition 182
 ... sending message 183
Round trip time was  7.691 milliseconds in repetition 183
 ... sending message 184
Round trip time was  9.880 milliseconds in repetition 184
 ... sending message 185
Round trip time was  8.985 milliseconds in repetition 185
 ... sending message 186
Round trip time was  7.970 milliseconds in repetition 186
 ... sending message 187
Round trip time was  7.572 milliseconds in repetition 187
 ... sending message 188
Round trip time was  7.967 milliseconds in repetition 188
 ... sending message 189
Round trip time was  7.662 milliseconds in repetition 189
 ... sending message 190
Round trip time was  7.943 milliseconds in repetition 190
 ... sending message 191
Round trip time was  8.100 milliseconds in repetition 191
 ... sending message 192
Round trip time was  6.111 milliseconds in repetition 192
 ... sending message 193
Round trip time was  9.730 milliseconds in repetition 193
 ... sending message 194
Round trip time was 14.023 milliseconds in repetition 194
 ... sending message 195
Round trip time was  4.071 milliseconds in repetition 195
 ... sending message 196
Round trip time was  7.847 milliseconds in repetition 196
 ... sending message 197
Round trip time was  7.848 milliseconds in repetition 197
 ... sending message 198
Round trip time was  8.324 milliseconds in repetition 198
 ... sending message 199
Round trip time was  8.001 milliseconds in repetition 199
 ... sending message 200
Round trip time was  7.806 milliseconds in repetition 200
 ... sending message 201
Round trip time was  8.051 milliseconds in repetition 201
 ... sending message 202
Round trip time was  8.036 milliseconds in repetition 202
 ... sending message 203
Round trip time was 11.310 milliseconds in repetition 203
 ... sending message 204
Round trip time was 11.533 milliseconds in repetition 204
 ... sending message 205
Round trip time was  8.850 milliseconds in repetition 205
 ... sending message 206
Round trip time was  8.205 milliseconds in repetition 206
 ... sending message 207
Round trip time was  7.816 milliseconds in repetition 207
 ... sending message 208
Round trip time was  8.077 milliseconds in repetition 208
 ... sending message 209
Round trip time was  5.693 milliseconds in repetition 209
 ... sending message 210
Round trip time was 10.051 milliseconds in repetition 210
 ... sending message 211
Round trip time was 11.814 milliseconds in repetition 211
 ... sending message 212
Round trip time was  7.853 milliseconds in repetition 212
 ... sending message 213
Round trip time was  8.028 milliseconds in repetition 213
 ... sending message 214
Round trip time was  8.072 milliseconds in repetition 214
 ... sending message 215
Round trip time was  8.866 milliseconds in repetition 215
 ... sending message 216
Round trip time was  9.926 milliseconds in repetition 216
 ... sending message 217
Round trip time was  8.454 milliseconds in repetition 217
 ... sending message 218
Round trip time was  8.011 milliseconds in repetition 218
 ... sending message 219
Round trip time was  8.665 milliseconds in repetition 219
 ... sending message 220
Round trip time was  7.879 milliseconds in repetition 220
 ... sending message 221
Round trip time was  7.763 milliseconds in repetition 221
 ... sending message 222
Round trip time was  8.063 milliseconds in repetition 222
 ... sending message 223
Round trip time was  8.421 milliseconds in repetition 223
 ... sending message 224
Round trip time was  7.698 milliseconds in repetition 224
 ... sending message 225
Round trip time was  7.684 milliseconds in repetition 225
 ... sending message 226
Round trip time was  7.973 milliseconds in repetition 226
 ... sending message 227
Round trip time was 10.466 milliseconds in repetition 227
 ... sending message 228
Round trip time was 11.283 milliseconds in repetition 228
 ... sending message 229
Round trip time was  8.126 milliseconds in repetition 229
 ... sending message 230
Round trip time was  8.323 milliseconds in repetition 230
 ... sending message 231
Round trip time was  9.112 milliseconds in repetition 231
 ... sending message 232
Round trip time was  7.579 milliseconds in repetition 232
 ... sending message 233
Round trip time was  7.807 milliseconds in repetition 233
 ... sending message 234
Round trip time was  8.273 milliseconds in repetition 234
 ... sending message 235
Round trip time was  7.736 milliseconds in repetition 235
 ... sending message 236
Round trip time was  7.846 milliseconds in repetition 236
 ... sending message 237
Round trip time was  8.799 milliseconds in repetition 237
 ... sending message 238
Round trip time was  8.175 milliseconds in repetition 238
 ... sending message 239
Round trip time was 10.527 milliseconds in repetition 239
 ... sending message 240
Round trip time was  9.249 milliseconds in repetition 240
 ... sending message 241
Round trip time was  7.714 milliseconds in repetition 241
 ... sending message 242
Round trip time was  7.858 milliseconds in repetition 242
 ... sending message 243
Round trip time was  8.481 milliseconds in repetition 243
 ... sending message 244
Round trip time was  8.178 milliseconds in repetition 244
 ... sending message 245
Round trip time was  8.243 milliseconds in repetition 245
 ... sending message 246
Round trip time was 11.333 milliseconds in repetition 246
 ... sending message 247
Round trip time was  8.003 milliseconds in repetition 247
 ... sending message 248
Round trip time was  7.920 milliseconds in repetition 248
 ... sending message 249
Round trip time was  8.111 milliseconds in repetition 249
 ... sending message 250
Round trip time was  7.767 milliseconds in repetition 250
 ... sending message 251
Round trip time was  8.146 milliseconds in repetition 251
 ... sending message 252
Round trip time was  8.053 milliseconds in repetition 252
 ... sending message 253
Round trip time was  8.116 milliseconds in repetition 253
 ... sending message 254
Round trip time was  8.544 milliseconds in repetition 254
 ... sending message 255
Round trip time was  8.322 milliseconds in repetition 255
 ... sending message 256
Round trip time was  7.668 milliseconds in repetition 256
 ... sending message 257
Round trip time was  8.028 milliseconds in repetition 257
 ... sending message 258
Round trip time was  7.855 milliseconds in repetition 258
 ... sending message 259
Round trip time was  7.658 milliseconds in repetition 259
 ... sending message 260
Round trip time was  9.057 milliseconds in repetition 260
 ... sending message 261
Round trip time was  7.832 milliseconds in repetition 261
 ... sending message 262
Round trip time was  7.944 milliseconds in repetition 262
 ... sending message 263
Round trip time was  8.080 milliseconds in repetition 263
 ... sending message 264
Round trip time was  7.972 milliseconds in repetition 264
 ... sending message 265
Round trip time was  7.751 milliseconds in repetition 265
 ... sending message 266
Round trip time was  8.275 milliseconds in repetition 266
 ... sending message 267
Round trip time was  6.417 milliseconds in repetition 267
 ... sending message 268
Round trip time was 10.082 milliseconds in repetition 268
 ... sending message 269
Round trip time was 13.258 milliseconds in repetition 269
 ... sending message 270
Round trip time was  4.476 milliseconds in repetition 270
 ... sending message 271
Round trip time was  7.898 milliseconds in repetition 271
 ... sending message 272
Round trip time was  7.647 milliseconds in repetition 272
 ... sending message 273
Round trip time was  7.967 milliseconds in repetition 273
 ... sending message 274
Round trip time was  7.926 milliseconds in repetition 274
 ... sending message 275
Round trip time was  8.157 milliseconds in repetition 275
 ... sending message 276
Round trip time was  8.134 milliseconds in repetition 276
 ... sending message 277
Round trip time was  7.978 milliseconds in repetition 277
 ... sending message 278
Round trip time was  7.764 milliseconds in repetition 278
 ... sending message 279
Round trip time was  7.927 milliseconds in repetition 279
 ... sending message 280
Round trip time was  9.608 milliseconds in repetition 280
 ... sending message 281
Round trip time was  7.709 milliseconds in repetition 281
 ... sending message 282
Round trip time was  8.565 milliseconds in repetition 282
 ... sending message 283
Round trip time was  8.150 milliseconds in repetition 283
 ... sending message 284
Round trip time was  7.755 milliseconds in repetition 284
 ... sending message 285
Round trip time was  7.968 milliseconds in repetition 285
 ... sending message 286
Round trip time was  8.005 milliseconds in repetition 286
 ... sending message 287
Round trip time was  7.769 milliseconds in repetition 287
 ... sending message 288
Round trip time was  7.843 milliseconds in repetition 288
 ... sending message 289
Round trip time was  7.990 milliseconds in repetition 289
 ... sending message 290
Round trip time was  7.920 milliseconds in repetition 290
 ... sending message 291
Round trip time was  8.053 milliseconds in repetition 291
 ... sending message 292
Round trip time was  8.137 milliseconds in repetition 292
 ... sending message 293
Round trip time was  7.723 milliseconds in repetition 293
 ... sending message 294
Round trip time was  7.909 milliseconds in repetition 294
 ... sending message 295
Round trip time was  7.805 milliseconds in repetition 295
 ... sending message 296
Round trip time was  8.298 milliseconds in repetition 296
 ... sending message 297
Round trip time was  7.682 milliseconds in repetition 297
 ... sending message 298
Round trip time was  7.679 milliseconds in repetition 298
 ... sending message 299
Round trip time was  7.837 milliseconds in repetition 299
 ... sending message 300
Round trip time was  7.776 milliseconds in repetition 300
 ... sending message 301
Round trip time was  7.608 milliseconds in repetition 301
 ... sending message 302
Round trip time was  7.960 milliseconds in repetition 302
 ... sending message 303
Round trip time was  7.867 milliseconds in repetition 303
 ... sending message 304
Round trip time was  7.774 milliseconds in repetition 304
 ... sending message 305
Round trip time was  7.757 milliseconds in repetition 305
 ... sending message 306
Round trip time was  8.124 milliseconds in repetition 306
 ... sending message 307
Round trip time was  8.298 milliseconds in repetition 307
 ... sending message 308
Round trip time was  7.481 milliseconds in repetition 308
 ... sending message 309
Round trip time was  7.842 milliseconds in repetition 309
 ... sending message 310
Round trip time was  7.967 milliseconds in repetition 310
 ... sending message 311
Round trip time was  7.825 milliseconds in repetition 311
 ... sending message 312
Round trip time was  7.984 milliseconds in repetition 312
 ... sending message 313
Round trip time was  7.889 milliseconds in repetition 313
 ... sending message 314
Round trip time was 10.109 milliseconds in repetition 314
 ... sending message 315
Round trip time was  8.304 milliseconds in repetition 315
 ... sending message 316
Round trip time was  7.823 milliseconds in repetition 316
 ... sending message 317
Round trip time was  7.585 milliseconds in repetition 317
 ... sending message 318
Round trip time was  8.255 milliseconds in repetition 318
 ... sending message 319
Round trip time was  7.789 milliseconds in repetition 319
 ... sending message 320
Round trip time was  7.658 milliseconds in repetition 320
 ... sending message 321
Round trip time was  8.264 milliseconds in repetition 321
 ... sending message 322
Round trip time was  6.311 milliseconds in repetition 322
 ... sending message 323
Round trip time was 10.126 milliseconds in repetition 323
 ... sending message 324
Round trip time was 13.525 milliseconds in repetition 324
 ... sending message 325
Round trip time was  4.148 milliseconds in repetition 325
 ... sending message 326
Round trip time was  7.893 milliseconds in repetition 326
 ... sending message 327
Round trip time was  7.989 milliseconds in repetition 327
 ... sending message 328
Round trip time was  7.945 milliseconds in repetition 328
 ... sending message 329
Round trip time was  9.859 milliseconds in repetition 329
 ... sending message 330
Round trip time was  8.488 milliseconds in repetition 330
 ... sending message 331
Round trip time was  7.542 milliseconds in repetition 331
 ... sending message 332
Round trip time was  7.649 milliseconds in repetition 332
 ... sending message 333
Round trip time was  8.184 milliseconds in repetition 333
 ... sending message 334
Round trip time was  7.956 milliseconds in repetition 334
 ... sending message 335
Round trip time was  6.046 milliseconds in repetition 335
 ... sending message 336
Round trip time was 10.405 milliseconds in repetition 336
 ... sending message 337
Round trip time was 13.601 milliseconds in repetition 337
 ... sending message 338
Round trip time was  4.146 milliseconds in repetition 338
 ... sending message 339
Round trip time was  7.794 milliseconds in repetition 339
 ... sending message 340
Round trip time was  8.026 milliseconds in repetition 340
 ... sending message 341
Round trip time was  7.966 milliseconds in repetition 341
 ... sending message 342
Round trip time was  7.837 milliseconds in repetition 342
 ... sending message 343
Round trip time was  7.911 milliseconds in repetition 343
 ... sending message 344
Round trip time was  9.389 milliseconds in repetition 344
 ... sending message 345
Round trip time was  8.384 milliseconds in repetition 345
 ... sending message 346
Round trip time was  8.111 milliseconds in repetition 346
 ... sending message 347
Round trip time was  7.954 milliseconds in repetition 347
 ... sending message 348
Round trip time was  8.170 milliseconds in repetition 348
 ... sending message 349
Round trip time was  7.775 milliseconds in repetition 349
 ... sending message 350
Round trip time was  7.972 milliseconds in repetition 350
 ... sending message 351
Round trip time was  8.184 milliseconds in repetition 351
 ... sending message 352
Round trip time was  7.849 milliseconds in repetition 352
 ... sending message 353
Round trip time was  8.377 milliseconds in repetition 353
 ... sending message 354
Round trip time was  7.906 milliseconds in repetition 354
 ... sending message 355
Round trip time was  7.958 milliseconds in repetition 355
 ... sending message 356
Round trip time was  7.956 milliseconds in repetition 356
 ... sending message 357
Round trip time was  8.764 milliseconds in repetition 357
 ... sending message 358
Round trip time was  7.837 milliseconds in repetition 358
 ... sending message 359
Round trip time was  7.956 milliseconds in repetition 359
 ... sending message 360
Round trip time was  7.884 milliseconds in repetition 360
 ... sending message 361
Round trip time was  7.538 milliseconds in repetition 361
 ... sending message 362
Round trip time was  7.858 milliseconds in repetition 362
 ... sending message 363
Round trip time was  7.774 milliseconds in repetition 363
 ... sending message 364
Round trip time was  7.747 milliseconds in repetition 364
 ... sending message 365
Round trip time was  7.741 milliseconds in repetition 365
 ... sending message 366
Round trip time was  7.909 milliseconds in repetition 366
 ... sending message 367
Round trip time was  7.655 milliseconds in repetition 367
 ... sending message 368
Round trip time was  7.819 milliseconds in repetition 368
 ... sending message 369
Round trip time was  7.855 milliseconds in repetition 369
 ... sending message 370
Round trip time was  7.596 milliseconds in repetition 370
 ... sending message 371
Round trip time was  7.833 milliseconds in repetition 371
 ... sending message 372
Round trip time was  8.468 milliseconds in repetition 372
 ... sending message 373
Round trip time was 11.246 milliseconds in repetition 373
 ... sending message 374
Round trip time was  7.772 milliseconds in repetition 374
 ... sending message 375
Round trip time was  7.914 milliseconds in repetition 375
 ... sending message 376
Round trip time was  7.575 milliseconds in repetition 376
 ... sending message 377
Round trip time was  8.147 milliseconds in repetition 377
 ... sending message 378
Round trip time was  8.174 milliseconds in repetition 378
 ... sending message 379
Round trip time was  8.053 milliseconds in repetition 379
 ... sending message 380
Round trip time was  7.862 milliseconds in repetition 380
 ... sending message 381
Round trip time was  8.109 milliseconds in repetition 381
 ... sending message 382
Round trip time was  8.041 milliseconds in repetition 382
 ... sending message 383
Round trip time was  8.936 milliseconds in repetition 383
 ... sending message 384
Round trip time was  8.356 milliseconds in repetition 384
 ... sending message 385
Round trip time was  8.217 milliseconds in repetition 385
 ... sending message 386
Round trip time was  7.950 milliseconds in repetition 386
 ... sending message 387
Round trip time was  8.244 milliseconds in repetition 387
 ... sending message 388
Round trip time was  8.213 milliseconds in repetition 388
 ... sending message 389
Round trip time was  8.203 milliseconds in repetition 389
 ... sending message 390
Round trip time was  8.020 milliseconds in repetition 390
 ... sending message 391
Round trip time was  8.354 milliseconds in repetition 391
 ... sending message 392
Round trip time was  7.789 milliseconds in repetition 392
 ... sending message 393
Round trip time was  7.779 milliseconds in repetition 393
 ... sending message 394
Round trip time was  7.870 milliseconds in repetition 394
 ... sending message 395
Round trip time was  7.768 milliseconds in repetition 395
 ... sending message 396
Round trip time was  7.742 milliseconds in repetition 396
 ... sending message 397
Round trip time was  8.027 milliseconds in repetition 397
 ... sending message 398
Round trip time was  7.749 milliseconds in repetition 398
 ... sending message 399
Round trip time was  8.517 milliseconds in repetition 399
 ... sending message 400
Round trip time was  7.753 milliseconds in repetition 400
 ... sending message 401
Round trip time was  7.617 milliseconds in repetition 401
 ... sending message 402
Round trip time was  7.618 milliseconds in repetition 402
 ... sending message 403
Round trip time was 10.466 milliseconds in repetition 403
 ... sending message 404
Round trip time was  8.578 milliseconds in repetition 404
 ... sending message 405
Round trip time was  7.664 milliseconds in repetition 405
 ... sending message 406
Round trip time was  9.024 milliseconds in repetition 406
 ... sending message 407
Round trip time was  7.663 milliseconds in repetition 407
 ... sending message 408
Round trip time was  7.649 milliseconds in repetition 408
 ... sending message 409
Round trip time was  8.166 milliseconds in repetition 409
 ... sending message 410
Round trip time was  7.961 milliseconds in repetition 410
 ... sending message 411
Round trip time was  7.519 milliseconds in repetition 411
 ... sending message 412
Round trip time was  8.026 milliseconds in repetition 412
 ... sending message 413
Round trip time was  7.859 milliseconds in repetition 413
 ... sending message 414
Round trip time was  7.698 milliseconds in repetition 414
 ... sending message 415
Round trip time was  8.093 milliseconds in repetition 415
 ... sending message 416
Round trip time was  8.011 milliseconds in repetition 416
 ... sending message 417
Round trip time was  7.758 milliseconds in repetition 417
 ... sending message 418
Round trip time was  8.093 milliseconds in repetition 418
 ... sending message 419
Round trip time was  8.027 milliseconds in repetition 419
 ... sending message 420
Round trip time was  7.737 milliseconds in repetition 420
 ... sending message 421
Round trip time was  7.833 milliseconds in repetition 421
 ... sending message 422
Round trip time was  8.519 milliseconds in repetition 422
 ... sending message 423
Round trip time was  7.820 milliseconds in repetition 423
 ... sending message 424
Round trip time was  7.927 milliseconds in repetition 424
 ... sending message 425
Round trip time was  7.689 milliseconds in repetition 425
 ... sending message 426
Round trip time was  7.799 milliseconds in repetition 426
 ... sending message 427
Round trip time was  8.102 milliseconds in repetition 427
 ... sending message 428
Round trip time was  7.836 milliseconds in repetition 428
 ... sending message 429
Round trip time was  8.003 milliseconds in repetition 429
 ... sending message 430
Round trip time was  7.971 milliseconds in repetition 430
 ... sending message 431
Round trip time was  7.804 milliseconds in repetition 431
 ... sending message 432
Round trip time was  8.003 milliseconds in repetition 432
 ... sending message 433
Round trip time was  8.125 milliseconds in repetition 433
 ... sending message 434
Round trip time was  7.936 milliseconds in repetition 434
 ... sending message 435
Round trip time was  7.920 milliseconds in repetition 435
 ... sending message 436
Round trip time was  8.067 milliseconds in repetition 436
 ... sending message 437
Round trip time was  8.606 milliseconds in repetition 437
 ... sending message 438
Round trip time was  7.661 milliseconds in repetition 438
 ... sending message 439
Round trip time was  7.816 milliseconds in repetition 439
 ... sending message 440
Round trip time was  7.842 milliseconds in repetition 440
 ... sending message 441
Round trip time was  7.992 milliseconds in repetition 441
 ... sending message 442
Round trip time was  7.954 milliseconds in repetition 442
 ... sending message 443
Round trip time was  7.851 milliseconds in repetition 443
 ... sending message 444
Round trip time was  8.178 milliseconds in repetition 444
 ... sending message 445
Round trip time was  7.798 milliseconds in repetition 445
 ... sending message 446
Round trip time was  7.641 milliseconds in repetition 446
 ... sending message 447
Round trip time was  8.031 milliseconds in repetition 447
 ... sending message 448
Round trip time was  7.777 milliseconds in repetition 448
 ... sending message 449
Round trip time was  7.886 milliseconds in repetition 449
 ... sending message 450
Round trip time was  7.880 milliseconds in repetition 450
 ... sending message 451
Round trip time was  7.727 milliseconds in repetition 451
 ... sending message 452
Round trip time was  7.677 milliseconds in repetition 452
 ... sending message 453
Round trip time was  8.675 milliseconds in repetition 453
 ... sending message 454
Round trip time was  7.856 milliseconds in repetition 454
 ... sending message 455
Round trip time was  7.554 milliseconds in repetition 455
 ... sending message 456
Round trip time was  7.828 milliseconds in repetition 456
 ... sending message 457
Round trip time was  7.889 milliseconds in repetition 457
 ... sending message 458
Round trip time was  7.671 milliseconds in repetition 458
 ... sending message 459
Round trip time was  7.882 milliseconds in repetition 459
 ... sending message 460
Round trip time was  6.018 milliseconds in repetition 460
 ... sending message 461
Round trip time was  9.628 milliseconds in repetition 461
 ... sending message 462
Round trip time was 13.038 milliseconds in repetition 462
 ... sending message 463
Round trip time was  4.304 milliseconds in repetition 463
 ... sending message 464
Round trip time was  7.662 milliseconds in repetition 464
 ... sending message 465
Round trip time was  7.718 milliseconds in repetition 465
 ... sending message 466
Round trip time was  8.281 milliseconds in repetition 466
 ... sending message 467
Round trip time was  7.615 milliseconds in repetition 467
 ... sending message 468
Round trip time was  7.839 milliseconds in repetition 468
 ... sending message 469
Round trip time was  8.329 milliseconds in repetition 469
 ... sending message 470
Round trip time was  7.668 milliseconds in repetition 470
 ... sending message 471
Round trip time was  8.001 milliseconds in repetition 471
 ... sending message 472
Round trip time was  7.901 milliseconds in repetition 472
 ... sending message 473
Round trip time was  8.454 milliseconds in repetition 473
 ... sending message 474
Round trip time was  7.893 milliseconds in repetition 474
 ... sending message 475
Round trip time was  7.915 milliseconds in repetition 475
 ... sending message 476
Round trip time was  7.814 milliseconds in repetition 476
 ... sending message 477
Round trip time was  7.817 milliseconds in repetition 477
 ... sending message 478
Round trip time was  7.524 milliseconds in repetition 478
 ... sending message 479
Round trip time was  8.135 milliseconds in repetition 479
 ... sending message 480
Round trip time was  7.961 milliseconds in repetition 480
 ... sending message 481
Round trip time was  7.858 milliseconds in repetition 481
 ... sending message 482
Round trip time was  7.564 milliseconds in repetition 482
 ... sending message 483
Round trip time was  7.908 milliseconds in repetition 483
 ... sending message 484
Round trip time was  7.865 milliseconds in repetition 484
 ... sending message 485
Round trip time was  7.578 milliseconds in repetition 485
 ... sending message 486
Round trip time was  8.629 milliseconds in repetition 486
 ... sending message 487
Round trip time was  8.045 milliseconds in repetition 487
 ... sending message 488
Round trip time was  7.973 milliseconds in repetition 488
 ... sending message 489
Round trip time was  7.893 milliseconds in repetition 489
 ... sending message 490
Round trip time was  7.930 milliseconds in repetition 490
 ... sending message 491
Round trip time was  7.669 milliseconds in repetition 491
 ... sending message 492
Round trip time was  8.455 milliseconds in repetition 492
 ... sending message 493
Round trip time was  8.231 milliseconds in repetition 493
 ... sending message 494
Round trip time was  8.447 milliseconds in repetition 494
 ... sending message 495
Round trip time was  7.998 milliseconds in repetition 495
 ... sending message 496
Round trip time was  8.009 milliseconds in repetition 496
 ... sending message 497
Round trip time was  7.844 milliseconds in repetition 497
 ... sending message 498
Round trip time was  7.992 milliseconds in repetition 498
 ... sending message 499
Round trip time was  7.796 milliseconds in repetition 499
 ... sending message 500
Round trip time was  7.496 milliseconds in repetition 500
 ... sending message 501
Round trip time was  7.994 milliseconds in repetition 501

 ... clock resolution was 1e-06
UDP Ping:  Statistics over 501 repetitions of 24576 byte messages

RTT : percentile 10: 7.65526, median: 7.96307, percentile 90: 9.85867, average: 8.3416, variance: 3.57264

RTT histogram:
4.01231 7
4.07059 7
4.14591 388
4.14783 56
4.28656 29
4.30403 9
4.47558 4
5.69327 0
6.01827 0
6.0461 0
6.11091 0
6.25899 0
6.31057 0
6.41725 0
7.46253 0
7.4807 0
7.49176 0
7.49581 0
7.49706 0
7.50518 0
7.50564 1

   median Throughput : 6172.49 KB/s   overall Throughput : 5892.4 KB/s

