TCP Ping trying to connect to server webdev.disi.unige.it (130.251.61.30) on port 1491
 ... connected to Pong server: asking for 501 repetitions of 12288 bytes TCP messages
 ... Pong server agreed :-)
tcp_ping received 12288 bytes back
Round trip time was 13.1983 milliseconds in repetition 1
tcp_ping received 12288 bytes back
Round trip time was 8.61323 milliseconds in repetition 2
tcp_ping received 12288 bytes back
Round trip time was 9.88416 milliseconds in repetition 3
tcp_ping received 12288 bytes back
Round trip time was 6.89841 milliseconds in repetition 4
tcp_ping received 12288 bytes back
Round trip time was 4.20543 milliseconds in repetition 5
tcp_ping received 12288 bytes back
Round trip time was 3.80742 milliseconds in repetition 6
tcp_ping received 12288 bytes back
Round trip time was 4.18557 milliseconds in repetition 7
tcp_ping received 12288 bytes back
Round trip time was 3.54389 milliseconds in repetition 8
tcp_ping received 12288 bytes back
Round trip time was 3.59188 milliseconds in repetition 9
tcp_ping received 12288 bytes back
Round trip time was 4.7485 milliseconds in repetition 10
tcp_ping received 12288 bytes back
Round trip time was 4.22195 milliseconds in repetition 11
tcp_ping received 12288 bytes back
Round trip time was 4.52093 milliseconds in repetition 12
tcp_ping received 12288 bytes back
Round trip time was 5.10554 milliseconds in repetition 13
tcp_ping received 12288 bytes back
Round trip time was 10.3488 milliseconds in repetition 14
tcp_ping received 12288 bytes back
Round trip time was 11.892 milliseconds in repetition 15
tcp_ping received 12288 bytes back
Round trip time was 3.41253 milliseconds in repetition 16
tcp_ping received 12288 bytes back
Round trip time was 3.81046 milliseconds in repetition 17
tcp_ping received 12288 bytes back
Round trip time was 4.45284 milliseconds in repetition 18
tcp_ping received 12288 bytes back
Round trip time was 3.83176 milliseconds in repetition 19
tcp_ping received 12288 bytes back
Round trip time was 3.92274 milliseconds in repetition 20
tcp_ping received 12288 bytes back
Round trip time was 3.99984 milliseconds in repetition 21
tcp_ping received 12288 bytes back
Round trip time was 5.2858 milliseconds in repetition 22
tcp_ping received 12288 bytes back
Round trip time was 5.37452 milliseconds in repetition 23
tcp_ping received 12288 bytes back
Round trip time was 5.22495 milliseconds in repetition 24
tcp_ping received 12288 bytes back
Round trip time was 6.27087 milliseconds in repetition 25
tcp_ping received 12288 bytes back
Round trip time was 4.33804 milliseconds in repetition 26
tcp_ping received 12288 bytes back
Round trip time was 3.73212 milliseconds in repetition 27
tcp_ping received 12288 bytes back
Round trip time was 3.99352 milliseconds in repetition 28
tcp_ping received 12288 bytes back
Round trip time was 5.36553 milliseconds in repetition 29
tcp_ping received 12288 bytes back
Round trip time was 4.08102 milliseconds in repetition 30
tcp_ping received 12288 bytes back
Round trip time was 11.5893 milliseconds in repetition 31
tcp_ping received 12288 bytes back
Round trip time was 11.1884 milliseconds in repetition 32
tcp_ping received 12288 bytes back
Round trip time was 3.83866 milliseconds in repetition 33
tcp_ping received 12288 bytes back
Round trip time was 4.80446 milliseconds in repetition 34
tcp_ping received 12288 bytes back
Round trip time was 4.33495 milliseconds in repetition 35
tcp_ping received 12288 bytes back
Round trip time was 4.22363 milliseconds in repetition 36
tcp_ping received 12288 bytes back
Round trip time was 4.28588 milliseconds in repetition 37
tcp_ping received 12288 bytes back
Round trip time was 4.20394 milliseconds in repetition 38
tcp_ping received 12288 bytes back
Round trip time was 4.56358 milliseconds in repetition 39
tcp_ping received 12288 bytes back
Round trip time was 4.99232 milliseconds in repetition 40
tcp_ping received 12288 bytes back
Round trip time was 4.20497 milliseconds in repetition 41
tcp_ping received 12288 bytes back
Round trip time was 4.94054 milliseconds in repetition 42
tcp_ping received 12288 bytes back
Round trip time was 4.48513 milliseconds in repetition 43
tcp_ping received 12288 bytes back
Round trip time was 4.35761 milliseconds in repetition 44
tcp_ping received 12288 bytes back
Round trip time was 4.14158 milliseconds in repetition 45
tcp_ping received 12288 bytes back
Round trip time was 4.33695 milliseconds in repetition 46
tcp_ping received 12288 bytes back
Round trip time was 4.23752 milliseconds in repetition 47
tcp_ping received 12288 bytes back
Round trip time was 4.08048 milliseconds in repetition 48
tcp_ping received 12288 bytes back
Round trip time was 4.82527 milliseconds in repetition 49
tcp_ping received 12288 bytes back
Round trip time was 3.36134 milliseconds in repetition 50
tcp_ping received 12288 bytes back
Round trip time was 4.79444 milliseconds in repetition 51
tcp_ping received 12288 bytes back
Round trip time was 5.35734 milliseconds in repetition 52
tcp_ping received 12288 bytes back
Round trip time was 3.71627 milliseconds in repetition 53
tcp_ping received 12288 bytes back
Round trip time was 5.2471 milliseconds in repetition 54
tcp_ping received 12288 bytes back
Round trip time was 3.36688 milliseconds in repetition 55
tcp_ping received 12288 bytes back
Round trip time was 8.04809 milliseconds in repetition 56
tcp_ping received 12288 bytes back
Round trip time was 4.91868 milliseconds in repetition 57
tcp_ping received 12288 bytes back
Round trip time was 4.11892 milliseconds in repetition 58
tcp_ping received 12288 bytes back
Round trip time was 4.45018 milliseconds in repetition 59
tcp_ping received 12288 bytes back
Round trip time was 4.25723 milliseconds in repetition 60
tcp_ping received 12288 bytes back
Round trip time was 4.36902 milliseconds in repetition 61
tcp_ping received 12288 bytes back
Round trip time was 4.02666 milliseconds in repetition 62
tcp_ping received 12288 bytes back
Round trip time was 4.75262 milliseconds in repetition 63
tcp_ping received 12288 bytes back
Round trip time was 8.03058 milliseconds in repetition 64
tcp_ping received 12288 bytes back
Round trip time was 3.64116 milliseconds in repetition 65
tcp_ping received 12288 bytes back
Round trip time was 3.55439 milliseconds in repetition 66
tcp_ping received 12288 bytes back
Round trip time was 4.5268 milliseconds in repetition 67
tcp_ping received 12288 bytes back
Round trip time was 3.53588 milliseconds in repetition 68
tcp_ping received 12288 bytes back
Round trip time was 3.62085 milliseconds in repetition 69
tcp_ping received 12288 bytes back
Round trip time was 4.62607 milliseconds in repetition 70
tcp_ping received 12288 bytes back
Round trip time was 3.68166 milliseconds in repetition 71
tcp_ping received 12288 bytes back
Round trip time was 5.91117 milliseconds in repetition 72
tcp_ping received 12288 bytes back
Round trip time was 9.19442 milliseconds in repetition 73
tcp_ping received 12288 bytes back
Round trip time was 4.10106 milliseconds in repetition 74
tcp_ping received 12288 bytes back
Round trip time was 4.04266 milliseconds in repetition 75
tcp_ping received 12288 bytes back
Round trip time was 3.90766 milliseconds in repetition 76
tcp_ping received 12288 bytes back
Round trip time was 3.72256 milliseconds in repetition 77
tcp_ping received 12288 bytes back
Round trip time was 3.95741 milliseconds in repetition 78
tcp_ping received 12288 bytes back
Round trip time was 4.75721 milliseconds in repetition 79
tcp_ping received 12288 bytes back
Round trip time was 4.03638 milliseconds in repetition 80
tcp_ping received 12288 bytes back
Round trip time was 7.39367 milliseconds in repetition 81
tcp_ping received 12288 bytes back
Round trip time was 6.97498 milliseconds in repetition 82
tcp_ping received 12288 bytes back
Round trip time was 5.91961 milliseconds in repetition 83
tcp_ping received 12288 bytes back
Round trip time was 7.96873 milliseconds in repetition 84
tcp_ping received 12288 bytes back
Round trip time was 5.24235 milliseconds in repetition 85
tcp_ping received 12288 bytes back
Round trip time was 7.36902 milliseconds in repetition 86
tcp_ping received 12288 bytes back
Round trip time was 4.12361 milliseconds in repetition 87
tcp_ping received 12288 bytes back
Round trip time was 10.4831 milliseconds in repetition 88
tcp_ping received 12288 bytes back
Round trip time was 3.86774 milliseconds in repetition 89
tcp_ping received 12288 bytes back
Round trip time was 4.10131 milliseconds in repetition 90
tcp_ping received 12288 bytes back
Round trip time was 5.05322 milliseconds in repetition 91
tcp_ping received 12288 bytes back
Round trip time was 14.3254 milliseconds in repetition 92
tcp_ping received 12288 bytes back
Round trip time was 3.80061 milliseconds in repetition 93
tcp_ping received 12288 bytes back
Round trip time was 3.84749 milliseconds in repetition 94
tcp_ping received 12288 bytes back
Round trip time was 3.5749 milliseconds in repetition 95
tcp_ping received 12288 bytes back
Round trip time was 3.84454 milliseconds in repetition 96
tcp_ping received 12288 bytes back
Round trip time was 3.57125 milliseconds in repetition 97
tcp_ping received 12288 bytes back
Round trip time was 4.29591 milliseconds in repetition 98
tcp_ping received 12288 bytes back
Round trip time was 3.8494 milliseconds in repetition 99
tcp_ping received 12288 bytes back
Round trip time was 3.76165 milliseconds in repetition 100
tcp_ping received 12288 bytes back
Round trip time was 4.92364 milliseconds in repetition 101
tcp_ping received 12288 bytes back
Round trip time was 8.40841 milliseconds in repetition 102
tcp_ping received 12288 bytes back
Round trip time was 3.82507 milliseconds in repetition 103
tcp_ping received 12288 bytes back
Round trip time was 4.01199 milliseconds in repetition 104
tcp_ping received 12288 bytes back
Round trip time was 5.38845 milliseconds in repetition 105
tcp_ping received 12288 bytes back
Round trip time was 4.0834 milliseconds in repetition 106
tcp_ping received 12288 bytes back
Round trip time was 4.01031 milliseconds in repetition 107
tcp_ping received 12288 bytes back
Round trip time was 4.00789 milliseconds in repetition 108
tcp_ping received 12288 bytes back
Round trip time was 3.96062 milliseconds in repetition 109
tcp_ping received 12288 bytes back
Round trip time was 4.69289 milliseconds in repetition 110
tcp_ping received 12288 bytes back
Round trip time was 3.85162 milliseconds in repetition 111
tcp_ping received 12288 bytes back
Round trip time was 3.82503 milliseconds in repetition 112
tcp_ping received 12288 bytes back
Round trip time was 8.76675 milliseconds in repetition 113
tcp_ping received 12288 bytes back
Round trip time was 3.56909 milliseconds in repetition 114
tcp_ping received 12288 bytes back
Round trip time was 3.2922 milliseconds in repetition 115
tcp_ping received 12288 bytes back
Round trip time was 4.0025 milliseconds in repetition 116
tcp_ping received 12288 bytes back
Round trip time was 3.87275 milliseconds in repetition 117
tcp_ping received 12288 bytes back
Round trip time was 3.97383 milliseconds in repetition 118
tcp_ping received 12288 bytes back
Round trip time was 4.07066 milliseconds in repetition 119
tcp_ping received 12288 bytes back
Round trip time was 3.82063 milliseconds in repetition 120
tcp_ping received 12288 bytes back
Round trip time was 4.53773 milliseconds in repetition 121
tcp_ping received 12288 bytes back
Round trip time was 4.22994 milliseconds in repetition 122
tcp_ping received 12288 bytes back
Round trip time was 3.56932 milliseconds in repetition 123
tcp_ping received 12288 bytes back
Round trip time was 3.63682 milliseconds in repetition 124
tcp_ping received 12288 bytes back
Round trip time was 4.16473 milliseconds in repetition 125
tcp_ping received 12288 bytes back
Round trip time was 4.04666 milliseconds in repetition 126
tcp_ping received 12288 bytes back
Round trip time was 4.06473 milliseconds in repetition 127
tcp_ping received 12288 bytes back
Round trip time was 11.3635 milliseconds in repetition 128
tcp_ping received 12288 bytes back
Round trip time was 4.10952 milliseconds in repetition 129
tcp_ping received 12288 bytes back
Round trip time was 4.8767 milliseconds in repetition 130
tcp_ping received 12288 bytes back
Round trip time was 3.80452 milliseconds in repetition 131
tcp_ping received 12288 bytes back
Round trip time was 11.3282 milliseconds in repetition 132
tcp_ping received 12288 bytes back
Round trip time was 6.84257 milliseconds in repetition 133
tcp_ping received 12288 bytes back
Round trip time was 4.608 milliseconds in repetition 134
tcp_ping received 12288 bytes back
Round trip time was 4.06314 milliseconds in repetition 135
tcp_ping received 12288 bytes back
Round trip time was 3.82272 milliseconds in repetition 136
tcp_ping received 12288 bytes back
Round trip time was 9.25895 milliseconds in repetition 137
tcp_ping received 12288 bytes back
Round trip time was 5.43835 milliseconds in repetition 138
tcp_ping received 12288 bytes back
Round trip time was 6.24583 milliseconds in repetition 139
tcp_ping received 12288 bytes back
Round trip time was 4.1012 milliseconds in repetition 140
tcp_ping received 12288 bytes back
Round trip time was 5.45708 milliseconds in repetition 141
tcp_ping received 12288 bytes back
Round trip time was 5.36242 milliseconds in repetition 142
tcp_ping received 12288 bytes back
Round trip time was 9.37487 milliseconds in repetition 143
tcp_ping received 12288 bytes back
Round trip time was 6.47639 milliseconds in repetition 144
tcp_ping received 12288 bytes back
Round trip time was 7.29944 milliseconds in repetition 145
tcp_ping received 12288 bytes back
Round trip time was 4.11549 milliseconds in repetition 146
tcp_ping received 12288 bytes back
Round trip time was 4.04607 milliseconds in repetition 147
tcp_ping received 12288 bytes back
Round trip time was 8.28801 milliseconds in repetition 148
tcp_ping received 12288 bytes back
Round trip time was 5.43811 milliseconds in repetition 149
tcp_ping received 12288 bytes back
Round trip time was 3.97489 milliseconds in repetition 150
tcp_ping received 12288 bytes back
Round trip time was 4.31315 milliseconds in repetition 151
tcp_ping received 12288 bytes back
Round trip time was 4.84219 milliseconds in repetition 152
tcp_ping received 12288 bytes back
Round trip time was 4.11315 milliseconds in repetition 153
tcp_ping received 12288 bytes back
Round trip time was 4.07198 milliseconds in repetition 154
tcp_ping received 12288 bytes back
Round trip time was 11.5659 milliseconds in repetition 155
tcp_ping received 12288 bytes back
Round trip time was 3.96174 milliseconds in repetition 156
tcp_ping received 12288 bytes back
Round trip time was 9.99539 milliseconds in repetition 157
tcp_ping received 12288 bytes back
Round trip time was 4.54508 milliseconds in repetition 158
tcp_ping received 12288 bytes back
Round trip time was 4.3279 milliseconds in repetition 159
tcp_ping received 12288 bytes back
Round trip time was 11.2229 milliseconds in repetition 160
tcp_ping received 12288 bytes back
Round trip time was 10.4254 milliseconds in repetition 161
tcp_ping received 12288 bytes back
Round trip time was 4.97207 milliseconds in repetition 162
tcp_ping received 12288 bytes back
Round trip time was 4.41628 milliseconds in repetition 163
tcp_ping received 12288 bytes back
Round trip time was 4.09722 milliseconds in repetition 164
tcp_ping received 12288 bytes back
Round trip time was 6.44497 milliseconds in repetition 165
tcp_ping received 12288 bytes back
Round trip time was 6.63841 milliseconds in repetition 166
tcp_ping received 12288 bytes back
Round trip time was 3.91209 milliseconds in repetition 167
tcp_ping received 12288 bytes back
Round trip time was 4.26233 milliseconds in repetition 168
tcp_ping received 12288 bytes back
Round trip time was 3.82044 milliseconds in repetition 169
tcp_ping received 12288 bytes back
Round trip time was 3.53485 milliseconds in repetition 170
tcp_ping received 12288 bytes back
Round trip time was 3.78187 milliseconds in repetition 171
tcp_ping received 12288 bytes back
Round trip time was 3.85912 milliseconds in repetition 172
tcp_ping received 12288 bytes back
Round trip time was 3.90396 milliseconds in repetition 173
tcp_ping received 12288 bytes back
Round trip time was 4.17837 milliseconds in repetition 174
tcp_ping received 12288 bytes back
Round trip time was 3.95433 milliseconds in repetition 175
tcp_ping received 12288 bytes back
Round trip time was 4.12736 milliseconds in repetition 176
tcp_ping received 12288 bytes back
Round trip time was 4.29974 milliseconds in repetition 177
tcp_ping received 12288 bytes back
Round trip time was 3.92484 milliseconds in repetition 178
tcp_ping received 12288 bytes back
Round trip time was 7.98815 milliseconds in repetition 179
tcp_ping received 12288 bytes back
Round trip time was 6.99487 milliseconds in repetition 180
tcp_ping received 12288 bytes back
Round trip time was 7.02118 milliseconds in repetition 181
tcp_ping received 12288 bytes back
Round trip time was 4.19316 milliseconds in repetition 182
tcp_ping received 12288 bytes back
Round trip time was 3.95764 milliseconds in repetition 183
tcp_ping received 12288 bytes back
Round trip time was 5.14992 milliseconds in repetition 184
tcp_ping received 12288 bytes back
Round trip time was 4.12323 milliseconds in repetition 185
tcp_ping received 12288 bytes back
Round trip time was 5.84926 milliseconds in repetition 186
tcp_ping received 12288 bytes back
Round trip time was 4.41799 milliseconds in repetition 187
tcp_ping received 12288 bytes back
Round trip time was 4.40233 milliseconds in repetition 188
tcp_ping received 12288 bytes back
Round trip time was 4.4735 milliseconds in repetition 189
tcp_ping received 12288 bytes back
Round trip time was 6.74507 milliseconds in repetition 190
tcp_ping received 12288 bytes back
Round trip time was 5.39637 milliseconds in repetition 191
tcp_ping received 12288 bytes back
Round trip time was 4.10906 milliseconds in repetition 192
tcp_ping received 12288 bytes back
Round trip time was 7.68716 milliseconds in repetition 193
tcp_ping received 12288 bytes back
Round trip time was 8.31947 milliseconds in repetition 194
tcp_ping received 12288 bytes back
Round trip time was 7.5297 milliseconds in repetition 195
tcp_ping received 12288 bytes back
Round trip time was 5.67107 milliseconds in repetition 196
tcp_ping received 12288 bytes back
Round trip time was 4.38669 milliseconds in repetition 197
tcp_ping received 12288 bytes back
Round trip time was 13.7066 milliseconds in repetition 198
tcp_ping received 12288 bytes back
Round trip time was 9.33493 milliseconds in repetition 199
tcp_ping received 12288 bytes back
Round trip time was 4.03899 milliseconds in repetition 200
tcp_ping received 12288 bytes back
Round trip time was 4.30809 milliseconds in repetition 201
tcp_ping received 12288 bytes back
Round trip time was 3.93471 milliseconds in repetition 202
tcp_ping received 12288 bytes back
Round trip time was 4.04661 milliseconds in repetition 203
tcp_ping received 12288 bytes back
Round trip time was 4.84006 milliseconds in repetition 204
tcp_ping received 12288 bytes back
Round trip time was 3.90381 milliseconds in repetition 205
tcp_ping received 12288 bytes back
Round trip time was 6.37405 milliseconds in repetition 206
tcp_ping received 12288 bytes back
Round trip time was 3.86508 milliseconds in repetition 207
tcp_ping received 12288 bytes back
Round trip time was 3.98473 milliseconds in repetition 208
tcp_ping received 12288 bytes back
Round trip time was 4.02543 milliseconds in repetition 209
tcp_ping received 12288 bytes back
Round trip time was 4.72318 milliseconds in repetition 210
tcp_ping received 12288 bytes back
Round trip time was 6.17965 milliseconds in repetition 211
tcp_ping received 12288 bytes back
Round trip time was 4.54359 milliseconds in repetition 212
tcp_ping received 12288 bytes back
Round trip time was 3.91109 milliseconds in repetition 213
tcp_ping received 12288 bytes back
Round trip time was 4.46946 milliseconds in repetition 214
tcp_ping received 12288 bytes back
Round trip time was 4.15154 milliseconds in repetition 215
tcp_ping received 12288 bytes back
Round trip time was 6.52739 milliseconds in repetition 216
tcp_ping received 12288 bytes back
Round trip time was 4.54515 milliseconds in repetition 217
tcp_ping received 12288 bytes back
Round trip time was 3.97357 milliseconds in repetition 218
tcp_ping received 12288 bytes back
Round trip time was 9.27096 milliseconds in repetition 219
tcp_ping received 12288 bytes back
Round trip time was 4.19193 milliseconds in repetition 220
tcp_ping received 12288 bytes back
Round trip time was 4.88189 milliseconds in repetition 221
tcp_ping received 12288 bytes back
Round trip time was 10.444 milliseconds in repetition 222
tcp_ping received 12288 bytes back
Round trip time was 3.93009 milliseconds in repetition 223
tcp_ping received 12288 bytes back
Round trip time was 4.23089 milliseconds in repetition 224
tcp_ping received 12288 bytes back
Round trip time was 5.81142 milliseconds in repetition 225
tcp_ping received 12288 bytes back
Round trip time was 11.634 milliseconds in repetition 226
tcp_ping received 12288 bytes back
Round trip time was 3.74462 milliseconds in repetition 227
tcp_ping received 12288 bytes back
Round trip time was 3.89673 milliseconds in repetition 228
tcp_ping received 12288 bytes back
Round trip time was 3.98995 milliseconds in repetition 229
tcp_ping received 12288 bytes back
Round trip time was 3.8414 milliseconds in repetition 230
tcp_ping received 12288 bytes back
Round trip time was 4.03535 milliseconds in repetition 231
tcp_ping received 12288 bytes back
Round trip time was 5.02363 milliseconds in repetition 232
tcp_ping received 12288 bytes back
Round trip time was 4.90442 milliseconds in repetition 233
tcp_ping received 12288 bytes back
Round trip time was 3.79397 milliseconds in repetition 234
tcp_ping received 12288 bytes back
Round trip time was 4.11867 milliseconds in repetition 235
tcp_ping received 12288 bytes back
Round trip time was 4.14585 milliseconds in repetition 236
tcp_ping received 12288 bytes back
Round trip time was 9.5963 milliseconds in repetition 237
tcp_ping received 12288 bytes back
Round trip time was 4.19699 milliseconds in repetition 238
tcp_ping received 12288 bytes back
Round trip time was 3.98569 milliseconds in repetition 239
tcp_ping received 12288 bytes back
Round trip time was 3.69425 milliseconds in repetition 240
tcp_ping received 12288 bytes back
Round trip time was 3.71223 milliseconds in repetition 241
tcp_ping received 12288 bytes back
Round trip time was 3.59206 milliseconds in repetition 242
tcp_ping received 12288 bytes back
Round trip time was 3.66057 milliseconds in repetition 243
tcp_ping received 12288 bytes back
Round trip time was 4.01677 milliseconds in repetition 244
tcp_ping received 12288 bytes back
Round trip time was 4.0614 milliseconds in repetition 245
tcp_ping received 12288 bytes back
Round trip time was 3.71369 milliseconds in repetition 246
tcp_ping received 12288 bytes back
Round trip time was 4.2213 milliseconds in repetition 247
tcp_ping received 12288 bytes back
Round trip time was 3.98665 milliseconds in repetition 248
tcp_ping received 12288 bytes back
Round trip time was 4.34875 milliseconds in repetition 249
tcp_ping received 12288 bytes back
Round trip time was 4.1589 milliseconds in repetition 250
tcp_ping received 12288 bytes back
Round trip time was 5.47901 milliseconds in repetition 251
tcp_ping received 12288 bytes back
Round trip time was 4.57113 milliseconds in repetition 252
tcp_ping received 12288 bytes back
Round trip time was 4.8413 milliseconds in repetition 253
tcp_ping received 12288 bytes back
Round trip time was 3.97038 milliseconds in repetition 254
tcp_ping received 12288 bytes back
Round trip time was 3.8818 milliseconds in repetition 255
tcp_ping received 12288 bytes back
Round trip time was 6.31799 milliseconds in repetition 256
tcp_ping received 12288 bytes back
Round trip time was 5.57838 milliseconds in repetition 257
tcp_ping received 12288 bytes back
Round trip time was 5.37055 milliseconds in repetition 258
tcp_ping received 12288 bytes back
Round trip time was 4.37721 milliseconds in repetition 259
tcp_ping received 12288 bytes back
Round trip time was 5.15483 milliseconds in repetition 260
tcp_ping received 12288 bytes back
Round trip time was 4.02749 milliseconds in repetition 261
tcp_ping received 12288 bytes back
Round trip time was 4.91007 milliseconds in repetition 262
tcp_ping received 12288 bytes back
Round trip time was 5.54025 milliseconds in repetition 263
tcp_ping received 12288 bytes back
Round trip time was 5.51541 milliseconds in repetition 264
tcp_ping received 12288 bytes back
Round trip time was 6.58805 milliseconds in repetition 265
tcp_ping received 12288 bytes back
Round trip time was 4.22902 milliseconds in repetition 266
tcp_ping received 12288 bytes back
Round trip time was 5.75937 milliseconds in repetition 267
tcp_ping received 12288 bytes back
Round trip time was 3.93818 milliseconds in repetition 268
tcp_ping received 12288 bytes back
Round trip time was 15.5843 milliseconds in repetition 269
tcp_ping received 12288 bytes back
Round trip time was 4.0741 milliseconds in repetition 270
tcp_ping received 12288 bytes back
Round trip time was 6.97204 milliseconds in repetition 271
tcp_ping received 12288 bytes back
Round trip time was 4.88783 milliseconds in repetition 272
tcp_ping received 12288 bytes back
Round trip time was 9.95405 milliseconds in repetition 273
tcp_ping received 12288 bytes back
Round trip time was 4.87011 milliseconds in repetition 274
tcp_ping received 12288 bytes back
Round trip time was 4.96844 milliseconds in repetition 275
tcp_ping received 12288 bytes back
Round trip time was 13.2238 milliseconds in repetition 276
tcp_ping received 12288 bytes back
Round trip time was 3.95163 milliseconds in repetition 277
tcp_ping received 12288 bytes back
Round trip time was 8.31706 milliseconds in repetition 278
tcp_ping received 12288 bytes back
Round trip time was 5.9928 milliseconds in repetition 279
tcp_ping received 12288 bytes back
Round trip time was 5.22073 milliseconds in repetition 280
tcp_ping received 12288 bytes back
Round trip time was 8.99641 milliseconds in repetition 281
tcp_ping received 12288 bytes back
Round trip time was 5.83149 milliseconds in repetition 282
tcp_ping received 12288 bytes back
Round trip time was 4.97678 milliseconds in repetition 283
tcp_ping received 12288 bytes back
Round trip time was 10.3997 milliseconds in repetition 284
tcp_ping received 12288 bytes back
Round trip time was 5.12148 milliseconds in repetition 285
tcp_ping received 12288 bytes back
Round trip time was 4.93682 milliseconds in repetition 286
tcp_ping received 12288 bytes back
Round trip time was 5.71855 milliseconds in repetition 287
tcp_ping received 12288 bytes back
Round trip time was 4.1472 milliseconds in repetition 288
tcp_ping received 12288 bytes back
Round trip time was 5.03238 milliseconds in repetition 289
tcp_ping received 12288 bytes back
Round trip time was 6.56501 milliseconds in repetition 290
tcp_ping received 12288 bytes back
Round trip time was 4.3845 milliseconds in repetition 291
tcp_ping received 12288 bytes back
Round trip time was 5.12933 milliseconds in repetition 292
tcp_ping received 12288 bytes back
Round trip time was 4.49788 milliseconds in repetition 293
tcp_ping received 12288 bytes back
Round trip time was 3.81636 milliseconds in repetition 294
tcp_ping received 12288 bytes back
Round trip time was 5.62363 milliseconds in repetition 295
tcp_ping received 12288 bytes back
Round trip time was 3.93806 milliseconds in repetition 296
tcp_ping received 12288 bytes back
Round trip time was 4.94153 milliseconds in repetition 297
tcp_ping received 12288 bytes back
Round trip time was 5.80455 milliseconds in repetition 298
tcp_ping received 12288 bytes back
Round trip time was 4.2462 milliseconds in repetition 299
tcp_ping received 12288 bytes back
Round trip time was 5.0134 milliseconds in repetition 300
tcp_ping received 12288 bytes back
Round trip time was 3.89238 milliseconds in repetition 301
tcp_ping received 12288 bytes back
Round trip time was 4.88462 milliseconds in repetition 302
tcp_ping received 12288 bytes back
Round trip time was 4.30411 milliseconds in repetition 303
tcp_ping received 12288 bytes back
Round trip time was 4.45367 milliseconds in repetition 304
tcp_ping received 12288 bytes back
Round trip time was 7.23216 milliseconds in repetition 305
tcp_ping received 12288 bytes back
Round trip time was 4.38093 milliseconds in repetition 306
tcp_ping received 12288 bytes back
Round trip time was 4.2303 milliseconds in repetition 307
tcp_ping received 12288 bytes back
Round trip time was 4.82583 milliseconds in repetition 308
tcp_ping received 12288 bytes back
Round trip time was 11.2495 milliseconds in repetition 309
tcp_ping received 12288 bytes back
Round trip time was 7.85279 milliseconds in repetition 310
tcp_ping received 12288 bytes back
Round trip time was 5.41338 milliseconds in repetition 311
tcp_ping received 12288 bytes back
Round trip time was 9.00342 milliseconds in repetition 312
tcp_ping received 12288 bytes back
Round trip time was 8.16528 milliseconds in repetition 313
tcp_ping received 12288 bytes back
Round trip time was 3.94595 milliseconds in repetition 314
tcp_ping received 12288 bytes back
Round trip time was 4.13249 milliseconds in repetition 315
tcp_ping received 12288 bytes back
Round trip time was 5.53715 milliseconds in repetition 316
tcp_ping received 12288 bytes back
Round trip time was 4.0701 milliseconds in repetition 317
tcp_ping received 12288 bytes back
Round trip time was 5.98108 milliseconds in repetition 318
tcp_ping received 12288 bytes back
Round trip time was 4.2627 milliseconds in repetition 319
tcp_ping received 12288 bytes back
Round trip time was 7.08906 milliseconds in repetition 320
tcp_ping received 12288 bytes back
Round trip time was 4.21882 milliseconds in repetition 321
tcp_ping received 12288 bytes back
Round trip time was 10.1866 milliseconds in repetition 322
tcp_ping received 12288 bytes back
Round trip time was 7.14315 milliseconds in repetition 323
tcp_ping received 12288 bytes back
Round trip time was 5.15625 milliseconds in repetition 324
tcp_ping received 12288 bytes back
Round trip time was 4.37662 milliseconds in repetition 325
tcp_ping received 12288 bytes back
Round trip time was 6.26915 milliseconds in repetition 326
tcp_ping received 12288 bytes back
Round trip time was 4.57346 milliseconds in repetition 327
tcp_ping received 12288 bytes back
Round trip time was 8.26429 milliseconds in repetition 328
tcp_ping received 12288 bytes back
Round trip time was 3.76098 milliseconds in repetition 329
tcp_ping received 12288 bytes back
Round trip time was 7.03474 milliseconds in repetition 330
tcp_ping received 12288 bytes back
Round trip time was 5.19584 milliseconds in repetition 331
tcp_ping received 12288 bytes back
Round trip time was 8.43443 milliseconds in repetition 332
tcp_ping received 12288 bytes back
Round trip time was 4.8487 milliseconds in repetition 333
tcp_ping received 12288 bytes back
Round trip time was 4.9759 milliseconds in repetition 334
tcp_ping received 12288 bytes back
Round trip time was 4.9691 milliseconds in repetition 335
tcp_ping received 12288 bytes back
Round trip time was 5.32334 milliseconds in repetition 336
tcp_ping received 12288 bytes back
Round trip time was 3.81633 milliseconds in repetition 337
tcp_ping received 12288 bytes back
Round trip time was 4.1847 milliseconds in repetition 338
tcp_ping received 12288 bytes back
Round trip time was 11.2074 milliseconds in repetition 339
tcp_ping received 12288 bytes back
Round trip time was 4.16098 milliseconds in repetition 340
tcp_ping received 12288 bytes back
Round trip time was 4.54671 milliseconds in repetition 341
tcp_ping received 12288 bytes back
Round trip time was 3.96653 milliseconds in repetition 342
tcp_ping received 12288 bytes back
Round trip time was 4.53384 milliseconds in repetition 343
tcp_ping received 12288 bytes back
Round trip time was 4.53741 milliseconds in repetition 344
tcp_ping received 12288 bytes back
Round trip time was 4.55951 milliseconds in repetition 345
tcp_ping received 12288 bytes back
Round trip time was 8.84851 milliseconds in repetition 346
tcp_ping received 12288 bytes back
Round trip time was 4.08651 milliseconds in repetition 347
tcp_ping received 12288 bytes back
Round trip time was 4.4634 milliseconds in repetition 348
tcp_ping received 12288 bytes back
Round trip time was 9.13896 milliseconds in repetition 349
tcp_ping received 12288 bytes back
Round trip time was 4.59855 milliseconds in repetition 350
tcp_ping received 12288 bytes back
Round trip time was 3.94724 milliseconds in repetition 351
tcp_ping received 12288 bytes back
Round trip time was 12.2344 milliseconds in repetition 352
tcp_ping received 12288 bytes back
Round trip time was 4.12935 milliseconds in repetition 353
tcp_ping received 12288 bytes back
Round trip time was 11.5942 milliseconds in repetition 354
tcp_ping received 12288 bytes back
Round trip time was 4.57702 milliseconds in repetition 355
tcp_ping received 12288 bytes back
Round trip time was 6.94149 milliseconds in repetition 356
tcp_ping received 12288 bytes back
Round trip time was 3.94617 milliseconds in repetition 357
tcp_ping received 12288 bytes back
Round trip time was 4.57206 milliseconds in repetition 358
tcp_ping received 12288 bytes back
Round trip time was 9.71589 milliseconds in repetition 359
tcp_ping received 12288 bytes back
Round trip time was 5.75577 milliseconds in repetition 360
tcp_ping received 12288 bytes back
Round trip time was 5.12151 milliseconds in repetition 361
tcp_ping received 12288 bytes back
Round trip time was 5.38686 milliseconds in repetition 362
tcp_ping received 12288 bytes back
Round trip time was 3.74127 milliseconds in repetition 363
tcp_ping received 12288 bytes back
Round trip time was 3.83396 milliseconds in repetition 364
tcp_ping received 12288 bytes back
Round trip time was 4.95654 milliseconds in repetition 365
tcp_ping received 12288 bytes back
Round trip time was 5.72896 milliseconds in repetition 366
tcp_ping received 12288 bytes back
Round trip time was 5.0032 milliseconds in repetition 367
tcp_ping received 12288 bytes back
Round trip time was 4.3304 milliseconds in repetition 368
tcp_ping received 12288 bytes back
Round trip time was 4.26884 milliseconds in repetition 369
tcp_ping received 12288 bytes back
Round trip time was 4.48547 milliseconds in repetition 370
tcp_ping received 12288 bytes back
Round trip time was 3.84996 milliseconds in repetition 371
tcp_ping received 12288 bytes back
Round trip time was 5.34328 milliseconds in repetition 372
tcp_ping received 12288 bytes back
Round trip time was 4.07825 milliseconds in repetition 373
tcp_ping received 12288 bytes back
Round trip time was 6.42589 milliseconds in repetition 374
tcp_ping received 12288 bytes back
Round trip time was 8.34794 milliseconds in repetition 375
tcp_ping received 12288 bytes back
Round trip time was 6.42022 milliseconds in repetition 376
tcp_ping received 12288 bytes back
Round trip time was 5.53539 milliseconds in repetition 377
tcp_ping received 12288 bytes back
Round trip time was 5.50375 milliseconds in repetition 378
tcp_ping received 12288 bytes back
Round trip time was 8.93793 milliseconds in repetition 379
tcp_ping received 12288 bytes back
Round trip time was 6.3088 milliseconds in repetition 380
tcp_ping received 12288 bytes back
Round trip time was 5.51573 milliseconds in repetition 381
tcp_ping received 12288 bytes back
Round trip time was 4.35303 milliseconds in repetition 382
tcp_ping received 12288 bytes back
Round trip time was 6.6648 milliseconds in repetition 383
tcp_ping received 12288 bytes back
Round trip time was 5.37629 milliseconds in repetition 384
tcp_ping received 12288 bytes back
Round trip time was 4.6635 milliseconds in repetition 385
tcp_ping received 12288 bytes back
Round trip time was 4.41402 milliseconds in repetition 386
tcp_ping received 12288 bytes back
Round trip time was 4.10297 milliseconds in repetition 387
tcp_ping received 12288 bytes back
Round trip time was 5.07611 milliseconds in repetition 388
tcp_ping received 12288 bytes back
Round trip time was 4.67651 milliseconds in repetition 389
tcp_ping received 12288 bytes back
Round trip time was 8.91636 milliseconds in repetition 390
tcp_ping received 12288 bytes back
Round trip time was 4.84017 milliseconds in repetition 391
tcp_ping received 12288 bytes back
Round trip time was 9.28338 milliseconds in repetition 392
tcp_ping received 12288 bytes back
Round trip time was 8.31706 milliseconds in repetition 393
tcp_ping received 12288 bytes back
Round trip time was 8.5067 milliseconds in repetition 394
tcp_ping received 12288 bytes back
Round trip time was 12.101 milliseconds in repetition 395
tcp_ping received 12288 bytes back
Round trip time was 5.19746 milliseconds in repetition 396
tcp_ping received 12288 bytes back
Round trip time was 4.18429 milliseconds in repetition 397
tcp_ping received 12288 bytes back
Round trip time was 10.3077 milliseconds in repetition 398
tcp_ping received 12288 bytes back
Round trip time was 6.37104 milliseconds in repetition 399
tcp_ping received 12288 bytes back
Round trip time was 12.666 milliseconds in repetition 400
tcp_ping received 12288 bytes back
Round trip time was 13.7529 milliseconds in repetition 401
tcp_ping received 12288 bytes back
Round trip time was 5.07761 milliseconds in repetition 402
tcp_ping received 12288 bytes back
Round trip time was 5.02295 milliseconds in repetition 403
tcp_ping received 12288 bytes back
Round trip time was 5.89612 milliseconds in repetition 404
tcp_ping received 12288 bytes back
Round trip time was 6.0936 milliseconds in repetition 405
tcp_ping received 12288 bytes back
Round trip time was 8.70124 milliseconds in repetition 406
tcp_ping received 12288 bytes back
Round trip time was 4.6653 milliseconds in repetition 407
tcp_ping received 12288 bytes back
Round trip time was 6.32367 milliseconds in repetition 408
tcp_ping received 12288 bytes back
Round trip time was 4.15852 milliseconds in repetition 409
tcp_ping received 12288 bytes back
Round trip time was 8.11476 milliseconds in repetition 410
tcp_ping received 12288 bytes back
Round trip time was 10.5018 milliseconds in repetition 411
tcp_ping received 12288 bytes back
Round trip time was 5.12623 milliseconds in repetition 412
tcp_ping received 12288 bytes back
Round trip time was 10.2356 milliseconds in repetition 413
tcp_ping received 12288 bytes back
Round trip time was 4.44132 milliseconds in repetition 414
tcp_ping received 12288 bytes back
Round trip time was 6.29219 milliseconds in repetition 415
tcp_ping received 12288 bytes back
Round trip time was 4.87072 milliseconds in repetition 416
tcp_ping received 12288 bytes back
Round trip time was 4.14049 milliseconds in repetition 417
tcp_ping received 12288 bytes back
Round trip time was 7.58865 milliseconds in repetition 418
tcp_ping received 12288 bytes back
Round trip time was 6.18752 milliseconds in repetition 419
tcp_ping received 12288 bytes back
Round trip time was 12.2509 milliseconds in repetition 420
tcp_ping received 12288 bytes back
Round trip time was 4.60031 milliseconds in repetition 421
tcp_ping received 12288 bytes back
Round trip time was 6.07031 milliseconds in repetition 422
tcp_ping received 12288 bytes back
Round trip time was 4.32402 milliseconds in repetition 423
tcp_ping received 12288 bytes back
Round trip time was 3.64139 milliseconds in repetition 424
tcp_ping received 12288 bytes back
Round trip time was 5.48242 milliseconds in repetition 425
tcp_ping received 12288 bytes back
Round trip time was 3.71249 milliseconds in repetition 426
tcp_ping received 12288 bytes back
Round trip time was 5.40716 milliseconds in repetition 427
tcp_ping received 12288 bytes back
Round trip time was 7.6591 milliseconds in repetition 428
tcp_ping received 12288 bytes back
Round trip time was 10.8879 milliseconds in repetition 429
tcp_ping received 12288 bytes back
Round trip time was 3.8914 milliseconds in repetition 430
tcp_ping received 12288 bytes back
Round trip time was 3.79858 milliseconds in repetition 431
tcp_ping received 12288 bytes back
Round trip time was 4.74882 milliseconds in repetition 432
tcp_ping received 12288 bytes back
Round trip time was 14.6516 milliseconds in repetition 433
tcp_ping received 12288 bytes back
Round trip time was 3.86034 milliseconds in repetition 434
tcp_ping received 12288 bytes back
Round trip time was 3.62294 milliseconds in repetition 435
tcp_ping received 12288 bytes back
Round trip time was 3.91922 milliseconds in repetition 436
tcp_ping received 12288 bytes back
Round trip time was 5.79014 milliseconds in repetition 437
tcp_ping received 12288 bytes back
Round trip time was 4.39593 milliseconds in repetition 438
tcp_ping received 12288 bytes back
Round trip time was 4.16133 milliseconds in repetition 439
tcp_ping received 12288 bytes back
Round trip time was 3.97395 milliseconds in repetition 440
tcp_ping received 12288 bytes back
Round trip time was 10.1223 milliseconds in repetition 441
tcp_ping received 12288 bytes back
Round trip time was 3.77326 milliseconds in repetition 442
tcp_ping received 12288 bytes back
Round trip time was 4.86197 milliseconds in repetition 443
tcp_ping received 12288 bytes back
Round trip time was 4.29559 milliseconds in repetition 444
tcp_ping received 12288 bytes back
Round trip time was 9.8273 milliseconds in repetition 445
tcp_ping received 12288 bytes back
Round trip time was 3.76171 milliseconds in repetition 446
tcp_ping received 12288 bytes back
Round trip time was 3.61858 milliseconds in repetition 447
tcp_ping received 12288 bytes back
Round trip time was 4.50952 milliseconds in repetition 448
tcp_ping received 12288 bytes back
Round trip time was 3.74592 milliseconds in repetition 449
tcp_ping received 12288 bytes back
Round trip time was 4.17556 milliseconds in repetition 450
tcp_ping received 12288 bytes back
Round trip time was 5.34963 milliseconds in repetition 451
tcp_ping received 12288 bytes back
Round trip time was 4.69317 milliseconds in repetition 452
tcp_ping received 12288 bytes back
Round trip time was 4.98261 milliseconds in repetition 453
tcp_ping received 12288 bytes back
Round trip time was 3.91321 milliseconds in repetition 454
tcp_ping received 12288 bytes back
Round trip time was 4.58071 milliseconds in repetition 455
tcp_ping received 12288 bytes back
Round trip time was 4.01006 milliseconds in repetition 456
tcp_ping received 12288 bytes back
Round trip time was 4.32449 milliseconds in repetition 457
tcp_ping received 12288 bytes back
Round trip time was 5.1282 milliseconds in repetition 458
tcp_ping received 12288 bytes back
Round trip time was 5.72383 milliseconds in repetition 459
tcp_ping received 12288 bytes back
Round trip time was 10.9938 milliseconds in repetition 460
tcp_ping received 12288 bytes back
Round trip time was 9.87929 milliseconds in repetition 461
tcp_ping received 12288 bytes back
Round trip time was 3.79417 milliseconds in repetition 462
tcp_ping received 12288 bytes back
Round trip time was 5.16583 milliseconds in repetition 463
tcp_ping received 12288 bytes back
Round trip time was 4.46393 milliseconds in repetition 464
tcp_ping received 12288 bytes back
Round trip time was 7.33153 milliseconds in repetition 465
tcp_ping received 12288 bytes back
Round trip time was 19.958 milliseconds in repetition 466
tcp_ping received 12288 bytes back
Round trip time was 8.09349 milliseconds in repetition 467
tcp_ping received 12288 bytes back
Round trip time was 4.23259 milliseconds in repetition 468
tcp_ping received 12288 bytes back
Round trip time was 4.04752 milliseconds in repetition 469
tcp_ping received 12288 bytes back
Round trip time was 10.3196 milliseconds in repetition 470
tcp_ping received 12288 bytes back
Round trip time was 3.60787 milliseconds in repetition 471
tcp_ping received 12288 bytes back
Round trip time was 6.93429 milliseconds in repetition 472
tcp_ping received 12288 bytes back
Round trip time was 3.92829 milliseconds in repetition 473
tcp_ping received 12288 bytes back
Round trip time was 10.6234 milliseconds in repetition 474
tcp_ping received 12288 bytes back
Round trip time was 8.93519 milliseconds in repetition 475
tcp_ping received 12288 bytes back
Round trip time was 4.69134 milliseconds in repetition 476
tcp_ping received 12288 bytes back
Round trip time was 4.25503 milliseconds in repetition 477
tcp_ping received 12288 bytes back
Round trip time was 5.86383 milliseconds in repetition 478
tcp_ping received 12288 bytes back
Round trip time was 7.40383 milliseconds in repetition 479
tcp_ping received 12288 bytes back
Round trip time was 4.69131 milliseconds in repetition 480
tcp_ping received 12288 bytes back
Round trip time was 4.63335 milliseconds in repetition 481
tcp_ping received 12288 bytes back
Round trip time was 4.70601 milliseconds in repetition 482
tcp_ping received 12288 bytes back
Round trip time was 12.3348 milliseconds in repetition 483
tcp_ping received 12288 bytes back
Round trip time was 3.82439 milliseconds in repetition 484
tcp_ping received 12288 bytes back
Round trip time was 3.89975 milliseconds in repetition 485
tcp_ping received 12288 bytes back
Round trip time was 3.93463 milliseconds in repetition 486
tcp_ping received 12288 bytes back
Round trip time was 3.70219 milliseconds in repetition 487
tcp_ping received 12288 bytes back
Round trip time was 4.03092 milliseconds in repetition 488
tcp_ping received 12288 bytes back
Round trip time was 3.8764 milliseconds in repetition 489
tcp_ping received 12288 bytes back
Round trip time was 3.56429 milliseconds in repetition 490
tcp_ping received 12288 bytes back
Round trip time was 4.88251 milliseconds in repetition 491
tcp_ping received 12288 bytes back
Round trip time was 3.83121 milliseconds in repetition 492
tcp_ping received 12288 bytes back
Round trip time was 4.18462 milliseconds in repetition 493
tcp_ping received 12288 bytes back
Round trip time was 3.84177 milliseconds in repetition 494
tcp_ping received 12288 bytes back
Round trip time was 7.99012 milliseconds in repetition 495
tcp_ping received 12288 bytes back
Round trip time was 4.11257 milliseconds in repetition 496
tcp_ping received 12288 bytes back
Round trip time was 4.02527 milliseconds in repetition 497
tcp_ping received 12288 bytes back
Round trip time was 3.9628 milliseconds in repetition 498
tcp_ping received 12288 bytes back
Round trip time was 3.88716 milliseconds in repetition 499
tcp_ping received 12288 bytes back
Round trip time was 7.75518 milliseconds in repetition 500
tcp_ping received 12288 bytes back
Round trip time was 9.12758 milliseconds in repetition 501

 ... clock resolution was 1e-06
TCP Ping:  Statistics over 501 repetitions of 12288 byte messages

RTT : percentile 10: 3.82063, median: 4.55951, percentile 90: 9.19442, average: 5.55638, variance: 5.68646

RTT histogram:
3.2922 26
3.36134 220
3.36688 94
3.41253 40
3.53485 28
3.53588 14
3.54389 19
3.55439 15
3.56429 13
3.56909 10
3.56932 9
3.57125 5
3.5749 3
3.59188 2
3.59206 1
3.60787 1
3.61858 0
3.62085 0
3.62294 0
3.63682 0
3.64116 1

   median Throughput : 5390.05 KB/s   overall Throughput : 4423.02 KB/s

