TCP Ping trying to connect to server 127.0.0.1 (127.0.0.1) on port 2000
 ... connected to Pong server: asking for 151 repetitions of 768 bytes TCP messages
 ... Pong server agreed :-)
tcp_ping received 768 bytes back
Round trip time was 0.025195 milliseconds in repetition 1
tcp_ping received 768 bytes back
Round trip time was 0.019648 milliseconds in repetition 2
tcp_ping received 768 bytes back
Round trip time was 0.018844 milliseconds in repetition 3
tcp_ping received 768 bytes back
Round trip time was 0.018669 milliseconds in repetition 4
tcp_ping received 768 bytes back
Round trip time was 0.01861 milliseconds in repetition 5
tcp_ping received 768 bytes back
Round trip time was 0.018562 milliseconds in repetition 6
tcp_ping received 768 bytes back
Round trip time was 0.018711 milliseconds in repetition 7
tcp_ping received 768 bytes back
Round trip time was 0.018641 milliseconds in repetition 8
tcp_ping received 768 bytes back
Round trip time was 0.018497 milliseconds in repetition 9
tcp_ping received 768 bytes back
Round trip time was 0.018821 milliseconds in repetition 10
tcp_ping received 768 bytes back
Round trip time was 0.018337 milliseconds in repetition 11
tcp_ping received 768 bytes back
Round trip time was 0.018145 milliseconds in repetition 12
tcp_ping received 768 bytes back
Round trip time was 0.018133 milliseconds in repetition 13
tcp_ping received 768 bytes back
Round trip time was 0.018125 milliseconds in repetition 14
tcp_ping received 768 bytes back
Round trip time was 0.018041 milliseconds in repetition 15
tcp_ping received 768 bytes back
Round trip time was 0.017971 milliseconds in repetition 16
tcp_ping received 768 bytes back
Round trip time was 0.017939 milliseconds in repetition 17
tcp_ping received 768 bytes back
Round trip time was 0.018089 milliseconds in repetition 18
tcp_ping received 768 bytes back
Round trip time was 0.018062 milliseconds in repetition 19
tcp_ping received 768 bytes back
Round trip time was 0.017909 milliseconds in repetition 20
tcp_ping received 768 bytes back
Round trip time was 0.018125 milliseconds in repetition 21
tcp_ping received 768 bytes back
Round trip time was 0.018168 milliseconds in repetition 22
tcp_ping received 768 bytes back
Round trip time was 0.017974 milliseconds in repetition 23
tcp_ping received 768 bytes back
Round trip time was 0.018074 milliseconds in repetition 24
tcp_ping received 768 bytes back
Round trip time was 0.018111 milliseconds in repetition 25
tcp_ping received 768 bytes back
Round trip time was 0.018077 milliseconds in repetition 26
tcp_ping received 768 bytes back
Round trip time was 0.018167 milliseconds in repetition 27
tcp_ping received 768 bytes back
Round trip time was 0.017947 milliseconds in repetition 28
tcp_ping received 768 bytes back
Round trip time was 0.01799 milliseconds in repetition 29
tcp_ping received 768 bytes back
Round trip time was 0.017999 milliseconds in repetition 30
tcp_ping received 768 bytes back
Round trip time was 0.018555 milliseconds in repetition 31
tcp_ping received 768 bytes back
Round trip time was 0.017965 milliseconds in repetition 32
tcp_ping received 768 bytes back
Round trip time was 0.017867 milliseconds in repetition 33
tcp_ping received 768 bytes back
Round trip time was 0.018484 milliseconds in repetition 34
tcp_ping received 768 bytes back
Round trip time was 0.017916 milliseconds in repetition 35
tcp_ping received 768 bytes back
Round trip time was 0.018112 milliseconds in repetition 36
tcp_ping received 768 bytes back
Round trip time was 0.018402 milliseconds in repetition 37
tcp_ping received 768 bytes back
Round trip time was 0.018007 milliseconds in repetition 38
tcp_ping received 768 bytes back
Round trip time was 0.01778 milliseconds in repetition 39
tcp_ping received 768 bytes back
Round trip time was 0.017974 milliseconds in repetition 40
tcp_ping received 768 bytes back
Round trip time was 0.017997 milliseconds in repetition 41
tcp_ping received 768 bytes back
Round trip time was 0.017974 milliseconds in repetition 42
tcp_ping received 768 bytes back
Round trip time was 0.017867 milliseconds in repetition 43
tcp_ping received 768 bytes back
Round trip time was 0.020792 milliseconds in repetition 44
tcp_ping received 768 bytes back
Round trip time was 0.018289 milliseconds in repetition 45
tcp_ping received 768 bytes back
Round trip time was 0.018124 milliseconds in repetition 46
tcp_ping received 768 bytes back
Round trip time was 0.01813 milliseconds in repetition 47
tcp_ping received 768 bytes back
Round trip time was 0.018176 milliseconds in repetition 48
tcp_ping received 768 bytes back
Round trip time was 0.018 milliseconds in repetition 49
tcp_ping received 768 bytes back
Round trip time was 0.018071 milliseconds in repetition 50
tcp_ping received 768 bytes back
Round trip time was 0.017912 milliseconds in repetition 51
tcp_ping received 768 bytes back
Round trip time was 0.017943 milliseconds in repetition 52
tcp_ping received 768 bytes back
Round trip time was 0.018089 milliseconds in repetition 53
tcp_ping received 768 bytes back
Round trip time was 0.017941 milliseconds in repetition 54
tcp_ping received 768 bytes back
Round trip time was 0.01782 milliseconds in repetition 55
tcp_ping received 768 bytes back
Round trip time was 0.018158 milliseconds in repetition 56
tcp_ping received 768 bytes back
Round trip time was 0.017823 milliseconds in repetition 57
tcp_ping received 768 bytes back
Round trip time was 0.017908 milliseconds in repetition 58
tcp_ping received 768 bytes back
Round trip time was 0.017872 milliseconds in repetition 59
tcp_ping received 768 bytes back
Round trip time was 0.018115 milliseconds in repetition 60
tcp_ping received 768 bytes back
Round trip time was 0.018001 milliseconds in repetition 61
tcp_ping received 768 bytes back
Round trip time was 0.017917 milliseconds in repetition 62
tcp_ping received 768 bytes back
Round trip time was 0.018087 milliseconds in repetition 63
tcp_ping received 768 bytes back
Round trip time was 0.017952 milliseconds in repetition 64
tcp_ping received 768 bytes back
Round trip time was 0.017777 milliseconds in repetition 65
tcp_ping received 768 bytes back
Round trip time was 0.01823 milliseconds in repetition 66
tcp_ping received 768 bytes back
Round trip time was 0.017872 milliseconds in repetition 67
tcp_ping received 768 bytes back
Round trip time was 0.017948 milliseconds in repetition 68
tcp_ping received 768 bytes back
Round trip time was 0.017791 milliseconds in repetition 69
tcp_ping received 768 bytes back
Round trip time was 0.017925 milliseconds in repetition 70
tcp_ping received 768 bytes back
Round trip time was 0.017836 milliseconds in repetition 71
tcp_ping received 768 bytes back
Round trip time was 0.017952 milliseconds in repetition 72
tcp_ping received 768 bytes back
Round trip time was 0.01802 milliseconds in repetition 73
tcp_ping received 768 bytes back
Round trip time was 0.017954 milliseconds in repetition 74
tcp_ping received 768 bytes back
Round trip time was 0.017722 milliseconds in repetition 75
tcp_ping received 768 bytes back
Round trip time was 0.018045 milliseconds in repetition 76
tcp_ping received 768 bytes back
Round trip time was 0.017853 milliseconds in repetition 77
tcp_ping received 768 bytes back
Round trip time was 0.01799 milliseconds in repetition 78
tcp_ping received 768 bytes back
Round trip time was 0.017923 milliseconds in repetition 79
tcp_ping received 768 bytes back
Round trip time was 0.017915 milliseconds in repetition 80
tcp_ping received 768 bytes back
Round trip time was 0.017763 milliseconds in repetition 81
tcp_ping received 768 bytes back
Round trip time was 0.018086 milliseconds in repetition 82
tcp_ping received 768 bytes back
Round trip time was 0.01773 milliseconds in repetition 83
tcp_ping received 768 bytes back
Round trip time was 0.017858 milliseconds in repetition 84
tcp_ping received 768 bytes back
Round trip time was 0.017813 milliseconds in repetition 85
tcp_ping received 768 bytes back
Round trip time was 0.018074 milliseconds in repetition 86
tcp_ping received 768 bytes back
Round trip time was 0.017731 milliseconds in repetition 87
tcp_ping received 768 bytes back
Round trip time was 0.017975 milliseconds in repetition 88
tcp_ping received 768 bytes back
Round trip time was 0.020262 milliseconds in repetition 89
tcp_ping received 768 bytes back
Round trip time was 0.018133 milliseconds in repetition 90
tcp_ping received 768 bytes back
Round trip time was 0.018094 milliseconds in repetition 91
tcp_ping received 768 bytes back
Round trip time was 0.018092 milliseconds in repetition 92
tcp_ping received 768 bytes back
Round trip time was 0.017906 milliseconds in repetition 93
tcp_ping received 768 bytes back
Round trip time was 0.017968 milliseconds in repetition 94
tcp_ping received 768 bytes back
Round trip time was 0.018171 milliseconds in repetition 95
tcp_ping received 768 bytes back
Round trip time was 0.017897 milliseconds in repetition 96
tcp_ping received 768 bytes back
Round trip time was 0.018044 milliseconds in repetition 97
tcp_ping received 768 bytes back
Round trip time was 0.017737 milliseconds in repetition 98
tcp_ping received 768 bytes back
Round trip time was 0.030286 milliseconds in repetition 99
tcp_ping received 768 bytes back
Round trip time was 0.017497 milliseconds in repetition 100
tcp_ping received 768 bytes back
Round trip time was 0.017524 milliseconds in repetition 101
tcp_ping received 768 bytes back
Round trip time was 0.017585 milliseconds in repetition 102
tcp_ping received 768 bytes back
Round trip time was 0.017299 milliseconds in repetition 103
tcp_ping received 768 bytes back
Round trip time was 0.0174 milliseconds in repetition 104
tcp_ping received 768 bytes back
Round trip time was 0.017483 milliseconds in repetition 105
tcp_ping received 768 bytes back
Round trip time was 0.017506 milliseconds in repetition 106
tcp_ping received 768 bytes back
Round trip time was 0.017205 milliseconds in repetition 107
tcp_ping received 768 bytes back
Round trip time was 0.017423 milliseconds in repetition 108
tcp_ping received 768 bytes back
Round trip time was 0.040175 milliseconds in repetition 109
tcp_ping received 768 bytes back
Round trip time was 0.019115 milliseconds in repetition 110
tcp_ping received 768 bytes back
Round trip time was 0.017678 milliseconds in repetition 111
tcp_ping received 768 bytes back
Round trip time was 0.017466 milliseconds in repetition 112
tcp_ping received 768 bytes back
Round trip time was 0.017268 milliseconds in repetition 113
tcp_ping received 768 bytes back
Round trip time was 0.017203 milliseconds in repetition 114
tcp_ping received 768 bytes back
Round trip time was 0.017384 milliseconds in repetition 115
tcp_ping received 768 bytes back
Round trip time was 0.017366 milliseconds in repetition 116
tcp_ping received 768 bytes back
Round trip time was 0.017437 milliseconds in repetition 117
tcp_ping received 768 bytes back
Round trip time was 0.017208 milliseconds in repetition 118
tcp_ping received 768 bytes back
Round trip time was 0.017479 milliseconds in repetition 119
tcp_ping received 768 bytes back
Round trip time was 0.017369 milliseconds in repetition 120
tcp_ping received 768 bytes back
Round trip time was 0.017543 milliseconds in repetition 121
tcp_ping received 768 bytes back
Round trip time was 0.017437 milliseconds in repetition 122
tcp_ping received 768 bytes back
Round trip time was 0.017651 milliseconds in repetition 123
tcp_ping received 768 bytes back
Round trip time was 0.017286 milliseconds in repetition 124
tcp_ping received 768 bytes back
Round trip time was 0.017259 milliseconds in repetition 125
tcp_ping received 768 bytes back
Round trip time was 0.017339 milliseconds in repetition 126
tcp_ping received 768 bytes back
Round trip time was 0.017313 milliseconds in repetition 127
tcp_ping received 768 bytes back
Round trip time was 0.017205 milliseconds in repetition 128
tcp_ping received 768 bytes back
Round trip time was 0.017377 milliseconds in repetition 129
tcp_ping received 768 bytes back
Round trip time was 0.017301 milliseconds in repetition 130
tcp_ping received 768 bytes back
Round trip time was 0.017422 milliseconds in repetition 131
tcp_ping received 768 bytes back
Round trip time was 0.017408 milliseconds in repetition 132
tcp_ping received 768 bytes back
Round trip time was 0.019756 milliseconds in repetition 133
tcp_ping received 768 bytes back
Round trip time was 0.01745 milliseconds in repetition 134
tcp_ping received 768 bytes back
Round trip time was 0.017591 milliseconds in repetition 135
tcp_ping received 768 bytes back
Round trip time was 0.017537 milliseconds in repetition 136
tcp_ping received 768 bytes back
Round trip time was 0.017378 milliseconds in repetition 137
tcp_ping received 768 bytes back
Round trip time was 0.017316 milliseconds in repetition 138
tcp_ping received 768 bytes back
Round trip time was 0.017432 milliseconds in repetition 139
tcp_ping received 768 bytes back
Round trip time was 0.017405 milliseconds in repetition 140
tcp_ping received 768 bytes back
Round trip time was 0.017237 milliseconds in repetition 141
tcp_ping received 768 bytes back
Round trip time was 0.017287 milliseconds in repetition 142
tcp_ping received 768 bytes back
Round trip time was 0.017144 milliseconds in repetition 143
tcp_ping received 768 bytes back
Round trip time was 0.017357 milliseconds in repetition 144
tcp_ping received 768 bytes back
Round trip time was 0.017487 milliseconds in repetition 145
tcp_ping received 768 bytes back
Round trip time was 0.017271 milliseconds in repetition 146
tcp_ping received 768 bytes back
Round trip time was 0.017449 milliseconds in repetition 147
tcp_ping received 768 bytes back
Round trip time was 0.017449 milliseconds in repetition 148
tcp_ping received 768 bytes back
Round trip time was 0.01733 milliseconds in repetition 149
tcp_ping received 768 bytes back
Round trip time was 0.017283 milliseconds in repetition 150
tcp_ping received 768 bytes back
Round trip time was 0.017388 milliseconds in repetition 151

 ... clock resolution was 1e-06
TCP Ping:  Statistics over 151 repetitions of 768 byte messages

RTT : percentile 10: 0.017316, median: 0.017923, percentile 90: 0.018555, average: 0.0181797, variance: 4.89538e-06

RTT histogram:
0.0171435 49
0.0182951 94
0.0194467 3
0.0205983 2
0.0217499 0
0.0229015 0
0.0240531 0
0.0252047 1
0.0263563 0
0.0275079 0
0.0286595 0
0.0298111 1
0.0309627 0
0.0321143 0
0.0332659 0
0.0344175 0
0.0355691 0
0.0367207 0
0.0378723 0
0.0390239 0
0.0401755 1
   median Throughput : 85699.9 KB/s   overall Throughput : 84489.9 KB/s

