TCP Ping trying to connect to server webdev.disi.unige.it (130.251.61.30) on port 1491
 ... connected to Pong server: asking for 501 repetitions of 49152 bytes TCP messages
 ... Pong server agreed :-)
tcp_ping received 49152 bytes back
Round trip time was 31.4317 milliseconds in repetition 1
tcp_ping received 49152 bytes back
Round trip time was 17.0111 milliseconds in repetition 2
tcp_ping received 49152 bytes back
Round trip time was 12.5592 milliseconds in repetition 3
tcp_ping received 49152 bytes back
Round trip time was 15.4984 milliseconds in repetition 4
tcp_ping received 49152 bytes back
Round trip time was 18.1682 milliseconds in repetition 5
tcp_ping received 49152 bytes back
Round trip time was 21.5866 milliseconds in repetition 6
tcp_ping received 49152 bytes back
Round trip time was 16.6425 milliseconds in repetition 7
tcp_ping received 49152 bytes back
Round trip time was 14.8583 milliseconds in repetition 8
tcp_ping received 49152 bytes back
Round trip time was 15.0867 milliseconds in repetition 9
tcp_ping received 49152 bytes back
Round trip time was 17.9388 milliseconds in repetition 10
tcp_ping received 49152 bytes back
Round trip time was 16.1063 milliseconds in repetition 11
tcp_ping received 49152 bytes back
Round trip time was 15.577 milliseconds in repetition 12
tcp_ping received 49152 bytes back
Round trip time was 11.8448 milliseconds in repetition 13
tcp_ping received 49152 bytes back
Round trip time was 12.8239 milliseconds in repetition 14
tcp_ping received 49152 bytes back
Round trip time was 14.5031 milliseconds in repetition 15
tcp_ping received 49152 bytes back
Round trip time was 13.589 milliseconds in repetition 16
tcp_ping received 49152 bytes back
Round trip time was 16.458 milliseconds in repetition 17
tcp_ping received 49152 bytes back
Round trip time was 11.7677 milliseconds in repetition 18
tcp_ping received 49152 bytes back
Round trip time was 16.7672 milliseconds in repetition 19
tcp_ping received 49152 bytes back
Round trip time was 15.7668 milliseconds in repetition 20
tcp_ping received 49152 bytes back
Round trip time was 13.3142 milliseconds in repetition 21
tcp_ping received 49152 bytes back
Round trip time was 13.9887 milliseconds in repetition 22
tcp_ping received 49152 bytes back
Round trip time was 12.3621 milliseconds in repetition 23
tcp_ping received 49152 bytes back
Round trip time was 10.8373 milliseconds in repetition 24
tcp_ping received 49152 bytes back
Round trip time was 14.022 milliseconds in repetition 25
tcp_ping received 49152 bytes back
Round trip time was 17.1225 milliseconds in repetition 26
tcp_ping received 49152 bytes back
Round trip time was 16.3173 milliseconds in repetition 27
tcp_ping received 49152 bytes back
Round trip time was 17.2669 milliseconds in repetition 28
tcp_ping received 49152 bytes back
Round trip time was 11.5418 milliseconds in repetition 29
tcp_ping received 49152 bytes back
Round trip time was 12.8366 milliseconds in repetition 30
tcp_ping received 49152 bytes back
Round trip time was 24.8913 milliseconds in repetition 31
tcp_ping received 49152 bytes back
Round trip time was 14.39 milliseconds in repetition 32
tcp_ping received 49152 bytes back
Round trip time was 13.1316 milliseconds in repetition 33
tcp_ping received 49152 bytes back
Round trip time was 16.8779 milliseconds in repetition 34
tcp_ping received 49152 bytes back
Round trip time was 13.1281 milliseconds in repetition 35
tcp_ping received 49152 bytes back
Round trip time was 16.9418 milliseconds in repetition 36
tcp_ping received 49152 bytes back
Round trip time was 13.4843 milliseconds in repetition 37
tcp_ping received 49152 bytes back
Round trip time was 17.7593 milliseconds in repetition 38
tcp_ping received 49152 bytes back
Round trip time was 18.4544 milliseconds in repetition 39
tcp_ping received 49152 bytes back
Round trip time was 20.1785 milliseconds in repetition 40
tcp_ping received 49152 bytes back
Round trip time was 18.793 milliseconds in repetition 41
tcp_ping received 49152 bytes back
Round trip time was 16.6895 milliseconds in repetition 42
tcp_ping received 49152 bytes back
Round trip time was 15.0635 milliseconds in repetition 43
tcp_ping received 49152 bytes back
Round trip time was 11.5574 milliseconds in repetition 44
tcp_ping received 49152 bytes back
Round trip time was 20.2129 milliseconds in repetition 45
tcp_ping received 49152 bytes back
Round trip time was 11.6955 milliseconds in repetition 46
tcp_ping received 49152 bytes back
Round trip time was 16.0789 milliseconds in repetition 47
tcp_ping received 49152 bytes back
Round trip time was 14.8183 milliseconds in repetition 48
tcp_ping received 49152 bytes back
Round trip time was 20.8624 milliseconds in repetition 49
tcp_ping received 49152 bytes back
Round trip time was 16.1217 milliseconds in repetition 50
tcp_ping received 49152 bytes back
Round trip time was 11.9011 milliseconds in repetition 51
tcp_ping received 49152 bytes back
Round trip time was 15.7911 milliseconds in repetition 52
tcp_ping received 49152 bytes back
Round trip time was 16.1138 milliseconds in repetition 53
tcp_ping received 49152 bytes back
Round trip time was 13.8042 milliseconds in repetition 54
tcp_ping received 49152 bytes back
Round trip time was 13.9593 milliseconds in repetition 55
tcp_ping received 49152 bytes back
Round trip time was 12.3869 milliseconds in repetition 56
tcp_ping received 49152 bytes back
Round trip time was 17.1643 milliseconds in repetition 57
tcp_ping received 49152 bytes back
Round trip time was 16.1074 milliseconds in repetition 58
tcp_ping received 49152 bytes back
Round trip time was 12.5032 milliseconds in repetition 59
tcp_ping received 49152 bytes back
Round trip time was 11.5795 milliseconds in repetition 60
tcp_ping received 49152 bytes back
Round trip time was 16.7592 milliseconds in repetition 61
tcp_ping received 49152 bytes back
Round trip time was 14.5128 milliseconds in repetition 62
tcp_ping received 49152 bytes back
Round trip time was 14.4652 milliseconds in repetition 63
tcp_ping received 49152 bytes back
Round trip time was 14.7568 milliseconds in repetition 64
tcp_ping received 49152 bytes back
Round trip time was 18.4087 milliseconds in repetition 65
tcp_ping received 49152 bytes back
Round trip time was 14.6771 milliseconds in repetition 66
tcp_ping received 49152 bytes back
Round trip time was 11.0005 milliseconds in repetition 67
tcp_ping received 49152 bytes back
Round trip time was 16.9571 milliseconds in repetition 68
tcp_ping received 49152 bytes back
Round trip time was 18.0751 milliseconds in repetition 69
tcp_ping received 49152 bytes back
Round trip time was 16.901 milliseconds in repetition 70
tcp_ping received 49152 bytes back
Round trip time was 12.3167 milliseconds in repetition 71
tcp_ping received 49152 bytes back
Round trip time was 10.7351 milliseconds in repetition 72
tcp_ping received 49152 bytes back
Round trip time was 13.6046 milliseconds in repetition 73
tcp_ping received 49152 bytes back
Round trip time was 12.6287 milliseconds in repetition 74
tcp_ping received 49152 bytes back
Round trip time was 13.7282 milliseconds in repetition 75
tcp_ping received 49152 bytes back
Round trip time was 13.1786 milliseconds in repetition 76
tcp_ping received 49152 bytes back
Round trip time was 12.6683 milliseconds in repetition 77
tcp_ping received 49152 bytes back
Round trip time was 13.1096 milliseconds in repetition 78
tcp_ping received 49152 bytes back
Round trip time was 16.7579 milliseconds in repetition 79
tcp_ping received 49152 bytes back
Round trip time was 14.5758 milliseconds in repetition 80
tcp_ping received 49152 bytes back
Round trip time was 16.4912 milliseconds in repetition 81
tcp_ping received 49152 bytes back
Round trip time was 11.3014 milliseconds in repetition 82
tcp_ping received 49152 bytes back
Round trip time was 13.8096 milliseconds in repetition 83
tcp_ping received 49152 bytes back
Round trip time was 18.6417 milliseconds in repetition 84
tcp_ping received 49152 bytes back
Round trip time was 18.0429 milliseconds in repetition 85
tcp_ping received 49152 bytes back
Round trip time was 15.8087 milliseconds in repetition 86
tcp_ping received 49152 bytes back
Round trip time was 14.7592 milliseconds in repetition 87
tcp_ping received 49152 bytes back
Round trip time was 15.5596 milliseconds in repetition 88
tcp_ping received 49152 bytes back
Round trip time was 12.0619 milliseconds in repetition 89
tcp_ping received 49152 bytes back
Round trip time was 10.9422 milliseconds in repetition 90
tcp_ping received 49152 bytes back
Round trip time was 13.0466 milliseconds in repetition 91
tcp_ping received 49152 bytes back
Round trip time was 14.767 milliseconds in repetition 92
tcp_ping received 49152 bytes back
Round trip time was 20.9258 milliseconds in repetition 93
tcp_ping received 49152 bytes back
Round trip time was 11.951 milliseconds in repetition 94
tcp_ping received 49152 bytes back
Round trip time was 11.6736 milliseconds in repetition 95
tcp_ping received 49152 bytes back
Round trip time was 15.9403 milliseconds in repetition 96
tcp_ping received 49152 bytes back
Round trip time was 12.6205 milliseconds in repetition 97
tcp_ping received 49152 bytes back
Round trip time was 12.1572 milliseconds in repetition 98
tcp_ping received 49152 bytes back
Round trip time was 16.7845 milliseconds in repetition 99
tcp_ping received 49152 bytes back
Round trip time was 11.9467 milliseconds in repetition 100
tcp_ping received 49152 bytes back
Round trip time was 15.1111 milliseconds in repetition 101
tcp_ping received 49152 bytes back
Round trip time was 14.1725 milliseconds in repetition 102
tcp_ping received 49152 bytes back
Round trip time was 13.3403 milliseconds in repetition 103
tcp_ping received 49152 bytes back
Round trip time was 14.2573 milliseconds in repetition 104
tcp_ping received 49152 bytes back
Round trip time was 11.1945 milliseconds in repetition 105
tcp_ping received 49152 bytes back
Round trip time was 14.0625 milliseconds in repetition 106
tcp_ping received 49152 bytes back
Round trip time was 17.3482 milliseconds in repetition 107
tcp_ping received 49152 bytes back
Round trip time was 19.6337 milliseconds in repetition 108
tcp_ping received 49152 bytes back
Round trip time was 11.3918 milliseconds in repetition 109
tcp_ping received 49152 bytes back
Round trip time was 15.7725 milliseconds in repetition 110
tcp_ping received 49152 bytes back
Round trip time was 16.0437 milliseconds in repetition 111
tcp_ping received 49152 bytes back
Round trip time was 16.6445 milliseconds in repetition 112
tcp_ping received 49152 bytes back
Round trip time was 14.1254 milliseconds in repetition 113
tcp_ping received 49152 bytes back
Round trip time was 11.0169 milliseconds in repetition 114
tcp_ping received 49152 bytes back
Round trip time was 11.8687 milliseconds in repetition 115
tcp_ping received 49152 bytes back
Round trip time was 11.5033 milliseconds in repetition 116
tcp_ping received 49152 bytes back
Round trip time was 16.1888 milliseconds in repetition 117
tcp_ping received 49152 bytes back
Round trip time was 11.7833 milliseconds in repetition 118
tcp_ping received 49152 bytes back
Round trip time was 13.4383 milliseconds in repetition 119
tcp_ping received 49152 bytes back
Round trip time was 10.7421 milliseconds in repetition 120
tcp_ping received 49152 bytes back
Round trip time was 15.2326 milliseconds in repetition 121
tcp_ping received 49152 bytes back
Round trip time was 12.6797 milliseconds in repetition 122
tcp_ping received 49152 bytes back
Round trip time was 12.6911 milliseconds in repetition 123
tcp_ping received 49152 bytes back
Round trip time was 16.5946 milliseconds in repetition 124
tcp_ping received 49152 bytes back
Round trip time was 11.6073 milliseconds in repetition 125
tcp_ping received 49152 bytes back
Round trip time was 11.6537 milliseconds in repetition 126
tcp_ping received 49152 bytes back
Round trip time was 15.8322 milliseconds in repetition 127
tcp_ping received 49152 bytes back
Round trip time was 16.0588 milliseconds in repetition 128
tcp_ping received 49152 bytes back
Round trip time was 15.8953 milliseconds in repetition 129
tcp_ping received 49152 bytes back
Round trip time was 13.059 milliseconds in repetition 130
tcp_ping received 49152 bytes back
Round trip time was 12.9057 milliseconds in repetition 131
tcp_ping received 49152 bytes back
Round trip time was 14.902 milliseconds in repetition 132
tcp_ping received 49152 bytes back
Round trip time was 16.7323 milliseconds in repetition 133
tcp_ping received 49152 bytes back
Round trip time was 10.7671 milliseconds in repetition 134
tcp_ping received 49152 bytes back
Round trip time was 11.2322 milliseconds in repetition 135
tcp_ping received 49152 bytes back
Round trip time was 11.6795 milliseconds in repetition 136
tcp_ping received 49152 bytes back
Round trip time was 11.9595 milliseconds in repetition 137
tcp_ping received 49152 bytes back
Round trip time was 10.8592 milliseconds in repetition 138
tcp_ping received 49152 bytes back
Round trip time was 11.2049 milliseconds in repetition 139
tcp_ping received 49152 bytes back
Round trip time was 16.484 milliseconds in repetition 140
tcp_ping received 49152 bytes back
Round trip time was 11.6578 milliseconds in repetition 141
tcp_ping received 49152 bytes back
Round trip time was 12.211 milliseconds in repetition 142
tcp_ping received 49152 bytes back
Round trip time was 15.1578 milliseconds in repetition 143
tcp_ping received 49152 bytes back
Round trip time was 16.1413 milliseconds in repetition 144
tcp_ping received 49152 bytes back
Round trip time was 20.806 milliseconds in repetition 145
tcp_ping received 49152 bytes back
Round trip time was 20.3386 milliseconds in repetition 146
tcp_ping received 49152 bytes back
Round trip time was 16.129 milliseconds in repetition 147
tcp_ping received 49152 bytes back
Round trip time was 18.2404 milliseconds in repetition 148
tcp_ping received 49152 bytes back
Round trip time was 11.5737 milliseconds in repetition 149
tcp_ping received 49152 bytes back
Round trip time was 15.6808 milliseconds in repetition 150
tcp_ping received 49152 bytes back
Round trip time was 11.783 milliseconds in repetition 151
tcp_ping received 49152 bytes back
Round trip time was 11.9888 milliseconds in repetition 152
tcp_ping received 49152 bytes back
Round trip time was 11.8182 milliseconds in repetition 153
tcp_ping received 49152 bytes back
Round trip time was 15.3464 milliseconds in repetition 154
tcp_ping received 49152 bytes back
Round trip time was 11.3515 milliseconds in repetition 155
tcp_ping received 49152 bytes back
Round trip time was 12.3848 milliseconds in repetition 156
tcp_ping received 49152 bytes back
Round trip time was 11.883 milliseconds in repetition 157
tcp_ping received 49152 bytes back
Round trip time was 16.6134 milliseconds in repetition 158
tcp_ping received 49152 bytes back
Round trip time was 16.4619 milliseconds in repetition 159
tcp_ping received 49152 bytes back
Round trip time was 19.543 milliseconds in repetition 160
tcp_ping received 49152 bytes back
Round trip time was 18.3512 milliseconds in repetition 161
tcp_ping received 49152 bytes back
Round trip time was 11.6687 milliseconds in repetition 162
tcp_ping received 49152 bytes back
Round trip time was 11.4352 milliseconds in repetition 163
tcp_ping received 49152 bytes back
Round trip time was 12.252 milliseconds in repetition 164
tcp_ping received 49152 bytes back
Round trip time was 20.0139 milliseconds in repetition 165
tcp_ping received 49152 bytes back
Round trip time was 14.0038 milliseconds in repetition 166
tcp_ping received 49152 bytes back
Round trip time was 13.5071 milliseconds in repetition 167
tcp_ping received 49152 bytes back
Round trip time was 13.4281 milliseconds in repetition 168
tcp_ping received 49152 bytes back
Round trip time was 17.6271 milliseconds in repetition 169
tcp_ping received 49152 bytes back
Round trip time was 16.66 milliseconds in repetition 170
tcp_ping received 49152 bytes back
Round trip time was 15.9013 milliseconds in repetition 171
tcp_ping received 49152 bytes back
Round trip time was 11.808 milliseconds in repetition 172
tcp_ping received 49152 bytes back
Round trip time was 13.3469 milliseconds in repetition 173
tcp_ping received 49152 bytes back
Round trip time was 11.6501 milliseconds in repetition 174
tcp_ping received 49152 bytes back
Round trip time was 14.7837 milliseconds in repetition 175
tcp_ping received 49152 bytes back
Round trip time was 22.8785 milliseconds in repetition 176
tcp_ping received 49152 bytes back
Round trip time was 13.3792 milliseconds in repetition 177
tcp_ping received 49152 bytes back
Round trip time was 15.4423 milliseconds in repetition 178
tcp_ping received 49152 bytes back
Round trip time was 12.2046 milliseconds in repetition 179
tcp_ping received 49152 bytes back
Round trip time was 12.1028 milliseconds in repetition 180
tcp_ping received 49152 bytes back
Round trip time was 11.5733 milliseconds in repetition 181
tcp_ping received 49152 bytes back
Round trip time was 12.5371 milliseconds in repetition 182
tcp_ping received 49152 bytes back
Round trip time was 15.7883 milliseconds in repetition 183
tcp_ping received 49152 bytes back
Round trip time was 18.5795 milliseconds in repetition 184
tcp_ping received 49152 bytes back
Round trip time was 12.8933 milliseconds in repetition 185
tcp_ping received 49152 bytes back
Round trip time was 16.6454 milliseconds in repetition 186
tcp_ping received 49152 bytes back
Round trip time was 17.8298 milliseconds in repetition 187
tcp_ping received 49152 bytes back
Round trip time was 12.3075 milliseconds in repetition 188
tcp_ping received 49152 bytes back
Round trip time was 12.4392 milliseconds in repetition 189
tcp_ping received 49152 bytes back
Round trip time was 16.2519 milliseconds in repetition 190
tcp_ping received 49152 bytes back
Round trip time was 12.6658 milliseconds in repetition 191
tcp_ping received 49152 bytes back
Round trip time was 15.9594 milliseconds in repetition 192
tcp_ping received 49152 bytes back
Round trip time was 15.3591 milliseconds in repetition 193
tcp_ping received 49152 bytes back
Round trip time was 12.0756 milliseconds in repetition 194
tcp_ping received 49152 bytes back
Round trip time was 12.5255 milliseconds in repetition 195
tcp_ping received 49152 bytes back
Round trip time was 13.9025 milliseconds in repetition 196
tcp_ping received 49152 bytes back
Round trip time was 19.1719 milliseconds in repetition 197
tcp_ping received 49152 bytes back
Round trip time was 11.7723 milliseconds in repetition 198
tcp_ping received 49152 bytes back
Round trip time was 11.4876 milliseconds in repetition 199
tcp_ping received 49152 bytes back
Round trip time was 15.1047 milliseconds in repetition 200
tcp_ping received 49152 bytes back
Round trip time was 14.9956 milliseconds in repetition 201
tcp_ping received 49152 bytes back
Round trip time was 12.823 milliseconds in repetition 202
tcp_ping received 49152 bytes back
Round trip time was 13.1329 milliseconds in repetition 203
tcp_ping received 49152 bytes back
Round trip time was 14.522 milliseconds in repetition 204
tcp_ping received 49152 bytes back
Round trip time was 17.8768 milliseconds in repetition 205
tcp_ping received 49152 bytes back
Round trip time was 13.0947 milliseconds in repetition 206
tcp_ping received 49152 bytes back
Round trip time was 13.0866 milliseconds in repetition 207
tcp_ping received 49152 bytes back
Round trip time was 14.2469 milliseconds in repetition 208
tcp_ping received 49152 bytes back
Round trip time was 13.2834 milliseconds in repetition 209
tcp_ping received 49152 bytes back
Round trip time was 16.2846 milliseconds in repetition 210
tcp_ping received 49152 bytes back
Round trip time was 13.9725 milliseconds in repetition 211
tcp_ping received 49152 bytes back
Round trip time was 21.0283 milliseconds in repetition 212
tcp_ping received 49152 bytes back
Round trip time was 11.6044 milliseconds in repetition 213
tcp_ping received 49152 bytes back
Round trip time was 11.2982 milliseconds in repetition 214
tcp_ping received 49152 bytes back
Round trip time was 18.5928 milliseconds in repetition 215
tcp_ping received 49152 bytes back
Round trip time was 17.0134 milliseconds in repetition 216
tcp_ping received 49152 bytes back
Round trip time was 27.3893 milliseconds in repetition 217
tcp_ping received 49152 bytes back
Round trip time was 17.6415 milliseconds in repetition 218
tcp_ping received 49152 bytes back
Round trip time was 16.8989 milliseconds in repetition 219
tcp_ping received 49152 bytes back
Round trip time was 16.1706 milliseconds in repetition 220
tcp_ping received 49152 bytes back
Round trip time was 17.2625 milliseconds in repetition 221
tcp_ping received 49152 bytes back
Round trip time was 16.2156 milliseconds in repetition 222
tcp_ping received 49152 bytes back
Round trip time was 20.9135 milliseconds in repetition 223
tcp_ping received 49152 bytes back
Round trip time was 16.5904 milliseconds in repetition 224
tcp_ping received 49152 bytes back
Round trip time was 14.5593 milliseconds in repetition 225
tcp_ping received 49152 bytes back
Round trip time was 14.357 milliseconds in repetition 226
tcp_ping received 49152 bytes back
Round trip time was 17.1957 milliseconds in repetition 227
tcp_ping received 49152 bytes back
Round trip time was 22.1155 milliseconds in repetition 228
tcp_ping received 49152 bytes back
Round trip time was 13.8816 milliseconds in repetition 229
tcp_ping received 49152 bytes back
Round trip time was 18.2182 milliseconds in repetition 230
tcp_ping received 49152 bytes back
Round trip time was 20.1003 milliseconds in repetition 231
tcp_ping received 49152 bytes back
Round trip time was 14.2307 milliseconds in repetition 232
tcp_ping received 49152 bytes back
Round trip time was 11.5309 milliseconds in repetition 233
tcp_ping received 49152 bytes back
Round trip time was 14.6581 milliseconds in repetition 234
tcp_ping received 49152 bytes back
Round trip time was 18.9305 milliseconds in repetition 235
tcp_ping received 49152 bytes back
Round trip time was 16.1422 milliseconds in repetition 236
tcp_ping received 49152 bytes back
Round trip time was 12.805 milliseconds in repetition 237
tcp_ping received 49152 bytes back
Round trip time was 20.4495 milliseconds in repetition 238
tcp_ping received 49152 bytes back
Round trip time was 14.4471 milliseconds in repetition 239
tcp_ping received 49152 bytes back
Round trip time was 13.7474 milliseconds in repetition 240
tcp_ping received 49152 bytes back
Round trip time was 15.9023 milliseconds in repetition 241
tcp_ping received 49152 bytes back
Round trip time was 21.9778 milliseconds in repetition 242
tcp_ping received 49152 bytes back
Round trip time was 18.9976 milliseconds in repetition 243
tcp_ping received 49152 bytes back
Round trip time was 25.6837 milliseconds in repetition 244
tcp_ping received 49152 bytes back
Round trip time was 14.5012 milliseconds in repetition 245
tcp_ping received 49152 bytes back
Round trip time was 14.1181 milliseconds in repetition 246
tcp_ping received 49152 bytes back
Round trip time was 15.9886 milliseconds in repetition 247
tcp_ping received 49152 bytes back
Round trip time was 18.517 milliseconds in repetition 248
tcp_ping received 49152 bytes back
Round trip time was 14.3316 milliseconds in repetition 249
tcp_ping received 49152 bytes back
Round trip time was 12.7882 milliseconds in repetition 250
tcp_ping received 49152 bytes back
Round trip time was 10.6986 milliseconds in repetition 251
tcp_ping received 49152 bytes back
Round trip time was 20.1897 milliseconds in repetition 252
tcp_ping received 49152 bytes back
Round trip time was 10.9486 milliseconds in repetition 253
tcp_ping received 49152 bytes back
Round trip time was 13.1425 milliseconds in repetition 254
tcp_ping received 49152 bytes back
Round trip time was 10.1136 milliseconds in repetition 255
tcp_ping received 49152 bytes back
Round trip time was 13.4946 milliseconds in repetition 256
tcp_ping received 49152 bytes back
Round trip time was 18.565 milliseconds in repetition 257
tcp_ping received 49152 bytes back
Round trip time was 12.1605 milliseconds in repetition 258
tcp_ping received 49152 bytes back
Round trip time was 14.6682 milliseconds in repetition 259
tcp_ping received 49152 bytes back
Round trip time was 16.9046 milliseconds in repetition 260
tcp_ping received 49152 bytes back
Round trip time was 19.0714 milliseconds in repetition 261
tcp_ping received 49152 bytes back
Round trip time was 14.5869 milliseconds in repetition 262
tcp_ping received 49152 bytes back
Round trip time was 19.1949 milliseconds in repetition 263
tcp_ping received 49152 bytes back
Round trip time was 18.1993 milliseconds in repetition 264
tcp_ping received 49152 bytes back
Round trip time was 12.459 milliseconds in repetition 265
tcp_ping received 49152 bytes back
Round trip time was 16.3516 milliseconds in repetition 266
tcp_ping received 49152 bytes back
Round trip time was 17.2969 milliseconds in repetition 267
tcp_ping received 49152 bytes back
Round trip time was 13.5632 milliseconds in repetition 268
tcp_ping received 49152 bytes back
Round trip time was 15.2445 milliseconds in repetition 269
tcp_ping received 49152 bytes back
Round trip time was 13.0466 milliseconds in repetition 270
tcp_ping received 49152 bytes back
Round trip time was 13.6097 milliseconds in repetition 271
tcp_ping received 49152 bytes back
Round trip time was 20.02 milliseconds in repetition 272
tcp_ping received 49152 bytes back
Round trip time was 19.058 milliseconds in repetition 273
tcp_ping received 49152 bytes back
Round trip time was 22.1761 milliseconds in repetition 274
tcp_ping received 49152 bytes back
Round trip time was 11.904 milliseconds in repetition 275
tcp_ping received 49152 bytes back
Round trip time was 11.8972 milliseconds in repetition 276
tcp_ping received 49152 bytes back
Round trip time was 16.495 milliseconds in repetition 277
tcp_ping received 49152 bytes back
Round trip time was 11.9741 milliseconds in repetition 278
tcp_ping received 49152 bytes back
Round trip time was 13.4092 milliseconds in repetition 279
tcp_ping received 49152 bytes back
Round trip time was 11.7762 milliseconds in repetition 280
tcp_ping received 49152 bytes back
Round trip time was 16.186 milliseconds in repetition 281
tcp_ping received 49152 bytes back
Round trip time was 21.8294 milliseconds in repetition 282
tcp_ping received 49152 bytes back
Round trip time was 12.6406 milliseconds in repetition 283
tcp_ping received 49152 bytes back
Round trip time was 13.7338 milliseconds in repetition 284
tcp_ping received 49152 bytes back
Round trip time was 17.4117 milliseconds in repetition 285
tcp_ping received 49152 bytes back
Round trip time was 16.1539 milliseconds in repetition 286
tcp_ping received 49152 bytes back
Round trip time was 16.9938 milliseconds in repetition 287
tcp_ping received 49152 bytes back
Round trip time was 19.3472 milliseconds in repetition 288
tcp_ping received 49152 bytes back
Round trip time was 14.2155 milliseconds in repetition 289
tcp_ping received 49152 bytes back
Round trip time was 16.0477 milliseconds in repetition 290
tcp_ping received 49152 bytes back
Round trip time was 16.7127 milliseconds in repetition 291
tcp_ping received 49152 bytes back
Round trip time was 12.1617 milliseconds in repetition 292
tcp_ping received 49152 bytes back
Round trip time was 24.7197 milliseconds in repetition 293
tcp_ping received 49152 bytes back
Round trip time was 13.0296 milliseconds in repetition 294
tcp_ping received 49152 bytes back
Round trip time was 15.3785 milliseconds in repetition 295
tcp_ping received 49152 bytes back
Round trip time was 17.0049 milliseconds in repetition 296
tcp_ping received 49152 bytes back
Round trip time was 12.4498 milliseconds in repetition 297
tcp_ping received 49152 bytes back
Round trip time was 19.3743 milliseconds in repetition 298
tcp_ping received 49152 bytes back
Round trip time was 25.5305 milliseconds in repetition 299
tcp_ping received 49152 bytes back
Round trip time was 22.1316 milliseconds in repetition 300
tcp_ping received 49152 bytes back
Round trip time was 17.9916 milliseconds in repetition 301
tcp_ping received 49152 bytes back
Round trip time was 12.9832 milliseconds in repetition 302
tcp_ping received 49152 bytes back
Round trip time was 13.2322 milliseconds in repetition 303
tcp_ping received 49152 bytes back
Round trip time was 11.0996 milliseconds in repetition 304
tcp_ping received 49152 bytes back
Round trip time was 10.6314 milliseconds in repetition 305
tcp_ping received 49152 bytes back
Round trip time was 13.3439 milliseconds in repetition 306
tcp_ping received 49152 bytes back
Round trip time was 16.5767 milliseconds in repetition 307
tcp_ping received 49152 bytes back
Round trip time was 16.0699 milliseconds in repetition 308
tcp_ping received 49152 bytes back
Round trip time was 12.0468 milliseconds in repetition 309
tcp_ping received 49152 bytes back
Round trip time was 16.346 milliseconds in repetition 310
tcp_ping received 49152 bytes back
Round trip time was 10.119 milliseconds in repetition 311
tcp_ping received 49152 bytes back
Round trip time was 10.9042 milliseconds in repetition 312
tcp_ping received 49152 bytes back
Round trip time was 10.4007 milliseconds in repetition 313
tcp_ping received 49152 bytes back
Round trip time was 10.7529 milliseconds in repetition 314
tcp_ping received 49152 bytes back
Round trip time was 9.91118 milliseconds in repetition 315
tcp_ping received 49152 bytes back
Round trip time was 9.82946 milliseconds in repetition 316
tcp_ping received 49152 bytes back
Round trip time was 9.79891 milliseconds in repetition 317
tcp_ping received 49152 bytes back
Round trip time was 11.5431 milliseconds in repetition 318
tcp_ping received 49152 bytes back
Round trip time was 14.2509 milliseconds in repetition 319
tcp_ping received 49152 bytes back
Round trip time was 11.2931 milliseconds in repetition 320
tcp_ping received 49152 bytes back
Round trip time was 13.7735 milliseconds in repetition 321
tcp_ping received 49152 bytes back
Round trip time was 13.9188 milliseconds in repetition 322
tcp_ping received 49152 bytes back
Round trip time was 12.0846 milliseconds in repetition 323
tcp_ping received 49152 bytes back
Round trip time was 17.8819 milliseconds in repetition 324
tcp_ping received 49152 bytes back
Round trip time was 12.4422 milliseconds in repetition 325
tcp_ping received 49152 bytes back
Round trip time was 19.6647 milliseconds in repetition 326
tcp_ping received 49152 bytes back
Round trip time was 11.884 milliseconds in repetition 327
tcp_ping received 49152 bytes back
Round trip time was 12.4814 milliseconds in repetition 328
tcp_ping received 49152 bytes back
Round trip time was 11.4506 milliseconds in repetition 329
tcp_ping received 49152 bytes back
Round trip time was 14.7353 milliseconds in repetition 330
tcp_ping received 49152 bytes back
Round trip time was 12.0909 milliseconds in repetition 331
tcp_ping received 49152 bytes back
Round trip time was 19.9332 milliseconds in repetition 332
tcp_ping received 49152 bytes back
Round trip time was 14.2142 milliseconds in repetition 333
tcp_ping received 49152 bytes back
Round trip time was 11.186 milliseconds in repetition 334
tcp_ping received 49152 bytes back
Round trip time was 14.479 milliseconds in repetition 335
tcp_ping received 49152 bytes back
Round trip time was 18.1553 milliseconds in repetition 336
tcp_ping received 49152 bytes back
Round trip time was 16.301 milliseconds in repetition 337
tcp_ping received 49152 bytes back
Round trip time was 16.1369 milliseconds in repetition 338
tcp_ping received 49152 bytes back
Round trip time was 13.7668 milliseconds in repetition 339
tcp_ping received 49152 bytes back
Round trip time was 11.5449 milliseconds in repetition 340
tcp_ping received 49152 bytes back
Round trip time was 12.1037 milliseconds in repetition 341
tcp_ping received 49152 bytes back
Round trip time was 13.1781 milliseconds in repetition 342
tcp_ping received 49152 bytes back
Round trip time was 11.3441 milliseconds in repetition 343
tcp_ping received 49152 bytes back
Round trip time was 15.4706 milliseconds in repetition 344
tcp_ping received 49152 bytes back
Round trip time was 22.4409 milliseconds in repetition 345
tcp_ping received 49152 bytes back
Round trip time was 15.7073 milliseconds in repetition 346
tcp_ping received 49152 bytes back
Round trip time was 13.3979 milliseconds in repetition 347
tcp_ping received 49152 bytes back
Round trip time was 14.5481 milliseconds in repetition 348
tcp_ping received 49152 bytes back
Round trip time was 18.7253 milliseconds in repetition 349
tcp_ping received 49152 bytes back
Round trip time was 13.8847 milliseconds in repetition 350
tcp_ping received 49152 bytes back
Round trip time was 12.0046 milliseconds in repetition 351
tcp_ping received 49152 bytes back
Round trip time was 14.9073 milliseconds in repetition 352
tcp_ping received 49152 bytes back
Round trip time was 12.9988 milliseconds in repetition 353
tcp_ping received 49152 bytes back
Round trip time was 11.4263 milliseconds in repetition 354
tcp_ping received 49152 bytes back
Round trip time was 12.372 milliseconds in repetition 355
tcp_ping received 49152 bytes back
Round trip time was 18.8722 milliseconds in repetition 356
tcp_ping received 49152 bytes back
Round trip time was 12.5856 milliseconds in repetition 357
tcp_ping received 49152 bytes back
Round trip time was 12.3769 milliseconds in repetition 358
tcp_ping received 49152 bytes back
Round trip time was 15.5139 milliseconds in repetition 359
tcp_ping received 49152 bytes back
Round trip time was 19.2724 milliseconds in repetition 360
tcp_ping received 49152 bytes back
Round trip time was 11.779 milliseconds in repetition 361
tcp_ping received 49152 bytes back
Round trip time was 22.2305 milliseconds in repetition 362
tcp_ping received 49152 bytes back
Round trip time was 12.2175 milliseconds in repetition 363
tcp_ping received 49152 bytes back
Round trip time was 17.409 milliseconds in repetition 364
tcp_ping received 49152 bytes back
Round trip time was 12.3848 milliseconds in repetition 365
tcp_ping received 49152 bytes back
Round trip time was 23.4625 milliseconds in repetition 366
tcp_ping received 49152 bytes back
Round trip time was 13.6706 milliseconds in repetition 367
tcp_ping received 49152 bytes back
Round trip time was 18.559 milliseconds in repetition 368
tcp_ping received 49152 bytes back
Round trip time was 15.6667 milliseconds in repetition 369
tcp_ping received 49152 bytes back
Round trip time was 13.473 milliseconds in repetition 370
tcp_ping received 49152 bytes back
Round trip time was 20.864 milliseconds in repetition 371
tcp_ping received 49152 bytes back
Round trip time was 17.7116 milliseconds in repetition 372
tcp_ping received 49152 bytes back
Round trip time was 14.8299 milliseconds in repetition 373
tcp_ping received 49152 bytes back
Round trip time was 20.5474 milliseconds in repetition 374
tcp_ping received 49152 bytes back
Round trip time was 16.1746 milliseconds in repetition 375
tcp_ping received 49152 bytes back
Round trip time was 22.1806 milliseconds in repetition 376
tcp_ping received 49152 bytes back
Round trip time was 16.8648 milliseconds in repetition 377
tcp_ping received 49152 bytes back
Round trip time was 28.9166 milliseconds in repetition 378
tcp_ping received 49152 bytes back
Round trip time was 18.7238 milliseconds in repetition 379
tcp_ping received 49152 bytes back
Round trip time was 18.2419 milliseconds in repetition 380
tcp_ping received 49152 bytes back
Round trip time was 20.4359 milliseconds in repetition 381
tcp_ping received 49152 bytes back
Round trip time was 16.0044 milliseconds in repetition 382
tcp_ping received 49152 bytes back
Round trip time was 11.9451 milliseconds in repetition 383
tcp_ping received 49152 bytes back
Round trip time was 20.3289 milliseconds in repetition 384
tcp_ping received 49152 bytes back
Round trip time was 13.2857 milliseconds in repetition 385
tcp_ping received 49152 bytes back
Round trip time was 19.3443 milliseconds in repetition 386
tcp_ping received 49152 bytes back
Round trip time was 12.9779 milliseconds in repetition 387
tcp_ping received 49152 bytes back
Round trip time was 15.9621 milliseconds in repetition 388
tcp_ping received 49152 bytes back
Round trip time was 15.677 milliseconds in repetition 389
tcp_ping received 49152 bytes back
Round trip time was 13.7745 milliseconds in repetition 390
tcp_ping received 49152 bytes back
Round trip time was 13.3608 milliseconds in repetition 391
tcp_ping received 49152 bytes back
Round trip time was 14.4104 milliseconds in repetition 392
tcp_ping received 49152 bytes back
Round trip time was 19.4527 milliseconds in repetition 393
tcp_ping received 49152 bytes back
Round trip time was 19.9548 milliseconds in repetition 394
tcp_ping received 49152 bytes back
Round trip time was 14.5907 milliseconds in repetition 395
tcp_ping received 49152 bytes back
Round trip time was 13.4692 milliseconds in repetition 396
tcp_ping received 49152 bytes back
Round trip time was 12.359 milliseconds in repetition 397
tcp_ping received 49152 bytes back
Round trip time was 19.7822 milliseconds in repetition 398
tcp_ping received 49152 bytes back
Round trip time was 12.0119 milliseconds in repetition 399
tcp_ping received 49152 bytes back
Round trip time was 12.6353 milliseconds in repetition 400
tcp_ping received 49152 bytes back
Round trip time was 16.7588 milliseconds in repetition 401
tcp_ping received 49152 bytes back
Round trip time was 12.2695 milliseconds in repetition 402
tcp_ping received 49152 bytes back
Round trip time was 16.8607 milliseconds in repetition 403
tcp_ping received 49152 bytes back
Round trip time was 16.922 milliseconds in repetition 404
tcp_ping received 49152 bytes back
Round trip time was 12.9779 milliseconds in repetition 405
tcp_ping received 49152 bytes back
Round trip time was 17.0978 milliseconds in repetition 406
tcp_ping received 49152 bytes back
Round trip time was 13.9485 milliseconds in repetition 407
tcp_ping received 49152 bytes back
Round trip time was 18.065 milliseconds in repetition 408
tcp_ping received 49152 bytes back
Round trip time was 12.3629 milliseconds in repetition 409
tcp_ping received 49152 bytes back
Round trip time was 18.5659 milliseconds in repetition 410
tcp_ping received 49152 bytes back
Round trip time was 12.6512 milliseconds in repetition 411
tcp_ping received 49152 bytes back
Round trip time was 11.9254 milliseconds in repetition 412
tcp_ping received 49152 bytes back
Round trip time was 16.6094 milliseconds in repetition 413
tcp_ping received 49152 bytes back
Round trip time was 15.8214 milliseconds in repetition 414
tcp_ping received 49152 bytes back
Round trip time was 18.4747 milliseconds in repetition 415
tcp_ping received 49152 bytes back
Round trip time was 23.0819 milliseconds in repetition 416
tcp_ping received 49152 bytes back
Round trip time was 13.1325 milliseconds in repetition 417
tcp_ping received 49152 bytes back
Round trip time was 17.3275 milliseconds in repetition 418
tcp_ping received 49152 bytes back
Round trip time was 12.6546 milliseconds in repetition 419
tcp_ping received 49152 bytes back
Round trip time was 14.2926 milliseconds in repetition 420
tcp_ping received 49152 bytes back
Round trip time was 13.5993 milliseconds in repetition 421
tcp_ping received 49152 bytes back
Round trip time was 12.5264 milliseconds in repetition 422
tcp_ping received 49152 bytes back
Round trip time was 19.2533 milliseconds in repetition 423
tcp_ping received 49152 bytes back
Round trip time was 17.7145 milliseconds in repetition 424
tcp_ping received 49152 bytes back
Round trip time was 13.4429 milliseconds in repetition 425
tcp_ping received 49152 bytes back
Round trip time was 13.9064 milliseconds in repetition 426
tcp_ping received 49152 bytes back
Round trip time was 17.5113 milliseconds in repetition 427
tcp_ping received 49152 bytes back
Round trip time was 14.5375 milliseconds in repetition 428
tcp_ping received 49152 bytes back
Round trip time was 14.558 milliseconds in repetition 429
tcp_ping received 49152 bytes back
Round trip time was 13.9695 milliseconds in repetition 430
tcp_ping received 49152 bytes back
Round trip time was 16.2906 milliseconds in repetition 431
tcp_ping received 49152 bytes back
Round trip time was 20.5869 milliseconds in repetition 432
tcp_ping received 49152 bytes back
Round trip time was 15.0493 milliseconds in repetition 433
tcp_ping received 49152 bytes back
Round trip time was 15.1582 milliseconds in repetition 434
tcp_ping received 49152 bytes back
Round trip time was 15.9124 milliseconds in repetition 435
tcp_ping received 49152 bytes back
Round trip time was 16.7105 milliseconds in repetition 436
tcp_ping received 49152 bytes back
Round trip time was 13.6703 milliseconds in repetition 437
tcp_ping received 49152 bytes back
Round trip time was 15.8995 milliseconds in repetition 438
tcp_ping received 49152 bytes back
Round trip time was 14.6522 milliseconds in repetition 439
tcp_ping received 49152 bytes back
Round trip time was 13.2537 milliseconds in repetition 440
tcp_ping received 49152 bytes back
Round trip time was 19.2179 milliseconds in repetition 441
tcp_ping received 49152 bytes back
Round trip time was 20.7902 milliseconds in repetition 442
tcp_ping received 49152 bytes back
Round trip time was 14.2131 milliseconds in repetition 443
tcp_ping received 49152 bytes back
Round trip time was 13.945 milliseconds in repetition 444
tcp_ping received 49152 bytes back
Round trip time was 23.4207 milliseconds in repetition 445
tcp_ping received 49152 bytes back
Round trip time was 19.9031 milliseconds in repetition 446
tcp_ping received 49152 bytes back
Round trip time was 16.6475 milliseconds in repetition 447
tcp_ping received 49152 bytes back
Round trip time was 12.181 milliseconds in repetition 448
tcp_ping received 49152 bytes back
Round trip time was 11.5129 milliseconds in repetition 449
tcp_ping received 49152 bytes back
Round trip time was 11.5537 milliseconds in repetition 450
tcp_ping received 49152 bytes back
Round trip time was 12.2865 milliseconds in repetition 451
tcp_ping received 49152 bytes back
Round trip time was 16.0872 milliseconds in repetition 452
tcp_ping received 49152 bytes back
Round trip time was 15.3909 milliseconds in repetition 453
tcp_ping received 49152 bytes back
Round trip time was 19.566 milliseconds in repetition 454
tcp_ping received 49152 bytes back
Round trip time was 15.1299 milliseconds in repetition 455
tcp_ping received 49152 bytes back
Round trip time was 19.59 milliseconds in repetition 456
tcp_ping received 49152 bytes back
Round trip time was 22.4826 milliseconds in repetition 457
tcp_ping received 49152 bytes back
Round trip time was 11.4865 milliseconds in repetition 458
tcp_ping received 49152 bytes back
Round trip time was 15.007 milliseconds in repetition 459
tcp_ping received 49152 bytes back
Round trip time was 16.0971 milliseconds in repetition 460
tcp_ping received 49152 bytes back
Round trip time was 11.4583 milliseconds in repetition 461
tcp_ping received 49152 bytes back
Round trip time was 11.2877 milliseconds in repetition 462
tcp_ping received 49152 bytes back
Round trip time was 11.8113 milliseconds in repetition 463
tcp_ping received 49152 bytes back
Round trip time was 11.0448 milliseconds in repetition 464
tcp_ping received 49152 bytes back
Round trip time was 12.1594 milliseconds in repetition 465
tcp_ping received 49152 bytes back
Round trip time was 15.5666 milliseconds in repetition 466
tcp_ping received 49152 bytes back
Round trip time was 13.2063 milliseconds in repetition 467
tcp_ping received 49152 bytes back
Round trip time was 12.9435 milliseconds in repetition 468
tcp_ping received 49152 bytes back
Round trip time was 11.1755 milliseconds in repetition 469
tcp_ping received 49152 bytes back
Round trip time was 11.8474 milliseconds in repetition 470
tcp_ping received 49152 bytes back
Round trip time was 13.0289 milliseconds in repetition 471
tcp_ping received 49152 bytes back
Round trip time was 16.5579 milliseconds in repetition 472
tcp_ping received 49152 bytes back
Round trip time was 10.9407 milliseconds in repetition 473
tcp_ping received 49152 bytes back
Round trip time was 11.2256 milliseconds in repetition 474
tcp_ping received 49152 bytes back
Round trip time was 10.9428 milliseconds in repetition 475
tcp_ping received 49152 bytes back
Round trip time was 13.8753 milliseconds in repetition 476
tcp_ping received 49152 bytes back
Round trip time was 11.7213 milliseconds in repetition 477
tcp_ping received 49152 bytes back
Round trip time was 14.4237 milliseconds in repetition 478
tcp_ping received 49152 bytes back
Round trip time was 12.9573 milliseconds in repetition 479
tcp_ping received 49152 bytes back
Round trip time was 12.1563 milliseconds in repetition 480
tcp_ping received 49152 bytes back
Round trip time was 13.9822 milliseconds in repetition 481
tcp_ping received 49152 bytes back
Round trip time was 12.1035 milliseconds in repetition 482
tcp_ping received 49152 bytes back
Round trip time was 11.9524 milliseconds in repetition 483
tcp_ping received 49152 bytes back
Round trip time was 11.8904 milliseconds in repetition 484
tcp_ping received 49152 bytes back
Round trip time was 11.4551 milliseconds in repetition 485
tcp_ping received 49152 bytes back
Round trip time was 11.465 milliseconds in repetition 486
tcp_ping received 49152 bytes back
Round trip time was 16.7927 milliseconds in repetition 487
tcp_ping received 49152 bytes back
Round trip time was 23.9304 milliseconds in repetition 488
tcp_ping received 49152 bytes back
Round trip time was 17.698 milliseconds in repetition 489
tcp_ping received 49152 bytes back
Round trip time was 14.1447 milliseconds in repetition 490
tcp_ping received 49152 bytes back
Round trip time was 12.9871 milliseconds in repetition 491
tcp_ping received 49152 bytes back
Round trip time was 12.1328 milliseconds in repetition 492
tcp_ping received 49152 bytes back
Round trip time was 16.0141 milliseconds in repetition 493
tcp_ping received 49152 bytes back
Round trip time was 13.519 milliseconds in repetition 494
tcp_ping received 49152 bytes back
Round trip time was 20.5752 milliseconds in repetition 495
tcp_ping received 49152 bytes back
Round trip time was 17.7058 milliseconds in repetition 496
tcp_ping received 49152 bytes back
Round trip time was 12.0854 milliseconds in repetition 497
tcp_ping received 49152 bytes back
Round trip time was 11.4884 milliseconds in repetition 498
tcp_ping received 49152 bytes back
Round trip time was 13.0948 milliseconds in repetition 499
tcp_ping received 49152 bytes back
Round trip time was 15.6479 milliseconds in repetition 500
tcp_ping received 49152 bytes back
Round trip time was 12.2354 milliseconds in repetition 501

 ... clock resolution was 1e-06
TCP Ping:  Statistics over 501 repetitions of 49152 byte messages

RTT : percentile 10: 11.5449, median: 14.479, percentile 90: 19.543, average: 15.0746, variance: 10.8103

RTT histogram:
9.79891 5
9.82946 31
9.91118 96
10.1136 69
10.119 63
10.4007 40
10.6314 72
10.6986 35
10.7351 27
10.7421 23
10.7529 18
10.7671 8
10.8373 4
10.8592 3
10.9042 2
10.9407 2
10.9422 1
10.9428 0
10.9486 1
11.0005 0
11.0169 1

   median Throughput : 6789.41 KB/s   overall Throughput : 6521.18 KB/s

