TCP Ping trying to connect to server webdev.disi.unige.it (130.251.61.30) on port 1491
 ... connected to Pong server: asking for 501 repetitions of 262144 bytes TCP messages
 ... Pong server agreed :-)
tcp_ping received 262144 bytes back
Round trip time was 3482.96 milliseconds in repetition 1
tcp_ping received 262144 bytes back
Round trip time was 46.8276 milliseconds in repetition 2
tcp_ping received 262144 bytes back
Round trip time was 47.2957 milliseconds in repetition 3
tcp_ping received 262144 bytes back
Round trip time was 59.1627 milliseconds in repetition 4
tcp_ping received 262144 bytes back
Round trip time was 47.7108 milliseconds in repetition 5
tcp_ping received 262144 bytes back
Round trip time was 46.5261 milliseconds in repetition 6
tcp_ping received 262144 bytes back
Round trip time was 47.5589 milliseconds in repetition 7
tcp_ping received 262144 bytes back
Round trip time was 46.5208 milliseconds in repetition 8
tcp_ping received 262144 bytes back
Round trip time was 49.7978 milliseconds in repetition 9
tcp_ping received 262144 bytes back
Round trip time was 45.9545 milliseconds in repetition 10
tcp_ping received 262144 bytes back
Round trip time was 46.5055 milliseconds in repetition 11
tcp_ping received 262144 bytes back
Round trip time was 45.8238 milliseconds in repetition 12
tcp_ping received 262144 bytes back
Round trip time was 45.7667 milliseconds in repetition 13
tcp_ping received 262144 bytes back
Round trip time was 46.4901 milliseconds in repetition 14
tcp_ping received 262144 bytes back
Round trip time was 45.9446 milliseconds in repetition 15
tcp_ping received 262144 bytes back
Round trip time was 45.8994 milliseconds in repetition 16
tcp_ping received 262144 bytes back
Round trip time was 46.0802 milliseconds in repetition 17
tcp_ping received 262144 bytes back
Round trip time was 46.6049 milliseconds in repetition 18
tcp_ping received 262144 bytes back
Round trip time was 48.6766 milliseconds in repetition 19
tcp_ping received 262144 bytes back
Round trip time was 46.4937 milliseconds in repetition 20
tcp_ping received 262144 bytes back
Round trip time was 46.2603 milliseconds in repetition 21
tcp_ping received 262144 bytes back
Round trip time was 47.5298 milliseconds in repetition 22
tcp_ping received 262144 bytes back
Round trip time was 46.7944 milliseconds in repetition 23
tcp_ping received 262144 bytes back
Round trip time was 46.0499 milliseconds in repetition 24
tcp_ping received 262144 bytes back
Round trip time was 49.6825 milliseconds in repetition 25
tcp_ping received 262144 bytes back
Round trip time was 45.7782 milliseconds in repetition 26
tcp_ping received 262144 bytes back
Round trip time was 46.4433 milliseconds in repetition 27
tcp_ping received 262144 bytes back
Round trip time was 45.9409 milliseconds in repetition 28
tcp_ping received 262144 bytes back
Round trip time was 47.6046 milliseconds in repetition 29
tcp_ping received 262144 bytes back
Round trip time was 47.3522 milliseconds in repetition 30
tcp_ping received 262144 bytes back
Round trip time was 46.7306 milliseconds in repetition 31
tcp_ping received 262144 bytes back
Round trip time was 45.7017 milliseconds in repetition 32
tcp_ping received 262144 bytes back
Round trip time was 45.744 milliseconds in repetition 33
tcp_ping received 262144 bytes back
Round trip time was 46.6062 milliseconds in repetition 34
tcp_ping received 262144 bytes back
Round trip time was 47.3506 milliseconds in repetition 35
tcp_ping received 262144 bytes back
Round trip time was 46.8006 milliseconds in repetition 36
tcp_ping received 262144 bytes back
Round trip time was 50.461 milliseconds in repetition 37
tcp_ping received 262144 bytes back
Round trip time was 46.5636 milliseconds in repetition 38
tcp_ping received 262144 bytes back
Round trip time was 46.5405 milliseconds in repetition 39
tcp_ping received 262144 bytes back
Round trip time was 47.6752 milliseconds in repetition 40
tcp_ping received 262144 bytes back
Round trip time was 46.6433 milliseconds in repetition 41
tcp_ping received 262144 bytes back
Round trip time was 47.3123 milliseconds in repetition 42
tcp_ping received 262144 bytes back
Round trip time was 46.6796 milliseconds in repetition 43
tcp_ping received 262144 bytes back
Round trip time was 48.0473 milliseconds in repetition 44
tcp_ping received 262144 bytes back
Round trip time was 47.2031 milliseconds in repetition 45
tcp_ping received 262144 bytes back
Round trip time was 46.3192 milliseconds in repetition 46
tcp_ping received 262144 bytes back
Round trip time was 46.4542 milliseconds in repetition 47
tcp_ping received 262144 bytes back
Round trip time was 47.5401 milliseconds in repetition 48
tcp_ping received 262144 bytes back
Round trip time was 45.9078 milliseconds in repetition 49
tcp_ping received 262144 bytes back
Round trip time was 49.5507 milliseconds in repetition 50
tcp_ping received 262144 bytes back
Round trip time was 46.4914 milliseconds in repetition 51
tcp_ping received 262144 bytes back
Round trip time was 45.5762 milliseconds in repetition 52
tcp_ping received 262144 bytes back
Round trip time was 48.3263 milliseconds in repetition 53
tcp_ping received 262144 bytes back
Round trip time was 46.3496 milliseconds in repetition 54
tcp_ping received 262144 bytes back
Round trip time was 49.0527 milliseconds in repetition 55
tcp_ping received 262144 bytes back
Round trip time was 47.5567 milliseconds in repetition 56
tcp_ping received 262144 bytes back
Round trip time was 45.8772 milliseconds in repetition 57
tcp_ping received 262144 bytes back
Round trip time was 49.2182 milliseconds in repetition 58
tcp_ping received 262144 bytes back
Round trip time was 42.6161 milliseconds in repetition 59
tcp_ping received 262144 bytes back
Round trip time was 46.5845 milliseconds in repetition 60
tcp_ping received 262144 bytes back
Round trip time was 46.3094 milliseconds in repetition 61
tcp_ping received 262144 bytes back
Round trip time was 46.4748 milliseconds in repetition 62
tcp_ping received 262144 bytes back
Round trip time was 46.9659 milliseconds in repetition 63
tcp_ping received 262144 bytes back
Round trip time was 46.5633 milliseconds in repetition 64
tcp_ping received 262144 bytes back
Round trip time was 45.3903 milliseconds in repetition 65
tcp_ping received 262144 bytes back
Round trip time was 47.262 milliseconds in repetition 66
tcp_ping received 262144 bytes back
Round trip time was 45.5672 milliseconds in repetition 67
tcp_ping received 262144 bytes back
Round trip time was 47.5068 milliseconds in repetition 68
tcp_ping received 262144 bytes back
Round trip time was 45.7436 milliseconds in repetition 69
tcp_ping received 262144 bytes back
Round trip time was 45.2959 milliseconds in repetition 70
tcp_ping received 262144 bytes back
Round trip time was 45.8129 milliseconds in repetition 71
tcp_ping received 262144 bytes back
Round trip time was 46.4652 milliseconds in repetition 72
tcp_ping received 262144 bytes back
Round trip time was 47.0206 milliseconds in repetition 73
tcp_ping received 262144 bytes back
Round trip time was 47.2663 milliseconds in repetition 74
tcp_ping received 262144 bytes back
Round trip time was 46.9237 milliseconds in repetition 75
tcp_ping received 262144 bytes back
Round trip time was 47.3732 milliseconds in repetition 76
tcp_ping received 262144 bytes back
Round trip time was 45.9594 milliseconds in repetition 77
tcp_ping received 262144 bytes back
Round trip time was 45.818 milliseconds in repetition 78
tcp_ping received 262144 bytes back
Round trip time was 46.1484 milliseconds in repetition 79
tcp_ping received 262144 bytes back
Round trip time was 46.0982 milliseconds in repetition 80
tcp_ping received 262144 bytes back
Round trip time was 46.8875 milliseconds in repetition 81
tcp_ping received 262144 bytes back
Round trip time was 46.6933 milliseconds in repetition 82
tcp_ping received 262144 bytes back
Round trip time was 47.3383 milliseconds in repetition 83
tcp_ping received 262144 bytes back
Round trip time was 45.8611 milliseconds in repetition 84
tcp_ping received 262144 bytes back
Round trip time was 47.0695 milliseconds in repetition 85
tcp_ping received 262144 bytes back
Round trip time was 47.0009 milliseconds in repetition 86
tcp_ping received 262144 bytes back
Round trip time was 45.7887 milliseconds in repetition 87
tcp_ping received 262144 bytes back
Round trip time was 46.2118 milliseconds in repetition 88
tcp_ping received 262144 bytes back
Round trip time was 45.8445 milliseconds in repetition 89
tcp_ping received 262144 bytes back
Round trip time was 48.6228 milliseconds in repetition 90
tcp_ping received 262144 bytes back
Round trip time was 45.6898 milliseconds in repetition 91
tcp_ping received 262144 bytes back
Round trip time was 45.9786 milliseconds in repetition 92
tcp_ping received 262144 bytes back
Round trip time was 46.0658 milliseconds in repetition 93
tcp_ping received 262144 bytes back
Round trip time was 45.9254 milliseconds in repetition 94
tcp_ping received 262144 bytes back
Round trip time was 45.7472 milliseconds in repetition 95
tcp_ping received 262144 bytes back
Round trip time was 47.0146 milliseconds in repetition 96
tcp_ping received 262144 bytes back
Round trip time was 47.1862 milliseconds in repetition 97
tcp_ping received 262144 bytes back
Round trip time was 46.7265 milliseconds in repetition 98
tcp_ping received 262144 bytes back
Round trip time was 46.6352 milliseconds in repetition 99
tcp_ping received 262144 bytes back
Round trip time was 46.4069 milliseconds in repetition 100
tcp_ping received 262144 bytes back
Round trip time was 45.7518 milliseconds in repetition 101
tcp_ping received 262144 bytes back
Round trip time was 46.6077 milliseconds in repetition 102
tcp_ping received 262144 bytes back
Round trip time was 46.0058 milliseconds in repetition 103
tcp_ping received 262144 bytes back
Round trip time was 45.8381 milliseconds in repetition 104
tcp_ping received 262144 bytes back
Round trip time was 46.9016 milliseconds in repetition 105
tcp_ping received 262144 bytes back
Round trip time was 46.4412 milliseconds in repetition 106
tcp_ping received 262144 bytes back
Round trip time was 47.5021 milliseconds in repetition 107
tcp_ping received 262144 bytes back
Round trip time was 46.6903 milliseconds in repetition 108
tcp_ping received 262144 bytes back
Round trip time was 46.655 milliseconds in repetition 109
tcp_ping received 262144 bytes back
Round trip time was 46.9748 milliseconds in repetition 110
tcp_ping received 262144 bytes back
Round trip time was 50.807 milliseconds in repetition 111
tcp_ping received 262144 bytes back
Round trip time was 46.2047 milliseconds in repetition 112
tcp_ping received 262144 bytes back
Round trip time was 47.5416 milliseconds in repetition 113
tcp_ping received 262144 bytes back
Round trip time was 47.9373 milliseconds in repetition 114
tcp_ping received 262144 bytes back
Round trip time was 46.4488 milliseconds in repetition 115
tcp_ping received 262144 bytes back
Round trip time was 46.689 milliseconds in repetition 116
tcp_ping received 262144 bytes back
Round trip time was 47.1028 milliseconds in repetition 117
tcp_ping received 262144 bytes back
Round trip time was 45.6387 milliseconds in repetition 118
tcp_ping received 262144 bytes back
Round trip time was 45.8467 milliseconds in repetition 119
tcp_ping received 262144 bytes back
Round trip time was 45.681 milliseconds in repetition 120
tcp_ping received 262144 bytes back
Round trip time was 45.8577 milliseconds in repetition 121
tcp_ping received 262144 bytes back
Round trip time was 45.7422 milliseconds in repetition 122
tcp_ping received 262144 bytes back
Round trip time was 45.8344 milliseconds in repetition 123
tcp_ping received 262144 bytes back
Round trip time was 45.6076 milliseconds in repetition 124
tcp_ping received 262144 bytes back
Round trip time was 47.0789 milliseconds in repetition 125
tcp_ping received 262144 bytes back
Round trip time was 46.5581 milliseconds in repetition 126
tcp_ping received 262144 bytes back
Round trip time was 45.9531 milliseconds in repetition 127
tcp_ping received 262144 bytes back
Round trip time was 46.7502 milliseconds in repetition 128
tcp_ping received 262144 bytes back
Round trip time was 46.0281 milliseconds in repetition 129
tcp_ping received 262144 bytes back
Round trip time was 45.6894 milliseconds in repetition 130
tcp_ping received 262144 bytes back
Round trip time was 46.5954 milliseconds in repetition 131
tcp_ping received 262144 bytes back
Round trip time was 45.7031 milliseconds in repetition 132
tcp_ping received 262144 bytes back
Round trip time was 46.4773 milliseconds in repetition 133
tcp_ping received 262144 bytes back
Round trip time was 46.7001 milliseconds in repetition 134
tcp_ping received 262144 bytes back
Round trip time was 46.2344 milliseconds in repetition 135
tcp_ping received 262144 bytes back
Round trip time was 45.5633 milliseconds in repetition 136
tcp_ping received 262144 bytes back
Round trip time was 49.8014 milliseconds in repetition 137
tcp_ping received 262144 bytes back
Round trip time was 46.7859 milliseconds in repetition 138
tcp_ping received 262144 bytes back
Round trip time was 46.8618 milliseconds in repetition 139
tcp_ping received 262144 bytes back
Round trip time was 46.5987 milliseconds in repetition 140
tcp_ping received 262144 bytes back
Round trip time was 46.1938 milliseconds in repetition 141
tcp_ping received 262144 bytes back
Round trip time was 47.1567 milliseconds in repetition 142
tcp_ping received 262144 bytes back
Round trip time was 45.4744 milliseconds in repetition 143
tcp_ping received 262144 bytes back
Round trip time was 46.9348 milliseconds in repetition 144
tcp_ping received 262144 bytes back
Round trip time was 46.7049 milliseconds in repetition 145
tcp_ping received 262144 bytes back
Round trip time was 49.8146 milliseconds in repetition 146
tcp_ping received 262144 bytes back
Round trip time was 53.2346 milliseconds in repetition 147
tcp_ping received 262144 bytes back
Round trip time was 48.2993 milliseconds in repetition 148
tcp_ping received 262144 bytes back
Round trip time was 48.8634 milliseconds in repetition 149
tcp_ping received 262144 bytes back
Round trip time was 48.8938 milliseconds in repetition 150
tcp_ping received 262144 bytes back
Round trip time was 46.5508 milliseconds in repetition 151
tcp_ping received 262144 bytes back
Round trip time was 45.7427 milliseconds in repetition 152
tcp_ping received 262144 bytes back
Round trip time was 46.7043 milliseconds in repetition 153
tcp_ping received 262144 bytes back
Round trip time was 46.1949 milliseconds in repetition 154
tcp_ping received 262144 bytes back
Round trip time was 45.8212 milliseconds in repetition 155
tcp_ping received 262144 bytes back
Round trip time was 46.7566 milliseconds in repetition 156
tcp_ping received 262144 bytes back
Round trip time was 46.2372 milliseconds in repetition 157
tcp_ping received 262144 bytes back
Round trip time was 45.8879 milliseconds in repetition 158
tcp_ping received 262144 bytes back
Round trip time was 46.9814 milliseconds in repetition 159
tcp_ping received 262144 bytes back
Round trip time was 46.2843 milliseconds in repetition 160
tcp_ping received 262144 bytes back
Round trip time was 46.0122 milliseconds in repetition 161
tcp_ping received 262144 bytes back
Round trip time was 47.2759 milliseconds in repetition 162
tcp_ping received 262144 bytes back
Round trip time was 47.2038 milliseconds in repetition 163
tcp_ping received 262144 bytes back
Round trip time was 46.3094 milliseconds in repetition 164
tcp_ping received 262144 bytes back
Round trip time was 47.0046 milliseconds in repetition 165
tcp_ping received 262144 bytes back
Round trip time was 47.3035 milliseconds in repetition 166
tcp_ping received 262144 bytes back
Round trip time was 46.5186 milliseconds in repetition 167
tcp_ping received 262144 bytes back
Round trip time was 47.206 milliseconds in repetition 168
tcp_ping received 262144 bytes back
Round trip time was 45.7567 milliseconds in repetition 169
tcp_ping received 262144 bytes back
Round trip time was 46.3519 milliseconds in repetition 170
tcp_ping received 262144 bytes back
Round trip time was 47.188 milliseconds in repetition 171
tcp_ping received 262144 bytes back
Round trip time was 46.7495 milliseconds in repetition 172
tcp_ping received 262144 bytes back
Round trip time was 46.2617 milliseconds in repetition 173
tcp_ping received 262144 bytes back
Round trip time was 46.7551 milliseconds in repetition 174
tcp_ping received 262144 bytes back
Round trip time was 46.1536 milliseconds in repetition 175
tcp_ping received 262144 bytes back
Round trip time was 45.968 milliseconds in repetition 176
tcp_ping received 262144 bytes back
Round trip time was 47.1573 milliseconds in repetition 177
tcp_ping received 262144 bytes back
Round trip time was 46.419 milliseconds in repetition 178
tcp_ping received 262144 bytes back
Round trip time was 46.8609 milliseconds in repetition 179
tcp_ping received 262144 bytes back
Round trip time was 46.4436 milliseconds in repetition 180
tcp_ping received 262144 bytes back
Round trip time was 46.2172 milliseconds in repetition 181
tcp_ping received 262144 bytes back
Round trip time was 45.7306 milliseconds in repetition 182
tcp_ping received 262144 bytes back
Round trip time was 46.2945 milliseconds in repetition 183
tcp_ping received 262144 bytes back
Round trip time was 45.8273 milliseconds in repetition 184
tcp_ping received 262144 bytes back
Round trip time was 48.2669 milliseconds in repetition 185
tcp_ping received 262144 bytes back
Round trip time was 46.0368 milliseconds in repetition 186
tcp_ping received 262144 bytes back
Round trip time was 47.3566 milliseconds in repetition 187
tcp_ping received 262144 bytes back
Round trip time was 46.6983 milliseconds in repetition 188
tcp_ping received 262144 bytes back
Round trip time was 45.9791 milliseconds in repetition 189
tcp_ping received 262144 bytes back
Round trip time was 46.2164 milliseconds in repetition 190
tcp_ping received 262144 bytes back
Round trip time was 46.8152 milliseconds in repetition 191
tcp_ping received 262144 bytes back
Round trip time was 46.8208 milliseconds in repetition 192
tcp_ping received 262144 bytes back
Round trip time was 46.1009 milliseconds in repetition 193
tcp_ping received 262144 bytes back
Round trip time was 45.9376 milliseconds in repetition 194
tcp_ping received 262144 bytes back
Round trip time was 46.5315 milliseconds in repetition 195
tcp_ping received 262144 bytes back
Round trip time was 46.0105 milliseconds in repetition 196
tcp_ping received 262144 bytes back
Round trip time was 47.3441 milliseconds in repetition 197
tcp_ping received 262144 bytes back
Round trip time was 45.8428 milliseconds in repetition 198
tcp_ping received 262144 bytes back
Round trip time was 47.056 milliseconds in repetition 199
tcp_ping received 262144 bytes back
Round trip time was 46.4897 milliseconds in repetition 200
tcp_ping received 262144 bytes back
Round trip time was 46.7219 milliseconds in repetition 201
tcp_ping received 262144 bytes back
Round trip time was 49.6496 milliseconds in repetition 202
tcp_ping received 262144 bytes back
Round trip time was 46.8396 milliseconds in repetition 203
tcp_ping received 262144 bytes back
Round trip time was 52.8641 milliseconds in repetition 204
tcp_ping received 262144 bytes back
Round trip time was 48.7894 milliseconds in repetition 205
tcp_ping received 262144 bytes back
Round trip time was 47.4161 milliseconds in repetition 206
tcp_ping received 262144 bytes back
Round trip time was 46.7326 milliseconds in repetition 207
tcp_ping received 262144 bytes back
Round trip time was 45.6872 milliseconds in repetition 208
tcp_ping received 262144 bytes back
Round trip time was 45.8343 milliseconds in repetition 209
tcp_ping received 262144 bytes back
Round trip time was 46.2143 milliseconds in repetition 210
tcp_ping received 262144 bytes back
Round trip time was 46.6867 milliseconds in repetition 211
tcp_ping received 262144 bytes back
Round trip time was 46.163 milliseconds in repetition 212
tcp_ping received 262144 bytes back
Round trip time was 45.8477 milliseconds in repetition 213
tcp_ping received 262144 bytes back
Round trip time was 45.5893 milliseconds in repetition 214
tcp_ping received 262144 bytes back
Round trip time was 47.4927 milliseconds in repetition 215
tcp_ping received 262144 bytes back
Round trip time was 46.5262 milliseconds in repetition 216
tcp_ping received 262144 bytes back
Round trip time was 47.1082 milliseconds in repetition 217
tcp_ping received 262144 bytes back
Round trip time was 51.1327 milliseconds in repetition 218
tcp_ping received 262144 bytes back
Round trip time was 46.2891 milliseconds in repetition 219
tcp_ping received 262144 bytes back
Round trip time was 48.4723 milliseconds in repetition 220
tcp_ping received 262144 bytes back
Round trip time was 46.2043 milliseconds in repetition 221
tcp_ping received 262144 bytes back
Round trip time was 51.0387 milliseconds in repetition 222
tcp_ping received 262144 bytes back
Round trip time was 46.58 milliseconds in repetition 223
tcp_ping received 262144 bytes back
Round trip time was 46.2509 milliseconds in repetition 224
tcp_ping received 262144 bytes back
Round trip time was 45.7656 milliseconds in repetition 225
tcp_ping received 262144 bytes back
Round trip time was 47.1607 milliseconds in repetition 226
tcp_ping received 262144 bytes back
Round trip time was 45.5939 milliseconds in repetition 227
tcp_ping received 262144 bytes back
Round trip time was 46.2372 milliseconds in repetition 228
tcp_ping received 262144 bytes back
Round trip time was 46.6908 milliseconds in repetition 229
tcp_ping received 262144 bytes back
Round trip time was 47.4022 milliseconds in repetition 230
tcp_ping received 262144 bytes back
Round trip time was 46.333 milliseconds in repetition 231
tcp_ping received 262144 bytes back
Round trip time was 46.0123 milliseconds in repetition 232
tcp_ping received 262144 bytes back
Round trip time was 47.1545 milliseconds in repetition 233
tcp_ping received 262144 bytes back
Round trip time was 46.7666 milliseconds in repetition 234
tcp_ping received 262144 bytes back
Round trip time was 47.2903 milliseconds in repetition 235
tcp_ping received 262144 bytes back
Round trip time was 46.0668 milliseconds in repetition 236
tcp_ping received 262144 bytes back
Round trip time was 46.3574 milliseconds in repetition 237
tcp_ping received 262144 bytes back
Round trip time was 46.7166 milliseconds in repetition 238
tcp_ping received 262144 bytes back
Round trip time was 46.7941 milliseconds in repetition 239
tcp_ping received 262144 bytes back
Round trip time was 46.5459 milliseconds in repetition 240
tcp_ping received 262144 bytes back
Round trip time was 45.6731 milliseconds in repetition 241
tcp_ping received 262144 bytes back
Round trip time was 47.0724 milliseconds in repetition 242
tcp_ping received 262144 bytes back
Round trip time was 46.5018 milliseconds in repetition 243
tcp_ping received 262144 bytes back
Round trip time was 47.0936 milliseconds in repetition 244
tcp_ping received 262144 bytes back
Round trip time was 46.1924 milliseconds in repetition 245
tcp_ping received 262144 bytes back
Round trip time was 45.1817 milliseconds in repetition 246
tcp_ping received 262144 bytes back
Round trip time was 46.8138 milliseconds in repetition 247
tcp_ping received 262144 bytes back
Round trip time was 45.7768 milliseconds in repetition 248
tcp_ping received 262144 bytes back
Round trip time was 45.9084 milliseconds in repetition 249
tcp_ping received 262144 bytes back
Round trip time was 45.9403 milliseconds in repetition 250
tcp_ping received 262144 bytes back
Round trip time was 47.5266 milliseconds in repetition 251
tcp_ping received 262144 bytes back
Round trip time was 45.7517 milliseconds in repetition 252
tcp_ping received 262144 bytes back
Round trip time was 47.2051 milliseconds in repetition 253
tcp_ping received 262144 bytes back
Round trip time was 46.0319 milliseconds in repetition 254
tcp_ping received 262144 bytes back
Round trip time was 46.8105 milliseconds in repetition 255
tcp_ping received 262144 bytes back
Round trip time was 46.7449 milliseconds in repetition 256
tcp_ping received 262144 bytes back
Round trip time was 46.8951 milliseconds in repetition 257
tcp_ping received 262144 bytes back
Round trip time was 47.0791 milliseconds in repetition 258
tcp_ping received 262144 bytes back
Round trip time was 45.914 milliseconds in repetition 259
tcp_ping received 262144 bytes back
Round trip time was 45.8748 milliseconds in repetition 260
tcp_ping received 262144 bytes back
Round trip time was 45.7338 milliseconds in repetition 261
tcp_ping received 262144 bytes back
Round trip time was 46.1927 milliseconds in repetition 262
tcp_ping received 262144 bytes back
Round trip time was 46.8322 milliseconds in repetition 263
tcp_ping received 262144 bytes back
Round trip time was 46.2029 milliseconds in repetition 264
tcp_ping received 262144 bytes back
Round trip time was 50.6983 milliseconds in repetition 265
tcp_ping received 262144 bytes back
Round trip time was 47.1116 milliseconds in repetition 266
tcp_ping received 262144 bytes back
Round trip time was 46.0367 milliseconds in repetition 267
tcp_ping received 262144 bytes back
Round trip time was 46.5057 milliseconds in repetition 268
tcp_ping received 262144 bytes back
Round trip time was 45.9224 milliseconds in repetition 269
tcp_ping received 262144 bytes back
Round trip time was 46.7718 milliseconds in repetition 270
tcp_ping received 262144 bytes back
Round trip time was 46.9116 milliseconds in repetition 271
tcp_ping received 262144 bytes back
Round trip time was 45.92 milliseconds in repetition 272
tcp_ping received 262144 bytes back
Round trip time was 46.5384 milliseconds in repetition 273
tcp_ping received 262144 bytes back
Round trip time was 45.7086 milliseconds in repetition 274
tcp_ping received 262144 bytes back
Round trip time was 45.517 milliseconds in repetition 275
tcp_ping received 262144 bytes back
Round trip time was 46.8014 milliseconds in repetition 276
tcp_ping received 262144 bytes back
Round trip time was 49.1568 milliseconds in repetition 277
tcp_ping received 262144 bytes back
Round trip time was 50.2349 milliseconds in repetition 278
tcp_ping received 262144 bytes back
Round trip time was 47.7626 milliseconds in repetition 279
tcp_ping received 262144 bytes back
Round trip time was 55.0748 milliseconds in repetition 280
tcp_ping received 262144 bytes back
Round trip time was 47.2553 milliseconds in repetition 281
tcp_ping received 262144 bytes back
Round trip time was 51.7196 milliseconds in repetition 282
tcp_ping received 262144 bytes back
Round trip time was 46.7222 milliseconds in repetition 283
tcp_ping received 262144 bytes back
Round trip time was 46.5028 milliseconds in repetition 284
tcp_ping received 262144 bytes back
Round trip time was 45.8414 milliseconds in repetition 285
tcp_ping received 262144 bytes back
Round trip time was 47.2618 milliseconds in repetition 286
tcp_ping received 262144 bytes back
Round trip time was 46.7664 milliseconds in repetition 287
tcp_ping received 262144 bytes back
Round trip time was 46.0841 milliseconds in repetition 288
tcp_ping received 262144 bytes back
Round trip time was 46.0033 milliseconds in repetition 289
tcp_ping received 262144 bytes back
Round trip time was 45.8199 milliseconds in repetition 290
tcp_ping received 262144 bytes back
Round trip time was 45.775 milliseconds in repetition 291
tcp_ping received 262144 bytes back
Round trip time was 46.9991 milliseconds in repetition 292
tcp_ping received 262144 bytes back
Round trip time was 46.2842 milliseconds in repetition 293
tcp_ping received 262144 bytes back
Round trip time was 46.7058 milliseconds in repetition 294
tcp_ping received 262144 bytes back
Round trip time was 46.2528 milliseconds in repetition 295
tcp_ping received 262144 bytes back
Round trip time was 46.0775 milliseconds in repetition 296
tcp_ping received 262144 bytes back
Round trip time was 46.5487 milliseconds in repetition 297
tcp_ping received 262144 bytes back
Round trip time was 45.9797 milliseconds in repetition 298
tcp_ping received 262144 bytes back
Round trip time was 46.267 milliseconds in repetition 299
tcp_ping received 262144 bytes back
Round trip time was 46.6563 milliseconds in repetition 300
tcp_ping received 262144 bytes back
Round trip time was 45.9775 milliseconds in repetition 301
tcp_ping received 262144 bytes back
Round trip time was 46.6783 milliseconds in repetition 302
tcp_ping received 262144 bytes back
Round trip time was 47.0607 milliseconds in repetition 303
tcp_ping received 262144 bytes back
Round trip time was 46.4381 milliseconds in repetition 304
tcp_ping received 262144 bytes back
Round trip time was 47.3276 milliseconds in repetition 305
tcp_ping received 262144 bytes back
Round trip time was 45.4779 milliseconds in repetition 306
tcp_ping received 262144 bytes back
Round trip time was 49.8839 milliseconds in repetition 307
tcp_ping received 262144 bytes back
Round trip time was 45.6131 milliseconds in repetition 308
tcp_ping received 262144 bytes back
Round trip time was 45.6129 milliseconds in repetition 309
tcp_ping received 262144 bytes back
Round trip time was 46.4187 milliseconds in repetition 310
tcp_ping received 262144 bytes back
Round trip time was 45.5845 milliseconds in repetition 311
tcp_ping received 262144 bytes back
Round trip time was 46.2419 milliseconds in repetition 312
tcp_ping received 262144 bytes back
Round trip time was 45.9215 milliseconds in repetition 313
tcp_ping received 262144 bytes back
Round trip time was 45.6952 milliseconds in repetition 314
tcp_ping received 262144 bytes back
Round trip time was 45.8143 milliseconds in repetition 315
tcp_ping received 262144 bytes back
Round trip time was 46.4312 milliseconds in repetition 316
tcp_ping received 262144 bytes back
Round trip time was 46.7205 milliseconds in repetition 317
tcp_ping received 262144 bytes back
Round trip time was 46.1369 milliseconds in repetition 318
tcp_ping received 262144 bytes back
Round trip time was 47.1312 milliseconds in repetition 319
tcp_ping received 262144 bytes back
Round trip time was 45.8377 milliseconds in repetition 320
tcp_ping received 262144 bytes back
Round trip time was 45.6366 milliseconds in repetition 321
tcp_ping received 262144 bytes back
Round trip time was 46.3475 milliseconds in repetition 322
tcp_ping received 262144 bytes back
Round trip time was 45.9773 milliseconds in repetition 323
tcp_ping received 262144 bytes back
Round trip time was 45.632 milliseconds in repetition 324
tcp_ping received 262144 bytes back
Round trip time was 48.6056 milliseconds in repetition 325
tcp_ping received 262144 bytes back
Round trip time was 43.7508 milliseconds in repetition 326
tcp_ping received 262144 bytes back
Round trip time was 45.9586 milliseconds in repetition 327
tcp_ping received 262144 bytes back
Round trip time was 46.6023 milliseconds in repetition 328
tcp_ping received 262144 bytes back
Round trip time was 47.0526 milliseconds in repetition 329
tcp_ping received 262144 bytes back
Round trip time was 46.0246 milliseconds in repetition 330
tcp_ping received 262144 bytes back
Round trip time was 47.1465 milliseconds in repetition 331
tcp_ping received 262144 bytes back
Round trip time was 47.5009 milliseconds in repetition 332
tcp_ping received 262144 bytes back
Round trip time was 46.6626 milliseconds in repetition 333
tcp_ping received 262144 bytes back
Round trip time was 46.7795 milliseconds in repetition 334
tcp_ping received 262144 bytes back
Round trip time was 45.8872 milliseconds in repetition 335
tcp_ping received 262144 bytes back
Round trip time was 46.1206 milliseconds in repetition 336
tcp_ping received 262144 bytes back
Round trip time was 45.6607 milliseconds in repetition 337
tcp_ping received 262144 bytes back
Round trip time was 47.5948 milliseconds in repetition 338
tcp_ping received 262144 bytes back
Round trip time was 45.8959 milliseconds in repetition 339
tcp_ping received 262144 bytes back
Round trip time was 45.9055 milliseconds in repetition 340
tcp_ping received 262144 bytes back
Round trip time was 46.8466 milliseconds in repetition 341
tcp_ping received 262144 bytes back
Round trip time was 45.9898 milliseconds in repetition 342
tcp_ping received 262144 bytes back
Round trip time was 49.6573 milliseconds in repetition 343
tcp_ping received 262144 bytes back
Round trip time was 46.5698 milliseconds in repetition 344
tcp_ping received 262144 bytes back
Round trip time was 45.7514 milliseconds in repetition 345
tcp_ping received 262144 bytes back
Round trip time was 45.3771 milliseconds in repetition 346
tcp_ping received 262144 bytes back
Round trip time was 46.2858 milliseconds in repetition 347
tcp_ping received 262144 bytes back
Round trip time was 46.3369 milliseconds in repetition 348
tcp_ping received 262144 bytes back
Round trip time was 46.1866 milliseconds in repetition 349
tcp_ping received 262144 bytes back
Round trip time was 46.5601 milliseconds in repetition 350
tcp_ping received 262144 bytes back
Round trip time was 45.6556 milliseconds in repetition 351
tcp_ping received 262144 bytes back
Round trip time was 45.5522 milliseconds in repetition 352
tcp_ping received 262144 bytes back
Round trip time was 46.2014 milliseconds in repetition 353
tcp_ping received 262144 bytes back
Round trip time was 45.5676 milliseconds in repetition 354
tcp_ping received 262144 bytes back
Round trip time was 49.0794 milliseconds in repetition 355
tcp_ping received 262144 bytes back
Round trip time was 46.4245 milliseconds in repetition 356
tcp_ping received 262144 bytes back
Round trip time was 46.9687 milliseconds in repetition 357
tcp_ping received 262144 bytes back
Round trip time was 46.9672 milliseconds in repetition 358
tcp_ping received 262144 bytes back
Round trip time was 46.5029 milliseconds in repetition 359
tcp_ping received 262144 bytes back
Round trip time was 46.0977 milliseconds in repetition 360
tcp_ping received 262144 bytes back
Round trip time was 46.5409 milliseconds in repetition 361
tcp_ping received 262144 bytes back
Round trip time was 46.4493 milliseconds in repetition 362
tcp_ping received 262144 bytes back
Round trip time was 45.7857 milliseconds in repetition 363
tcp_ping received 262144 bytes back
Round trip time was 46.4676 milliseconds in repetition 364
tcp_ping received 262144 bytes back
Round trip time was 45.6592 milliseconds in repetition 365
tcp_ping received 262144 bytes back
Round trip time was 46.0717 milliseconds in repetition 366
tcp_ping received 262144 bytes back
Round trip time was 53.6062 milliseconds in repetition 367
tcp_ping received 262144 bytes back
Round trip time was 45.915 milliseconds in repetition 368
tcp_ping received 262144 bytes back
Round trip time was 47.0764 milliseconds in repetition 369
tcp_ping received 262144 bytes back
Round trip time was 45.9425 milliseconds in repetition 370
tcp_ping received 262144 bytes back
Round trip time was 46.3399 milliseconds in repetition 371
tcp_ping received 262144 bytes back
Round trip time was 46.5718 milliseconds in repetition 372
tcp_ping received 262144 bytes back
Round trip time was 46.7606 milliseconds in repetition 373
tcp_ping received 262144 bytes back
Round trip time was 46.7989 milliseconds in repetition 374
tcp_ping received 262144 bytes back
Round trip time was 47.9629 milliseconds in repetition 375
tcp_ping received 262144 bytes back
Round trip time was 46.5518 milliseconds in repetition 376
tcp_ping received 262144 bytes back
Round trip time was 45.927 milliseconds in repetition 377
tcp_ping received 262144 bytes back
Round trip time was 46.5629 milliseconds in repetition 378
tcp_ping received 262144 bytes back
Round trip time was 47.4472 milliseconds in repetition 379
tcp_ping received 262144 bytes back
Round trip time was 47.0217 milliseconds in repetition 380
tcp_ping received 262144 bytes back
Round trip time was 47.0814 milliseconds in repetition 381
tcp_ping received 262144 bytes back
Round trip time was 45.931 milliseconds in repetition 382
tcp_ping received 262144 bytes back
Round trip time was 45.8315 milliseconds in repetition 383
tcp_ping received 262144 bytes back
Round trip time was 46.6612 milliseconds in repetition 384
tcp_ping received 262144 bytes back
Round trip time was 45.8277 milliseconds in repetition 385
tcp_ping received 262144 bytes back
Round trip time was 47.9741 milliseconds in repetition 386
tcp_ping received 262144 bytes back
Round trip time was 45.2646 milliseconds in repetition 387
tcp_ping received 262144 bytes back
Round trip time was 49.0698 milliseconds in repetition 388
tcp_ping received 262144 bytes back
Round trip time was 45.8605 milliseconds in repetition 389
tcp_ping received 262144 bytes back
Round trip time was 45.7318 milliseconds in repetition 390
tcp_ping received 262144 bytes back
Round trip time was 45.9233 milliseconds in repetition 391
tcp_ping received 262144 bytes back
Round trip time was 46.9031 milliseconds in repetition 392
tcp_ping received 262144 bytes back
Round trip time was 51.6168 milliseconds in repetition 393
tcp_ping received 262144 bytes back
Round trip time was 46.2779 milliseconds in repetition 394
tcp_ping received 262144 bytes back
Round trip time was 46.1383 milliseconds in repetition 395
tcp_ping received 262144 bytes back
Round trip time was 46.9624 milliseconds in repetition 396
tcp_ping received 262144 bytes back
Round trip time was 47.493 milliseconds in repetition 397
tcp_ping received 262144 bytes back
Round trip time was 46.7108 milliseconds in repetition 398
tcp_ping received 262144 bytes back
Round trip time was 47.2752 milliseconds in repetition 399
tcp_ping received 262144 bytes back
Round trip time was 45.7264 milliseconds in repetition 400
tcp_ping received 262144 bytes back
Round trip time was 46.8896 milliseconds in repetition 401
tcp_ping received 262144 bytes back
Round trip time was 47.0867 milliseconds in repetition 402
tcp_ping received 262144 bytes back
Round trip time was 46.0899 milliseconds in repetition 403
tcp_ping received 262144 bytes back
Round trip time was 48.1109 milliseconds in repetition 404
tcp_ping received 262144 bytes back
Round trip time was 43.8528 milliseconds in repetition 405
tcp_ping received 262144 bytes back
Round trip time was 47.3482 milliseconds in repetition 406
tcp_ping received 262144 bytes back
Round trip time was 45.6592 milliseconds in repetition 407
tcp_ping received 262144 bytes back
Round trip time was 46.8696 milliseconds in repetition 408
tcp_ping received 262144 bytes back
Round trip time was 45.726 milliseconds in repetition 409
tcp_ping received 262144 bytes back
Round trip time was 46.5357 milliseconds in repetition 410
tcp_ping received 262144 bytes back
Round trip time was 46.905 milliseconds in repetition 411
tcp_ping received 262144 bytes back
Round trip time was 46.9281 milliseconds in repetition 412
tcp_ping received 262144 bytes back
Round trip time was 46.9481 milliseconds in repetition 413
tcp_ping received 262144 bytes back
Round trip time was 45.8518 milliseconds in repetition 414
tcp_ping received 262144 bytes back
Round trip time was 47.3274 milliseconds in repetition 415
tcp_ping received 262144 bytes back
Round trip time was 46.9442 milliseconds in repetition 416
tcp_ping received 262144 bytes back
Round trip time was 47.1032 milliseconds in repetition 417
tcp_ping received 262144 bytes back
Round trip time was 46.5359 milliseconds in repetition 418
tcp_ping received 262144 bytes back
Round trip time was 46.8813 milliseconds in repetition 419
tcp_ping received 262144 bytes back
Round trip time was 46.1225 milliseconds in repetition 420
tcp_ping received 262144 bytes back
Round trip time was 46.1808 milliseconds in repetition 421
tcp_ping received 262144 bytes back
Round trip time was 45.6896 milliseconds in repetition 422
tcp_ping received 262144 bytes back
Round trip time was 47.3001 milliseconds in repetition 423
tcp_ping received 262144 bytes back
Round trip time was 45.6328 milliseconds in repetition 424
tcp_ping received 262144 bytes back
Round trip time was 45.9484 milliseconds in repetition 425
tcp_ping received 262144 bytes back
Round trip time was 46.6058 milliseconds in repetition 426
tcp_ping received 262144 bytes back
Round trip time was 46.9076 milliseconds in repetition 427
tcp_ping received 262144 bytes back
Round trip time was 47.053 milliseconds in repetition 428
tcp_ping received 262144 bytes back
Round trip time was 46.8565 milliseconds in repetition 429
tcp_ping received 262144 bytes back
Round trip time was 46.5214 milliseconds in repetition 430
tcp_ping received 262144 bytes back
Round trip time was 47.3246 milliseconds in repetition 431
tcp_ping received 262144 bytes back
Round trip time was 46.4993 milliseconds in repetition 432
tcp_ping received 262144 bytes back
Round trip time was 50.8359 milliseconds in repetition 433
tcp_ping received 262144 bytes back
Round trip time was 46.7827 milliseconds in repetition 434
tcp_ping received 262144 bytes back
Round trip time was 45.7638 milliseconds in repetition 435
tcp_ping received 262144 bytes back
Round trip time was 46.9094 milliseconds in repetition 436
tcp_ping received 262144 bytes back
Round trip time was 46.7868 milliseconds in repetition 437
tcp_ping received 262144 bytes back
Round trip time was 46.7078 milliseconds in repetition 438
tcp_ping received 262144 bytes back
Round trip time was 46.9504 milliseconds in repetition 439
tcp_ping received 262144 bytes back
Round trip time was 46.0258 milliseconds in repetition 440
tcp_ping received 262144 bytes back
Round trip time was 46.9193 milliseconds in repetition 441
tcp_ping received 262144 bytes back
Round trip time was 45.8966 milliseconds in repetition 442
tcp_ping received 262144 bytes back
Round trip time was 45.8083 milliseconds in repetition 443
tcp_ping received 262144 bytes back
Round trip time was 46.7852 milliseconds in repetition 444
tcp_ping received 262144 bytes back
Round trip time was 46.7825 milliseconds in repetition 445
tcp_ping received 262144 bytes back
Round trip time was 45.6513 milliseconds in repetition 446
tcp_ping received 262144 bytes back
Round trip time was 45.6783 milliseconds in repetition 447
tcp_ping received 262144 bytes back
Round trip time was 46.6827 milliseconds in repetition 448
tcp_ping received 262144 bytes back
Round trip time was 46.6956 milliseconds in repetition 449
tcp_ping received 262144 bytes back
Round trip time was 48.4968 milliseconds in repetition 450
tcp_ping received 262144 bytes back
Round trip time was 44.5971 milliseconds in repetition 451
tcp_ping received 262144 bytes back
Round trip time was 46.0697 milliseconds in repetition 452
tcp_ping received 262144 bytes back
Round trip time was 45.9013 milliseconds in repetition 453
tcp_ping received 262144 bytes back
Round trip time was 51.1826 milliseconds in repetition 454
tcp_ping received 262144 bytes back
Round trip time was 57.2316 milliseconds in repetition 455
tcp_ping received 262144 bytes back
Round trip time was 57.8539 milliseconds in repetition 456
tcp_ping received 262144 bytes back
Round trip time was 58.3495 milliseconds in repetition 457
tcp_ping received 262144 bytes back
Round trip time was 53.2213 milliseconds in repetition 458
tcp_ping received 262144 bytes back
Round trip time was 52.5415 milliseconds in repetition 459
tcp_ping received 262144 bytes back
Round trip time was 54.8915 milliseconds in repetition 460
tcp_ping received 262144 bytes back
Round trip time was 50.5362 milliseconds in repetition 461
tcp_ping received 262144 bytes back
Round trip time was 49.9051 milliseconds in repetition 462
tcp_ping received 262144 bytes back
Round trip time was 50.5745 milliseconds in repetition 463
tcp_ping received 262144 bytes back
Round trip time was 50.122 milliseconds in repetition 464
tcp_ping received 262144 bytes back
Round trip time was 51.1037 milliseconds in repetition 465
tcp_ping received 262144 bytes back
Round trip time was 48.4915 milliseconds in repetition 466
tcp_ping received 262144 bytes back
Round trip time was 46.698 milliseconds in repetition 467
tcp_ping received 262144 bytes back
Round trip time was 45.4659 milliseconds in repetition 468
tcp_ping received 262144 bytes back
Round trip time was 46.4515 milliseconds in repetition 469
tcp_ping received 262144 bytes back
Round trip time was 46.1149 milliseconds in repetition 470
tcp_ping received 262144 bytes back
Round trip time was 45.9975 milliseconds in repetition 471
tcp_ping received 262144 bytes back
Round trip time was 46.0836 milliseconds in repetition 472
tcp_ping received 262144 bytes back
Round trip time was 45.9359 milliseconds in repetition 473
tcp_ping received 262144 bytes back
Round trip time was 46.8496 milliseconds in repetition 474
tcp_ping received 262144 bytes back
Round trip time was 46.1525 milliseconds in repetition 475
tcp_ping received 262144 bytes back
Round trip time was 47.8108 milliseconds in repetition 476
tcp_ping received 262144 bytes back
Round trip time was 48.7884 milliseconds in repetition 477
tcp_ping received 262144 bytes back
Round trip time was 45.7075 milliseconds in repetition 478
tcp_ping received 262144 bytes back
Round trip time was 46.1613 milliseconds in repetition 479
tcp_ping received 262144 bytes back
Round trip time was 46.4902 milliseconds in repetition 480
tcp_ping received 262144 bytes back
Round trip time was 50.0436 milliseconds in repetition 481
tcp_ping received 262144 bytes back
Round trip time was 46.4154 milliseconds in repetition 482
tcp_ping received 262144 bytes back
Round trip time was 46.3873 milliseconds in repetition 483
tcp_ping received 262144 bytes back
Round trip time was 46.8276 milliseconds in repetition 484
tcp_ping received 262144 bytes back
Round trip time was 46.8901 milliseconds in repetition 485
tcp_ping received 262144 bytes back
Round trip time was 46.6332 milliseconds in repetition 486
tcp_ping received 262144 bytes back
Round trip time was 48.0456 milliseconds in repetition 487
tcp_ping received 262144 bytes back
Round trip time was 46.1351 milliseconds in repetition 488
tcp_ping received 262144 bytes back
Round trip time was 45.826 milliseconds in repetition 489
tcp_ping received 262144 bytes back
Round trip time was 46.7109 milliseconds in repetition 490
tcp_ping received 262144 bytes back
Round trip time was 47.0099 milliseconds in repetition 491
tcp_ping received 262144 bytes back
Round trip time was 47.36 milliseconds in repetition 492
tcp_ping received 262144 bytes back
Round trip time was 46.6458 milliseconds in repetition 493
tcp_ping received 262144 bytes back
Round trip time was 48.5281 milliseconds in repetition 494
tcp_ping received 262144 bytes back
Round trip time was 47.2582 milliseconds in repetition 495
tcp_ping received 262144 bytes back
Round trip time was 46.5692 milliseconds in repetition 496
tcp_ping received 262144 bytes back
Round trip time was 58.7582 milliseconds in repetition 497
tcp_ping received 262144 bytes back
Round trip time was 72.9419 milliseconds in repetition 498
tcp_ping received 262144 bytes back
Round trip time was 67.0276 milliseconds in repetition 499
tcp_ping received 262144 bytes back
Round trip time was 55.7898 milliseconds in repetition 500
tcp_ping received 262144 bytes back
Round trip time was 57.937 milliseconds in repetition 501

 ... clock resolution was 1e-06
TCP Ping:  Statistics over 501 repetitions of 262144 byte messages

RTT : percentile 10: 45.7422, median: 46.5601, percentile 90: 48.6766, average: 53.9235, variance: 23569.4

RTT histogram:
42.6161 500
43.7508 0
43.8528 0
44.5971 0
45.1817 0
45.2646 0
45.2959 0
45.3771 0
45.3903 0
45.4659 0
45.4744 0
45.4779 0
45.517 0
45.5522 0
45.5633 0
45.5672 0
45.5676 0
45.5762 0
45.5845 0
45.5893 0
45.5939 0

   median Throughput : 11260.4 KB/s   overall Throughput : 9722.8 KB/s

