TCP Ping trying to connect to server webdev.disi.unige.it (130.251.61.30) on port 1491
 ... connected to Pong server: asking for 501 repetitions of 96 bytes TCP messages
 ... Pong server agreed :-)
tcp_ping received 96 bytes back
Round trip time was 3.74248 milliseconds in repetition 1
tcp_ping received 96 bytes back
Round trip time was 1.50062 milliseconds in repetition 2
tcp_ping received 96 bytes back
Round trip time was 1.44285 milliseconds in repetition 3
tcp_ping received 96 bytes back
Round trip time was 1.63948 milliseconds in repetition 4
tcp_ping received 96 bytes back
Round trip time was 1.49512 milliseconds in repetition 5
tcp_ping received 96 bytes back
Round trip time was 1.44592 milliseconds in repetition 6
tcp_ping received 96 bytes back
Round trip time was 1.37847 milliseconds in repetition 7
tcp_ping received 96 bytes back
Round trip time was 1.61614 milliseconds in repetition 8
tcp_ping received 96 bytes back
Round trip time was 1.45207 milliseconds in repetition 9
tcp_ping received 96 bytes back
Round trip time was 1.57474 milliseconds in repetition 10
tcp_ping received 96 bytes back
Round trip time was 2.40994 milliseconds in repetition 11
tcp_ping received 96 bytes back
Round trip time was 1.52343 milliseconds in repetition 12
tcp_ping received 96 bytes back
Round trip time was 1.75396 milliseconds in repetition 13
tcp_ping received 96 bytes back
Round trip time was 1.4943 milliseconds in repetition 14
tcp_ping received 96 bytes back
Round trip time was 1.53592 milliseconds in repetition 15
tcp_ping received 96 bytes back
Round trip time was 1.48252 milliseconds in repetition 16
tcp_ping received 96 bytes back
Round trip time was 1.46317 milliseconds in repetition 17
tcp_ping received 96 bytes back
Round trip time was 1.44261 milliseconds in repetition 18
tcp_ping received 96 bytes back
Round trip time was 1.43914 milliseconds in repetition 19
tcp_ping received 96 bytes back
Round trip time was 1.41199 milliseconds in repetition 20
tcp_ping received 96 bytes back
Round trip time was 1.42071 milliseconds in repetition 21
tcp_ping received 96 bytes back
Round trip time was 1.73875 milliseconds in repetition 22
tcp_ping received 96 bytes back
Round trip time was 1.45323 milliseconds in repetition 23
tcp_ping received 96 bytes back
Round trip time was 1.53329 milliseconds in repetition 24
tcp_ping received 96 bytes back
Round trip time was 1.42575 milliseconds in repetition 25
tcp_ping received 96 bytes back
Round trip time was 1.50489 milliseconds in repetition 26
tcp_ping received 96 bytes back
Round trip time was 1.4881 milliseconds in repetition 27
tcp_ping received 96 bytes back
Round trip time was 1.62958 milliseconds in repetition 28
tcp_ping received 96 bytes back
Round trip time was 1.54905 milliseconds in repetition 29
tcp_ping received 96 bytes back
Round trip time was 1.63607 milliseconds in repetition 30
tcp_ping received 96 bytes back
Round trip time was 1.41156 milliseconds in repetition 31
tcp_ping received 96 bytes back
Round trip time was 1.45739 milliseconds in repetition 32
tcp_ping received 96 bytes back
Round trip time was 1.73767 milliseconds in repetition 33
tcp_ping received 96 bytes back
Round trip time was 1.28244 milliseconds in repetition 34
tcp_ping received 96 bytes back
Round trip time was 1.06013 milliseconds in repetition 35
tcp_ping received 96 bytes back
Round trip time was 1.16128 milliseconds in repetition 36
tcp_ping received 96 bytes back
Round trip time was 1.02301 milliseconds in repetition 37
tcp_ping received 96 bytes back
Round trip time was 1.19203 milliseconds in repetition 38
tcp_ping received 96 bytes back
Round trip time was 0.972 milliseconds in repetition 39
tcp_ping received 96 bytes back
Round trip time was 1.83797 milliseconds in repetition 40
tcp_ping received 96 bytes back
Round trip time was 0.989074 milliseconds in repetition 41
tcp_ping received 96 bytes back
Round trip time was 0.947659 milliseconds in repetition 42
tcp_ping received 96 bytes back
Round trip time was 0.906442 milliseconds in repetition 43
tcp_ping received 96 bytes back
Round trip time was 0.93605 milliseconds in repetition 44
tcp_ping received 96 bytes back
Round trip time was 0.954036 milliseconds in repetition 45
tcp_ping received 96 bytes back
Round trip time was 1.05659 milliseconds in repetition 46
tcp_ping received 96 bytes back
Round trip time was 0.891954 milliseconds in repetition 47
tcp_ping received 96 bytes back
Round trip time was 0.884794 milliseconds in repetition 48
tcp_ping received 96 bytes back
Round trip time was 0.956001 milliseconds in repetition 49
tcp_ping received 96 bytes back
Round trip time was 1.10183 milliseconds in repetition 50
tcp_ping received 96 bytes back
Round trip time was 0.913617 milliseconds in repetition 51
tcp_ping received 96 bytes back
Round trip time was 0.933087 milliseconds in repetition 52
tcp_ping received 96 bytes back
Round trip time was 1.02513 milliseconds in repetition 53
tcp_ping received 96 bytes back
Round trip time was 0.952277 milliseconds in repetition 54
tcp_ping received 96 bytes back
Round trip time was 0.932223 milliseconds in repetition 55
tcp_ping received 96 bytes back
Round trip time was 0.922654 milliseconds in repetition 56
tcp_ping received 96 bytes back
Round trip time was 0.919997 milliseconds in repetition 57
tcp_ping received 96 bytes back
Round trip time was 0.959444 milliseconds in repetition 58
tcp_ping received 96 bytes back
Round trip time was 1.04047 milliseconds in repetition 59
tcp_ping received 96 bytes back
Round trip time was 1.02783 milliseconds in repetition 60
tcp_ping received 96 bytes back
Round trip time was 1.12213 milliseconds in repetition 61
tcp_ping received 96 bytes back
Round trip time was 0.942321 milliseconds in repetition 62
tcp_ping received 96 bytes back
Round trip time was 1.00116 milliseconds in repetition 63
tcp_ping received 96 bytes back
Round trip time was 0.932245 milliseconds in repetition 64
tcp_ping received 96 bytes back
Round trip time was 0.913344 milliseconds in repetition 65
tcp_ping received 96 bytes back
Round trip time was 0.952009 milliseconds in repetition 66
tcp_ping received 96 bytes back
Round trip time was 0.988802 milliseconds in repetition 67
tcp_ping received 96 bytes back
Round trip time was 1.00448 milliseconds in repetition 68
tcp_ping received 96 bytes back
Round trip time was 1.01993 milliseconds in repetition 69
tcp_ping received 96 bytes back
Round trip time was 1.00679 milliseconds in repetition 70
tcp_ping received 96 bytes back
Round trip time was 0.980113 milliseconds in repetition 71
tcp_ping received 96 bytes back
Round trip time was 1.0443 milliseconds in repetition 72
tcp_ping received 96 bytes back
Round trip time was 1.10718 milliseconds in repetition 73
tcp_ping received 96 bytes back
Round trip time was 0.938478 milliseconds in repetition 74
tcp_ping received 96 bytes back
Round trip time was 0.931545 milliseconds in repetition 75
tcp_ping received 96 bytes back
Round trip time was 0.922731 milliseconds in repetition 76
tcp_ping received 96 bytes back
Round trip time was 0.957033 milliseconds in repetition 77
tcp_ping received 96 bytes back
Round trip time was 1.17456 milliseconds in repetition 78
tcp_ping received 96 bytes back
Round trip time was 0.887674 milliseconds in repetition 79
tcp_ping received 96 bytes back
Round trip time was 0.949713 milliseconds in repetition 80
tcp_ping received 96 bytes back
Round trip time was 0.976375 milliseconds in repetition 81
tcp_ping received 96 bytes back
Round trip time was 1.17236 milliseconds in repetition 82
tcp_ping received 96 bytes back
Round trip time was 1.09078 milliseconds in repetition 83
tcp_ping received 96 bytes back
Round trip time was 1.16633 milliseconds in repetition 84
tcp_ping received 96 bytes back
Round trip time was 1.00641 milliseconds in repetition 85
tcp_ping received 96 bytes back
Round trip time was 0.921459 milliseconds in repetition 86
tcp_ping received 96 bytes back
Round trip time was 1.64062 milliseconds in repetition 87
tcp_ping received 96 bytes back
Round trip time was 0.909691 milliseconds in repetition 88
tcp_ping received 96 bytes back
Round trip time was 1.15468 milliseconds in repetition 89
tcp_ping received 96 bytes back
Round trip time was 0.883772 milliseconds in repetition 90
tcp_ping received 96 bytes back
Round trip time was 0.953689 milliseconds in repetition 91
tcp_ping received 96 bytes back
Round trip time was 0.913581 milliseconds in repetition 92
tcp_ping received 96 bytes back
Round trip time was 1.05253 milliseconds in repetition 93
tcp_ping received 96 bytes back
Round trip time was 0.933091 milliseconds in repetition 94
tcp_ping received 96 bytes back
Round trip time was 0.918729 milliseconds in repetition 95
tcp_ping received 96 bytes back
Round trip time was 1.10263 milliseconds in repetition 96
tcp_ping received 96 bytes back
Round trip time was 1.70742 milliseconds in repetition 97
tcp_ping received 96 bytes back
Round trip time was 0.981537 milliseconds in repetition 98
tcp_ping received 96 bytes back
Round trip time was 0.934816 milliseconds in repetition 99
tcp_ping received 96 bytes back
Round trip time was 1.15877 milliseconds in repetition 100
tcp_ping received 96 bytes back
Round trip time was 0.998161 milliseconds in repetition 101
tcp_ping received 96 bytes back
Round trip time was 1.00172 milliseconds in repetition 102
tcp_ping received 96 bytes back
Round trip time was 0.961469 milliseconds in repetition 103
tcp_ping received 96 bytes back
Round trip time was 0.991569 milliseconds in repetition 104
tcp_ping received 96 bytes back
Round trip time was 0.935374 milliseconds in repetition 105
tcp_ping received 96 bytes back
Round trip time was 1.21744 milliseconds in repetition 106
tcp_ping received 96 bytes back
Round trip time was 0.944451 milliseconds in repetition 107
tcp_ping received 96 bytes back
Round trip time was 0.995831 milliseconds in repetition 108
tcp_ping received 96 bytes back
Round trip time was 1.03131 milliseconds in repetition 109
tcp_ping received 96 bytes back
Round trip time was 1.05393 milliseconds in repetition 110
tcp_ping received 96 bytes back
Round trip time was 0.964293 milliseconds in repetition 111
tcp_ping received 96 bytes back
Round trip time was 0.989636 milliseconds in repetition 112
tcp_ping received 96 bytes back
Round trip time was 0.963557 milliseconds in repetition 113
tcp_ping received 96 bytes back
Round trip time was 0.958549 milliseconds in repetition 114
tcp_ping received 96 bytes back
Round trip time was 1.21776 milliseconds in repetition 115
tcp_ping received 96 bytes back
Round trip time was 1.35287 milliseconds in repetition 116
tcp_ping received 96 bytes back
Round trip time was 1.24258 milliseconds in repetition 117
tcp_ping received 96 bytes back
Round trip time was 1.52677 milliseconds in repetition 118
tcp_ping received 96 bytes back
Round trip time was 1.09012 milliseconds in repetition 119
tcp_ping received 96 bytes back
Round trip time was 1.13306 milliseconds in repetition 120
tcp_ping received 96 bytes back
Round trip time was 0.983188 milliseconds in repetition 121
tcp_ping received 96 bytes back
Round trip time was 0.962698 milliseconds in repetition 122
tcp_ping received 96 bytes back
Round trip time was 1.0426 milliseconds in repetition 123
tcp_ping received 96 bytes back
Round trip time was 0.934159 milliseconds in repetition 124
tcp_ping received 96 bytes back
Round trip time was 1.09897 milliseconds in repetition 125
tcp_ping received 96 bytes back
Round trip time was 1.00734 milliseconds in repetition 126
tcp_ping received 96 bytes back
Round trip time was 1.22335 milliseconds in repetition 127
tcp_ping received 96 bytes back
Round trip time was 0.934084 milliseconds in repetition 128
tcp_ping received 96 bytes back
Round trip time was 1.10324 milliseconds in repetition 129
tcp_ping received 96 bytes back
Round trip time was 0.997755 milliseconds in repetition 130
tcp_ping received 96 bytes back
Round trip time was 0.997367 milliseconds in repetition 131
tcp_ping received 96 bytes back
Round trip time was 0.956755 milliseconds in repetition 132
tcp_ping received 96 bytes back
Round trip time was 0.806929 milliseconds in repetition 133
tcp_ping received 96 bytes back
Round trip time was 0.939236 milliseconds in repetition 134
tcp_ping received 96 bytes back
Round trip time was 0.895984 milliseconds in repetition 135
tcp_ping received 96 bytes back
Round trip time was 0.944341 milliseconds in repetition 136
tcp_ping received 96 bytes back
Round trip time was 1.07941 milliseconds in repetition 137
tcp_ping received 96 bytes back
Round trip time was 1.01083 milliseconds in repetition 138
tcp_ping received 96 bytes back
Round trip time was 1.27028 milliseconds in repetition 139
tcp_ping received 96 bytes back
Round trip time was 1.14709 milliseconds in repetition 140
tcp_ping received 96 bytes back
Round trip time was 0.979008 milliseconds in repetition 141
tcp_ping received 96 bytes back
Round trip time was 0.964188 milliseconds in repetition 142
tcp_ping received 96 bytes back
Round trip time was 0.965118 milliseconds in repetition 143
tcp_ping received 96 bytes back
Round trip time was 1.06837 milliseconds in repetition 144
tcp_ping received 96 bytes back
Round trip time was 1.05101 milliseconds in repetition 145
tcp_ping received 96 bytes back
Round trip time was 0.958656 milliseconds in repetition 146
tcp_ping received 96 bytes back
Round trip time was 1.00184 milliseconds in repetition 147
tcp_ping received 96 bytes back
Round trip time was 1.01944 milliseconds in repetition 148
tcp_ping received 96 bytes back
Round trip time was 1.03693 milliseconds in repetition 149
tcp_ping received 96 bytes back
Round trip time was 1.16883 milliseconds in repetition 150
tcp_ping received 96 bytes back
Round trip time was 0.946952 milliseconds in repetition 151
tcp_ping received 96 bytes back
Round trip time was 0.982669 milliseconds in repetition 152
tcp_ping received 96 bytes back
Round trip time was 1.02833 milliseconds in repetition 153
tcp_ping received 96 bytes back
Round trip time was 0.984276 milliseconds in repetition 154
tcp_ping received 96 bytes back
Round trip time was 0.948463 milliseconds in repetition 155
tcp_ping received 96 bytes back
Round trip time was 0.832049 milliseconds in repetition 156
tcp_ping received 96 bytes back
Round trip time was 0.945694 milliseconds in repetition 157
tcp_ping received 96 bytes back
Round trip time was 0.925032 milliseconds in repetition 158
tcp_ping received 96 bytes back
Round trip time was 0.944294 milliseconds in repetition 159
tcp_ping received 96 bytes back
Round trip time was 0.962368 milliseconds in repetition 160
tcp_ping received 96 bytes back
Round trip time was 0.940653 milliseconds in repetition 161
tcp_ping received 96 bytes back
Round trip time was 1.10473 milliseconds in repetition 162
tcp_ping received 96 bytes back
Round trip time was 0.947634 milliseconds in repetition 163
tcp_ping received 96 bytes back
Round trip time was 1.05328 milliseconds in repetition 164
tcp_ping received 96 bytes back
Round trip time was 0.962363 milliseconds in repetition 165
tcp_ping received 96 bytes back
Round trip time was 1.07331 milliseconds in repetition 166
tcp_ping received 96 bytes back
Round trip time was 0.978581 milliseconds in repetition 167
tcp_ping received 96 bytes back
Round trip time was 0.74447 milliseconds in repetition 168
tcp_ping received 96 bytes back
Round trip time was 0.979744 milliseconds in repetition 169
tcp_ping received 96 bytes back
Round trip time was 3.68802 milliseconds in repetition 170
tcp_ping received 96 bytes back
Round trip time was 1.16245 milliseconds in repetition 171
tcp_ping received 96 bytes back
Round trip time was 1.02186 milliseconds in repetition 172
tcp_ping received 96 bytes back
Round trip time was 1.12069 milliseconds in repetition 173
tcp_ping received 96 bytes back
Round trip time was 1.61702 milliseconds in repetition 174
tcp_ping received 96 bytes back
Round trip time was 1.20446 milliseconds in repetition 175
tcp_ping received 96 bytes back
Round trip time was 1.07593 milliseconds in repetition 176
tcp_ping received 96 bytes back
Round trip time was 1.73858 milliseconds in repetition 177
tcp_ping received 96 bytes back
Round trip time was 0.989662 milliseconds in repetition 178
tcp_ping received 96 bytes back
Round trip time was 1.02923 milliseconds in repetition 179
tcp_ping received 96 bytes back
Round trip time was 1.12986 milliseconds in repetition 180
tcp_ping received 96 bytes back
Round trip time was 1.14242 milliseconds in repetition 181
tcp_ping received 96 bytes back
Round trip time was 2.41941 milliseconds in repetition 182
tcp_ping received 96 bytes back
Round trip time was 1.1783 milliseconds in repetition 183
tcp_ping received 96 bytes back
Round trip time was 1.15527 milliseconds in repetition 184
tcp_ping received 96 bytes back
Round trip time was 0.763193 milliseconds in repetition 185
tcp_ping received 96 bytes back
Round trip time was 1.58395 milliseconds in repetition 186
tcp_ping received 96 bytes back
Round trip time was 1.26111 milliseconds in repetition 187
tcp_ping received 96 bytes back
Round trip time was 0.97011 milliseconds in repetition 188
tcp_ping received 96 bytes back
Round trip time was 2.39072 milliseconds in repetition 189
tcp_ping received 96 bytes back
Round trip time was 5.31669 milliseconds in repetition 190
tcp_ping received 96 bytes back
Round trip time was 1.55023 milliseconds in repetition 191
tcp_ping received 96 bytes back
Round trip time was 0.979847 milliseconds in repetition 192
tcp_ping received 96 bytes back
Round trip time was 1.62833 milliseconds in repetition 193
tcp_ping received 96 bytes back
Round trip time was 1.05667 milliseconds in repetition 194
tcp_ping received 96 bytes back
Round trip time was 1.24972 milliseconds in repetition 195
tcp_ping received 96 bytes back
Round trip time was 1.64635 milliseconds in repetition 196
tcp_ping received 96 bytes back
Round trip time was 1.06262 milliseconds in repetition 197
tcp_ping received 96 bytes back
Round trip time was 0.928851 milliseconds in repetition 198
tcp_ping received 96 bytes back
Round trip time was 1.02497 milliseconds in repetition 199
tcp_ping received 96 bytes back
Round trip time was 4.58945 milliseconds in repetition 200
tcp_ping received 96 bytes back
Round trip time was 1.46822 milliseconds in repetition 201
tcp_ping received 96 bytes back
Round trip time was 1.17045 milliseconds in repetition 202
tcp_ping received 96 bytes back
Round trip time was 1.31058 milliseconds in repetition 203
tcp_ping received 96 bytes back
Round trip time was 0.970402 milliseconds in repetition 204
tcp_ping received 96 bytes back
Round trip time was 0.90575 milliseconds in repetition 205
tcp_ping received 96 bytes back
Round trip time was 1.30402 milliseconds in repetition 206
tcp_ping received 96 bytes back
Round trip time was 1.12241 milliseconds in repetition 207
tcp_ping received 96 bytes back
Round trip time was 1.05715 milliseconds in repetition 208
tcp_ping received 96 bytes back
Round trip time was 1.11683 milliseconds in repetition 209
tcp_ping received 96 bytes back
Round trip time was 1.24277 milliseconds in repetition 210
tcp_ping received 96 bytes back
Round trip time was 1.4558 milliseconds in repetition 211
tcp_ping received 96 bytes back
Round trip time was 2.48998 milliseconds in repetition 212
tcp_ping received 96 bytes back
Round trip time was 1.07691 milliseconds in repetition 213
tcp_ping received 96 bytes back
Round trip time was 3.85336 milliseconds in repetition 214
tcp_ping received 96 bytes back
Round trip time was 2.50294 milliseconds in repetition 215
tcp_ping received 96 bytes back
Round trip time was 1.78507 milliseconds in repetition 216
tcp_ping received 96 bytes back
Round trip time was 1.15138 milliseconds in repetition 217
tcp_ping received 96 bytes back
Round trip time was 1.29385 milliseconds in repetition 218
tcp_ping received 96 bytes back
Round trip time was 1.86391 milliseconds in repetition 219
tcp_ping received 96 bytes back
Round trip time was 0.959299 milliseconds in repetition 220
tcp_ping received 96 bytes back
Round trip time was 1.0324 milliseconds in repetition 221
tcp_ping received 96 bytes back
Round trip time was 1.06978 milliseconds in repetition 222
tcp_ping received 96 bytes back
Round trip time was 1.37651 milliseconds in repetition 223
tcp_ping received 96 bytes back
Round trip time was 1.26877 milliseconds in repetition 224
tcp_ping received 96 bytes back
Round trip time was 1.01797 milliseconds in repetition 225
tcp_ping received 96 bytes back
Round trip time was 2.875 milliseconds in repetition 226
tcp_ping received 96 bytes back
Round trip time was 1.26192 milliseconds in repetition 227
tcp_ping received 96 bytes back
Round trip time was 1.02217 milliseconds in repetition 228
tcp_ping received 96 bytes back
Round trip time was 1.61685 milliseconds in repetition 229
tcp_ping received 96 bytes back
Round trip time was 0.92688 milliseconds in repetition 230
tcp_ping received 96 bytes back
Round trip time was 1.00921 milliseconds in repetition 231
tcp_ping received 96 bytes back
Round trip time was 0.954931 milliseconds in repetition 232
tcp_ping received 96 bytes back
Round trip time was 1.14341 milliseconds in repetition 233
tcp_ping received 96 bytes back
Round trip time was 3.55261 milliseconds in repetition 234
tcp_ping received 96 bytes back
Round trip time was 3.98286 milliseconds in repetition 235
tcp_ping received 96 bytes back
Round trip time was 0.885413 milliseconds in repetition 236
tcp_ping received 96 bytes back
Round trip time was 0.83845 milliseconds in repetition 237
tcp_ping received 96 bytes back
Round trip time was 0.952155 milliseconds in repetition 238
tcp_ping received 96 bytes back
Round trip time was 1.13432 milliseconds in repetition 239
tcp_ping received 96 bytes back
Round trip time was 1.048 milliseconds in repetition 240
tcp_ping received 96 bytes back
Round trip time was 1.1516 milliseconds in repetition 241
tcp_ping received 96 bytes back
Round trip time was 1.03681 milliseconds in repetition 242
tcp_ping received 96 bytes back
Round trip time was 1.00327 milliseconds in repetition 243
tcp_ping received 96 bytes back
Round trip time was 2.24554 milliseconds in repetition 244
tcp_ping received 96 bytes back
Round trip time was 1.49974 milliseconds in repetition 245
tcp_ping received 96 bytes back
Round trip time was 0.931897 milliseconds in repetition 246
tcp_ping received 96 bytes back
Round trip time was 1.16144 milliseconds in repetition 247
tcp_ping received 96 bytes back
Round trip time was 1.02297 milliseconds in repetition 248
tcp_ping received 96 bytes back
Round trip time was 7.75138 milliseconds in repetition 249
tcp_ping received 96 bytes back
Round trip time was 1.07032 milliseconds in repetition 250
tcp_ping received 96 bytes back
Round trip time was 0.954074 milliseconds in repetition 251
tcp_ping received 96 bytes back
Round trip time was 1.46029 milliseconds in repetition 252
tcp_ping received 96 bytes back
Round trip time was 1.30103 milliseconds in repetition 253
tcp_ping received 96 bytes back
Round trip time was 0.950705 milliseconds in repetition 254
tcp_ping received 96 bytes back
Round trip time was 1.69915 milliseconds in repetition 255
tcp_ping received 96 bytes back
Round trip time was 1.20854 milliseconds in repetition 256
tcp_ping received 96 bytes back
Round trip time was 1.02828 milliseconds in repetition 257
tcp_ping received 96 bytes back
Round trip time was 1.42861 milliseconds in repetition 258
tcp_ping received 96 bytes back
Round trip time was 1.23418 milliseconds in repetition 259
tcp_ping received 96 bytes back
Round trip time was 1.03503 milliseconds in repetition 260
tcp_ping received 96 bytes back
Round trip time was 1.9094 milliseconds in repetition 261
tcp_ping received 96 bytes back
Round trip time was 2.19269 milliseconds in repetition 262
tcp_ping received 96 bytes back
Round trip time was 1.50801 milliseconds in repetition 263
tcp_ping received 96 bytes back
Round trip time was 1.23507 milliseconds in repetition 264
tcp_ping received 96 bytes back
Round trip time was 2.21272 milliseconds in repetition 265
tcp_ping received 96 bytes back
Round trip time was 0.977472 milliseconds in repetition 266
tcp_ping received 96 bytes back
Round trip time was 1.11112 milliseconds in repetition 267
tcp_ping received 96 bytes back
Round trip time was 1.11339 milliseconds in repetition 268
tcp_ping received 96 bytes back
Round trip time was 1.12165 milliseconds in repetition 269
tcp_ping received 96 bytes back
Round trip time was 1.37156 milliseconds in repetition 270
tcp_ping received 96 bytes back
Round trip time was 2.41114 milliseconds in repetition 271
tcp_ping received 96 bytes back
Round trip time was 1.271 milliseconds in repetition 272
tcp_ping received 96 bytes back
Round trip time was 1.07432 milliseconds in repetition 273
tcp_ping received 96 bytes back
Round trip time was 1.19486 milliseconds in repetition 274
tcp_ping received 96 bytes back
Round trip time was 1.39171 milliseconds in repetition 275
tcp_ping received 96 bytes back
Round trip time was 0.981398 milliseconds in repetition 276
tcp_ping received 96 bytes back
Round trip time was 0.869944 milliseconds in repetition 277
tcp_ping received 96 bytes back
Round trip time was 1.11481 milliseconds in repetition 278
tcp_ping received 96 bytes back
Round trip time was 1.38494 milliseconds in repetition 279
tcp_ping received 96 bytes back
Round trip time was 1.30357 milliseconds in repetition 280
tcp_ping received 96 bytes back
Round trip time was 1.3772 milliseconds in repetition 281
tcp_ping received 96 bytes back
Round trip time was 0.980441 milliseconds in repetition 282
tcp_ping received 96 bytes back
Round trip time was 1.6427 milliseconds in repetition 283
tcp_ping received 96 bytes back
Round trip time was 1.4642 milliseconds in repetition 284
tcp_ping received 96 bytes back
Round trip time was 1.14461 milliseconds in repetition 285
tcp_ping received 96 bytes back
Round trip time was 0.950829 milliseconds in repetition 286
tcp_ping received 96 bytes back
Round trip time was 1.09647 milliseconds in repetition 287
tcp_ping received 96 bytes back
Round trip time was 1.36915 milliseconds in repetition 288
tcp_ping received 96 bytes back
Round trip time was 2.41101 milliseconds in repetition 289
tcp_ping received 96 bytes back
Round trip time was 1.4728 milliseconds in repetition 290
tcp_ping received 96 bytes back
Round trip time was 1.07949 milliseconds in repetition 291
tcp_ping received 96 bytes back
Round trip time was 1.46585 milliseconds in repetition 292
tcp_ping received 96 bytes back
Round trip time was 1.28521 milliseconds in repetition 293
tcp_ping received 96 bytes back
Round trip time was 1.71961 milliseconds in repetition 294
tcp_ping received 96 bytes back
Round trip time was 1.06819 milliseconds in repetition 295
tcp_ping received 96 bytes back
Round trip time was 1.94837 milliseconds in repetition 296
tcp_ping received 96 bytes back
Round trip time was 1.92465 milliseconds in repetition 297
tcp_ping received 96 bytes back
Round trip time was 1.23832 milliseconds in repetition 298
tcp_ping received 96 bytes back
Round trip time was 1.13111 milliseconds in repetition 299
tcp_ping received 96 bytes back
Round trip time was 1.213 milliseconds in repetition 300
tcp_ping received 96 bytes back
Round trip time was 0.973426 milliseconds in repetition 301
tcp_ping received 96 bytes back
Round trip time was 2.00848 milliseconds in repetition 302
tcp_ping received 96 bytes back
Round trip time was 1.01688 milliseconds in repetition 303
tcp_ping received 96 bytes back
Round trip time was 0.998585 milliseconds in repetition 304
tcp_ping received 96 bytes back
Round trip time was 1.28083 milliseconds in repetition 305
tcp_ping received 96 bytes back
Round trip time was 2.60378 milliseconds in repetition 306
tcp_ping received 96 bytes back
Round trip time was 4.44381 milliseconds in repetition 307
tcp_ping received 96 bytes back
Round trip time was 0.989225 milliseconds in repetition 308
tcp_ping received 96 bytes back
Round trip time was 1.00306 milliseconds in repetition 309
tcp_ping received 96 bytes back
Round trip time was 1.09014 milliseconds in repetition 310
tcp_ping received 96 bytes back
Round trip time was 1.01213 milliseconds in repetition 311
tcp_ping received 96 bytes back
Round trip time was 1.59953 milliseconds in repetition 312
tcp_ping received 96 bytes back
Round trip time was 1.2198 milliseconds in repetition 313
tcp_ping received 96 bytes back
Round trip time was 0.919979 milliseconds in repetition 314
tcp_ping received 96 bytes back
Round trip time was 1.02057 milliseconds in repetition 315
tcp_ping received 96 bytes back
Round trip time was 1.29355 milliseconds in repetition 316
tcp_ping received 96 bytes back
Round trip time was 4.33052 milliseconds in repetition 317
tcp_ping received 96 bytes back
Round trip time was 1.39236 milliseconds in repetition 318
tcp_ping received 96 bytes back
Round trip time was 1.04589 milliseconds in repetition 319
tcp_ping received 96 bytes back
Round trip time was 1.47604 milliseconds in repetition 320
tcp_ping received 96 bytes back
Round trip time was 1.39666 milliseconds in repetition 321
tcp_ping received 96 bytes back
Round trip time was 1.00829 milliseconds in repetition 322
tcp_ping received 96 bytes back
Round trip time was 1.04124 milliseconds in repetition 323
tcp_ping received 96 bytes back
Round trip time was 1.41551 milliseconds in repetition 324
tcp_ping received 96 bytes back
Round trip time was 0.998149 milliseconds in repetition 325
tcp_ping received 96 bytes back
Round trip time was 1.05303 milliseconds in repetition 326
tcp_ping received 96 bytes back
Round trip time was 1.88546 milliseconds in repetition 327
tcp_ping received 96 bytes back
Round trip time was 9.77695 milliseconds in repetition 328
tcp_ping received 96 bytes back
Round trip time was 1.02869 milliseconds in repetition 329
tcp_ping received 96 bytes back
Round trip time was 1.98424 milliseconds in repetition 330
tcp_ping received 96 bytes back
Round trip time was 0.834373 milliseconds in repetition 331
tcp_ping received 96 bytes back
Round trip time was 2.18972 milliseconds in repetition 332
tcp_ping received 96 bytes back
Round trip time was 4.22145 milliseconds in repetition 333
tcp_ping received 96 bytes back
Round trip time was 1.03538 milliseconds in repetition 334
tcp_ping received 96 bytes back
Round trip time was 0.977549 milliseconds in repetition 335
tcp_ping received 96 bytes back
Round trip time was 0.939249 milliseconds in repetition 336
tcp_ping received 96 bytes back
Round trip time was 1.08337 milliseconds in repetition 337
tcp_ping received 96 bytes back
Round trip time was 0.952857 milliseconds in repetition 338
tcp_ping received 96 bytes back
Round trip time was 1.11277 milliseconds in repetition 339
tcp_ping received 96 bytes back
Round trip time was 1.3272 milliseconds in repetition 340
tcp_ping received 96 bytes back
Round trip time was 4.04896 milliseconds in repetition 341
tcp_ping received 96 bytes back
Round trip time was 1.34499 milliseconds in repetition 342
tcp_ping received 96 bytes back
Round trip time was 0.904615 milliseconds in repetition 343
tcp_ping received 96 bytes back
Round trip time was 1.04554 milliseconds in repetition 344
tcp_ping received 96 bytes back
Round trip time was 1.02344 milliseconds in repetition 345
tcp_ping received 96 bytes back
Round trip time was 1.0311 milliseconds in repetition 346
tcp_ping received 96 bytes back
Round trip time was 1.8721 milliseconds in repetition 347
tcp_ping received 96 bytes back
Round trip time was 0.799045 milliseconds in repetition 348
tcp_ping received 96 bytes back
Round trip time was 1.0603 milliseconds in repetition 349
tcp_ping received 96 bytes back
Round trip time was 1.24878 milliseconds in repetition 350
tcp_ping received 96 bytes back
Round trip time was 1.46018 milliseconds in repetition 351
tcp_ping received 96 bytes back
Round trip time was 1.2105 milliseconds in repetition 352
tcp_ping received 96 bytes back
Round trip time was 1.02751 milliseconds in repetition 353
tcp_ping received 96 bytes back
Round trip time was 2.20364 milliseconds in repetition 354
tcp_ping received 96 bytes back
Round trip time was 1.01202 milliseconds in repetition 355
tcp_ping received 96 bytes back
Round trip time was 1.58567 milliseconds in repetition 356
tcp_ping received 96 bytes back
Round trip time was 1.04166 milliseconds in repetition 357
tcp_ping received 96 bytes back
Round trip time was 0.960364 milliseconds in repetition 358
tcp_ping received 96 bytes back
Round trip time was 1.20334 milliseconds in repetition 359
tcp_ping received 96 bytes back
Round trip time was 1.25287 milliseconds in repetition 360
tcp_ping received 96 bytes back
Round trip time was 3.96006 milliseconds in repetition 361
tcp_ping received 96 bytes back
Round trip time was 2.5223 milliseconds in repetition 362
tcp_ping received 96 bytes back
Round trip time was 1.3273 milliseconds in repetition 363
tcp_ping received 96 bytes back
Round trip time was 1.07395 milliseconds in repetition 364
tcp_ping received 96 bytes back
Round trip time was 0.860403 milliseconds in repetition 365
tcp_ping received 96 bytes back
Round trip time was 1.01569 milliseconds in repetition 366
tcp_ping received 96 bytes back
Round trip time was 1.75168 milliseconds in repetition 367
tcp_ping received 96 bytes back
Round trip time was 1.28865 milliseconds in repetition 368
tcp_ping received 96 bytes back
Round trip time was 1.1506 milliseconds in repetition 369
tcp_ping received 96 bytes back
Round trip time was 1.14277 milliseconds in repetition 370
tcp_ping received 96 bytes back
Round trip time was 0.997295 milliseconds in repetition 371
tcp_ping received 96 bytes back
Round trip time was 1.23988 milliseconds in repetition 372
tcp_ping received 96 bytes back
Round trip time was 2.71878 milliseconds in repetition 373
tcp_ping received 96 bytes back
Round trip time was 1.24466 milliseconds in repetition 374
tcp_ping received 96 bytes back
Round trip time was 1.43095 milliseconds in repetition 375
tcp_ping received 96 bytes back
Round trip time was 1.02056 milliseconds in repetition 376
tcp_ping received 96 bytes back
Round trip time was 1.03388 milliseconds in repetition 377
tcp_ping received 96 bytes back
Round trip time was 1.98625 milliseconds in repetition 378
tcp_ping received 96 bytes back
Round trip time was 3.55925 milliseconds in repetition 379
tcp_ping received 96 bytes back
Round trip time was 0.997421 milliseconds in repetition 380
tcp_ping received 96 bytes back
Round trip time was 1.00994 milliseconds in repetition 381
tcp_ping received 96 bytes back
Round trip time was 0.943632 milliseconds in repetition 382
tcp_ping received 96 bytes back
Round trip time was 1.18987 milliseconds in repetition 383
tcp_ping received 96 bytes back
Round trip time was 1.07395 milliseconds in repetition 384
tcp_ping received 96 bytes back
Round trip time was 0.974981 milliseconds in repetition 385
tcp_ping received 96 bytes back
Round trip time was 2.06886 milliseconds in repetition 386
tcp_ping received 96 bytes back
Round trip time was 1.04612 milliseconds in repetition 387
tcp_ping received 96 bytes back
Round trip time was 1.17113 milliseconds in repetition 388
tcp_ping received 96 bytes back
Round trip time was 1.51772 milliseconds in repetition 389
tcp_ping received 96 bytes back
Round trip time was 2.32575 milliseconds in repetition 390
tcp_ping received 96 bytes back
Round trip time was 1.32864 milliseconds in repetition 391
tcp_ping received 96 bytes back
Round trip time was 1.17809 milliseconds in repetition 392
tcp_ping received 96 bytes back
Round trip time was 0.969525 milliseconds in repetition 393
tcp_ping received 96 bytes back
Round trip time was 3.96406 milliseconds in repetition 394
tcp_ping received 96 bytes back
Round trip time was 1.06384 milliseconds in repetition 395
tcp_ping received 96 bytes back
Round trip time was 1.08815 milliseconds in repetition 396
tcp_ping received 96 bytes back
Round trip time was 0.990361 milliseconds in repetition 397
tcp_ping received 96 bytes back
Round trip time was 1.05444 milliseconds in repetition 398
tcp_ping received 96 bytes back
Round trip time was 1.4205 milliseconds in repetition 399
tcp_ping received 96 bytes back
Round trip time was 1.49244 milliseconds in repetition 400
tcp_ping received 96 bytes back
Round trip time was 1.03929 milliseconds in repetition 401
tcp_ping received 96 bytes back
Round trip time was 0.934137 milliseconds in repetition 402
tcp_ping received 96 bytes back
Round trip time was 0.943345 milliseconds in repetition 403
tcp_ping received 96 bytes back
Round trip time was 2.32808 milliseconds in repetition 404
tcp_ping received 96 bytes back
Round trip time was 1.15105 milliseconds in repetition 405
tcp_ping received 96 bytes back
Round trip time was 0.982328 milliseconds in repetition 406
tcp_ping received 96 bytes back
Round trip time was 0.94234 milliseconds in repetition 407
tcp_ping received 96 bytes back
Round trip time was 3.49175 milliseconds in repetition 408
tcp_ping received 96 bytes back
Round trip time was 1.99904 milliseconds in repetition 409
tcp_ping received 96 bytes back
Round trip time was 2.92844 milliseconds in repetition 410
tcp_ping received 96 bytes back
Round trip time was 1.22839 milliseconds in repetition 411
tcp_ping received 96 bytes back
Round trip time was 1.50086 milliseconds in repetition 412
tcp_ping received 96 bytes back
Round trip time was 1.00714 milliseconds in repetition 413
tcp_ping received 96 bytes back
Round trip time was 2.01457 milliseconds in repetition 414
tcp_ping received 96 bytes back
Round trip time was 4.87809 milliseconds in repetition 415
tcp_ping received 96 bytes back
Round trip time was 2.19415 milliseconds in repetition 416
tcp_ping received 96 bytes back
Round trip time was 1.28458 milliseconds in repetition 417
tcp_ping received 96 bytes back
Round trip time was 1.47228 milliseconds in repetition 418
tcp_ping received 96 bytes back
Round trip time was 1.48703 milliseconds in repetition 419
tcp_ping received 96 bytes back
Round trip time was 0.926821 milliseconds in repetition 420
tcp_ping received 96 bytes back
Round trip time was 2.18226 milliseconds in repetition 421
tcp_ping received 96 bytes back
Round trip time was 1.23374 milliseconds in repetition 422
tcp_ping received 96 bytes back
Round trip time was 1.1549 milliseconds in repetition 423
tcp_ping received 96 bytes back
Round trip time was 1.31616 milliseconds in repetition 424
tcp_ping received 96 bytes back
Round trip time was 1.04401 milliseconds in repetition 425
tcp_ping received 96 bytes back
Round trip time was 3.57269 milliseconds in repetition 426
tcp_ping received 96 bytes back
Round trip time was 0.982102 milliseconds in repetition 427
tcp_ping received 96 bytes back
Round trip time was 1.66102 milliseconds in repetition 428
tcp_ping received 96 bytes back
Round trip time was 1.2645 milliseconds in repetition 429
tcp_ping received 96 bytes back
Round trip time was 1.16031 milliseconds in repetition 430
tcp_ping received 96 bytes back
Round trip time was 1.18148 milliseconds in repetition 431
tcp_ping received 96 bytes back
Round trip time was 0.922236 milliseconds in repetition 432
tcp_ping received 96 bytes back
Round trip time was 1.05711 milliseconds in repetition 433
tcp_ping received 96 bytes back
Round trip time was 0.932737 milliseconds in repetition 434
tcp_ping received 96 bytes back
Round trip time was 1.86821 milliseconds in repetition 435
tcp_ping received 96 bytes back
Round trip time was 1.08135 milliseconds in repetition 436
tcp_ping received 96 bytes back
Round trip time was 0.98971 milliseconds in repetition 437
tcp_ping received 96 bytes back
Round trip time was 1.08544 milliseconds in repetition 438
tcp_ping received 96 bytes back
Round trip time was 1.53521 milliseconds in repetition 439
tcp_ping received 96 bytes back
Round trip time was 0.951334 milliseconds in repetition 440
tcp_ping received 96 bytes back
Round trip time was 1.42741 milliseconds in repetition 441
tcp_ping received 96 bytes back
Round trip time was 2.2712 milliseconds in repetition 442
tcp_ping received 96 bytes back
Round trip time was 1.02962 milliseconds in repetition 443
tcp_ping received 96 bytes back
Round trip time was 1.46036 milliseconds in repetition 444
tcp_ping received 96 bytes back
Round trip time was 1.72134 milliseconds in repetition 445
tcp_ping received 96 bytes back
Round trip time was 1.80821 milliseconds in repetition 446
tcp_ping received 96 bytes back
Round trip time was 2.41847 milliseconds in repetition 447
tcp_ping received 96 bytes back
Round trip time was 1.17961 milliseconds in repetition 448
tcp_ping received 96 bytes back
Round trip time was 1.18457 milliseconds in repetition 449
tcp_ping received 96 bytes back
Round trip time was 1.3066 milliseconds in repetition 450
tcp_ping received 96 bytes back
Round trip time was 1.7092 milliseconds in repetition 451
tcp_ping received 96 bytes back
Round trip time was 1.07662 milliseconds in repetition 452
tcp_ping received 96 bytes back
Round trip time was 1.00072 milliseconds in repetition 453
tcp_ping received 96 bytes back
Round trip time was 1.88613 milliseconds in repetition 454
tcp_ping received 96 bytes back
Round trip time was 1.06601 milliseconds in repetition 455
tcp_ping received 96 bytes back
Round trip time was 1.06633 milliseconds in repetition 456
tcp_ping received 96 bytes back
Round trip time was 1.6663 milliseconds in repetition 457
tcp_ping received 96 bytes back
Round trip time was 2.12349 milliseconds in repetition 458
tcp_ping received 96 bytes back
Round trip time was 1.0437 milliseconds in repetition 459
tcp_ping received 96 bytes back
Round trip time was 1.04025 milliseconds in repetition 460
tcp_ping received 96 bytes back
Round trip time was 1.10015 milliseconds in repetition 461
tcp_ping received 96 bytes back
Round trip time was 1.05906 milliseconds in repetition 462
tcp_ping received 96 bytes back
Round trip time was 1.04057 milliseconds in repetition 463
tcp_ping received 96 bytes back
Round trip time was 1.52545 milliseconds in repetition 464
tcp_ping received 96 bytes back
Round trip time was 3.73852 milliseconds in repetition 465
tcp_ping received 96 bytes back
Round trip time was 1.33526 milliseconds in repetition 466
tcp_ping received 96 bytes back
Round trip time was 1.64803 milliseconds in repetition 467
tcp_ping received 96 bytes back
Round trip time was 1.52193 milliseconds in repetition 468
tcp_ping received 96 bytes back
Round trip time was 0.958227 milliseconds in repetition 469
tcp_ping received 96 bytes back
Round trip time was 0.901562 milliseconds in repetition 470
tcp_ping received 96 bytes back
Round trip time was 1.27746 milliseconds in repetition 471
tcp_ping received 96 bytes back
Round trip time was 1.01317 milliseconds in repetition 472
tcp_ping received 96 bytes back
Round trip time was 3.31449 milliseconds in repetition 473
tcp_ping received 96 bytes back
Round trip time was 1.33017 milliseconds in repetition 474
tcp_ping received 96 bytes back
Round trip time was 0.984285 milliseconds in repetition 475
tcp_ping received 96 bytes back
Round trip time was 1.18118 milliseconds in repetition 476
tcp_ping received 96 bytes back
Round trip time was 1.23468 milliseconds in repetition 477
tcp_ping received 96 bytes back
Round trip time was 1.32435 milliseconds in repetition 478
tcp_ping received 96 bytes back
Round trip time was 2.35976 milliseconds in repetition 479
tcp_ping received 96 bytes back
Round trip time was 1.91921 milliseconds in repetition 480
tcp_ping received 96 bytes back
Round trip time was 1.15995 milliseconds in repetition 481
tcp_ping received 96 bytes back
Round trip time was 1.03087 milliseconds in repetition 482
tcp_ping received 96 bytes back
Round trip time was 0.983036 milliseconds in repetition 483
tcp_ping received 96 bytes back
Round trip time was 2.66192 milliseconds in repetition 484
tcp_ping received 96 bytes back
Round trip time was 1.06887 milliseconds in repetition 485
tcp_ping received 96 bytes back
Round trip time was 0.955201 milliseconds in repetition 486
tcp_ping received 96 bytes back
Round trip time was 1.13926 milliseconds in repetition 487
tcp_ping received 96 bytes back
Round trip time was 1.07961 milliseconds in repetition 488
tcp_ping received 96 bytes back
Round trip time was 1.67525 milliseconds in repetition 489
tcp_ping received 96 bytes back
Round trip time was 1.90599 milliseconds in repetition 490
tcp_ping received 96 bytes back
Round trip time was 1.05329 milliseconds in repetition 491
tcp_ping received 96 bytes back
Round trip time was 1.11243 milliseconds in repetition 492
tcp_ping received 96 bytes back
Round trip time was 0.925954 milliseconds in repetition 493
tcp_ping received 96 bytes back
Round trip time was 1.01649 milliseconds in repetition 494
tcp_ping received 96 bytes back
Round trip time was 1.47645 milliseconds in repetition 495
tcp_ping received 96 bytes back
Round trip time was 2.23755 milliseconds in repetition 496
tcp_ping received 96 bytes back
Round trip time was 1.29612 milliseconds in repetition 497
tcp_ping received 96 bytes back
Round trip time was 1.24055 milliseconds in repetition 498
tcp_ping received 96 bytes back
Round trip time was 1.02762 milliseconds in repetition 499
tcp_ping received 96 bytes back
Round trip time was 4.30453 milliseconds in repetition 500
tcp_ping received 96 bytes back
Round trip time was 1.2749 milliseconds in repetition 501

 ... clock resolution was 1e-06
TCP Ping:  Statistics over 501 repetitions of 96 byte messages

RTT : percentile 10: 0.939249, median: 1.11481, percentile 90: 2.01457, average: 1.39067, variance: 0.671276

RTT histogram:
0.74447 96
0.763193 265
0.799045 78
0.806929 23
0.832049 15
0.834373 2
0.83845 5
0.860403 8
0.869944 4
0.883772 2
0.884794 1
0.885413 0
0.887674 0
0.891954 0
0.895984 0
0.901562 0
0.904615 1
0.90575 0
0.906442 0
0.909691 0
0.913344 1

   median Throughput : 172.227 KB/s   overall Throughput : 138.062 KB/s

