TCP Ping trying to connect to server 127.0.0.1 (127.0.0.1) on port 2000
 ... connected to Pong server: asking for 151 repetitions of 2048 bytes TCP messages
 ... Pong server agreed :-)
tcp_ping received 2048 bytes back
Round trip time was 0.056266 milliseconds in repetition 1
tcp_ping received 2048 bytes back
Round trip time was 0.030187 milliseconds in repetition 2
tcp_ping received 2048 bytes back
Round trip time was 0.032981 milliseconds in repetition 3
tcp_ping received 2048 bytes back
Round trip time was 0.041789 milliseconds in repetition 4
tcp_ping received 2048 bytes back
Round trip time was 0.031094 milliseconds in repetition 5
tcp_ping received 2048 bytes back
Round trip time was 0.028607 milliseconds in repetition 6
tcp_ping received 2048 bytes back
Round trip time was 0.030881 milliseconds in repetition 7
tcp_ping received 2048 bytes back
Round trip time was 0.028406 milliseconds in repetition 8
tcp_ping received 2048 bytes back
Round trip time was 0.030488 milliseconds in repetition 9
tcp_ping received 2048 bytes back
Round trip time was 0.028271 milliseconds in repetition 10
tcp_ping received 2048 bytes back
Round trip time was 0.030664 milliseconds in repetition 11
tcp_ping received 2048 bytes back
Round trip time was 0.027781 milliseconds in repetition 12
tcp_ping received 2048 bytes back
Round trip time was 0.028722 milliseconds in repetition 13
tcp_ping received 2048 bytes back
Round trip time was 0.030425 milliseconds in repetition 14
tcp_ping received 2048 bytes back
Round trip time was 0.027743 milliseconds in repetition 15
tcp_ping received 2048 bytes back
Round trip time was 0.030303 milliseconds in repetition 16
tcp_ping received 2048 bytes back
Round trip time was 0.027887 milliseconds in repetition 17
tcp_ping received 2048 bytes back
Round trip time was 0.030274 milliseconds in repetition 18
tcp_ping received 2048 bytes back
Round trip time was 0.027638 milliseconds in repetition 19
tcp_ping received 2048 bytes back
Round trip time was 0.030135 milliseconds in repetition 20
tcp_ping received 2048 bytes back
Round trip time was 0.027878 milliseconds in repetition 21
tcp_ping received 2048 bytes back
Round trip time was 0.030953 milliseconds in repetition 22
tcp_ping received 2048 bytes back
Round trip time was 0.028023 milliseconds in repetition 23
tcp_ping received 2048 bytes back
Round trip time was 0.030172 milliseconds in repetition 24
tcp_ping received 2048 bytes back
Round trip time was 0.027641 milliseconds in repetition 25
tcp_ping received 2048 bytes back
Round trip time was 0.03016 milliseconds in repetition 26
tcp_ping received 2048 bytes back
Round trip time was 0.027726 milliseconds in repetition 27
tcp_ping received 2048 bytes back
Round trip time was 0.030273 milliseconds in repetition 28
tcp_ping received 2048 bytes back
Round trip time was 0.027949 milliseconds in repetition 29
tcp_ping received 2048 bytes back
Round trip time was 0.030287 milliseconds in repetition 30
tcp_ping received 2048 bytes back
Round trip time was 0.027761 milliseconds in repetition 31
tcp_ping received 2048 bytes back
Round trip time was 0.03019 milliseconds in repetition 32
tcp_ping received 2048 bytes back
Round trip time was 0.027594 milliseconds in repetition 33
tcp_ping received 2048 bytes back
Round trip time was 0.030247 milliseconds in repetition 34
tcp_ping received 2048 bytes back
Round trip time was 0.027644 milliseconds in repetition 35
tcp_ping received 2048 bytes back
Round trip time was 0.030198 milliseconds in repetition 36
tcp_ping received 2048 bytes back
Round trip time was 0.027638 milliseconds in repetition 37
tcp_ping received 2048 bytes back
Round trip time was 0.030021 milliseconds in repetition 38
tcp_ping received 2048 bytes back
Round trip time was 0.027703 milliseconds in repetition 39
tcp_ping received 2048 bytes back
Round trip time was 0.031427 milliseconds in repetition 40
tcp_ping received 2048 bytes back
Round trip time was 0.027992 milliseconds in repetition 41
tcp_ping received 2048 bytes back
Round trip time was 0.030774 milliseconds in repetition 42
tcp_ping received 2048 bytes back
Round trip time was 0.027794 milliseconds in repetition 43
tcp_ping received 2048 bytes back
Round trip time was 0.030866 milliseconds in repetition 44
tcp_ping received 2048 bytes back
Round trip time was 0.027657 milliseconds in repetition 45
tcp_ping received 2048 bytes back
Round trip time was 0.030872 milliseconds in repetition 46
tcp_ping received 2048 bytes back
Round trip time was 0.027662 milliseconds in repetition 47
tcp_ping received 2048 bytes back
Round trip time was 0.030332 milliseconds in repetition 48
tcp_ping received 2048 bytes back
Round trip time was 0.027768 milliseconds in repetition 49
tcp_ping received 2048 bytes back
Round trip time was 0.030794 milliseconds in repetition 50
tcp_ping received 2048 bytes back
Round trip time was 0.027795 milliseconds in repetition 51
tcp_ping received 2048 bytes back
Round trip time was 0.030033 milliseconds in repetition 52
tcp_ping received 2048 bytes back
Round trip time was 0.028016 milliseconds in repetition 53
tcp_ping received 2048 bytes back
Round trip time was 0.029984 milliseconds in repetition 54
tcp_ping received 2048 bytes back
Round trip time was 0.028031 milliseconds in repetition 55
tcp_ping received 2048 bytes back
Round trip time was 0.03011 milliseconds in repetition 56
tcp_ping received 2048 bytes back
Round trip time was 0.027851 milliseconds in repetition 57
tcp_ping received 2048 bytes back
Round trip time was 0.030152 milliseconds in repetition 58
tcp_ping received 2048 bytes back
Round trip time was 0.027912 milliseconds in repetition 59
tcp_ping received 2048 bytes back
Round trip time was 0.029935 milliseconds in repetition 60
tcp_ping received 2048 bytes back
Round trip time was 0.027645 milliseconds in repetition 61
tcp_ping received 2048 bytes back
Round trip time was 0.030307 milliseconds in repetition 62
tcp_ping received 2048 bytes back
Round trip time was 0.027609 milliseconds in repetition 63
tcp_ping received 2048 bytes back
Round trip time was 0.030234 milliseconds in repetition 64
tcp_ping received 2048 bytes back
Round trip time was 0.027915 milliseconds in repetition 65
tcp_ping received 2048 bytes back
Round trip time was 0.030838 milliseconds in repetition 66
tcp_ping received 2048 bytes back
Round trip time was 0.028013 milliseconds in repetition 67
tcp_ping received 2048 bytes back
Round trip time was 0.030184 milliseconds in repetition 68
tcp_ping received 2048 bytes back
Round trip time was 0.027803 milliseconds in repetition 69
tcp_ping received 2048 bytes back
Round trip time was 0.030606 milliseconds in repetition 70
tcp_ping received 2048 bytes back
Round trip time was 0.027739 milliseconds in repetition 71
tcp_ping received 2048 bytes back
Round trip time was 0.029942 milliseconds in repetition 72
tcp_ping received 2048 bytes back
Round trip time was 0.027976 milliseconds in repetition 73
tcp_ping received 2048 bytes back
Round trip time was 0.030583 milliseconds in repetition 74
tcp_ping received 2048 bytes back
Round trip time was 0.029095 milliseconds in repetition 75
tcp_ping received 2048 bytes back
Round trip time was 0.030081 milliseconds in repetition 76
tcp_ping received 2048 bytes back
Round trip time was 0.027762 milliseconds in repetition 77
tcp_ping received 2048 bytes back
Round trip time was 0.030133 milliseconds in repetition 78
tcp_ping received 2048 bytes back
Round trip time was 0.027658 milliseconds in repetition 79
tcp_ping received 2048 bytes back
Round trip time was 0.029864 milliseconds in repetition 80
tcp_ping received 2048 bytes back
Round trip time was 0.02777 milliseconds in repetition 81
tcp_ping received 2048 bytes back
Round trip time was 0.030528 milliseconds in repetition 82
tcp_ping received 2048 bytes back
Round trip time was 0.027729 milliseconds in repetition 83
tcp_ping received 2048 bytes back
Round trip time was 0.029916 milliseconds in repetition 84
tcp_ping received 2048 bytes back
Round trip time was 0.027929 milliseconds in repetition 85
tcp_ping received 2048 bytes back
Round trip time was 0.03014 milliseconds in repetition 86
tcp_ping received 2048 bytes back
Round trip time was 0.027724 milliseconds in repetition 87
tcp_ping received 2048 bytes back
Round trip time was 0.03067 milliseconds in repetition 88
tcp_ping received 2048 bytes back
Round trip time was 0.027784 milliseconds in repetition 89
tcp_ping received 2048 bytes back
Round trip time was 0.029993 milliseconds in repetition 90
tcp_ping received 2048 bytes back
Round trip time was 0.027588 milliseconds in repetition 91
tcp_ping received 2048 bytes back
Round trip time was 0.030357 milliseconds in repetition 92
tcp_ping received 2048 bytes back
Round trip time was 0.027602 milliseconds in repetition 93
tcp_ping received 2048 bytes back
Round trip time was 0.030144 milliseconds in repetition 94
tcp_ping received 2048 bytes back
Round trip time was 0.027627 milliseconds in repetition 95
tcp_ping received 2048 bytes back
Round trip time was 0.030092 milliseconds in repetition 96
tcp_ping received 2048 bytes back
Round trip time was 0.028042 milliseconds in repetition 97
tcp_ping received 2048 bytes back
Round trip time was 0.030353 milliseconds in repetition 98
tcp_ping received 2048 bytes back
Round trip time was 0.028024 milliseconds in repetition 99
tcp_ping received 2048 bytes back
Round trip time was 0.031108 milliseconds in repetition 100
tcp_ping received 2048 bytes back
Round trip time was 0.027874 milliseconds in repetition 101
tcp_ping received 2048 bytes back
Round trip time was 0.030197 milliseconds in repetition 102
tcp_ping received 2048 bytes back
Round trip time was 0.027763 milliseconds in repetition 103
tcp_ping received 2048 bytes back
Round trip time was 0.030443 milliseconds in repetition 104
tcp_ping received 2048 bytes back
Round trip time was 0.027964 milliseconds in repetition 105
tcp_ping received 2048 bytes back
Round trip time was 0.03001 milliseconds in repetition 106
tcp_ping received 2048 bytes back
Round trip time was 0.027886 milliseconds in repetition 107
tcp_ping received 2048 bytes back
Round trip time was 0.030345 milliseconds in repetition 108
tcp_ping received 2048 bytes back
Round trip time was 0.0278 milliseconds in repetition 109
tcp_ping received 2048 bytes back
Round trip time was 0.030142 milliseconds in repetition 110
tcp_ping received 2048 bytes back
Round trip time was 0.027792 milliseconds in repetition 111
tcp_ping received 2048 bytes back
Round trip time was 0.031189 milliseconds in repetition 112
tcp_ping received 2048 bytes back
Round trip time was 0.027867 milliseconds in repetition 113
tcp_ping received 2048 bytes back
Round trip time was 0.030262 milliseconds in repetition 114
tcp_ping received 2048 bytes back
Round trip time was 0.027953 milliseconds in repetition 115
tcp_ping received 2048 bytes back
Round trip time was 0.03006 milliseconds in repetition 116
tcp_ping received 2048 bytes back
Round trip time was 0.027903 milliseconds in repetition 117
tcp_ping received 2048 bytes back
Round trip time was 0.044103 milliseconds in repetition 118
tcp_ping received 2048 bytes back
Round trip time was 0.030942 milliseconds in repetition 119
tcp_ping received 2048 bytes back
Round trip time was 0.031178 milliseconds in repetition 120
tcp_ping received 2048 bytes back
Round trip time was 0.028403 milliseconds in repetition 121
tcp_ping received 2048 bytes back
Round trip time was 0.030567 milliseconds in repetition 122
tcp_ping received 2048 bytes back
Round trip time was 0.028268 milliseconds in repetition 123
tcp_ping received 2048 bytes back
Round trip time was 0.031743 milliseconds in repetition 124
tcp_ping received 2048 bytes back
Round trip time was 0.028287 milliseconds in repetition 125
tcp_ping received 2048 bytes back
Round trip time was 0.031441 milliseconds in repetition 126
tcp_ping received 2048 bytes back
Round trip time was 0.02815 milliseconds in repetition 127
tcp_ping received 2048 bytes back
Round trip time was 0.03064 milliseconds in repetition 128
tcp_ping received 2048 bytes back
Round trip time was 0.028354 milliseconds in repetition 129
tcp_ping received 2048 bytes back
Round trip time was 0.032055 milliseconds in repetition 130
tcp_ping received 2048 bytes back
Round trip time was 0.02788 milliseconds in repetition 131
tcp_ping received 2048 bytes back
Round trip time was 0.031297 milliseconds in repetition 132
tcp_ping received 2048 bytes back
Round trip time was 0.028103 milliseconds in repetition 133
tcp_ping received 2048 bytes back
Round trip time was 0.030642 milliseconds in repetition 134
tcp_ping received 2048 bytes back
Round trip time was 0.028292 milliseconds in repetition 135
tcp_ping received 2048 bytes back
Round trip time was 0.031195 milliseconds in repetition 136
tcp_ping received 2048 bytes back
Round trip time was 0.028154 milliseconds in repetition 137
tcp_ping received 2048 bytes back
Round trip time was 0.03059 milliseconds in repetition 138
tcp_ping received 2048 bytes back
Round trip time was 0.027967 milliseconds in repetition 139
tcp_ping received 2048 bytes back
Round trip time was 0.030321 milliseconds in repetition 140
tcp_ping received 2048 bytes back
Round trip time was 0.028084 milliseconds in repetition 141
tcp_ping received 2048 bytes back
Round trip time was 0.030806 milliseconds in repetition 142
tcp_ping received 2048 bytes back
Round trip time was 0.027969 milliseconds in repetition 143
tcp_ping received 2048 bytes back
Round trip time was 0.031285 milliseconds in repetition 144
tcp_ping received 2048 bytes back
Round trip time was 0.027689 milliseconds in repetition 145
tcp_ping received 2048 bytes back
Round trip time was 0.030743 milliseconds in repetition 146
tcp_ping received 2048 bytes back
Round trip time was 0.027911 milliseconds in repetition 147
tcp_ping received 2048 bytes back
Round trip time was 0.030649 milliseconds in repetition 148
tcp_ping received 2048 bytes back
Round trip time was 0.02805 milliseconds in repetition 149
tcp_ping received 2048 bytes back
Round trip time was 0.030224 milliseconds in repetition 150
tcp_ping received 2048 bytes back
Round trip time was 0.028948 milliseconds in repetition 151

 ... clock resolution was 1e-06
TCP Ping:  Statistics over 151 repetitions of 2048 byte messages

RTT : percentile 10: 0.027724, median: 0.029935, percentile 90: 0.030953, average: 0.0296149, variance: 9.10697e-06

RTT histogram:
0.0275875 66
0.0290214 7
0.0304554 65
0.0318893 9
0.0333233 1
0.0347573 0
0.0361912 0
0.0376252 0
0.0390591 0
0.0404931 0
0.041927 1
0.043361 0
0.0447949 1
0.0462289 0
0.0476628 0
0.0490968 0
0.0505307 0
0.0519647 0
0.0533986 0
0.0548326 0
0.0562665 1
   median Throughput : 136830 KB/s   overall Throughput : 138309 KB/s

