TCP Ping trying to connect to server webdev.disi.unige.it (130.251.61.30) on port 1491
 ... connected to Pong server: asking for 501 repetitions of 131072 bytes TCP messages
 ... Pong server agreed :-)
tcp_ping received 131072 bytes back
Round trip time was 1464.72 milliseconds in repetition 1
tcp_ping received 131072 bytes back
Round trip time was 25.3378 milliseconds in repetition 2
tcp_ping received 131072 bytes back
Round trip time was 29.5409 milliseconds in repetition 3
tcp_ping received 131072 bytes back
Round trip time was 31.0536 milliseconds in repetition 4
tcp_ping received 131072 bytes back
Round trip time was 26.7441 milliseconds in repetition 5
tcp_ping received 131072 bytes back
Round trip time was 26.8828 milliseconds in repetition 6
tcp_ping received 131072 bytes back
Round trip time was 29.1888 milliseconds in repetition 7
tcp_ping received 131072 bytes back
Round trip time was 31.1475 milliseconds in repetition 8
tcp_ping received 131072 bytes back
Round trip time was 27.6768 milliseconds in repetition 9
tcp_ping received 131072 bytes back
Round trip time was 25.5217 milliseconds in repetition 10
tcp_ping received 131072 bytes back
Round trip time was 26.0818 milliseconds in repetition 11
tcp_ping received 131072 bytes back
Round trip time was 24.6316 milliseconds in repetition 12
tcp_ping received 131072 bytes back
Round trip time was 25.0885 milliseconds in repetition 13
tcp_ping received 131072 bytes back
Round trip time was 24.1798 milliseconds in repetition 14
tcp_ping received 131072 bytes back
Round trip time was 26.2854 milliseconds in repetition 15
tcp_ping received 131072 bytes back
Round trip time was 24.2294 milliseconds in repetition 16
tcp_ping received 131072 bytes back
Round trip time was 23.9528 milliseconds in repetition 17
tcp_ping received 131072 bytes back
Round trip time was 23.6331 milliseconds in repetition 18
tcp_ping received 131072 bytes back
Round trip time was 24.1975 milliseconds in repetition 19
tcp_ping received 131072 bytes back
Round trip time was 25.3503 milliseconds in repetition 20
tcp_ping received 131072 bytes back
Round trip time was 24.1309 milliseconds in repetition 21
tcp_ping received 131072 bytes back
Round trip time was 25.326 milliseconds in repetition 22
tcp_ping received 131072 bytes back
Round trip time was 23.9653 milliseconds in repetition 23
tcp_ping received 131072 bytes back
Round trip time was 24.5479 milliseconds in repetition 24
tcp_ping received 131072 bytes back
Round trip time was 25.4996 milliseconds in repetition 25
tcp_ping received 131072 bytes back
Round trip time was 23.8866 milliseconds in repetition 26
tcp_ping received 131072 bytes back
Round trip time was 23.8484 milliseconds in repetition 27
tcp_ping received 131072 bytes back
Round trip time was 23.8891 milliseconds in repetition 28
tcp_ping received 131072 bytes back
Round trip time was 24.1511 milliseconds in repetition 29
tcp_ping received 131072 bytes back
Round trip time was 24.2287 milliseconds in repetition 30
tcp_ping received 131072 bytes back
Round trip time was 24.3339 milliseconds in repetition 31
tcp_ping received 131072 bytes back
Round trip time was 24.2239 milliseconds in repetition 32
tcp_ping received 131072 bytes back
Round trip time was 24.4909 milliseconds in repetition 33
tcp_ping received 131072 bytes back
Round trip time was 24.5967 milliseconds in repetition 34
tcp_ping received 131072 bytes back
Round trip time was 23.734 milliseconds in repetition 35
tcp_ping received 131072 bytes back
Round trip time was 24.3622 milliseconds in repetition 36
tcp_ping received 131072 bytes back
Round trip time was 24.0187 milliseconds in repetition 37
tcp_ping received 131072 bytes back
Round trip time was 24.2301 milliseconds in repetition 38
tcp_ping received 131072 bytes back
Round trip time was 23.1472 milliseconds in repetition 39
tcp_ping received 131072 bytes back
Round trip time was 24.0654 milliseconds in repetition 40
tcp_ping received 131072 bytes back
Round trip time was 24.0407 milliseconds in repetition 41
tcp_ping received 131072 bytes back
Round trip time was 24.1157 milliseconds in repetition 42
tcp_ping received 131072 bytes back
Round trip time was 23.3329 milliseconds in repetition 43
tcp_ping received 131072 bytes back
Round trip time was 23.6668 milliseconds in repetition 44
tcp_ping received 131072 bytes back
Round trip time was 24.6368 milliseconds in repetition 45
tcp_ping received 131072 bytes back
Round trip time was 23.5569 milliseconds in repetition 46
tcp_ping received 131072 bytes back
Round trip time was 24.9597 milliseconds in repetition 47
tcp_ping received 131072 bytes back
Round trip time was 23.4279 milliseconds in repetition 48
tcp_ping received 131072 bytes back
Round trip time was 23.2631 milliseconds in repetition 49
tcp_ping received 131072 bytes back
Round trip time was 25.1087 milliseconds in repetition 50
tcp_ping received 131072 bytes back
Round trip time was 24.522 milliseconds in repetition 51
tcp_ping received 131072 bytes back
Round trip time was 24.8169 milliseconds in repetition 52
tcp_ping received 131072 bytes back
Round trip time was 26.4489 milliseconds in repetition 53
tcp_ping received 131072 bytes back
Round trip time was 24.138 milliseconds in repetition 54
tcp_ping received 131072 bytes back
Round trip time was 23.8112 milliseconds in repetition 55
tcp_ping received 131072 bytes back
Round trip time was 24.2844 milliseconds in repetition 56
tcp_ping received 131072 bytes back
Round trip time was 23.4812 milliseconds in repetition 57
tcp_ping received 131072 bytes back
Round trip time was 24.4736 milliseconds in repetition 58
tcp_ping received 131072 bytes back
Round trip time was 23.452 milliseconds in repetition 59
tcp_ping received 131072 bytes back
Round trip time was 23.6862 milliseconds in repetition 60
tcp_ping received 131072 bytes back
Round trip time was 23.9881 milliseconds in repetition 61
tcp_ping received 131072 bytes back
Round trip time was 23.8939 milliseconds in repetition 62
tcp_ping received 131072 bytes back
Round trip time was 23.6314 milliseconds in repetition 63
tcp_ping received 131072 bytes back
Round trip time was 24.4248 milliseconds in repetition 64
tcp_ping received 131072 bytes back
Round trip time was 23.3413 milliseconds in repetition 65
tcp_ping received 131072 bytes back
Round trip time was 24.5854 milliseconds in repetition 66
tcp_ping received 131072 bytes back
Round trip time was 23.383 milliseconds in repetition 67
tcp_ping received 131072 bytes back
Round trip time was 23.574 milliseconds in repetition 68
tcp_ping received 131072 bytes back
Round trip time was 24.555 milliseconds in repetition 69
tcp_ping received 131072 bytes back
Round trip time was 23.538 milliseconds in repetition 70
tcp_ping received 131072 bytes back
Round trip time was 23.957 milliseconds in repetition 71
tcp_ping received 131072 bytes back
Round trip time was 24.1255 milliseconds in repetition 72
tcp_ping received 131072 bytes back
Round trip time was 24.8821 milliseconds in repetition 73
tcp_ping received 131072 bytes back
Round trip time was 24.3852 milliseconds in repetition 74
tcp_ping received 131072 bytes back
Round trip time was 24.0368 milliseconds in repetition 75
tcp_ping received 131072 bytes back
Round trip time was 24.468 milliseconds in repetition 76
tcp_ping received 131072 bytes back
Round trip time was 24.0597 milliseconds in repetition 77
tcp_ping received 131072 bytes back
Round trip time was 24.8382 milliseconds in repetition 78
tcp_ping received 131072 bytes back
Round trip time was 23.3942 milliseconds in repetition 79
tcp_ping received 131072 bytes back
Round trip time was 23.5406 milliseconds in repetition 80
tcp_ping received 131072 bytes back
Round trip time was 31.6764 milliseconds in repetition 81
tcp_ping received 131072 bytes back
Round trip time was 25.03 milliseconds in repetition 82
tcp_ping received 131072 bytes back
Round trip time was 23.304 milliseconds in repetition 83
tcp_ping received 131072 bytes back
Round trip time was 23.3579 milliseconds in repetition 84
tcp_ping received 131072 bytes back
Round trip time was 23.5322 milliseconds in repetition 85
tcp_ping received 131072 bytes back
Round trip time was 24.9797 milliseconds in repetition 86
tcp_ping received 131072 bytes back
Round trip time was 24.1665 milliseconds in repetition 87
tcp_ping received 131072 bytes back
Round trip time was 23.3669 milliseconds in repetition 88
tcp_ping received 131072 bytes back
Round trip time was 27.4739 milliseconds in repetition 89
tcp_ping received 131072 bytes back
Round trip time was 24.289 milliseconds in repetition 90
tcp_ping received 131072 bytes back
Round trip time was 25.1409 milliseconds in repetition 91
tcp_ping received 131072 bytes back
Round trip time was 24.2576 milliseconds in repetition 92
tcp_ping received 131072 bytes back
Round trip time was 24.2745 milliseconds in repetition 93
tcp_ping received 131072 bytes back
Round trip time was 23.5426 milliseconds in repetition 94
tcp_ping received 131072 bytes back
Round trip time was 23.4319 milliseconds in repetition 95
tcp_ping received 131072 bytes back
Round trip time was 23.3168 milliseconds in repetition 96
tcp_ping received 131072 bytes back
Round trip time was 23.4713 milliseconds in repetition 97
tcp_ping received 131072 bytes back
Round trip time was 23.4978 milliseconds in repetition 98
tcp_ping received 131072 bytes back
Round trip time was 24.2729 milliseconds in repetition 99
tcp_ping received 131072 bytes back
Round trip time was 32.1173 milliseconds in repetition 100
tcp_ping received 131072 bytes back
Round trip time was 24.5167 milliseconds in repetition 101
tcp_ping received 131072 bytes back
Round trip time was 24.6443 milliseconds in repetition 102
tcp_ping received 131072 bytes back
Round trip time was 23.965 milliseconds in repetition 103
tcp_ping received 131072 bytes back
Round trip time was 23.8905 milliseconds in repetition 104
tcp_ping received 131072 bytes back
Round trip time was 24.2103 milliseconds in repetition 105
tcp_ping received 131072 bytes back
Round trip time was 24.4074 milliseconds in repetition 106
tcp_ping received 131072 bytes back
Round trip time was 23.6669 milliseconds in repetition 107
tcp_ping received 131072 bytes back
Round trip time was 24.8885 milliseconds in repetition 108
tcp_ping received 131072 bytes back
Round trip time was 25.0929 milliseconds in repetition 109
tcp_ping received 131072 bytes back
Round trip time was 24.5504 milliseconds in repetition 110
tcp_ping received 131072 bytes back
Round trip time was 24.9899 milliseconds in repetition 111
tcp_ping received 131072 bytes back
Round trip time was 24.6638 milliseconds in repetition 112
tcp_ping received 131072 bytes back
Round trip time was 25.347 milliseconds in repetition 113
tcp_ping received 131072 bytes back
Round trip time was 24.623 milliseconds in repetition 114
tcp_ping received 131072 bytes back
Round trip time was 24.2746 milliseconds in repetition 115
tcp_ping received 131072 bytes back
Round trip time was 24.4697 milliseconds in repetition 116
tcp_ping received 131072 bytes back
Round trip time was 23.5083 milliseconds in repetition 117
tcp_ping received 131072 bytes back
Round trip time was 24.3948 milliseconds in repetition 118
tcp_ping received 131072 bytes back
Round trip time was 23.7321 milliseconds in repetition 119
tcp_ping received 131072 bytes back
Round trip time was 24.2188 milliseconds in repetition 120
tcp_ping received 131072 bytes back
Round trip time was 26.7768 milliseconds in repetition 121
tcp_ping received 131072 bytes back
Round trip time was 24.2054 milliseconds in repetition 122
tcp_ping received 131072 bytes back
Round trip time was 24.8885 milliseconds in repetition 123
tcp_ping received 131072 bytes back
Round trip time was 23.979 milliseconds in repetition 124
tcp_ping received 131072 bytes back
Round trip time was 24.2159 milliseconds in repetition 125
tcp_ping received 131072 bytes back
Round trip time was 24.1232 milliseconds in repetition 126
tcp_ping received 131072 bytes back
Round trip time was 24.4788 milliseconds in repetition 127
tcp_ping received 131072 bytes back
Round trip time was 25.0348 milliseconds in repetition 128
tcp_ping received 131072 bytes back
Round trip time was 25.0142 milliseconds in repetition 129
tcp_ping received 131072 bytes back
Round trip time was 24.094 milliseconds in repetition 130
tcp_ping received 131072 bytes back
Round trip time was 23.7061 milliseconds in repetition 131
tcp_ping received 131072 bytes back
Round trip time was 25.5618 milliseconds in repetition 132
tcp_ping received 131072 bytes back
Round trip time was 24.4589 milliseconds in repetition 133
tcp_ping received 131072 bytes back
Round trip time was 24.4712 milliseconds in repetition 134
tcp_ping received 131072 bytes back
Round trip time was 24.4414 milliseconds in repetition 135
tcp_ping received 131072 bytes back
Round trip time was 23.9629 milliseconds in repetition 136
tcp_ping received 131072 bytes back
Round trip time was 24.0331 milliseconds in repetition 137
tcp_ping received 131072 bytes back
Round trip time was 23.7067 milliseconds in repetition 138
tcp_ping received 131072 bytes back
Round trip time was 23.4943 milliseconds in repetition 139
tcp_ping received 131072 bytes back
Round trip time was 27.2821 milliseconds in repetition 140
tcp_ping received 131072 bytes back
Round trip time was 23.8017 milliseconds in repetition 141
tcp_ping received 131072 bytes back
Round trip time was 23.3414 milliseconds in repetition 142
tcp_ping received 131072 bytes back
Round trip time was 24.0797 milliseconds in repetition 143
tcp_ping received 131072 bytes back
Round trip time was 24.6326 milliseconds in repetition 144
tcp_ping received 131072 bytes back
Round trip time was 24.8635 milliseconds in repetition 145
tcp_ping received 131072 bytes back
Round trip time was 24.3069 milliseconds in repetition 146
tcp_ping received 131072 bytes back
Round trip time was 24.9333 milliseconds in repetition 147
tcp_ping received 131072 bytes back
Round trip time was 23.9191 milliseconds in repetition 148
tcp_ping received 131072 bytes back
Round trip time was 23.5786 milliseconds in repetition 149
tcp_ping received 131072 bytes back
Round trip time was 25.4291 milliseconds in repetition 150
tcp_ping received 131072 bytes back
Round trip time was 26.7692 milliseconds in repetition 151
tcp_ping received 131072 bytes back
Round trip time was 25.0053 milliseconds in repetition 152
tcp_ping received 131072 bytes back
Round trip time was 24.4354 milliseconds in repetition 153
tcp_ping received 131072 bytes back
Round trip time was 24.4739 milliseconds in repetition 154
tcp_ping received 131072 bytes back
Round trip time was 24.5412 milliseconds in repetition 155
tcp_ping received 131072 bytes back
Round trip time was 24.7482 milliseconds in repetition 156
tcp_ping received 131072 bytes back
Round trip time was 24.3314 milliseconds in repetition 157
tcp_ping received 131072 bytes back
Round trip time was 24.4545 milliseconds in repetition 158
tcp_ping received 131072 bytes back
Round trip time was 24.9676 milliseconds in repetition 159
tcp_ping received 131072 bytes back
Round trip time was 23.8385 milliseconds in repetition 160
tcp_ping received 131072 bytes back
Round trip time was 24.3743 milliseconds in repetition 161
tcp_ping received 131072 bytes back
Round trip time was 23.5527 milliseconds in repetition 162
tcp_ping received 131072 bytes back
Round trip time was 25.6953 milliseconds in repetition 163
tcp_ping received 131072 bytes back
Round trip time was 23.5803 milliseconds in repetition 164
tcp_ping received 131072 bytes back
Round trip time was 23.668 milliseconds in repetition 165
tcp_ping received 131072 bytes back
Round trip time was 26.9636 milliseconds in repetition 166
tcp_ping received 131072 bytes back
Round trip time was 24.7718 milliseconds in repetition 167
tcp_ping received 131072 bytes back
Round trip time was 24.4171 milliseconds in repetition 168
tcp_ping received 131072 bytes back
Round trip time was 24.2627 milliseconds in repetition 169
tcp_ping received 131072 bytes back
Round trip time was 24.3906 milliseconds in repetition 170
tcp_ping received 131072 bytes back
Round trip time was 24.9126 milliseconds in repetition 171
tcp_ping received 131072 bytes back
Round trip time was 23.9133 milliseconds in repetition 172
tcp_ping received 131072 bytes back
Round trip time was 24.3331 milliseconds in repetition 173
tcp_ping received 131072 bytes back
Round trip time was 24.9926 milliseconds in repetition 174
tcp_ping received 131072 bytes back
Round trip time was 24.1545 milliseconds in repetition 175
tcp_ping received 131072 bytes back
Round trip time was 24.3803 milliseconds in repetition 176
tcp_ping received 131072 bytes back
Round trip time was 23.2562 milliseconds in repetition 177
tcp_ping received 131072 bytes back
Round trip time was 25.7227 milliseconds in repetition 178
tcp_ping received 131072 bytes back
Round trip time was 25.0509 milliseconds in repetition 179
tcp_ping received 131072 bytes back
Round trip time was 24.8852 milliseconds in repetition 180
tcp_ping received 131072 bytes back
Round trip time was 23.8165 milliseconds in repetition 181
tcp_ping received 131072 bytes back
Round trip time was 23.8573 milliseconds in repetition 182
tcp_ping received 131072 bytes back
Round trip time was 25.9221 milliseconds in repetition 183
tcp_ping received 131072 bytes back
Round trip time was 24.2023 milliseconds in repetition 184
tcp_ping received 131072 bytes back
Round trip time was 24.2692 milliseconds in repetition 185
tcp_ping received 131072 bytes back
Round trip time was 23.8237 milliseconds in repetition 186
tcp_ping received 131072 bytes back
Round trip time was 24.1356 milliseconds in repetition 187
tcp_ping received 131072 bytes back
Round trip time was 24.2099 milliseconds in repetition 188
tcp_ping received 131072 bytes back
Round trip time was 23.5987 milliseconds in repetition 189
tcp_ping received 131072 bytes back
Round trip time was 28.3971 milliseconds in repetition 190
tcp_ping received 131072 bytes back
Round trip time was 23.4064 milliseconds in repetition 191
tcp_ping received 131072 bytes back
Round trip time was 28.9811 milliseconds in repetition 192
tcp_ping received 131072 bytes back
Round trip time was 24.2855 milliseconds in repetition 193
tcp_ping received 131072 bytes back
Round trip time was 23.9549 milliseconds in repetition 194
tcp_ping received 131072 bytes back
Round trip time was 23.9518 milliseconds in repetition 195
tcp_ping received 131072 bytes back
Round trip time was 23.949 milliseconds in repetition 196
tcp_ping received 131072 bytes back
Round trip time was 23.3504 milliseconds in repetition 197
tcp_ping received 131072 bytes back
Round trip time was 24.0183 milliseconds in repetition 198
tcp_ping received 131072 bytes back
Round trip time was 24.0316 milliseconds in repetition 199
tcp_ping received 131072 bytes back
Round trip time was 24.2971 milliseconds in repetition 200
tcp_ping received 131072 bytes back
Round trip time was 23.3648 milliseconds in repetition 201
tcp_ping received 131072 bytes back
Round trip time was 24.1773 milliseconds in repetition 202
tcp_ping received 131072 bytes back
Round trip time was 24.1848 milliseconds in repetition 203
tcp_ping received 131072 bytes back
Round trip time was 23.4482 milliseconds in repetition 204
tcp_ping received 131072 bytes back
Round trip time was 23.2213 milliseconds in repetition 205
tcp_ping received 131072 bytes back
Round trip time was 24.1638 milliseconds in repetition 206
tcp_ping received 131072 bytes back
Round trip time was 24.5768 milliseconds in repetition 207
tcp_ping received 131072 bytes back
Round trip time was 23.7148 milliseconds in repetition 208
tcp_ping received 131072 bytes back
Round trip time was 24.2328 milliseconds in repetition 209
tcp_ping received 131072 bytes back
Round trip time was 24.1048 milliseconds in repetition 210
tcp_ping received 131072 bytes back
Round trip time was 23.3636 milliseconds in repetition 211
tcp_ping received 131072 bytes back
Round trip time was 24.6197 milliseconds in repetition 212
tcp_ping received 131072 bytes back
Round trip time was 23.9529 milliseconds in repetition 213
tcp_ping received 131072 bytes back
Round trip time was 23.9335 milliseconds in repetition 214
tcp_ping received 131072 bytes back
Round trip time was 23.5283 milliseconds in repetition 215
tcp_ping received 131072 bytes back
Round trip time was 23.907 milliseconds in repetition 216
tcp_ping received 131072 bytes back
Round trip time was 24.6579 milliseconds in repetition 217
tcp_ping received 131072 bytes back
Round trip time was 23.5303 milliseconds in repetition 218
tcp_ping received 131072 bytes back
Round trip time was 23.4109 milliseconds in repetition 219
tcp_ping received 131072 bytes back
Round trip time was 24.9691 milliseconds in repetition 220
tcp_ping received 131072 bytes back
Round trip time was 29.5885 milliseconds in repetition 221
tcp_ping received 131072 bytes back
Round trip time was 26.1066 milliseconds in repetition 222
tcp_ping received 131072 bytes back
Round trip time was 24.5901 milliseconds in repetition 223
tcp_ping received 131072 bytes back
Round trip time was 24.4948 milliseconds in repetition 224
tcp_ping received 131072 bytes back
Round trip time was 24.5086 milliseconds in repetition 225
tcp_ping received 131072 bytes back
Round trip time was 24.2962 milliseconds in repetition 226
tcp_ping received 131072 bytes back
Round trip time was 24.8549 milliseconds in repetition 227
tcp_ping received 131072 bytes back
Round trip time was 24.7739 milliseconds in repetition 228
tcp_ping received 131072 bytes back
Round trip time was 24.3419 milliseconds in repetition 229
tcp_ping received 131072 bytes back
Round trip time was 24.4584 milliseconds in repetition 230
tcp_ping received 131072 bytes back
Round trip time was 24.4321 milliseconds in repetition 231
tcp_ping received 131072 bytes back
Round trip time was 25.1262 milliseconds in repetition 232
tcp_ping received 131072 bytes back
Round trip time was 25.1293 milliseconds in repetition 233
tcp_ping received 131072 bytes back
Round trip time was 23.6801 milliseconds in repetition 234
tcp_ping received 131072 bytes back
Round trip time was 23.2714 milliseconds in repetition 235
tcp_ping received 131072 bytes back
Round trip time was 23.5549 milliseconds in repetition 236
tcp_ping received 131072 bytes back
Round trip time was 23.496 milliseconds in repetition 237
tcp_ping received 131072 bytes back
Round trip time was 25.2484 milliseconds in repetition 238
tcp_ping received 131072 bytes back
Round trip time was 24.6363 milliseconds in repetition 239
tcp_ping received 131072 bytes back
Round trip time was 26.0536 milliseconds in repetition 240
tcp_ping received 131072 bytes back
Round trip time was 24.4979 milliseconds in repetition 241
tcp_ping received 131072 bytes back
Round trip time was 23.8399 milliseconds in repetition 242
tcp_ping received 131072 bytes back
Round trip time was 26.4191 milliseconds in repetition 243
tcp_ping received 131072 bytes back
Round trip time was 24.8194 milliseconds in repetition 244
tcp_ping received 131072 bytes back
Round trip time was 24.2073 milliseconds in repetition 245
tcp_ping received 131072 bytes back
Round trip time was 24.1964 milliseconds in repetition 246
tcp_ping received 131072 bytes back
Round trip time was 24.1446 milliseconds in repetition 247
tcp_ping received 131072 bytes back
Round trip time was 24.201 milliseconds in repetition 248
tcp_ping received 131072 bytes back
Round trip time was 24.5605 milliseconds in repetition 249
tcp_ping received 131072 bytes back
Round trip time was 24.6236 milliseconds in repetition 250
tcp_ping received 131072 bytes back
Round trip time was 24.3252 milliseconds in repetition 251
tcp_ping received 131072 bytes back
Round trip time was 24.642 milliseconds in repetition 252
tcp_ping received 131072 bytes back
Round trip time was 24.0446 milliseconds in repetition 253
tcp_ping received 131072 bytes back
Round trip time was 24.2658 milliseconds in repetition 254
tcp_ping received 131072 bytes back
Round trip time was 23.5202 milliseconds in repetition 255
tcp_ping received 131072 bytes back
Round trip time was 23.4966 milliseconds in repetition 256
tcp_ping received 131072 bytes back
Round trip time was 24.6135 milliseconds in repetition 257
tcp_ping received 131072 bytes back
Round trip time was 27.4428 milliseconds in repetition 258
tcp_ping received 131072 bytes back
Round trip time was 24.3418 milliseconds in repetition 259
tcp_ping received 131072 bytes back
Round trip time was 24.7418 milliseconds in repetition 260
tcp_ping received 131072 bytes back
Round trip time was 24.7539 milliseconds in repetition 261
tcp_ping received 131072 bytes back
Round trip time was 24.1377 milliseconds in repetition 262
tcp_ping received 131072 bytes back
Round trip time was 24.1354 milliseconds in repetition 263
tcp_ping received 131072 bytes back
Round trip time was 24.9483 milliseconds in repetition 264
tcp_ping received 131072 bytes back
Round trip time was 23.6738 milliseconds in repetition 265
tcp_ping received 131072 bytes back
Round trip time was 23.6494 milliseconds in repetition 266
tcp_ping received 131072 bytes back
Round trip time was 23.4413 milliseconds in repetition 267
tcp_ping received 131072 bytes back
Round trip time was 23.4359 milliseconds in repetition 268
tcp_ping received 131072 bytes back
Round trip time was 25.2429 milliseconds in repetition 269
tcp_ping received 131072 bytes back
Round trip time was 24.6452 milliseconds in repetition 270
tcp_ping received 131072 bytes back
Round trip time was 24.3789 milliseconds in repetition 271
tcp_ping received 131072 bytes back
Round trip time was 24.8844 milliseconds in repetition 272
tcp_ping received 131072 bytes back
Round trip time was 24.8234 milliseconds in repetition 273
tcp_ping received 131072 bytes back
Round trip time was 24.1365 milliseconds in repetition 274
tcp_ping received 131072 bytes back
Round trip time was 24.6524 milliseconds in repetition 275
tcp_ping received 131072 bytes back
Round trip time was 23.6491 milliseconds in repetition 276
tcp_ping received 131072 bytes back
Round trip time was 25.0256 milliseconds in repetition 277
tcp_ping received 131072 bytes back
Round trip time was 24.1664 milliseconds in repetition 278
tcp_ping received 131072 bytes back
Round trip time was 24.5729 milliseconds in repetition 279
tcp_ping received 131072 bytes back
Round trip time was 24.0701 milliseconds in repetition 280
tcp_ping received 131072 bytes back
Round trip time was 23.7097 milliseconds in repetition 281
tcp_ping received 131072 bytes back
Round trip time was 24.2321 milliseconds in repetition 282
tcp_ping received 131072 bytes back
Round trip time was 24.1967 milliseconds in repetition 283
tcp_ping received 131072 bytes back
Round trip time was 30.2563 milliseconds in repetition 284
tcp_ping received 131072 bytes back
Round trip time was 23.2788 milliseconds in repetition 285
tcp_ping received 131072 bytes back
Round trip time was 24.9216 milliseconds in repetition 286
tcp_ping received 131072 bytes back
Round trip time was 24.4679 milliseconds in repetition 287
tcp_ping received 131072 bytes back
Round trip time was 23.4096 milliseconds in repetition 288
tcp_ping received 131072 bytes back
Round trip time was 24.1026 milliseconds in repetition 289
tcp_ping received 131072 bytes back
Round trip time was 24.9554 milliseconds in repetition 290
tcp_ping received 131072 bytes back
Round trip time was 24.0441 milliseconds in repetition 291
tcp_ping received 131072 bytes back
Round trip time was 23.5272 milliseconds in repetition 292
tcp_ping received 131072 bytes back
Round trip time was 24.6183 milliseconds in repetition 293
tcp_ping received 131072 bytes back
Round trip time was 24.5018 milliseconds in repetition 294
tcp_ping received 131072 bytes back
Round trip time was 25.0002 milliseconds in repetition 295
tcp_ping received 131072 bytes back
Round trip time was 24.4565 milliseconds in repetition 296
tcp_ping received 131072 bytes back
Round trip time was 24.4215 milliseconds in repetition 297
tcp_ping received 131072 bytes back
Round trip time was 24.4611 milliseconds in repetition 298
tcp_ping received 131072 bytes back
Round trip time was 24.0477 milliseconds in repetition 299
tcp_ping received 131072 bytes back
Round trip time was 25.3834 milliseconds in repetition 300
tcp_ping received 131072 bytes back
Round trip time was 23.8247 milliseconds in repetition 301
tcp_ping received 131072 bytes back
Round trip time was 23.4293 milliseconds in repetition 302
tcp_ping received 131072 bytes back
Round trip time was 23.6274 milliseconds in repetition 303
tcp_ping received 131072 bytes back
Round trip time was 27.1168 milliseconds in repetition 304
tcp_ping received 131072 bytes back
Round trip time was 25.1178 milliseconds in repetition 305
tcp_ping received 131072 bytes back
Round trip time was 24.7146 milliseconds in repetition 306
tcp_ping received 131072 bytes back
Round trip time was 23.2563 milliseconds in repetition 307
tcp_ping received 131072 bytes back
Round trip time was 23.5433 milliseconds in repetition 308
tcp_ping received 131072 bytes back
Round trip time was 23.921 milliseconds in repetition 309
tcp_ping received 131072 bytes back
Round trip time was 23.555 milliseconds in repetition 310
tcp_ping received 131072 bytes back
Round trip time was 28.3592 milliseconds in repetition 311
tcp_ping received 131072 bytes back
Round trip time was 23.8923 milliseconds in repetition 312
tcp_ping received 131072 bytes back
Round trip time was 33.7213 milliseconds in repetition 313
tcp_ping received 131072 bytes back
Round trip time was 30.3552 milliseconds in repetition 314
tcp_ping received 131072 bytes back
Round trip time was 28.6615 milliseconds in repetition 315
tcp_ping received 131072 bytes back
Round trip time was 28.4559 milliseconds in repetition 316
tcp_ping received 131072 bytes back
Round trip time was 26.4054 milliseconds in repetition 317
tcp_ping received 131072 bytes back
Round trip time was 27.7075 milliseconds in repetition 318
tcp_ping received 131072 bytes back
Round trip time was 32.1147 milliseconds in repetition 319
tcp_ping received 131072 bytes back
Round trip time was 27.693 milliseconds in repetition 320
tcp_ping received 131072 bytes back
Round trip time was 28.258 milliseconds in repetition 321
tcp_ping received 131072 bytes back
Round trip time was 34.2904 milliseconds in repetition 322
tcp_ping received 131072 bytes back
Round trip time was 30.9458 milliseconds in repetition 323
tcp_ping received 131072 bytes back
Round trip time was 29.4114 milliseconds in repetition 324
tcp_ping received 131072 bytes back
Round trip time was 36.9868 milliseconds in repetition 325
tcp_ping received 131072 bytes back
Round trip time was 23.565 milliseconds in repetition 326
tcp_ping received 131072 bytes back
Round trip time was 28.3848 milliseconds in repetition 327
tcp_ping received 131072 bytes back
Round trip time was 29.2433 milliseconds in repetition 328
tcp_ping received 131072 bytes back
Round trip time was 25.9234 milliseconds in repetition 329
tcp_ping received 131072 bytes back
Round trip time was 25.6188 milliseconds in repetition 330
tcp_ping received 131072 bytes back
Round trip time was 29.9229 milliseconds in repetition 331
tcp_ping received 131072 bytes back
Round trip time was 30.1879 milliseconds in repetition 332
tcp_ping received 131072 bytes back
Round trip time was 28.6971 milliseconds in repetition 333
tcp_ping received 131072 bytes back
Round trip time was 33.5191 milliseconds in repetition 334
tcp_ping received 131072 bytes back
Round trip time was 25.6667 milliseconds in repetition 335
tcp_ping received 131072 bytes back
Round trip time was 25.0174 milliseconds in repetition 336
tcp_ping received 131072 bytes back
Round trip time was 24.3568 milliseconds in repetition 337
tcp_ping received 131072 bytes back
Round trip time was 33.9775 milliseconds in repetition 338
tcp_ping received 131072 bytes back
Round trip time was 26.389 milliseconds in repetition 339
tcp_ping received 131072 bytes back
Round trip time was 26.9113 milliseconds in repetition 340
tcp_ping received 131072 bytes back
Round trip time was 25.8193 milliseconds in repetition 341
tcp_ping received 131072 bytes back
Round trip time was 28.3948 milliseconds in repetition 342
tcp_ping received 131072 bytes back
Round trip time was 33.051 milliseconds in repetition 343
tcp_ping received 131072 bytes back
Round trip time was 30.9471 milliseconds in repetition 344
tcp_ping received 131072 bytes back
Round trip time was 27.0257 milliseconds in repetition 345
tcp_ping received 131072 bytes back
Round trip time was 27.8073 milliseconds in repetition 346
tcp_ping received 131072 bytes back
Round trip time was 28.2723 milliseconds in repetition 347
tcp_ping received 131072 bytes back
Round trip time was 27.5707 milliseconds in repetition 348
tcp_ping received 131072 bytes back
Round trip time was 27.2911 milliseconds in repetition 349
tcp_ping received 131072 bytes back
Round trip time was 25.3835 milliseconds in repetition 350
tcp_ping received 131072 bytes back
Round trip time was 25.5279 milliseconds in repetition 351
tcp_ping received 131072 bytes back
Round trip time was 25.5825 milliseconds in repetition 352
tcp_ping received 131072 bytes back
Round trip time was 27.8707 milliseconds in repetition 353
tcp_ping received 131072 bytes back
Round trip time was 25.7791 milliseconds in repetition 354
tcp_ping received 131072 bytes back
Round trip time was 26.5523 milliseconds in repetition 355
tcp_ping received 131072 bytes back
Round trip time was 27.4039 milliseconds in repetition 356
tcp_ping received 131072 bytes back
Round trip time was 28.4007 milliseconds in repetition 357
tcp_ping received 131072 bytes back
Round trip time was 26.487 milliseconds in repetition 358
tcp_ping received 131072 bytes back
Round trip time was 26.2638 milliseconds in repetition 359
tcp_ping received 131072 bytes back
Round trip time was 27.0605 milliseconds in repetition 360
tcp_ping received 131072 bytes back
Round trip time was 27.5249 milliseconds in repetition 361
tcp_ping received 131072 bytes back
Round trip time was 24.1946 milliseconds in repetition 362
tcp_ping received 131072 bytes back
Round trip time was 24.0004 milliseconds in repetition 363
tcp_ping received 131072 bytes back
Round trip time was 24.2528 milliseconds in repetition 364
tcp_ping received 131072 bytes back
Round trip time was 24.1269 milliseconds in repetition 365
tcp_ping received 131072 bytes back
Round trip time was 24.022 milliseconds in repetition 366
tcp_ping received 131072 bytes back
Round trip time was 23.9109 milliseconds in repetition 367
tcp_ping received 131072 bytes back
Round trip time was 24.2706 milliseconds in repetition 368
tcp_ping received 131072 bytes back
Round trip time was 30.0579 milliseconds in repetition 369
tcp_ping received 131072 bytes back
Round trip time was 26.0508 milliseconds in repetition 370
tcp_ping received 131072 bytes back
Round trip time was 25.7162 milliseconds in repetition 371
tcp_ping received 131072 bytes back
Round trip time was 31.1464 milliseconds in repetition 372
tcp_ping received 131072 bytes back
Round trip time was 29.4415 milliseconds in repetition 373
tcp_ping received 131072 bytes back
Round trip time was 27.3587 milliseconds in repetition 374
tcp_ping received 131072 bytes back
Round trip time was 33.8583 milliseconds in repetition 375
tcp_ping received 131072 bytes back
Round trip time was 26.3036 milliseconds in repetition 376
tcp_ping received 131072 bytes back
Round trip time was 44.5731 milliseconds in repetition 377
tcp_ping received 131072 bytes back
Round trip time was 34.7354 milliseconds in repetition 378
tcp_ping received 131072 bytes back
Round trip time was 31.4824 milliseconds in repetition 379
tcp_ping received 131072 bytes back
Round trip time was 30.9417 milliseconds in repetition 380
tcp_ping received 131072 bytes back
Round trip time was 48.0335 milliseconds in repetition 381
tcp_ping received 131072 bytes back
Round trip time was 27.6842 milliseconds in repetition 382
tcp_ping received 131072 bytes back
Round trip time was 27.0486 milliseconds in repetition 383
tcp_ping received 131072 bytes back
Round trip time was 25.0433 milliseconds in repetition 384
tcp_ping received 131072 bytes back
Round trip time was 27.0495 milliseconds in repetition 385
tcp_ping received 131072 bytes back
Round trip time was 24.4256 milliseconds in repetition 386
tcp_ping received 131072 bytes back
Round trip time was 24.9499 milliseconds in repetition 387
tcp_ping received 131072 bytes back
Round trip time was 23.8472 milliseconds in repetition 388
tcp_ping received 131072 bytes back
Round trip time was 31.2481 milliseconds in repetition 389
tcp_ping received 131072 bytes back
Round trip time was 26.7394 milliseconds in repetition 390
tcp_ping received 131072 bytes back
Round trip time was 29.2628 milliseconds in repetition 391
tcp_ping received 131072 bytes back
Round trip time was 31.2084 milliseconds in repetition 392
tcp_ping received 131072 bytes back
Round trip time was 28.8208 milliseconds in repetition 393
tcp_ping received 131072 bytes back
Round trip time was 27.7298 milliseconds in repetition 394
tcp_ping received 131072 bytes back
Round trip time was 26.1025 milliseconds in repetition 395
tcp_ping received 131072 bytes back
Round trip time was 31.7866 milliseconds in repetition 396
tcp_ping received 131072 bytes back
Round trip time was 25.6756 milliseconds in repetition 397
tcp_ping received 131072 bytes back
Round trip time was 24.6236 milliseconds in repetition 398
tcp_ping received 131072 bytes back
Round trip time was 24.1062 milliseconds in repetition 399
tcp_ping received 131072 bytes back
Round trip time was 27.5117 milliseconds in repetition 400
tcp_ping received 131072 bytes back
Round trip time was 24.7656 milliseconds in repetition 401
tcp_ping received 131072 bytes back
Round trip time was 25.2336 milliseconds in repetition 402
tcp_ping received 131072 bytes back
Round trip time was 24.1769 milliseconds in repetition 403
tcp_ping received 131072 bytes back
Round trip time was 24.7333 milliseconds in repetition 404
tcp_ping received 131072 bytes back
Round trip time was 24.8071 milliseconds in repetition 405
tcp_ping received 131072 bytes back
Round trip time was 23.9767 milliseconds in repetition 406
tcp_ping received 131072 bytes back
Round trip time was 24.1626 milliseconds in repetition 407
tcp_ping received 131072 bytes back
Round trip time was 24.1719 milliseconds in repetition 408
tcp_ping received 131072 bytes back
Round trip time was 24.6137 milliseconds in repetition 409
tcp_ping received 131072 bytes back
Round trip time was 25.055 milliseconds in repetition 410
tcp_ping received 131072 bytes back
Round trip time was 24.0017 milliseconds in repetition 411
tcp_ping received 131072 bytes back
Round trip time was 24.3814 milliseconds in repetition 412
tcp_ping received 131072 bytes back
Round trip time was 24.7548 milliseconds in repetition 413
tcp_ping received 131072 bytes back
Round trip time was 31.9872 milliseconds in repetition 414
tcp_ping received 131072 bytes back
Round trip time was 30.4613 milliseconds in repetition 415
tcp_ping received 131072 bytes back
Round trip time was 26.0676 milliseconds in repetition 416
tcp_ping received 131072 bytes back
Round trip time was 26.104 milliseconds in repetition 417
tcp_ping received 131072 bytes back
Round trip time was 29.2414 milliseconds in repetition 418
tcp_ping received 131072 bytes back
Round trip time was 26.6449 milliseconds in repetition 419
tcp_ping received 131072 bytes back
Round trip time was 31.7689 milliseconds in repetition 420
tcp_ping received 131072 bytes back
Round trip time was 42.6415 milliseconds in repetition 421
tcp_ping received 131072 bytes back
Round trip time was 40.0896 milliseconds in repetition 422
tcp_ping received 131072 bytes back
Round trip time was 35.6502 milliseconds in repetition 423
tcp_ping received 131072 bytes back
Round trip time was 29.5663 milliseconds in repetition 424
tcp_ping received 131072 bytes back
Round trip time was 28.6892 milliseconds in repetition 425
tcp_ping received 131072 bytes back
Round trip time was 27.9924 milliseconds in repetition 426
tcp_ping received 131072 bytes back
Round trip time was 29.4646 milliseconds in repetition 427
tcp_ping received 131072 bytes back
Round trip time was 32.0664 milliseconds in repetition 428
tcp_ping received 131072 bytes back
Round trip time was 34.5718 milliseconds in repetition 429
tcp_ping received 131072 bytes back
Round trip time was 31.3747 milliseconds in repetition 430
tcp_ping received 131072 bytes back
Round trip time was 34.7245 milliseconds in repetition 431
tcp_ping received 131072 bytes back
Round trip time was 29.3912 milliseconds in repetition 432
tcp_ping received 131072 bytes back
Round trip time was 34.3957 milliseconds in repetition 433
tcp_ping received 131072 bytes back
Round trip time was 33.0316 milliseconds in repetition 434
tcp_ping received 131072 bytes back
Round trip time was 35.6185 milliseconds in repetition 435
tcp_ping received 131072 bytes back
Round trip time was 30.5588 milliseconds in repetition 436
tcp_ping received 131072 bytes back
Round trip time was 30.1458 milliseconds in repetition 437
tcp_ping received 131072 bytes back
Round trip time was 35.9645 milliseconds in repetition 438
tcp_ping received 131072 bytes back
Round trip time was 26.5057 milliseconds in repetition 439
tcp_ping received 131072 bytes back
Round trip time was 28.1279 milliseconds in repetition 440
tcp_ping received 131072 bytes back
Round trip time was 29.9782 milliseconds in repetition 441
tcp_ping received 131072 bytes back
Round trip time was 28.8374 milliseconds in repetition 442
tcp_ping received 131072 bytes back
Round trip time was 30.8427 milliseconds in repetition 443
tcp_ping received 131072 bytes back
Round trip time was 30.0735 milliseconds in repetition 444
tcp_ping received 131072 bytes back
Round trip time was 35.9343 milliseconds in repetition 445
tcp_ping received 131072 bytes back
Round trip time was 27.7348 milliseconds in repetition 446
tcp_ping received 131072 bytes back
Round trip time was 25.3915 milliseconds in repetition 447
tcp_ping received 131072 bytes back
Round trip time was 34.2099 milliseconds in repetition 448
tcp_ping received 131072 bytes back
Round trip time was 27.4578 milliseconds in repetition 449
tcp_ping received 131072 bytes back
Round trip time was 26.7164 milliseconds in repetition 450
tcp_ping received 131072 bytes back
Round trip time was 30.8953 milliseconds in repetition 451
tcp_ping received 131072 bytes back
Round trip time was 28.2968 milliseconds in repetition 452
tcp_ping received 131072 bytes back
Round trip time was 32.424 milliseconds in repetition 453
tcp_ping received 131072 bytes back
Round trip time was 26.6841 milliseconds in repetition 454
tcp_ping received 131072 bytes back
Round trip time was 32.4455 milliseconds in repetition 455
tcp_ping received 131072 bytes back
Round trip time was 26.3711 milliseconds in repetition 456
tcp_ping received 131072 bytes back
Round trip time was 28.0798 milliseconds in repetition 457
tcp_ping received 131072 bytes back
Round trip time was 31.3085 milliseconds in repetition 458
tcp_ping received 131072 bytes back
Round trip time was 26.3802 milliseconds in repetition 459
tcp_ping received 131072 bytes back
Round trip time was 27.9539 milliseconds in repetition 460
tcp_ping received 131072 bytes back
Round trip time was 30.7094 milliseconds in repetition 461
tcp_ping received 131072 bytes back
Round trip time was 30.6615 milliseconds in repetition 462
tcp_ping received 131072 bytes back
Round trip time was 28.6931 milliseconds in repetition 463
tcp_ping received 131072 bytes back
Round trip time was 28.5238 milliseconds in repetition 464
tcp_ping received 131072 bytes back
Round trip time was 44.8797 milliseconds in repetition 465
tcp_ping received 131072 bytes back
Round trip time was 27.9763 milliseconds in repetition 466
tcp_ping received 131072 bytes back
Round trip time was 27.8315 milliseconds in repetition 467
tcp_ping received 131072 bytes back
Round trip time was 31.3396 milliseconds in repetition 468
tcp_ping received 131072 bytes back
Round trip time was 30.0789 milliseconds in repetition 469
tcp_ping received 131072 bytes back
Round trip time was 25.4495 milliseconds in repetition 470
tcp_ping received 131072 bytes back
Round trip time was 27.2282 milliseconds in repetition 471
tcp_ping received 131072 bytes back
Round trip time was 27.252 milliseconds in repetition 472
tcp_ping received 131072 bytes back
Round trip time was 31.5128 milliseconds in repetition 473
tcp_ping received 131072 bytes back
Round trip time was 33.5246 milliseconds in repetition 474
tcp_ping received 131072 bytes back
Round trip time was 32.2643 milliseconds in repetition 475
tcp_ping received 131072 bytes back
Round trip time was 30.0264 milliseconds in repetition 476
tcp_ping received 131072 bytes back
Round trip time was 27.6919 milliseconds in repetition 477
tcp_ping received 131072 bytes back
Round trip time was 36.4128 milliseconds in repetition 478
tcp_ping received 131072 bytes back
Round trip time was 36.8138 milliseconds in repetition 479
tcp_ping received 131072 bytes back
Round trip time was 27.1951 milliseconds in repetition 480
tcp_ping received 131072 bytes back
Round trip time was 29.3193 milliseconds in repetition 481
tcp_ping received 131072 bytes back
Round trip time was 36.233 milliseconds in repetition 482
tcp_ping received 131072 bytes back
Round trip time was 32.1282 milliseconds in repetition 483
tcp_ping received 131072 bytes back
Round trip time was 27.5857 milliseconds in repetition 484
tcp_ping received 131072 bytes back
Round trip time was 60.3032 milliseconds in repetition 485
tcp_ping received 131072 bytes back
Round trip time was 90.9474 milliseconds in repetition 486
tcp_ping received 131072 bytes back
Round trip time was 30.6118 milliseconds in repetition 487
tcp_ping received 131072 bytes back
Round trip time was 33.5378 milliseconds in repetition 488
tcp_ping received 131072 bytes back
Round trip time was 30.6008 milliseconds in repetition 489
tcp_ping received 131072 bytes back
Round trip time was 28.8018 milliseconds in repetition 490
tcp_ping received 131072 bytes back
Round trip time was 27.7464 milliseconds in repetition 491
tcp_ping received 131072 bytes back
Round trip time was 28.5579 milliseconds in repetition 492
tcp_ping received 131072 bytes back
Round trip time was 31.1391 milliseconds in repetition 493
tcp_ping received 131072 bytes back
Round trip time was 32.3894 milliseconds in repetition 494
tcp_ping received 131072 bytes back
Round trip time was 35.2855 milliseconds in repetition 495
tcp_ping received 131072 bytes back
Round trip time was 29.1027 milliseconds in repetition 496
tcp_ping received 131072 bytes back
Round trip time was 31.9892 milliseconds in repetition 497
tcp_ping received 131072 bytes back
Round trip time was 28.6576 milliseconds in repetition 498
tcp_ping received 131072 bytes back
Round trip time was 35.8932 milliseconds in repetition 499
tcp_ping received 131072 bytes back
Round trip time was 27.7238 milliseconds in repetition 500
tcp_ping received 131072 bytes back
Round trip time was 31.5814 milliseconds in repetition 501

 ... clock resolution was 1e-06
TCP Ping:  Statistics over 501 repetitions of 131072 byte messages

RTT : percentile 10: 23.574, median: 24.7418, percentile 90: 31.3085, average: 29.3646, variance: 4151.8

RTT histogram:
23.1472 498
23.2213 2
23.2562 0
23.2563 0
23.2631 0
23.2714 0
23.2788 0
23.304 0
23.3168 0
23.3329 0
23.3413 0
23.3414 0
23.3504 0
23.3579 0
23.3636 0
23.3648 0
23.3669 0
23.383 0
23.3942 0
23.4064 0
23.4096 1

   median Throughput : 10595.2 KB/s   overall Throughput : 8927.2 KB/s

