TCP Ping trying to connect to server webdev.disi.unige.it (130.251.61.30) on port 1491
 ... connected to Pong server: asking for 501 repetitions of 6144 bytes TCP messages
 ... Pong server agreed :-)
tcp_ping received 6144 bytes back
Round trip time was 10.4436 milliseconds in repetition 1
tcp_ping received 6144 bytes back
Round trip time was 4.87451 milliseconds in repetition 2
tcp_ping received 6144 bytes back
Round trip time was 4.68654 milliseconds in repetition 3
tcp_ping received 6144 bytes back
Round trip time was 4.53986 milliseconds in repetition 4
tcp_ping received 6144 bytes back
Round trip time was 4.91045 milliseconds in repetition 5
tcp_ping received 6144 bytes back
Round trip time was 8.25608 milliseconds in repetition 6
tcp_ping received 6144 bytes back
Round trip time was 2.74489 milliseconds in repetition 7
tcp_ping received 6144 bytes back
Round trip time was 3.64713 milliseconds in repetition 8
tcp_ping received 6144 bytes back
Round trip time was 2.85512 milliseconds in repetition 9
tcp_ping received 6144 bytes back
Round trip time was 6.88111 milliseconds in repetition 10
tcp_ping received 6144 bytes back
Round trip time was 2.44777 milliseconds in repetition 11
tcp_ping received 6144 bytes back
Round trip time was 2.3243 milliseconds in repetition 12
tcp_ping received 6144 bytes back
Round trip time was 2.4815 milliseconds in repetition 13
tcp_ping received 6144 bytes back
Round trip time was 2.42306 milliseconds in repetition 14
tcp_ping received 6144 bytes back
Round trip time was 2.93267 milliseconds in repetition 15
tcp_ping received 6144 bytes back
Round trip time was 2.61521 milliseconds in repetition 16
tcp_ping received 6144 bytes back
Round trip time was 2.81109 milliseconds in repetition 17
tcp_ping received 6144 bytes back
Round trip time was 2.88028 milliseconds in repetition 18
tcp_ping received 6144 bytes back
Round trip time was 3.81252 milliseconds in repetition 19
tcp_ping received 6144 bytes back
Round trip time was 2.90855 milliseconds in repetition 20
tcp_ping received 6144 bytes back
Round trip time was 2.88541 milliseconds in repetition 21
tcp_ping received 6144 bytes back
Round trip time was 2.71378 milliseconds in repetition 22
tcp_ping received 6144 bytes back
Round trip time was 3.21865 milliseconds in repetition 23
tcp_ping received 6144 bytes back
Round trip time was 2.97854 milliseconds in repetition 24
tcp_ping received 6144 bytes back
Round trip time was 2.67833 milliseconds in repetition 25
tcp_ping received 6144 bytes back
Round trip time was 2.70668 milliseconds in repetition 26
tcp_ping received 6144 bytes back
Round trip time was 3.44086 milliseconds in repetition 27
tcp_ping received 6144 bytes back
Round trip time was 3.45306 milliseconds in repetition 28
tcp_ping received 6144 bytes back
Round trip time was 6.44866 milliseconds in repetition 29
tcp_ping received 6144 bytes back
Round trip time was 3.14278 milliseconds in repetition 30
tcp_ping received 6144 bytes back
Round trip time was 2.67006 milliseconds in repetition 31
tcp_ping received 6144 bytes back
Round trip time was 2.61154 milliseconds in repetition 32
tcp_ping received 6144 bytes back
Round trip time was 2.69149 milliseconds in repetition 33
tcp_ping received 6144 bytes back
Round trip time was 2.85108 milliseconds in repetition 34
tcp_ping received 6144 bytes back
Round trip time was 10.1805 milliseconds in repetition 35
tcp_ping received 6144 bytes back
Round trip time was 2.75627 milliseconds in repetition 36
tcp_ping received 6144 bytes back
Round trip time was 3.40029 milliseconds in repetition 37
tcp_ping received 6144 bytes back
Round trip time was 2.9526 milliseconds in repetition 38
tcp_ping received 6144 bytes back
Round trip time was 4.07484 milliseconds in repetition 39
tcp_ping received 6144 bytes back
Round trip time was 2.78107 milliseconds in repetition 40
tcp_ping received 6144 bytes back
Round trip time was 3.05123 milliseconds in repetition 41
tcp_ping received 6144 bytes back
Round trip time was 2.85257 milliseconds in repetition 42
tcp_ping received 6144 bytes back
Round trip time was 3.23693 milliseconds in repetition 43
tcp_ping received 6144 bytes back
Round trip time was 2.81042 milliseconds in repetition 44
tcp_ping received 6144 bytes back
Round trip time was 3.35068 milliseconds in repetition 45
tcp_ping received 6144 bytes back
Round trip time was 2.62555 milliseconds in repetition 46
tcp_ping received 6144 bytes back
Round trip time was 3.03607 milliseconds in repetition 47
tcp_ping received 6144 bytes back
Round trip time was 3.26022 milliseconds in repetition 48
tcp_ping received 6144 bytes back
Round trip time was 2.91246 milliseconds in repetition 49
tcp_ping received 6144 bytes back
Round trip time was 2.79709 milliseconds in repetition 50
tcp_ping received 6144 bytes back
Round trip time was 2.83194 milliseconds in repetition 51
tcp_ping received 6144 bytes back
Round trip time was 3.7861 milliseconds in repetition 52
tcp_ping received 6144 bytes back
Round trip time was 2.9672 milliseconds in repetition 53
tcp_ping received 6144 bytes back
Round trip time was 2.72144 milliseconds in repetition 54
tcp_ping received 6144 bytes back
Round trip time was 10.7497 milliseconds in repetition 55
tcp_ping received 6144 bytes back
Round trip time was 9.58381 milliseconds in repetition 56
tcp_ping received 6144 bytes back
Round trip time was 3.02157 milliseconds in repetition 57
tcp_ping received 6144 bytes back
Round trip time was 2.56645 milliseconds in repetition 58
tcp_ping received 6144 bytes back
Round trip time was 4.29704 milliseconds in repetition 59
tcp_ping received 6144 bytes back
Round trip time was 3.39194 milliseconds in repetition 60
tcp_ping received 6144 bytes back
Round trip time was 3.20306 milliseconds in repetition 61
tcp_ping received 6144 bytes back
Round trip time was 2.97136 milliseconds in repetition 62
tcp_ping received 6144 bytes back
Round trip time was 2.79793 milliseconds in repetition 63
tcp_ping received 6144 bytes back
Round trip time was 3.43618 milliseconds in repetition 64
tcp_ping received 6144 bytes back
Round trip time was 3.34958 milliseconds in repetition 65
tcp_ping received 6144 bytes back
Round trip time was 3.14929 milliseconds in repetition 66
tcp_ping received 6144 bytes back
Round trip time was 2.97438 milliseconds in repetition 67
tcp_ping received 6144 bytes back
Round trip time was 3.03089 milliseconds in repetition 68
tcp_ping received 6144 bytes back
Round trip time was 3.29501 milliseconds in repetition 69
tcp_ping received 6144 bytes back
Round trip time was 3.30257 milliseconds in repetition 70
tcp_ping received 6144 bytes back
Round trip time was 4.0524 milliseconds in repetition 71
tcp_ping received 6144 bytes back
Round trip time was 4.08593 milliseconds in repetition 72
tcp_ping received 6144 bytes back
Round trip time was 3.08899 milliseconds in repetition 73
tcp_ping received 6144 bytes back
Round trip time was 3.04574 milliseconds in repetition 74
tcp_ping received 6144 bytes back
Round trip time was 2.93949 milliseconds in repetition 75
tcp_ping received 6144 bytes back
Round trip time was 2.79339 milliseconds in repetition 76
tcp_ping received 6144 bytes back
Round trip time was 3.68748 milliseconds in repetition 77
tcp_ping received 6144 bytes back
Round trip time was 5.99413 milliseconds in repetition 78
tcp_ping received 6144 bytes back
Round trip time was 7.52154 milliseconds in repetition 79
tcp_ping received 6144 bytes back
Round trip time was 2.76145 milliseconds in repetition 80
tcp_ping received 6144 bytes back
Round trip time was 3.14383 milliseconds in repetition 81
tcp_ping received 6144 bytes back
Round trip time was 2.92249 milliseconds in repetition 82
tcp_ping received 6144 bytes back
Round trip time was 2.94543 milliseconds in repetition 83
tcp_ping received 6144 bytes back
Round trip time was 3.03659 milliseconds in repetition 84
tcp_ping received 6144 bytes back
Round trip time was 3.31734 milliseconds in repetition 85
tcp_ping received 6144 bytes back
Round trip time was 3.4159 milliseconds in repetition 86
tcp_ping received 6144 bytes back
Round trip time was 3.15464 milliseconds in repetition 87
tcp_ping received 6144 bytes back
Round trip time was 3.31948 milliseconds in repetition 88
tcp_ping received 6144 bytes back
Round trip time was 2.9928 milliseconds in repetition 89
tcp_ping received 6144 bytes back
Round trip time was 2.54339 milliseconds in repetition 90
tcp_ping received 6144 bytes back
Round trip time was 5.33201 milliseconds in repetition 91
tcp_ping received 6144 bytes back
Round trip time was 3.51065 milliseconds in repetition 92
tcp_ping received 6144 bytes back
Round trip time was 3.11309 milliseconds in repetition 93
tcp_ping received 6144 bytes back
Round trip time was 2.78373 milliseconds in repetition 94
tcp_ping received 6144 bytes back
Round trip time was 10.2044 milliseconds in repetition 95
tcp_ping received 6144 bytes back
Round trip time was 3.02063 milliseconds in repetition 96
tcp_ping received 6144 bytes back
Round trip time was 3.31595 milliseconds in repetition 97
tcp_ping received 6144 bytes back
Round trip time was 3.28456 milliseconds in repetition 98
tcp_ping received 6144 bytes back
Round trip time was 2.65845 milliseconds in repetition 99
tcp_ping received 6144 bytes back
Round trip time was 3.01833 milliseconds in repetition 100
tcp_ping received 6144 bytes back
Round trip time was 3.169 milliseconds in repetition 101
tcp_ping received 6144 bytes back
Round trip time was 3.53374 milliseconds in repetition 102
tcp_ping received 6144 bytes back
Round trip time was 3.16202 milliseconds in repetition 103
tcp_ping received 6144 bytes back
Round trip time was 3.59024 milliseconds in repetition 104
tcp_ping received 6144 bytes back
Round trip time was 2.80018 milliseconds in repetition 105
tcp_ping received 6144 bytes back
Round trip time was 2.72868 milliseconds in repetition 106
tcp_ping received 6144 bytes back
Round trip time was 2.69453 milliseconds in repetition 107
tcp_ping received 6144 bytes back
Round trip time was 6.30608 milliseconds in repetition 108
tcp_ping received 6144 bytes back
Round trip time was 2.63302 milliseconds in repetition 109
tcp_ping received 6144 bytes back
Round trip time was 3.43253 milliseconds in repetition 110
tcp_ping received 6144 bytes back
Round trip time was 3.48699 milliseconds in repetition 111
tcp_ping received 6144 bytes back
Round trip time was 2.90534 milliseconds in repetition 112
tcp_ping received 6144 bytes back
Round trip time was 2.91976 milliseconds in repetition 113
tcp_ping received 6144 bytes back
Round trip time was 2.62959 milliseconds in repetition 114
tcp_ping received 6144 bytes back
Round trip time was 3.67705 milliseconds in repetition 115
tcp_ping received 6144 bytes back
Round trip time was 9.73175 milliseconds in repetition 116
tcp_ping received 6144 bytes back
Round trip time was 2.67285 milliseconds in repetition 117
tcp_ping received 6144 bytes back
Round trip time was 4.74016 milliseconds in repetition 118
tcp_ping received 6144 bytes back
Round trip time was 2.7631 milliseconds in repetition 119
tcp_ping received 6144 bytes back
Round trip time was 2.90077 milliseconds in repetition 120
tcp_ping received 6144 bytes back
Round trip time was 2.81885 milliseconds in repetition 121
tcp_ping received 6144 bytes back
Round trip time was 4.07176 milliseconds in repetition 122
tcp_ping received 6144 bytes back
Round trip time was 3.8407 milliseconds in repetition 123
tcp_ping received 6144 bytes back
Round trip time was 2.76094 milliseconds in repetition 124
tcp_ping received 6144 bytes back
Round trip time was 2.62942 milliseconds in repetition 125
tcp_ping received 6144 bytes back
Round trip time was 2.9849 milliseconds in repetition 126
tcp_ping received 6144 bytes back
Round trip time was 3.33398 milliseconds in repetition 127
tcp_ping received 6144 bytes back
Round trip time was 2.97184 milliseconds in repetition 128
tcp_ping received 6144 bytes back
Round trip time was 2.58744 milliseconds in repetition 129
tcp_ping received 6144 bytes back
Round trip time was 3.29066 milliseconds in repetition 130
tcp_ping received 6144 bytes back
Round trip time was 3.50981 milliseconds in repetition 131
tcp_ping received 6144 bytes back
Round trip time was 2.8254 milliseconds in repetition 132
tcp_ping received 6144 bytes back
Round trip time was 3.32849 milliseconds in repetition 133
tcp_ping received 6144 bytes back
Round trip time was 3.43609 milliseconds in repetition 134
tcp_ping received 6144 bytes back
Round trip time was 2.72766 milliseconds in repetition 135
tcp_ping received 6144 bytes back
Round trip time was 5.84146 milliseconds in repetition 136
tcp_ping received 6144 bytes back
Round trip time was 4.26011 milliseconds in repetition 137
tcp_ping received 6144 bytes back
Round trip time was 7.21342 milliseconds in repetition 138
tcp_ping received 6144 bytes back
Round trip time was 2.68311 milliseconds in repetition 139
tcp_ping received 6144 bytes back
Round trip time was 4.10786 milliseconds in repetition 140
tcp_ping received 6144 bytes back
Round trip time was 3.23479 milliseconds in repetition 141
tcp_ping received 6144 bytes back
Round trip time was 2.69887 milliseconds in repetition 142
tcp_ping received 6144 bytes back
Round trip time was 3.15863 milliseconds in repetition 143
tcp_ping received 6144 bytes back
Round trip time was 2.53675 milliseconds in repetition 144
tcp_ping received 6144 bytes back
Round trip time was 3.15444 milliseconds in repetition 145
tcp_ping received 6144 bytes back
Round trip time was 3.05173 milliseconds in repetition 146
tcp_ping received 6144 bytes back
Round trip time was 3.02665 milliseconds in repetition 147
tcp_ping received 6144 bytes back
Round trip time was 2.7616 milliseconds in repetition 148
tcp_ping received 6144 bytes back
Round trip time was 3.16073 milliseconds in repetition 149
tcp_ping received 6144 bytes back
Round trip time was 2.95138 milliseconds in repetition 150
tcp_ping received 6144 bytes back
Round trip time was 3.19568 milliseconds in repetition 151
tcp_ping received 6144 bytes back
Round trip time was 2.86549 milliseconds in repetition 152
tcp_ping received 6144 bytes back
Round trip time was 2.68427 milliseconds in repetition 153
tcp_ping received 6144 bytes back
Round trip time was 2.77823 milliseconds in repetition 154
tcp_ping received 6144 bytes back
Round trip time was 3.8157 milliseconds in repetition 155
tcp_ping received 6144 bytes back
Round trip time was 2.80541 milliseconds in repetition 156
tcp_ping received 6144 bytes back
Round trip time was 3.36351 milliseconds in repetition 157
tcp_ping received 6144 bytes back
Round trip time was 2.63352 milliseconds in repetition 158
tcp_ping received 6144 bytes back
Round trip time was 10.8807 milliseconds in repetition 159
tcp_ping received 6144 bytes back
Round trip time was 2.81331 milliseconds in repetition 160
tcp_ping received 6144 bytes back
Round trip time was 2.71483 milliseconds in repetition 161
tcp_ping received 6144 bytes back
Round trip time was 2.49243 milliseconds in repetition 162
tcp_ping received 6144 bytes back
Round trip time was 3.15725 milliseconds in repetition 163
tcp_ping received 6144 bytes back
Round trip time was 2.46644 milliseconds in repetition 164
tcp_ping received 6144 bytes back
Round trip time was 2.88815 milliseconds in repetition 165
tcp_ping received 6144 bytes back
Round trip time was 2.71185 milliseconds in repetition 166
tcp_ping received 6144 bytes back
Round trip time was 2.43725 milliseconds in repetition 167
tcp_ping received 6144 bytes back
Round trip time was 2.29786 milliseconds in repetition 168
tcp_ping received 6144 bytes back
Round trip time was 2.85087 milliseconds in repetition 169
tcp_ping received 6144 bytes back
Round trip time was 2.64787 milliseconds in repetition 170
tcp_ping received 6144 bytes back
Round trip time was 3.26266 milliseconds in repetition 171
tcp_ping received 6144 bytes back
Round trip time was 3.76643 milliseconds in repetition 172
tcp_ping received 6144 bytes back
Round trip time was 3.42428 milliseconds in repetition 173
tcp_ping received 6144 bytes back
Round trip time was 2.67545 milliseconds in repetition 174
tcp_ping received 6144 bytes back
Round trip time was 2.72978 milliseconds in repetition 175
tcp_ping received 6144 bytes back
Round trip time was 3.57058 milliseconds in repetition 176
tcp_ping received 6144 bytes back
Round trip time was 3.03715 milliseconds in repetition 177
tcp_ping received 6144 bytes back
Round trip time was 2.78562 milliseconds in repetition 178
tcp_ping received 6144 bytes back
Round trip time was 2.81691 milliseconds in repetition 179
tcp_ping received 6144 bytes back
Round trip time was 2.67785 milliseconds in repetition 180
tcp_ping received 6144 bytes back
Round trip time was 3.41025 milliseconds in repetition 181
tcp_ping received 6144 bytes back
Round trip time was 2.65312 milliseconds in repetition 182
tcp_ping received 6144 bytes back
Round trip time was 3.38745 milliseconds in repetition 183
tcp_ping received 6144 bytes back
Round trip time was 2.81008 milliseconds in repetition 184
tcp_ping received 6144 bytes back
Round trip time was 2.89727 milliseconds in repetition 185
tcp_ping received 6144 bytes back
Round trip time was 2.71015 milliseconds in repetition 186
tcp_ping received 6144 bytes back
Round trip time was 2.56689 milliseconds in repetition 187
tcp_ping received 6144 bytes back
Round trip time was 2.67596 milliseconds in repetition 188
tcp_ping received 6144 bytes back
Round trip time was 2.82199 milliseconds in repetition 189
tcp_ping received 6144 bytes back
Round trip time was 2.60484 milliseconds in repetition 190
tcp_ping received 6144 bytes back
Round trip time was 3.582 milliseconds in repetition 191
tcp_ping received 6144 bytes back
Round trip time was 2.89852 milliseconds in repetition 192
tcp_ping received 6144 bytes back
Round trip time was 3.43968 milliseconds in repetition 193
tcp_ping received 6144 bytes back
Round trip time was 2.92695 milliseconds in repetition 194
tcp_ping received 6144 bytes back
Round trip time was 2.59922 milliseconds in repetition 195
tcp_ping received 6144 bytes back
Round trip time was 3.73605 milliseconds in repetition 196
tcp_ping received 6144 bytes back
Round trip time was 2.92451 milliseconds in repetition 197
tcp_ping received 6144 bytes back
Round trip time was 2.47863 milliseconds in repetition 198
tcp_ping received 6144 bytes back
Round trip time was 2.9048 milliseconds in repetition 199
tcp_ping received 6144 bytes back
Round trip time was 3.13292 milliseconds in repetition 200
tcp_ping received 6144 bytes back
Round trip time was 3.22891 milliseconds in repetition 201
tcp_ping received 6144 bytes back
Round trip time was 3.22789 milliseconds in repetition 202
tcp_ping received 6144 bytes back
Round trip time was 3.00154 milliseconds in repetition 203
tcp_ping received 6144 bytes back
Round trip time was 3.17749 milliseconds in repetition 204
tcp_ping received 6144 bytes back
Round trip time was 3.52454 milliseconds in repetition 205
tcp_ping received 6144 bytes back
Round trip time was 2.93804 milliseconds in repetition 206
tcp_ping received 6144 bytes back
Round trip time was 6.2759 milliseconds in repetition 207
tcp_ping received 6144 bytes back
Round trip time was 2.86699 milliseconds in repetition 208
tcp_ping received 6144 bytes back
Round trip time was 3.11032 milliseconds in repetition 209
tcp_ping received 6144 bytes back
Round trip time was 3.10762 milliseconds in repetition 210
tcp_ping received 6144 bytes back
Round trip time was 9.87296 milliseconds in repetition 211
tcp_ping received 6144 bytes back
Round trip time was 3.96512 milliseconds in repetition 212
tcp_ping received 6144 bytes back
Round trip time was 2.78543 milliseconds in repetition 213
tcp_ping received 6144 bytes back
Round trip time was 3.04268 milliseconds in repetition 214
tcp_ping received 6144 bytes back
Round trip time was 2.99729 milliseconds in repetition 215
tcp_ping received 6144 bytes back
Round trip time was 2.88902 milliseconds in repetition 216
tcp_ping received 6144 bytes back
Round trip time was 2.4624 milliseconds in repetition 217
tcp_ping received 6144 bytes back
Round trip time was 3.8372 milliseconds in repetition 218
tcp_ping received 6144 bytes back
Round trip time was 2.7373 milliseconds in repetition 219
tcp_ping received 6144 bytes back
Round trip time was 3.15616 milliseconds in repetition 220
tcp_ping received 6144 bytes back
Round trip time was 2.78291 milliseconds in repetition 221
tcp_ping received 6144 bytes back
Round trip time was 2.77043 milliseconds in repetition 222
tcp_ping received 6144 bytes back
Round trip time was 3.16226 milliseconds in repetition 223
tcp_ping received 6144 bytes back
Round trip time was 2.76562 milliseconds in repetition 224
tcp_ping received 6144 bytes back
Round trip time was 4.59263 milliseconds in repetition 225
tcp_ping received 6144 bytes back
Round trip time was 3.24002 milliseconds in repetition 226
tcp_ping received 6144 bytes back
Round trip time was 2.86914 milliseconds in repetition 227
tcp_ping received 6144 bytes back
Round trip time was 3.70083 milliseconds in repetition 228
tcp_ping received 6144 bytes back
Round trip time was 2.9368 milliseconds in repetition 229
tcp_ping received 6144 bytes back
Round trip time was 3.59039 milliseconds in repetition 230
tcp_ping received 6144 bytes back
Round trip time was 3.4649 milliseconds in repetition 231
tcp_ping received 6144 bytes back
Round trip time was 3.8727 milliseconds in repetition 232
tcp_ping received 6144 bytes back
Round trip time was 2.53328 milliseconds in repetition 233
tcp_ping received 6144 bytes back
Round trip time was 2.58205 milliseconds in repetition 234
tcp_ping received 6144 bytes back
Round trip time was 3.12319 milliseconds in repetition 235
tcp_ping received 6144 bytes back
Round trip time was 6.2149 milliseconds in repetition 236
tcp_ping received 6144 bytes back
Round trip time was 2.61947 milliseconds in repetition 237
tcp_ping received 6144 bytes back
Round trip time was 3.07435 milliseconds in repetition 238
tcp_ping received 6144 bytes back
Round trip time was 2.75814 milliseconds in repetition 239
tcp_ping received 6144 bytes back
Round trip time was 4.22937 milliseconds in repetition 240
tcp_ping received 6144 bytes back
Round trip time was 2.97476 milliseconds in repetition 241
tcp_ping received 6144 bytes back
Round trip time was 10.8774 milliseconds in repetition 242
tcp_ping received 6144 bytes back
Round trip time was 3.01709 milliseconds in repetition 243
tcp_ping received 6144 bytes back
Round trip time was 3.37797 milliseconds in repetition 244
tcp_ping received 6144 bytes back
Round trip time was 3.0258 milliseconds in repetition 245
tcp_ping received 6144 bytes back
Round trip time was 3.08529 milliseconds in repetition 246
tcp_ping received 6144 bytes back
Round trip time was 3.37621 milliseconds in repetition 247
tcp_ping received 6144 bytes back
Round trip time was 2.82132 milliseconds in repetition 248
tcp_ping received 6144 bytes back
Round trip time was 3.34851 milliseconds in repetition 249
tcp_ping received 6144 bytes back
Round trip time was 7.98417 milliseconds in repetition 250
tcp_ping received 6144 bytes back
Round trip time was 2.85658 milliseconds in repetition 251
tcp_ping received 6144 bytes back
Round trip time was 2.90833 milliseconds in repetition 252
tcp_ping received 6144 bytes back
Round trip time was 2.73403 milliseconds in repetition 253
tcp_ping received 6144 bytes back
Round trip time was 3.03131 milliseconds in repetition 254
tcp_ping received 6144 bytes back
Round trip time was 2.86829 milliseconds in repetition 255
tcp_ping received 6144 bytes back
Round trip time was 3.54423 milliseconds in repetition 256
tcp_ping received 6144 bytes back
Round trip time was 2.53131 milliseconds in repetition 257
tcp_ping received 6144 bytes back
Round trip time was 2.95171 milliseconds in repetition 258
tcp_ping received 6144 bytes back
Round trip time was 4.76563 milliseconds in repetition 259
tcp_ping received 6144 bytes back
Round trip time was 3.186 milliseconds in repetition 260
tcp_ping received 6144 bytes back
Round trip time was 2.86713 milliseconds in repetition 261
tcp_ping received 6144 bytes back
Round trip time was 2.57183 milliseconds in repetition 262
tcp_ping received 6144 bytes back
Round trip time was 3.58939 milliseconds in repetition 263
tcp_ping received 6144 bytes back
Round trip time was 3.31876 milliseconds in repetition 264
tcp_ping received 6144 bytes back
Round trip time was 3.22984 milliseconds in repetition 265
tcp_ping received 6144 bytes back
Round trip time was 2.93264 milliseconds in repetition 266
tcp_ping received 6144 bytes back
Round trip time was 3.33028 milliseconds in repetition 267
tcp_ping received 6144 bytes back
Round trip time was 3.07063 milliseconds in repetition 268
tcp_ping received 6144 bytes back
Round trip time was 2.59768 milliseconds in repetition 269
tcp_ping received 6144 bytes back
Round trip time was 6.12705 milliseconds in repetition 270
tcp_ping received 6144 bytes back
Round trip time was 8.28701 milliseconds in repetition 271
tcp_ping received 6144 bytes back
Round trip time was 3.77501 milliseconds in repetition 272
tcp_ping received 6144 bytes back
Round trip time was 6.21829 milliseconds in repetition 273
tcp_ping received 6144 bytes back
Round trip time was 6.22218 milliseconds in repetition 274
tcp_ping received 6144 bytes back
Round trip time was 4.6272 milliseconds in repetition 275
tcp_ping received 6144 bytes back
Round trip time was 2.89863 milliseconds in repetition 276
tcp_ping received 6144 bytes back
Round trip time was 2.67166 milliseconds in repetition 277
tcp_ping received 6144 bytes back
Round trip time was 6.99489 milliseconds in repetition 278
tcp_ping received 6144 bytes back
Round trip time was 3.02499 milliseconds in repetition 279
tcp_ping received 6144 bytes back
Round trip time was 3.4451 milliseconds in repetition 280
tcp_ping received 6144 bytes back
Round trip time was 4.35905 milliseconds in repetition 281
tcp_ping received 6144 bytes back
Round trip time was 3.37507 milliseconds in repetition 282
tcp_ping received 6144 bytes back
Round trip time was 4.02358 milliseconds in repetition 283
tcp_ping received 6144 bytes back
Round trip time was 2.88166 milliseconds in repetition 284
tcp_ping received 6144 bytes back
Round trip time was 6.03386 milliseconds in repetition 285
tcp_ping received 6144 bytes back
Round trip time was 2.92741 milliseconds in repetition 286
tcp_ping received 6144 bytes back
Round trip time was 3.32336 milliseconds in repetition 287
tcp_ping received 6144 bytes back
Round trip time was 3.342 milliseconds in repetition 288
tcp_ping received 6144 bytes back
Round trip time was 2.96506 milliseconds in repetition 289
tcp_ping received 6144 bytes back
Round trip time was 3.14587 milliseconds in repetition 290
tcp_ping received 6144 bytes back
Round trip time was 2.84248 milliseconds in repetition 291
tcp_ping received 6144 bytes back
Round trip time was 3.37207 milliseconds in repetition 292
tcp_ping received 6144 bytes back
Round trip time was 2.71583 milliseconds in repetition 293
tcp_ping received 6144 bytes back
Round trip time was 3.60388 milliseconds in repetition 294
tcp_ping received 6144 bytes back
Round trip time was 5.88974 milliseconds in repetition 295
tcp_ping received 6144 bytes back
Round trip time was 3.70905 milliseconds in repetition 296
tcp_ping received 6144 bytes back
Round trip time was 2.97805 milliseconds in repetition 297
tcp_ping received 6144 bytes back
Round trip time was 2.7144 milliseconds in repetition 298
tcp_ping received 6144 bytes back
Round trip time was 8.51906 milliseconds in repetition 299
tcp_ping received 6144 bytes back
Round trip time was 2.94011 milliseconds in repetition 300
tcp_ping received 6144 bytes back
Round trip time was 3.34512 milliseconds in repetition 301
tcp_ping received 6144 bytes back
Round trip time was 2.98665 milliseconds in repetition 302
tcp_ping received 6144 bytes back
Round trip time was 2.80652 milliseconds in repetition 303
tcp_ping received 6144 bytes back
Round trip time was 3.03493 milliseconds in repetition 304
tcp_ping received 6144 bytes back
Round trip time was 3.08534 milliseconds in repetition 305
tcp_ping received 6144 bytes back
Round trip time was 3.65545 milliseconds in repetition 306
tcp_ping received 6144 bytes back
Round trip time was 3.16059 milliseconds in repetition 307
tcp_ping received 6144 bytes back
Round trip time was 2.73871 milliseconds in repetition 308
tcp_ping received 6144 bytes back
Round trip time was 2.90419 milliseconds in repetition 309
tcp_ping received 6144 bytes back
Round trip time was 3.33967 milliseconds in repetition 310
tcp_ping received 6144 bytes back
Round trip time was 6.29677 milliseconds in repetition 311
tcp_ping received 6144 bytes back
Round trip time was 2.95347 milliseconds in repetition 312
tcp_ping received 6144 bytes back
Round trip time was 3.24752 milliseconds in repetition 313
tcp_ping received 6144 bytes back
Round trip time was 7.29314 milliseconds in repetition 314
tcp_ping received 6144 bytes back
Round trip time was 3.36077 milliseconds in repetition 315
tcp_ping received 6144 bytes back
Round trip time was 6.75434 milliseconds in repetition 316
tcp_ping received 6144 bytes back
Round trip time was 2.70873 milliseconds in repetition 317
tcp_ping received 6144 bytes back
Round trip time was 3.53279 milliseconds in repetition 318
tcp_ping received 6144 bytes back
Round trip time was 3.87643 milliseconds in repetition 319
tcp_ping received 6144 bytes back
Round trip time was 5.92469 milliseconds in repetition 320
tcp_ping received 6144 bytes back
Round trip time was 2.86682 milliseconds in repetition 321
tcp_ping received 6144 bytes back
Round trip time was 2.72354 milliseconds in repetition 322
tcp_ping received 6144 bytes back
Round trip time was 3.63291 milliseconds in repetition 323
tcp_ping received 6144 bytes back
Round trip time was 3.15409 milliseconds in repetition 324
tcp_ping received 6144 bytes back
Round trip time was 2.50875 milliseconds in repetition 325
tcp_ping received 6144 bytes back
Round trip time was 5.97602 milliseconds in repetition 326
tcp_ping received 6144 bytes back
Round trip time was 2.66734 milliseconds in repetition 327
tcp_ping received 6144 bytes back
Round trip time was 2.48389 milliseconds in repetition 328
tcp_ping received 6144 bytes back
Round trip time was 3.44753 milliseconds in repetition 329
tcp_ping received 6144 bytes back
Round trip time was 2.92989 milliseconds in repetition 330
tcp_ping received 6144 bytes back
Round trip time was 8.1367 milliseconds in repetition 331
tcp_ping received 6144 bytes back
Round trip time was 3.44053 milliseconds in repetition 332
tcp_ping received 6144 bytes back
Round trip time was 3.20988 milliseconds in repetition 333
tcp_ping received 6144 bytes back
Round trip time was 2.8639 milliseconds in repetition 334
tcp_ping received 6144 bytes back
Round trip time was 2.70178 milliseconds in repetition 335
tcp_ping received 6144 bytes back
Round trip time was 3.44073 milliseconds in repetition 336
tcp_ping received 6144 bytes back
Round trip time was 3.32811 milliseconds in repetition 337
tcp_ping received 6144 bytes back
Round trip time was 2.95897 milliseconds in repetition 338
tcp_ping received 6144 bytes back
Round trip time was 3.67925 milliseconds in repetition 339
tcp_ping received 6144 bytes back
Round trip time was 2.55893 milliseconds in repetition 340
tcp_ping received 6144 bytes back
Round trip time was 2.94027 milliseconds in repetition 341
tcp_ping received 6144 bytes back
Round trip time was 2.5861 milliseconds in repetition 342
tcp_ping received 6144 bytes back
Round trip time was 7.63551 milliseconds in repetition 343
tcp_ping received 6144 bytes back
Round trip time was 2.92961 milliseconds in repetition 344
tcp_ping received 6144 bytes back
Round trip time was 2.71435 milliseconds in repetition 345
tcp_ping received 6144 bytes back
Round trip time was 3.18845 milliseconds in repetition 346
tcp_ping received 6144 bytes back
Round trip time was 2.84804 milliseconds in repetition 347
tcp_ping received 6144 bytes back
Round trip time was 7.64886 milliseconds in repetition 348
tcp_ping received 6144 bytes back
Round trip time was 2.93043 milliseconds in repetition 349
tcp_ping received 6144 bytes back
Round trip time was 3.0467 milliseconds in repetition 350
tcp_ping received 6144 bytes back
Round trip time was 3.23594 milliseconds in repetition 351
tcp_ping received 6144 bytes back
Round trip time was 2.69379 milliseconds in repetition 352
tcp_ping received 6144 bytes back
Round trip time was 2.65534 milliseconds in repetition 353
tcp_ping received 6144 bytes back
Round trip time was 3.81343 milliseconds in repetition 354
tcp_ping received 6144 bytes back
Round trip time was 2.90081 milliseconds in repetition 355
tcp_ping received 6144 bytes back
Round trip time was 2.49043 milliseconds in repetition 356
tcp_ping received 6144 bytes back
Round trip time was 2.45299 milliseconds in repetition 357
tcp_ping received 6144 bytes back
Round trip time was 3.67216 milliseconds in repetition 358
tcp_ping received 6144 bytes back
Round trip time was 3.03928 milliseconds in repetition 359
tcp_ping received 6144 bytes back
Round trip time was 3.73719 milliseconds in repetition 360
tcp_ping received 6144 bytes back
Round trip time was 2.94153 milliseconds in repetition 361
tcp_ping received 6144 bytes back
Round trip time was 5.02665 milliseconds in repetition 362
tcp_ping received 6144 bytes back
Round trip time was 2.93436 milliseconds in repetition 363
tcp_ping received 6144 bytes back
Round trip time was 2.65768 milliseconds in repetition 364
tcp_ping received 6144 bytes back
Round trip time was 2.94138 milliseconds in repetition 365
tcp_ping received 6144 bytes back
Round trip time was 3.19359 milliseconds in repetition 366
tcp_ping received 6144 bytes back
Round trip time was 2.98862 milliseconds in repetition 367
tcp_ping received 6144 bytes back
Round trip time was 3.82377 milliseconds in repetition 368
tcp_ping received 6144 bytes back
Round trip time was 2.38482 milliseconds in repetition 369
tcp_ping received 6144 bytes back
Round trip time was 2.83205 milliseconds in repetition 370
tcp_ping received 6144 bytes back
Round trip time was 2.52148 milliseconds in repetition 371
tcp_ping received 6144 bytes back
Round trip time was 7.26057 milliseconds in repetition 372
tcp_ping received 6144 bytes back
Round trip time was 2.82073 milliseconds in repetition 373
tcp_ping received 6144 bytes back
Round trip time was 4.17225 milliseconds in repetition 374
tcp_ping received 6144 bytes back
Round trip time was 3.121 milliseconds in repetition 375
tcp_ping received 6144 bytes back
Round trip time was 3.28096 milliseconds in repetition 376
tcp_ping received 6144 bytes back
Round trip time was 2.52535 milliseconds in repetition 377
tcp_ping received 6144 bytes back
Round trip time was 2.58399 milliseconds in repetition 378
tcp_ping received 6144 bytes back
Round trip time was 3.05665 milliseconds in repetition 379
tcp_ping received 6144 bytes back
Round trip time was 2.60567 milliseconds in repetition 380
tcp_ping received 6144 bytes back
Round trip time was 2.81656 milliseconds in repetition 381
tcp_ping received 6144 bytes back
Round trip time was 2.87975 milliseconds in repetition 382
tcp_ping received 6144 bytes back
Round trip time was 3.27626 milliseconds in repetition 383
tcp_ping received 6144 bytes back
Round trip time was 4.02513 milliseconds in repetition 384
tcp_ping received 6144 bytes back
Round trip time was 2.98741 milliseconds in repetition 385
tcp_ping received 6144 bytes back
Round trip time was 3.5515 milliseconds in repetition 386
tcp_ping received 6144 bytes back
Round trip time was 2.50656 milliseconds in repetition 387
tcp_ping received 6144 bytes back
Round trip time was 2.70464 milliseconds in repetition 388
tcp_ping received 6144 bytes back
Round trip time was 6.45314 milliseconds in repetition 389
tcp_ping received 6144 bytes back
Round trip time was 3.08184 milliseconds in repetition 390
tcp_ping received 6144 bytes back
Round trip time was 2.85363 milliseconds in repetition 391
tcp_ping received 6144 bytes back
Round trip time was 3.12324 milliseconds in repetition 392
tcp_ping received 6144 bytes back
Round trip time was 3.09768 milliseconds in repetition 393
tcp_ping received 6144 bytes back
Round trip time was 2.62206 milliseconds in repetition 394
tcp_ping received 6144 bytes back
Round trip time was 3.31887 milliseconds in repetition 395
tcp_ping received 6144 bytes back
Round trip time was 3.01089 milliseconds in repetition 396
tcp_ping received 6144 bytes back
Round trip time was 6.66287 milliseconds in repetition 397
tcp_ping received 6144 bytes back
Round trip time was 2.78677 milliseconds in repetition 398
tcp_ping received 6144 bytes back
Round trip time was 4.37712 milliseconds in repetition 399
tcp_ping received 6144 bytes back
Round trip time was 3.00125 milliseconds in repetition 400
tcp_ping received 6144 bytes back
Round trip time was 2.84475 milliseconds in repetition 401
tcp_ping received 6144 bytes back
Round trip time was 2.66656 milliseconds in repetition 402
tcp_ping received 6144 bytes back
Round trip time was 2.08226 milliseconds in repetition 403
tcp_ping received 6144 bytes back
Round trip time was 4.16667 milliseconds in repetition 404
tcp_ping received 6144 bytes back
Round trip time was 2.76059 milliseconds in repetition 405
tcp_ping received 6144 bytes back
Round trip time was 2.81336 milliseconds in repetition 406
tcp_ping received 6144 bytes back
Round trip time was 2.93289 milliseconds in repetition 407
tcp_ping received 6144 bytes back
Round trip time was 3.13241 milliseconds in repetition 408
tcp_ping received 6144 bytes back
Round trip time was 5.80308 milliseconds in repetition 409
tcp_ping received 6144 bytes back
Round trip time was 3.36935 milliseconds in repetition 410
tcp_ping received 6144 bytes back
Round trip time was 3.6112 milliseconds in repetition 411
tcp_ping received 6144 bytes back
Round trip time was 2.81973 milliseconds in repetition 412
tcp_ping received 6144 bytes back
Round trip time was 3.02521 milliseconds in repetition 413
tcp_ping received 6144 bytes back
Round trip time was 4.64753 milliseconds in repetition 414
tcp_ping received 6144 bytes back
Round trip time was 3.20233 milliseconds in repetition 415
tcp_ping received 6144 bytes back
Round trip time was 2.79908 milliseconds in repetition 416
tcp_ping received 6144 bytes back
Round trip time was 9.75335 milliseconds in repetition 417
tcp_ping received 6144 bytes back
Round trip time was 5.95633 milliseconds in repetition 418
tcp_ping received 6144 bytes back
Round trip time was 2.3576 milliseconds in repetition 419
tcp_ping received 6144 bytes back
Round trip time was 3.6273 milliseconds in repetition 420
tcp_ping received 6144 bytes back
Round trip time was 3.11617 milliseconds in repetition 421
tcp_ping received 6144 bytes back
Round trip time was 2.74601 milliseconds in repetition 422
tcp_ping received 6144 bytes back
Round trip time was 9.30678 milliseconds in repetition 423
tcp_ping received 6144 bytes back
Round trip time was 2.63843 milliseconds in repetition 424
tcp_ping received 6144 bytes back
Round trip time was 2.44744 milliseconds in repetition 425
tcp_ping received 6144 bytes back
Round trip time was 4.58576 milliseconds in repetition 426
tcp_ping received 6144 bytes back
Round trip time was 2.28667 milliseconds in repetition 427
tcp_ping received 6144 bytes back
Round trip time was 5.67887 milliseconds in repetition 428
tcp_ping received 6144 bytes back
Round trip time was 3.60981 milliseconds in repetition 429
tcp_ping received 6144 bytes back
Round trip time was 6.18619 milliseconds in repetition 430
tcp_ping received 6144 bytes back
Round trip time was 2.53756 milliseconds in repetition 431
tcp_ping received 6144 bytes back
Round trip time was 2.66138 milliseconds in repetition 432
tcp_ping received 6144 bytes back
Round trip time was 2.85257 milliseconds in repetition 433
tcp_ping received 6144 bytes back
Round trip time was 2.93555 milliseconds in repetition 434
tcp_ping received 6144 bytes back
Round trip time was 2.67121 milliseconds in repetition 435
tcp_ping received 6144 bytes back
Round trip time was 3.56441 milliseconds in repetition 436
tcp_ping received 6144 bytes back
Round trip time was 4.46074 milliseconds in repetition 437
tcp_ping received 6144 bytes back
Round trip time was 2.74606 milliseconds in repetition 438
tcp_ping received 6144 bytes back
Round trip time was 7.80435 milliseconds in repetition 439
tcp_ping received 6144 bytes back
Round trip time was 3.27944 milliseconds in repetition 440
tcp_ping received 6144 bytes back
Round trip time was 2.79216 milliseconds in repetition 441
tcp_ping received 6144 bytes back
Round trip time was 3.01072 milliseconds in repetition 442
tcp_ping received 6144 bytes back
Round trip time was 2.25301 milliseconds in repetition 443
tcp_ping received 6144 bytes back
Round trip time was 3.09123 milliseconds in repetition 444
tcp_ping received 6144 bytes back
Round trip time was 7.47258 milliseconds in repetition 445
tcp_ping received 6144 bytes back
Round trip time was 3.02492 milliseconds in repetition 446
tcp_ping received 6144 bytes back
Round trip time was 2.77554 milliseconds in repetition 447
tcp_ping received 6144 bytes back
Round trip time was 3.15454 milliseconds in repetition 448
tcp_ping received 6144 bytes back
Round trip time was 3.69188 milliseconds in repetition 449
tcp_ping received 6144 bytes back
Round trip time was 3.08815 milliseconds in repetition 450
tcp_ping received 6144 bytes back
Round trip time was 11.2633 milliseconds in repetition 451
tcp_ping received 6144 bytes back
Round trip time was 3.48497 milliseconds in repetition 452
tcp_ping received 6144 bytes back
Round trip time was 2.95543 milliseconds in repetition 453
tcp_ping received 6144 bytes back
Round trip time was 2.9406 milliseconds in repetition 454
tcp_ping received 6144 bytes back
Round trip time was 6.11367 milliseconds in repetition 455
tcp_ping received 6144 bytes back
Round trip time was 7.92978 milliseconds in repetition 456
tcp_ping received 6144 bytes back
Round trip time was 2.86203 milliseconds in repetition 457
tcp_ping received 6144 bytes back
Round trip time was 2.88785 milliseconds in repetition 458
tcp_ping received 6144 bytes back
Round trip time was 3.11969 milliseconds in repetition 459
tcp_ping received 6144 bytes back
Round trip time was 2.78252 milliseconds in repetition 460
tcp_ping received 6144 bytes back
Round trip time was 12.3661 milliseconds in repetition 461
tcp_ping received 6144 bytes back
Round trip time was 3.15547 milliseconds in repetition 462
tcp_ping received 6144 bytes back
Round trip time was 3.08213 milliseconds in repetition 463
tcp_ping received 6144 bytes back
Round trip time was 3.21146 milliseconds in repetition 464
tcp_ping received 6144 bytes back
Round trip time was 3.48248 milliseconds in repetition 465
tcp_ping received 6144 bytes back
Round trip time was 3.26602 milliseconds in repetition 466
tcp_ping received 6144 bytes back
Round trip time was 14.2059 milliseconds in repetition 467
tcp_ping received 6144 bytes back
Round trip time was 2.58067 milliseconds in repetition 468
tcp_ping received 6144 bytes back
Round trip time was 3.6915 milliseconds in repetition 469
tcp_ping received 6144 bytes back
Round trip time was 2.79765 milliseconds in repetition 470
tcp_ping received 6144 bytes back
Round trip time was 2.97369 milliseconds in repetition 471
tcp_ping received 6144 bytes back
Round trip time was 2.94038 milliseconds in repetition 472
tcp_ping received 6144 bytes back
Round trip time was 2.69469 milliseconds in repetition 473
tcp_ping received 6144 bytes back
Round trip time was 3.05115 milliseconds in repetition 474
tcp_ping received 6144 bytes back
Round trip time was 2.6093 milliseconds in repetition 475
tcp_ping received 6144 bytes back
Round trip time was 2.52608 milliseconds in repetition 476
tcp_ping received 6144 bytes back
Round trip time was 2.92523 milliseconds in repetition 477
tcp_ping received 6144 bytes back
Round trip time was 2.38876 milliseconds in repetition 478
tcp_ping received 6144 bytes back
Round trip time was 3.99316 milliseconds in repetition 479
tcp_ping received 6144 bytes back
Round trip time was 2.74552 milliseconds in repetition 480
tcp_ping received 6144 bytes back
Round trip time was 3.96437 milliseconds in repetition 481
tcp_ping received 6144 bytes back
Round trip time was 3.11211 milliseconds in repetition 482
tcp_ping received 6144 bytes back
Round trip time was 2.68824 milliseconds in repetition 483
tcp_ping received 6144 bytes back
Round trip time was 2.8098 milliseconds in repetition 484
tcp_ping received 6144 bytes back
Round trip time was 2.81741 milliseconds in repetition 485
tcp_ping received 6144 bytes back
Round trip time was 2.92806 milliseconds in repetition 486
tcp_ping received 6144 bytes back
Round trip time was 4.32542 milliseconds in repetition 487
tcp_ping received 6144 bytes back
Round trip time was 2.84618 milliseconds in repetition 488
tcp_ping received 6144 bytes back
Round trip time was 2.56875 milliseconds in repetition 489
tcp_ping received 6144 bytes back
Round trip time was 3.44493 milliseconds in repetition 490
tcp_ping received 6144 bytes back
Round trip time was 2.81727 milliseconds in repetition 491
tcp_ping received 6144 bytes back
Round trip time was 3.01301 milliseconds in repetition 492
tcp_ping received 6144 bytes back
Round trip time was 4.03928 milliseconds in repetition 493
tcp_ping received 6144 bytes back
Round trip time was 2.70402 milliseconds in repetition 494
tcp_ping received 6144 bytes back
Round trip time was 3.73118 milliseconds in repetition 495
tcp_ping received 6144 bytes back
Round trip time was 2.93428 milliseconds in repetition 496
tcp_ping received 6144 bytes back
Round trip time was 2.69256 milliseconds in repetition 497
tcp_ping received 6144 bytes back
Round trip time was 6.42176 milliseconds in repetition 498
tcp_ping received 6144 bytes back
Round trip time was 3.31992 milliseconds in repetition 499
tcp_ping received 6144 bytes back
Round trip time was 3.00224 milliseconds in repetition 500
tcp_ping received 6144 bytes back
Round trip time was 3.08646 milliseconds in repetition 501

 ... clock resolution was 1e-06
TCP Ping:  Statistics over 501 repetitions of 6144 byte messages

RTT : percentile 10: 2.62942, median: 3.03493, percentile 90: 5.84146, average: 3.59872, variance: 2.73403

RTT histogram:
2.08226 7
2.25301 224
2.28667 156
2.29786 42
2.3243 15
2.3576 4
2.38482 8
2.38876 13
2.42306 5
2.43725 7
2.44744 5
2.44777 1
2.45299 2
2.4624 5
2.46644 2
2.47863 3
2.4815 0
2.48389 1
2.49043 0
2.49243 0
2.50656 1

   median Throughput : 4048.86 KB/s   overall Throughput : 3414.54 KB/s

