TCP Ping trying to connect to server webdev.disi.unige.it (130.251.61.30) on port 1491
 ... connected to Pong server: asking for 501 repetitions of 64 bytes TCP messages
 ... Pong server agreed :-)
tcp_ping received 64 bytes back
Round trip time was 9.64926 milliseconds in repetition 1
tcp_ping received 64 bytes back
Round trip time was 3.47266 milliseconds in repetition 2
tcp_ping received 64 bytes back
Round trip time was 1.80585 milliseconds in repetition 3
tcp_ping received 64 bytes back
Round trip time was 2.69113 milliseconds in repetition 4
tcp_ping received 64 bytes back
Round trip time was 3.89785 milliseconds in repetition 5
tcp_ping received 64 bytes back
Round trip time was 1.65421 milliseconds in repetition 6
tcp_ping received 64 bytes back
Round trip time was 1.74929 milliseconds in repetition 7
tcp_ping received 64 bytes back
Round trip time was 2.484 milliseconds in repetition 8
tcp_ping received 64 bytes back
Round trip time was 1.56607 milliseconds in repetition 9
tcp_ping received 64 bytes back
Round trip time was 1.61254 milliseconds in repetition 10
tcp_ping received 64 bytes back
Round trip time was 1.58038 milliseconds in repetition 11
tcp_ping received 64 bytes back
Round trip time was 1.51434 milliseconds in repetition 12
tcp_ping received 64 bytes back
Round trip time was 1.61506 milliseconds in repetition 13
tcp_ping received 64 bytes back
Round trip time was 2.66894 milliseconds in repetition 14
tcp_ping received 64 bytes back
Round trip time was 1.80735 milliseconds in repetition 15
tcp_ping received 64 bytes back
Round trip time was 1.55255 milliseconds in repetition 16
tcp_ping received 64 bytes back
Round trip time was 1.98925 milliseconds in repetition 17
tcp_ping received 64 bytes back
Round trip time was 1.43244 milliseconds in repetition 18
tcp_ping received 64 bytes back
Round trip time was 1.73862 milliseconds in repetition 19
tcp_ping received 64 bytes back
Round trip time was 2.16334 milliseconds in repetition 20
tcp_ping received 64 bytes back
Round trip time was 2.64015 milliseconds in repetition 21
tcp_ping received 64 bytes back
Round trip time was 1.66531 milliseconds in repetition 22
tcp_ping received 64 bytes back
Round trip time was 1.49835 milliseconds in repetition 23
tcp_ping received 64 bytes back
Round trip time was 1.66623 milliseconds in repetition 24
tcp_ping received 64 bytes back
Round trip time was 1.46755 milliseconds in repetition 25
tcp_ping received 64 bytes back
Round trip time was 1.60881 milliseconds in repetition 26
tcp_ping received 64 bytes back
Round trip time was 2.34666 milliseconds in repetition 27
tcp_ping received 64 bytes back
Round trip time was 2.58458 milliseconds in repetition 28
tcp_ping received 64 bytes back
Round trip time was 1.54861 milliseconds in repetition 29
tcp_ping received 64 bytes back
Round trip time was 1.66695 milliseconds in repetition 30
tcp_ping received 64 bytes back
Round trip time was 2.19991 milliseconds in repetition 31
tcp_ping received 64 bytes back
Round trip time was 1.69336 milliseconds in repetition 32
tcp_ping received 64 bytes back
Round trip time was 1.51677 milliseconds in repetition 33
tcp_ping received 64 bytes back
Round trip time was 1.71266 milliseconds in repetition 34
tcp_ping received 64 bytes back
Round trip time was 2.23002 milliseconds in repetition 35
tcp_ping received 64 bytes back
Round trip time was 3.03469 milliseconds in repetition 36
tcp_ping received 64 bytes back
Round trip time was 1.21227 milliseconds in repetition 37
tcp_ping received 64 bytes back
Round trip time was 1.45006 milliseconds in repetition 38
tcp_ping received 64 bytes back
Round trip time was 1.28436 milliseconds in repetition 39
tcp_ping received 64 bytes back
Round trip time was 1.73735 milliseconds in repetition 40
tcp_ping received 64 bytes back
Round trip time was 1.26948 milliseconds in repetition 41
tcp_ping received 64 bytes back
Round trip time was 1.82843 milliseconds in repetition 42
tcp_ping received 64 bytes back
Round trip time was 0.959821 milliseconds in repetition 43
tcp_ping received 64 bytes back
Round trip time was 1.4897 milliseconds in repetition 44
tcp_ping received 64 bytes back
Round trip time was 0.981084 milliseconds in repetition 45
tcp_ping received 64 bytes back
Round trip time was 1.28748 milliseconds in repetition 46
tcp_ping received 64 bytes back
Round trip time was 0.923835 milliseconds in repetition 47
tcp_ping received 64 bytes back
Round trip time was 1.02629 milliseconds in repetition 48
tcp_ping received 64 bytes back
Round trip time was 1.22739 milliseconds in repetition 49
tcp_ping received 64 bytes back
Round trip time was 1.06605 milliseconds in repetition 50
tcp_ping received 64 bytes back
Round trip time was 1.63399 milliseconds in repetition 51
tcp_ping received 64 bytes back
Round trip time was 1.08278 milliseconds in repetition 52
tcp_ping received 64 bytes back
Round trip time was 1.0315 milliseconds in repetition 53
tcp_ping received 64 bytes back
Round trip time was 1.02878 milliseconds in repetition 54
tcp_ping received 64 bytes back
Round trip time was 1.15858 milliseconds in repetition 55
tcp_ping received 64 bytes back
Round trip time was 1.07463 milliseconds in repetition 56
tcp_ping received 64 bytes back
Round trip time was 0.981897 milliseconds in repetition 57
tcp_ping received 64 bytes back
Round trip time was 0.764594 milliseconds in repetition 58
tcp_ping received 64 bytes back
Round trip time was 1.04298 milliseconds in repetition 59
tcp_ping received 64 bytes back
Round trip time was 1.17791 milliseconds in repetition 60
tcp_ping received 64 bytes back
Round trip time was 1.29048 milliseconds in repetition 61
tcp_ping received 64 bytes back
Round trip time was 1.07034 milliseconds in repetition 62
tcp_ping received 64 bytes back
Round trip time was 1.39739 milliseconds in repetition 63
tcp_ping received 64 bytes back
Round trip time was 0.915571 milliseconds in repetition 64
tcp_ping received 64 bytes back
Round trip time was 1.02559 milliseconds in repetition 65
tcp_ping received 64 bytes back
Round trip time was 1.25302 milliseconds in repetition 66
tcp_ping received 64 bytes back
Round trip time was 0.997604 milliseconds in repetition 67
tcp_ping received 64 bytes back
Round trip time was 1.19514 milliseconds in repetition 68
tcp_ping received 64 bytes back
Round trip time was 0.966864 milliseconds in repetition 69
tcp_ping received 64 bytes back
Round trip time was 1.44639 milliseconds in repetition 70
tcp_ping received 64 bytes back
Round trip time was 1.0158 milliseconds in repetition 71
tcp_ping received 64 bytes back
Round trip time was 0.795743 milliseconds in repetition 72
tcp_ping received 64 bytes back
Round trip time was 0.889216 milliseconds in repetition 73
tcp_ping received 64 bytes back
Round trip time was 1.09095 milliseconds in repetition 74
tcp_ping received 64 bytes back
Round trip time was 0.995358 milliseconds in repetition 75
tcp_ping received 64 bytes back
Round trip time was 1.44439 milliseconds in repetition 76
tcp_ping received 64 bytes back
Round trip time was 1.00498 milliseconds in repetition 77
tcp_ping received 64 bytes back
Round trip time was 1.00744 milliseconds in repetition 78
tcp_ping received 64 bytes back
Round trip time was 1.14371 milliseconds in repetition 79
tcp_ping received 64 bytes back
Round trip time was 1.39671 milliseconds in repetition 80
tcp_ping received 64 bytes back
Round trip time was 1.1918 milliseconds in repetition 81
tcp_ping received 64 bytes back
Round trip time was 1.89632 milliseconds in repetition 82
tcp_ping received 64 bytes back
Round trip time was 1.04541 milliseconds in repetition 83
tcp_ping received 64 bytes back
Round trip time was 0.941099 milliseconds in repetition 84
tcp_ping received 64 bytes back
Round trip time was 0.924973 milliseconds in repetition 85
tcp_ping received 64 bytes back
Round trip time was 1.16008 milliseconds in repetition 86
tcp_ping received 64 bytes back
Round trip time was 0.88834 milliseconds in repetition 87
tcp_ping received 64 bytes back
Round trip time was 0.922234 milliseconds in repetition 88
tcp_ping received 64 bytes back
Round trip time was 1.12447 milliseconds in repetition 89
tcp_ping received 64 bytes back
Round trip time was 0.96418 milliseconds in repetition 90
tcp_ping received 64 bytes back
Round trip time was 1.06067 milliseconds in repetition 91
tcp_ping received 64 bytes back
Round trip time was 0.86697 milliseconds in repetition 92
tcp_ping received 64 bytes back
Round trip time was 1.06572 milliseconds in repetition 93
tcp_ping received 64 bytes back
Round trip time was 0.87196 milliseconds in repetition 94
tcp_ping received 64 bytes back
Round trip time was 0.936169 milliseconds in repetition 95
tcp_ping received 64 bytes back
Round trip time was 1.05067 milliseconds in repetition 96
tcp_ping received 64 bytes back
Round trip time was 1.03546 milliseconds in repetition 97
tcp_ping received 64 bytes back
Round trip time was 1.24558 milliseconds in repetition 98
tcp_ping received 64 bytes back
Round trip time was 0.912922 milliseconds in repetition 99
tcp_ping received 64 bytes back
Round trip time was 1.15086 milliseconds in repetition 100
tcp_ping received 64 bytes back
Round trip time was 0.995605 milliseconds in repetition 101
tcp_ping received 64 bytes back
Round trip time was 1.20303 milliseconds in repetition 102
tcp_ping received 64 bytes back
Round trip time was 1.13621 milliseconds in repetition 103
tcp_ping received 64 bytes back
Round trip time was 1.11565 milliseconds in repetition 104
tcp_ping received 64 bytes back
Round trip time was 0.949108 milliseconds in repetition 105
tcp_ping received 64 bytes back
Round trip time was 1.0293 milliseconds in repetition 106
tcp_ping received 64 bytes back
Round trip time was 0.923383 milliseconds in repetition 107
tcp_ping received 64 bytes back
Round trip time was 0.981804 milliseconds in repetition 108
tcp_ping received 64 bytes back
Round trip time was 1.07383 milliseconds in repetition 109
tcp_ping received 64 bytes back
Round trip time was 0.996632 milliseconds in repetition 110
tcp_ping received 64 bytes back
Round trip time was 0.995949 milliseconds in repetition 111
tcp_ping received 64 bytes back
Round trip time was 1.30133 milliseconds in repetition 112
tcp_ping received 64 bytes back
Round trip time was 1.19753 milliseconds in repetition 113
tcp_ping received 64 bytes back
Round trip time was 0.959986 milliseconds in repetition 114
tcp_ping received 64 bytes back
Round trip time was 1.05039 milliseconds in repetition 115
tcp_ping received 64 bytes back
Round trip time was 1.01859 milliseconds in repetition 116
tcp_ping received 64 bytes back
Round trip time was 0.984007 milliseconds in repetition 117
tcp_ping received 64 bytes back
Round trip time was 1.0011 milliseconds in repetition 118
tcp_ping received 64 bytes back
Round trip time was 1.12662 milliseconds in repetition 119
tcp_ping received 64 bytes back
Round trip time was 1.05571 milliseconds in repetition 120
tcp_ping received 64 bytes back
Round trip time was 1.04164 milliseconds in repetition 121
tcp_ping received 64 bytes back
Round trip time was 0.95462 milliseconds in repetition 122
tcp_ping received 64 bytes back
Round trip time was 1.28866 milliseconds in repetition 123
tcp_ping received 64 bytes back
Round trip time was 1.30896 milliseconds in repetition 124
tcp_ping received 64 bytes back
Round trip time was 0.905901 milliseconds in repetition 125
tcp_ping received 64 bytes back
Round trip time was 0.950344 milliseconds in repetition 126
tcp_ping received 64 bytes back
Round trip time was 1.03725 milliseconds in repetition 127
tcp_ping received 64 bytes back
Round trip time was 1.08005 milliseconds in repetition 128
tcp_ping received 64 bytes back
Round trip time was 1.00347 milliseconds in repetition 129
tcp_ping received 64 bytes back
Round trip time was 1.88652 milliseconds in repetition 130
tcp_ping received 64 bytes back
Round trip time was 1.02689 milliseconds in repetition 131
tcp_ping received 64 bytes back
Round trip time was 0.944182 milliseconds in repetition 132
tcp_ping received 64 bytes back
Round trip time was 0.831285 milliseconds in repetition 133
tcp_ping received 64 bytes back
Round trip time was 1.13621 milliseconds in repetition 134
tcp_ping received 64 bytes back
Round trip time was 3.54391 milliseconds in repetition 135
tcp_ping received 64 bytes back
Round trip time was 1.10405 milliseconds in repetition 136
tcp_ping received 64 bytes back
Round trip time was 1.14803 milliseconds in repetition 137
tcp_ping received 64 bytes back
Round trip time was 1.14084 milliseconds in repetition 138
tcp_ping received 64 bytes back
Round trip time was 1.04445 milliseconds in repetition 139
tcp_ping received 64 bytes back
Round trip time was 0.968709 milliseconds in repetition 140
tcp_ping received 64 bytes back
Round trip time was 1.49471 milliseconds in repetition 141
tcp_ping received 64 bytes back
Round trip time was 1.02427 milliseconds in repetition 142
tcp_ping received 64 bytes back
Round trip time was 1.72021 milliseconds in repetition 143
tcp_ping received 64 bytes back
Round trip time was 1.42368 milliseconds in repetition 144
tcp_ping received 64 bytes back
Round trip time was 1.04183 milliseconds in repetition 145
tcp_ping received 64 bytes back
Round trip time was 1.1106 milliseconds in repetition 146
tcp_ping received 64 bytes back
Round trip time was 1.53564 milliseconds in repetition 147
tcp_ping received 64 bytes back
Round trip time was 1.12749 milliseconds in repetition 148
tcp_ping received 64 bytes back
Round trip time was 0.859542 milliseconds in repetition 149
tcp_ping received 64 bytes back
Round trip time was 1.01466 milliseconds in repetition 150
tcp_ping received 64 bytes back
Round trip time was 0.978103 milliseconds in repetition 151
tcp_ping received 64 bytes back
Round trip time was 0.947647 milliseconds in repetition 152
tcp_ping received 64 bytes back
Round trip time was 1.20693 milliseconds in repetition 153
tcp_ping received 64 bytes back
Round trip time was 1.12604 milliseconds in repetition 154
tcp_ping received 64 bytes back
Round trip time was 0.868992 milliseconds in repetition 155
tcp_ping received 64 bytes back
Round trip time was 0.917623 milliseconds in repetition 156
tcp_ping received 64 bytes back
Round trip time was 1.04516 milliseconds in repetition 157
tcp_ping received 64 bytes back
Round trip time was 0.98306 milliseconds in repetition 158
tcp_ping received 64 bytes back
Round trip time was 0.860527 milliseconds in repetition 159
tcp_ping received 64 bytes back
Round trip time was 1.00167 milliseconds in repetition 160
tcp_ping received 64 bytes back
Round trip time was 0.951572 milliseconds in repetition 161
tcp_ping received 64 bytes back
Round trip time was 0.973546 milliseconds in repetition 162
tcp_ping received 64 bytes back
Round trip time was 0.899903 milliseconds in repetition 163
tcp_ping received 64 bytes back
Round trip time was 1.00706 milliseconds in repetition 164
tcp_ping received 64 bytes back
Round trip time was 1.17895 milliseconds in repetition 165
tcp_ping received 64 bytes back
Round trip time was 1.36217 milliseconds in repetition 166
tcp_ping received 64 bytes back
Round trip time was 1.03049 milliseconds in repetition 167
tcp_ping received 64 bytes back
Round trip time was 0.985405 milliseconds in repetition 168
tcp_ping received 64 bytes back
Round trip time was 0.941398 milliseconds in repetition 169
tcp_ping received 64 bytes back
Round trip time was 1.083 milliseconds in repetition 170
tcp_ping received 64 bytes back
Round trip time was 0.985954 milliseconds in repetition 171
tcp_ping received 64 bytes back
Round trip time was 0.974108 milliseconds in repetition 172
tcp_ping received 64 bytes back
Round trip time was 1.34035 milliseconds in repetition 173
tcp_ping received 64 bytes back
Round trip time was 0.985436 milliseconds in repetition 174
tcp_ping received 64 bytes back
Round trip time was 0.988019 milliseconds in repetition 175
tcp_ping received 64 bytes back
Round trip time was 0.925342 milliseconds in repetition 176
tcp_ping received 64 bytes back
Round trip time was 0.928108 milliseconds in repetition 177
tcp_ping received 64 bytes back
Round trip time was 1.04322 milliseconds in repetition 178
tcp_ping received 64 bytes back
Round trip time was 1.25117 milliseconds in repetition 179
tcp_ping received 64 bytes back
Round trip time was 1.33215 milliseconds in repetition 180
tcp_ping received 64 bytes back
Round trip time was 1.0565 milliseconds in repetition 181
tcp_ping received 64 bytes back
Round trip time was 1.11365 milliseconds in repetition 182
tcp_ping received 64 bytes back
Round trip time was 0.98745 milliseconds in repetition 183
tcp_ping received 64 bytes back
Round trip time was 1.05397 milliseconds in repetition 184
tcp_ping received 64 bytes back
Round trip time was 0.985609 milliseconds in repetition 185
tcp_ping received 64 bytes back
Round trip time was 1.25713 milliseconds in repetition 186
tcp_ping received 64 bytes back
Round trip time was 1.22964 milliseconds in repetition 187
tcp_ping received 64 bytes back
Round trip time was 1.07734 milliseconds in repetition 188
tcp_ping received 64 bytes back
Round trip time was 1.17297 milliseconds in repetition 189
tcp_ping received 64 bytes back
Round trip time was 3.3061 milliseconds in repetition 190
tcp_ping received 64 bytes back
Round trip time was 1.00098 milliseconds in repetition 191
tcp_ping received 64 bytes back
Round trip time was 1.22639 milliseconds in repetition 192
tcp_ping received 64 bytes back
Round trip time was 1.02405 milliseconds in repetition 193
tcp_ping received 64 bytes back
Round trip time was 1.33192 milliseconds in repetition 194
tcp_ping received 64 bytes back
Round trip time was 2.42489 milliseconds in repetition 195
tcp_ping received 64 bytes back
Round trip time was 3.0264 milliseconds in repetition 196
tcp_ping received 64 bytes back
Round trip time was 1.08834 milliseconds in repetition 197
tcp_ping received 64 bytes back
Round trip time was 1.23359 milliseconds in repetition 198
tcp_ping received 64 bytes back
Round trip time was 0.942582 milliseconds in repetition 199
tcp_ping received 64 bytes back
Round trip time was 0.85744 milliseconds in repetition 200
tcp_ping received 64 bytes back
Round trip time was 0.931971 milliseconds in repetition 201
tcp_ping received 64 bytes back
Round trip time was 1.33514 milliseconds in repetition 202
tcp_ping received 64 bytes back
Round trip time was 0.868533 milliseconds in repetition 203
tcp_ping received 64 bytes back
Round trip time was 3.97316 milliseconds in repetition 204
tcp_ping received 64 bytes back
Round trip time was 4.26804 milliseconds in repetition 205
tcp_ping received 64 bytes back
Round trip time was 1.03796 milliseconds in repetition 206
tcp_ping received 64 bytes back
Round trip time was 1.42903 milliseconds in repetition 207
tcp_ping received 64 bytes back
Round trip time was 1.24148 milliseconds in repetition 208
tcp_ping received 64 bytes back
Round trip time was 0.946666 milliseconds in repetition 209
tcp_ping received 64 bytes back
Round trip time was 0.999016 milliseconds in repetition 210
tcp_ping received 64 bytes back
Round trip time was 1.20665 milliseconds in repetition 211
tcp_ping received 64 bytes back
Round trip time was 1.69111 milliseconds in repetition 212
tcp_ping received 64 bytes back
Round trip time was 1.04026 milliseconds in repetition 213
tcp_ping received 64 bytes back
Round trip time was 1.03953 milliseconds in repetition 214
tcp_ping received 64 bytes back
Round trip time was 1.08756 milliseconds in repetition 215
tcp_ping received 64 bytes back
Round trip time was 1.54471 milliseconds in repetition 216
tcp_ping received 64 bytes back
Round trip time was 1.14499 milliseconds in repetition 217
tcp_ping received 64 bytes back
Round trip time was 1.13392 milliseconds in repetition 218
tcp_ping received 64 bytes back
Round trip time was 1.36475 milliseconds in repetition 219
tcp_ping received 64 bytes back
Round trip time was 1.04933 milliseconds in repetition 220
tcp_ping received 64 bytes back
Round trip time was 4.78181 milliseconds in repetition 221
tcp_ping received 64 bytes back
Round trip time was 1.02262 milliseconds in repetition 222
tcp_ping received 64 bytes back
Round trip time was 2.74133 milliseconds in repetition 223
tcp_ping received 64 bytes back
Round trip time was 0.926408 milliseconds in repetition 224
tcp_ping received 64 bytes back
Round trip time was 1.03411 milliseconds in repetition 225
tcp_ping received 64 bytes back
Round trip time was 0.945501 milliseconds in repetition 226
tcp_ping received 64 bytes back
Round trip time was 1.17815 milliseconds in repetition 227
tcp_ping received 64 bytes back
Round trip time was 0.809394 milliseconds in repetition 228
tcp_ping received 64 bytes back
Round trip time was 0.963135 milliseconds in repetition 229
tcp_ping received 64 bytes back
Round trip time was 0.98882 milliseconds in repetition 230
tcp_ping received 64 bytes back
Round trip time was 5.61953 milliseconds in repetition 231
tcp_ping received 64 bytes back
Round trip time was 2.89683 milliseconds in repetition 232
tcp_ping received 64 bytes back
Round trip time was 2.0397 milliseconds in repetition 233
tcp_ping received 64 bytes back
Round trip time was 0.927511 milliseconds in repetition 234
tcp_ping received 64 bytes back
Round trip time was 1.04639 milliseconds in repetition 235
tcp_ping received 64 bytes back
Round trip time was 1.38645 milliseconds in repetition 236
tcp_ping received 64 bytes back
Round trip time was 1.07561 milliseconds in repetition 237
tcp_ping received 64 bytes back
Round trip time was 1.97351 milliseconds in repetition 238
tcp_ping received 64 bytes back
Round trip time was 0.864086 milliseconds in repetition 239
tcp_ping received 64 bytes back
Round trip time was 0.986246 milliseconds in repetition 240
tcp_ping received 64 bytes back
Round trip time was 1.08749 milliseconds in repetition 241
tcp_ping received 64 bytes back
Round trip time was 0.880596 milliseconds in repetition 242
tcp_ping received 64 bytes back
Round trip time was 0.962617 milliseconds in repetition 243
tcp_ping received 64 bytes back
Round trip time was 1.00914 milliseconds in repetition 244
tcp_ping received 64 bytes back
Round trip time was 0.964452 milliseconds in repetition 245
tcp_ping received 64 bytes back
Round trip time was 0.986386 milliseconds in repetition 246
tcp_ping received 64 bytes back
Round trip time was 0.865062 milliseconds in repetition 247
tcp_ping received 64 bytes back
Round trip time was 1.09274 milliseconds in repetition 248
tcp_ping received 64 bytes back
Round trip time was 1.3343 milliseconds in repetition 249
tcp_ping received 64 bytes back
Round trip time was 1.17736 milliseconds in repetition 250
tcp_ping received 64 bytes back
Round trip time was 1.07264 milliseconds in repetition 251
tcp_ping received 64 bytes back
Round trip time was 0.961541 milliseconds in repetition 252
tcp_ping received 64 bytes back
Round trip time was 0.953143 milliseconds in repetition 253
tcp_ping received 64 bytes back
Round trip time was 1.04973 milliseconds in repetition 254
tcp_ping received 64 bytes back
Round trip time was 1.03243 milliseconds in repetition 255
tcp_ping received 64 bytes back
Round trip time was 0.979979 milliseconds in repetition 256
tcp_ping received 64 bytes back
Round trip time was 1.06231 milliseconds in repetition 257
tcp_ping received 64 bytes back
Round trip time was 0.932236 milliseconds in repetition 258
tcp_ping received 64 bytes back
Round trip time was 0.892415 milliseconds in repetition 259
tcp_ping received 64 bytes back
Round trip time was 1.19091 milliseconds in repetition 260
tcp_ping received 64 bytes back
Round trip time was 0.892496 milliseconds in repetition 261
tcp_ping received 64 bytes back
Round trip time was 1.10506 milliseconds in repetition 262
tcp_ping received 64 bytes back
Round trip time was 0.981814 milliseconds in repetition 263
tcp_ping received 64 bytes back
Round trip time was 1.01664 milliseconds in repetition 264
tcp_ping received 64 bytes back
Round trip time was 0.989917 milliseconds in repetition 265
tcp_ping received 64 bytes back
Round trip time was 1.27318 milliseconds in repetition 266
tcp_ping received 64 bytes back
Round trip time was 0.958239 milliseconds in repetition 267
tcp_ping received 64 bytes back
Round trip time was 1.16814 milliseconds in repetition 268
tcp_ping received 64 bytes back
Round trip time was 1.07363 milliseconds in repetition 269
tcp_ping received 64 bytes back
Round trip time was 0.887998 milliseconds in repetition 270
tcp_ping received 64 bytes back
Round trip time was 1.19772 milliseconds in repetition 271
tcp_ping received 64 bytes back
Round trip time was 0.958653 milliseconds in repetition 272
tcp_ping received 64 bytes back
Round trip time was 0.907328 milliseconds in repetition 273
tcp_ping received 64 bytes back
Round trip time was 1.01425 milliseconds in repetition 274
tcp_ping received 64 bytes back
Round trip time was 0.949284 milliseconds in repetition 275
tcp_ping received 64 bytes back
Round trip time was 0.976094 milliseconds in repetition 276
tcp_ping received 64 bytes back
Round trip time was 1.15617 milliseconds in repetition 277
tcp_ping received 64 bytes back
Round trip time was 0.965836 milliseconds in repetition 278
tcp_ping received 64 bytes back
Round trip time was 0.964028 milliseconds in repetition 279
tcp_ping received 64 bytes back
Round trip time was 1.01245 milliseconds in repetition 280
tcp_ping received 64 bytes back
Round trip time was 0.800111 milliseconds in repetition 281
tcp_ping received 64 bytes back
Round trip time was 0.908522 milliseconds in repetition 282
tcp_ping received 64 bytes back
Round trip time was 1.1176 milliseconds in repetition 283
tcp_ping received 64 bytes back
Round trip time was 0.954681 milliseconds in repetition 284
tcp_ping received 64 bytes back
Round trip time was 1.01019 milliseconds in repetition 285
tcp_ping received 64 bytes back
Round trip time was 1.04749 milliseconds in repetition 286
tcp_ping received 64 bytes back
Round trip time was 0.946593 milliseconds in repetition 287
tcp_ping received 64 bytes back
Round trip time was 0.7042 milliseconds in repetition 288
tcp_ping received 64 bytes back
Round trip time was 1.0817 milliseconds in repetition 289
tcp_ping received 64 bytes back
Round trip time was 0.95165 milliseconds in repetition 290
tcp_ping received 64 bytes back
Round trip time was 1.19475 milliseconds in repetition 291
tcp_ping received 64 bytes back
Round trip time was 1.17319 milliseconds in repetition 292
tcp_ping received 64 bytes back
Round trip time was 1.02293 milliseconds in repetition 293
tcp_ping received 64 bytes back
Round trip time was 0.952911 milliseconds in repetition 294
tcp_ping received 64 bytes back
Round trip time was 0.983427 milliseconds in repetition 295
tcp_ping received 64 bytes back
Round trip time was 1.30008 milliseconds in repetition 296
tcp_ping received 64 bytes back
Round trip time was 0.958405 milliseconds in repetition 297
tcp_ping received 64 bytes back
Round trip time was 0.999723 milliseconds in repetition 298
tcp_ping received 64 bytes back
Round trip time was 0.948719 milliseconds in repetition 299
tcp_ping received 64 bytes back
Round trip time was 0.879678 milliseconds in repetition 300
tcp_ping received 64 bytes back
Round trip time was 0.960784 milliseconds in repetition 301
tcp_ping received 64 bytes back
Round trip time was 1.03134 milliseconds in repetition 302
tcp_ping received 64 bytes back
Round trip time was 0.999667 milliseconds in repetition 303
tcp_ping received 64 bytes back
Round trip time was 0.972454 milliseconds in repetition 304
tcp_ping received 64 bytes back
Round trip time was 0.957895 milliseconds in repetition 305
tcp_ping received 64 bytes back
Round trip time was 1.25759 milliseconds in repetition 306
tcp_ping received 64 bytes back
Round trip time was 1.08661 milliseconds in repetition 307
tcp_ping received 64 bytes back
Round trip time was 1.3309 milliseconds in repetition 308
tcp_ping received 64 bytes back
Round trip time was 1.06535 milliseconds in repetition 309
tcp_ping received 64 bytes back
Round trip time was 0.967802 milliseconds in repetition 310
tcp_ping received 64 bytes back
Round trip time was 1.09496 milliseconds in repetition 311
tcp_ping received 64 bytes back
Round trip time was 1.24302 milliseconds in repetition 312
tcp_ping received 64 bytes back
Round trip time was 1.09804 milliseconds in repetition 313
tcp_ping received 64 bytes back
Round trip time was 1.65611 milliseconds in repetition 314
tcp_ping received 64 bytes back
Round trip time was 1.11419 milliseconds in repetition 315
tcp_ping received 64 bytes back
Round trip time was 1.04982 milliseconds in repetition 316
tcp_ping received 64 bytes back
Round trip time was 1.0121 milliseconds in repetition 317
tcp_ping received 64 bytes back
Round trip time was 1.26765 milliseconds in repetition 318
tcp_ping received 64 bytes back
Round trip time was 1.00979 milliseconds in repetition 319
tcp_ping received 64 bytes back
Round trip time was 0.923069 milliseconds in repetition 320
tcp_ping received 64 bytes back
Round trip time was 1.23392 milliseconds in repetition 321
tcp_ping received 64 bytes back
Round trip time was 1.05026 milliseconds in repetition 322
tcp_ping received 64 bytes back
Round trip time was 1.00207 milliseconds in repetition 323
tcp_ping received 64 bytes back
Round trip time was 1.02629 milliseconds in repetition 324
tcp_ping received 64 bytes back
Round trip time was 1.17202 milliseconds in repetition 325
tcp_ping received 64 bytes back
Round trip time was 0.975481 milliseconds in repetition 326
tcp_ping received 64 bytes back
Round trip time was 1.17651 milliseconds in repetition 327
tcp_ping received 64 bytes back
Round trip time was 1.19486 milliseconds in repetition 328
tcp_ping received 64 bytes back
Round trip time was 1.01148 milliseconds in repetition 329
tcp_ping received 64 bytes back
Round trip time was 0.987017 milliseconds in repetition 330
tcp_ping received 64 bytes back
Round trip time was 0.948039 milliseconds in repetition 331
tcp_ping received 64 bytes back
Round trip time was 1.15387 milliseconds in repetition 332
tcp_ping received 64 bytes back
Round trip time was 1.00308 milliseconds in repetition 333
tcp_ping received 64 bytes back
Round trip time was 0.979233 milliseconds in repetition 334
tcp_ping received 64 bytes back
Round trip time was 1.00976 milliseconds in repetition 335
tcp_ping received 64 bytes back
Round trip time was 4.29861 milliseconds in repetition 336
tcp_ping received 64 bytes back
Round trip time was 1.0528 milliseconds in repetition 337
tcp_ping received 64 bytes back
Round trip time was 1.01773 milliseconds in repetition 338
tcp_ping received 64 bytes back
Round trip time was 1.50192 milliseconds in repetition 339
tcp_ping received 64 bytes back
Round trip time was 1.20074 milliseconds in repetition 340
tcp_ping received 64 bytes back
Round trip time was 0.85217 milliseconds in repetition 341
tcp_ping received 64 bytes back
Round trip time was 0.874391 milliseconds in repetition 342
tcp_ping received 64 bytes back
Round trip time was 0.873311 milliseconds in repetition 343
tcp_ping received 64 bytes back
Round trip time was 1.04262 milliseconds in repetition 344
tcp_ping received 64 bytes back
Round trip time was 1.01015 milliseconds in repetition 345
tcp_ping received 64 bytes back
Round trip time was 6.24454 milliseconds in repetition 346
tcp_ping received 64 bytes back
Round trip time was 1.6741 milliseconds in repetition 347
tcp_ping received 64 bytes back
Round trip time was 0.926354 milliseconds in repetition 348
tcp_ping received 64 bytes back
Round trip time was 0.948246 milliseconds in repetition 349
tcp_ping received 64 bytes back
Round trip time was 1.0325 milliseconds in repetition 350
tcp_ping received 64 bytes back
Round trip time was 1.04736 milliseconds in repetition 351
tcp_ping received 64 bytes back
Round trip time was 0.967029 milliseconds in repetition 352
tcp_ping received 64 bytes back
Round trip time was 1.09951 milliseconds in repetition 353
tcp_ping received 64 bytes back
Round trip time was 1.09058 milliseconds in repetition 354
tcp_ping received 64 bytes back
Round trip time was 0.892914 milliseconds in repetition 355
tcp_ping received 64 bytes back
Round trip time was 1.03394 milliseconds in repetition 356
tcp_ping received 64 bytes back
Round trip time was 1.00276 milliseconds in repetition 357
tcp_ping received 64 bytes back
Round trip time was 1.50485 milliseconds in repetition 358
tcp_ping received 64 bytes back
Round trip time was 0.952929 milliseconds in repetition 359
tcp_ping received 64 bytes back
Round trip time was 0.947637 milliseconds in repetition 360
tcp_ping received 64 bytes back
Round trip time was 1.03611 milliseconds in repetition 361
tcp_ping received 64 bytes back
Round trip time was 0.994245 milliseconds in repetition 362
tcp_ping received 64 bytes back
Round trip time was 1.21869 milliseconds in repetition 363
tcp_ping received 64 bytes back
Round trip time was 9.71179 milliseconds in repetition 364
tcp_ping received 64 bytes back
Round trip time was 3.89922 milliseconds in repetition 365
tcp_ping received 64 bytes back
Round trip time was 0.900871 milliseconds in repetition 366
tcp_ping received 64 bytes back
Round trip time was 0.9882 milliseconds in repetition 367
tcp_ping received 64 bytes back
Round trip time was 0.933187 milliseconds in repetition 368
tcp_ping received 64 bytes back
Round trip time was 1.28032 milliseconds in repetition 369
tcp_ping received 64 bytes back
Round trip time was 0.983182 milliseconds in repetition 370
tcp_ping received 64 bytes back
Round trip time was 0.90094 milliseconds in repetition 371
tcp_ping received 64 bytes back
Round trip time was 0.930289 milliseconds in repetition 372
tcp_ping received 64 bytes back
Round trip time was 0.976705 milliseconds in repetition 373
tcp_ping received 64 bytes back
Round trip time was 0.932385 milliseconds in repetition 374
tcp_ping received 64 bytes back
Round trip time was 1.09254 milliseconds in repetition 375
tcp_ping received 64 bytes back
Round trip time was 0.975519 milliseconds in repetition 376
tcp_ping received 64 bytes back
Round trip time was 1.08019 milliseconds in repetition 377
tcp_ping received 64 bytes back
Round trip time was 1.42494 milliseconds in repetition 378
tcp_ping received 64 bytes back
Round trip time was 1.03616 milliseconds in repetition 379
tcp_ping received 64 bytes back
Round trip time was 1.6592 milliseconds in repetition 380
tcp_ping received 64 bytes back
Round trip time was 0.913258 milliseconds in repetition 381
tcp_ping received 64 bytes back
Round trip time was 0.946917 milliseconds in repetition 382
tcp_ping received 64 bytes back
Round trip time was 1.26648 milliseconds in repetition 383
tcp_ping received 64 bytes back
Round trip time was 4.58165 milliseconds in repetition 384
tcp_ping received 64 bytes back
Round trip time was 3.43753 milliseconds in repetition 385
tcp_ping received 64 bytes back
Round trip time was 0.89714 milliseconds in repetition 386
tcp_ping received 64 bytes back
Round trip time was 0.918586 milliseconds in repetition 387
tcp_ping received 64 bytes back
Round trip time was 0.97658 milliseconds in repetition 388
tcp_ping received 64 bytes back
Round trip time was 1.15487 milliseconds in repetition 389
tcp_ping received 64 bytes back
Round trip time was 0.969129 milliseconds in repetition 390
tcp_ping received 64 bytes back
Round trip time was 1.21819 milliseconds in repetition 391
tcp_ping received 64 bytes back
Round trip time was 0.957403 milliseconds in repetition 392
tcp_ping received 64 bytes back
Round trip time was 1.06877 milliseconds in repetition 393
tcp_ping received 64 bytes back
Round trip time was 0.943177 milliseconds in repetition 394
tcp_ping received 64 bytes back
Round trip time was 0.920087 milliseconds in repetition 395
tcp_ping received 64 bytes back
Round trip time was 0.942117 milliseconds in repetition 396
tcp_ping received 64 bytes back
Round trip time was 1.11084 milliseconds in repetition 397
tcp_ping received 64 bytes back
Round trip time was 1.00546 milliseconds in repetition 398
tcp_ping received 64 bytes back
Round trip time was 0.964716 milliseconds in repetition 399
tcp_ping received 64 bytes back
Round trip time was 5.52808 milliseconds in repetition 400
tcp_ping received 64 bytes back
Round trip time was 0.765003 milliseconds in repetition 401
tcp_ping received 64 bytes back
Round trip time was 4.02921 milliseconds in repetition 402
tcp_ping received 64 bytes back
Round trip time was 1.66451 milliseconds in repetition 403
tcp_ping received 64 bytes back
Round trip time was 0.999955 milliseconds in repetition 404
tcp_ping received 64 bytes back
Round trip time was 0.941151 milliseconds in repetition 405
tcp_ping received 64 bytes back
Round trip time was 3.81922 milliseconds in repetition 406
tcp_ping received 64 bytes back
Round trip time was 0.951892 milliseconds in repetition 407
tcp_ping received 64 bytes back
Round trip time was 1.15936 milliseconds in repetition 408
tcp_ping received 64 bytes back
Round trip time was 1.95794 milliseconds in repetition 409
tcp_ping received 64 bytes back
Round trip time was 1.60015 milliseconds in repetition 410
tcp_ping received 64 bytes back
Round trip time was 2.17665 milliseconds in repetition 411
tcp_ping received 64 bytes back
Round trip time was 1.26112 milliseconds in repetition 412
tcp_ping received 64 bytes back
Round trip time was 1.89003 milliseconds in repetition 413
tcp_ping received 64 bytes back
Round trip time was 2.87144 milliseconds in repetition 414
tcp_ping received 64 bytes back
Round trip time was 2.7758 milliseconds in repetition 415
tcp_ping received 64 bytes back
Round trip time was 2.26986 milliseconds in repetition 416
tcp_ping received 64 bytes back
Round trip time was 0.933278 milliseconds in repetition 417
tcp_ping received 64 bytes back
Round trip time was 4.45459 milliseconds in repetition 418
tcp_ping received 64 bytes back
Round trip time was 2.2951 milliseconds in repetition 419
tcp_ping received 64 bytes back
Round trip time was 1.04787 milliseconds in repetition 420
tcp_ping received 64 bytes back
Round trip time was 1.71373 milliseconds in repetition 421
tcp_ping received 64 bytes back
Round trip time was 2.1637 milliseconds in repetition 422
tcp_ping received 64 bytes back
Round trip time was 1.22535 milliseconds in repetition 423
tcp_ping received 64 bytes back
Round trip time was 1.85994 milliseconds in repetition 424
tcp_ping received 64 bytes back
Round trip time was 5.07539 milliseconds in repetition 425
tcp_ping received 64 bytes back
Round trip time was 1.93826 milliseconds in repetition 426
tcp_ping received 64 bytes back
Round trip time was 1.21889 milliseconds in repetition 427
tcp_ping received 64 bytes back
Round trip time was 2.45086 milliseconds in repetition 428
tcp_ping received 64 bytes back
Round trip time was 3.22072 milliseconds in repetition 429
tcp_ping received 64 bytes back
Round trip time was 0.985457 milliseconds in repetition 430
tcp_ping received 64 bytes back
Round trip time was 0.984909 milliseconds in repetition 431
tcp_ping received 64 bytes back
Round trip time was 0.861225 milliseconds in repetition 432
tcp_ping received 64 bytes back
Round trip time was 1.71663 milliseconds in repetition 433
tcp_ping received 64 bytes back
Round trip time was 2.61435 milliseconds in repetition 434
tcp_ping received 64 bytes back
Round trip time was 1.15503 milliseconds in repetition 435
tcp_ping received 64 bytes back
Round trip time was 1.68234 milliseconds in repetition 436
tcp_ping received 64 bytes back
Round trip time was 5.00423 milliseconds in repetition 437
tcp_ping received 64 bytes back
Round trip time was 2.51957 milliseconds in repetition 438
tcp_ping received 64 bytes back
Round trip time was 1.05421 milliseconds in repetition 439
tcp_ping received 64 bytes back
Round trip time was 1.47655 milliseconds in repetition 440
tcp_ping received 64 bytes back
Round trip time was 3.54489 milliseconds in repetition 441
tcp_ping received 64 bytes back
Round trip time was 1.81971 milliseconds in repetition 442
tcp_ping received 64 bytes back
Round trip time was 1.41949 milliseconds in repetition 443
tcp_ping received 64 bytes back
Round trip time was 1.75069 milliseconds in repetition 444
tcp_ping received 64 bytes back
Round trip time was 2.557 milliseconds in repetition 445
tcp_ping received 64 bytes back
Round trip time was 1.12284 milliseconds in repetition 446
tcp_ping received 64 bytes back
Round trip time was 1.19943 milliseconds in repetition 447
tcp_ping received 64 bytes back
Round trip time was 3.75488 milliseconds in repetition 448
tcp_ping received 64 bytes back
Round trip time was 1.42367 milliseconds in repetition 449
tcp_ping received 64 bytes back
Round trip time was 0.937432 milliseconds in repetition 450
tcp_ping received 64 bytes back
Round trip time was 2.3933 milliseconds in repetition 451
tcp_ping received 64 bytes back
Round trip time was 2.18753 milliseconds in repetition 452
tcp_ping received 64 bytes back
Round trip time was 0.952112 milliseconds in repetition 453
tcp_ping received 64 bytes back
Round trip time was 3.36389 milliseconds in repetition 454
tcp_ping received 64 bytes back
Round trip time was 1.37707 milliseconds in repetition 455
tcp_ping received 64 bytes back
Round trip time was 1.34895 milliseconds in repetition 456
tcp_ping received 64 bytes back
Round trip time was 1.36456 milliseconds in repetition 457
tcp_ping received 64 bytes back
Round trip time was 1.73969 milliseconds in repetition 458
tcp_ping received 64 bytes back
Round trip time was 6.86859 milliseconds in repetition 459
tcp_ping received 64 bytes back
Round trip time was 1.95505 milliseconds in repetition 460
tcp_ping received 64 bytes back
Round trip time was 1.402 milliseconds in repetition 461
tcp_ping received 64 bytes back
Round trip time was 2.75421 milliseconds in repetition 462
tcp_ping received 64 bytes back
Round trip time was 1.35895 milliseconds in repetition 463
tcp_ping received 64 bytes back
Round trip time was 1.27555 milliseconds in repetition 464
tcp_ping received 64 bytes back
Round trip time was 0.996756 milliseconds in repetition 465
tcp_ping received 64 bytes back
Round trip time was 1.20577 milliseconds in repetition 466
tcp_ping received 64 bytes back
Round trip time was 0.919772 milliseconds in repetition 467
tcp_ping received 64 bytes back
Round trip time was 1.5364 milliseconds in repetition 468
tcp_ping received 64 bytes back
Round trip time was 10.5937 milliseconds in repetition 469
tcp_ping received 64 bytes back
Round trip time was 3.00274 milliseconds in repetition 470
tcp_ping received 64 bytes back
Round trip time was 0.85467 milliseconds in repetition 471
tcp_ping received 64 bytes back
Round trip time was 1.38282 milliseconds in repetition 472
tcp_ping received 64 bytes back
Round trip time was 0.924822 milliseconds in repetition 473
tcp_ping received 64 bytes back
Round trip time was 0.990432 milliseconds in repetition 474
tcp_ping received 64 bytes back
Round trip time was 0.788669 milliseconds in repetition 475
tcp_ping received 64 bytes back
Round trip time was 0.948561 milliseconds in repetition 476
tcp_ping received 64 bytes back
Round trip time was 1.90005 milliseconds in repetition 477
tcp_ping received 64 bytes back
Round trip time was 3.90185 milliseconds in repetition 478
tcp_ping received 64 bytes back
Round trip time was 1.09723 milliseconds in repetition 479
tcp_ping received 64 bytes back
Round trip time was 1.34529 milliseconds in repetition 480
tcp_ping received 64 bytes back
Round trip time was 1.3395 milliseconds in repetition 481
tcp_ping received 64 bytes back
Round trip time was 0.944605 milliseconds in repetition 482
tcp_ping received 64 bytes back
Round trip time was 0.848544 milliseconds in repetition 483
tcp_ping received 64 bytes back
Round trip time was 2.28464 milliseconds in repetition 484
tcp_ping received 64 bytes back
Round trip time was 0.843915 milliseconds in repetition 485
tcp_ping received 64 bytes back
Round trip time was 0.990528 milliseconds in repetition 486
tcp_ping received 64 bytes back
Round trip time was 1.52846 milliseconds in repetition 487
tcp_ping received 64 bytes back
Round trip time was 1.63653 milliseconds in repetition 488
tcp_ping received 64 bytes back
Round trip time was 0.920825 milliseconds in repetition 489
tcp_ping received 64 bytes back
Round trip time was 1.25296 milliseconds in repetition 490
tcp_ping received 64 bytes back
Round trip time was 2.97638 milliseconds in repetition 491
tcp_ping received 64 bytes back
Round trip time was 0.92539 milliseconds in repetition 492
tcp_ping received 64 bytes back
Round trip time was 0.95683 milliseconds in repetition 493
tcp_ping received 64 bytes back
Round trip time was 0.967592 milliseconds in repetition 494
tcp_ping received 64 bytes back
Round trip time was 1.01551 milliseconds in repetition 495
tcp_ping received 64 bytes back
Round trip time was 1.0094 milliseconds in repetition 496
tcp_ping received 64 bytes back
Round trip time was 0.78802 milliseconds in repetition 497
tcp_ping received 64 bytes back
Round trip time was 0.940192 milliseconds in repetition 498
tcp_ping received 64 bytes back
Round trip time was 1.34527 milliseconds in repetition 499
tcp_ping received 64 bytes back
Round trip time was 2.37033 milliseconds in repetition 500
tcp_ping received 64 bytes back
Round trip time was 5.39955 milliseconds in repetition 501

 ... clock resolution was 1e-06
TCP Ping:  Statistics over 501 repetitions of 64 byte messages

RTT : percentile 10: 0.923383, median: 1.07363, percentile 90: 2.34666, average: 1.44486, variance: 1.14773

RTT histogram:
0.7042 90
0.764594 291
0.765003 55
0.78802 18
0.788669 14
0.795743 7
0.800111 9
0.809394 4
0.831285 3
0.843915 3
0.848544 2
0.85217 1
0.85467 1
0.85744 0
0.859542 0
0.860527 0
0.861225 0
0.864086 0
0.865062 2
0.86697 0
0.868533 1

   median Throughput : 119.222 KB/s   overall Throughput : 88.59 KB/s

