TCP Ping trying to connect to server 127.0.0.1 (127.0.0.1) on port 2000
 ... connected to Pong server: asking for 151 repetitions of 256 bytes TCP messages
 ... Pong server agreed :-)
tcp_ping received 256 bytes back
Round trip time was 0.026135 milliseconds in repetition 1
tcp_ping received 256 bytes back
Round trip time was 0.018502 milliseconds in repetition 2
tcp_ping received 256 bytes back
Round trip time was 0.016553 milliseconds in repetition 3
tcp_ping received 256 bytes back
Round trip time was 0.016441 milliseconds in repetition 4
tcp_ping received 256 bytes back
Round trip time was 0.016165 milliseconds in repetition 5
tcp_ping received 256 bytes back
Round trip time was 0.016486 milliseconds in repetition 6
tcp_ping received 256 bytes back
Round trip time was 0.018694 milliseconds in repetition 7
tcp_ping received 256 bytes back
Round trip time was 0.016155 milliseconds in repetition 8
tcp_ping received 256 bytes back
Round trip time was 0.018686 milliseconds in repetition 9
tcp_ping received 256 bytes back
Round trip time was 0.016147 milliseconds in repetition 10
tcp_ping received 256 bytes back
Round trip time was 0.018263 milliseconds in repetition 11
tcp_ping received 256 bytes back
Round trip time was 0.015805 milliseconds in repetition 12
tcp_ping received 256 bytes back
Round trip time was 0.018414 milliseconds in repetition 13
tcp_ping received 256 bytes back
Round trip time was 0.015655 milliseconds in repetition 14
tcp_ping received 256 bytes back
Round trip time was 0.018404 milliseconds in repetition 15
tcp_ping received 256 bytes back
Round trip time was 0.015935 milliseconds in repetition 16
tcp_ping received 256 bytes back
Round trip time was 0.018513 milliseconds in repetition 17
tcp_ping received 256 bytes back
Round trip time was 0.015928 milliseconds in repetition 18
tcp_ping received 256 bytes back
Round trip time was 0.018178 milliseconds in repetition 19
tcp_ping received 256 bytes back
Round trip time was 0.015799 milliseconds in repetition 20
tcp_ping received 256 bytes back
Round trip time was 0.018613 milliseconds in repetition 21
tcp_ping received 256 bytes back
Round trip time was 0.015732 milliseconds in repetition 22
tcp_ping received 256 bytes back
Round trip time was 0.018526 milliseconds in repetition 23
tcp_ping received 256 bytes back
Round trip time was 0.016126 milliseconds in repetition 24
tcp_ping received 256 bytes back
Round trip time was 0.01848 milliseconds in repetition 25
tcp_ping received 256 bytes back
Round trip time was 0.015692 milliseconds in repetition 26
tcp_ping received 256 bytes back
Round trip time was 0.018551 milliseconds in repetition 27
tcp_ping received 256 bytes back
Round trip time was 0.01576 milliseconds in repetition 28
tcp_ping received 256 bytes back
Round trip time was 0.018274 milliseconds in repetition 29
tcp_ping received 256 bytes back
Round trip time was 0.01557 milliseconds in repetition 30
tcp_ping received 256 bytes back
Round trip time was 0.018443 milliseconds in repetition 31
tcp_ping received 256 bytes back
Round trip time was 0.015848 milliseconds in repetition 32
tcp_ping received 256 bytes back
Round trip time was 0.018231 milliseconds in repetition 33
tcp_ping received 256 bytes back
Round trip time was 0.015941 milliseconds in repetition 34
tcp_ping received 256 bytes back
Round trip time was 0.018348 milliseconds in repetition 35
tcp_ping received 256 bytes back
Round trip time was 0.015575 milliseconds in repetition 36
tcp_ping received 256 bytes back
Round trip time was 0.018311 milliseconds in repetition 37
tcp_ping received 256 bytes back
Round trip time was 0.015697 milliseconds in repetition 38
tcp_ping received 256 bytes back
Round trip time was 0.018382 milliseconds in repetition 39
tcp_ping received 256 bytes back
Round trip time was 0.015774 milliseconds in repetition 40
tcp_ping received 256 bytes back
Round trip time was 0.018635 milliseconds in repetition 41
tcp_ping received 256 bytes back
Round trip time was 0.015711 milliseconds in repetition 42
tcp_ping received 256 bytes back
Round trip time was 0.019469 milliseconds in repetition 43
tcp_ping received 256 bytes back
Round trip time was 0.019123 milliseconds in repetition 44
tcp_ping received 256 bytes back
Round trip time was 0.018816 milliseconds in repetition 45
tcp_ping received 256 bytes back
Round trip time was 0.015659 milliseconds in repetition 46
tcp_ping received 256 bytes back
Round trip time was 0.018285 milliseconds in repetition 47
tcp_ping received 256 bytes back
Round trip time was 0.015488 milliseconds in repetition 48
tcp_ping received 256 bytes back
Round trip time was 0.018297 milliseconds in repetition 49
tcp_ping received 256 bytes back
Round trip time was 0.015645 milliseconds in repetition 50
tcp_ping received 256 bytes back
Round trip time was 0.018331 milliseconds in repetition 51
tcp_ping received 256 bytes back
Round trip time was 0.017439 milliseconds in repetition 52
tcp_ping received 256 bytes back
Round trip time was 0.018704 milliseconds in repetition 53
tcp_ping received 256 bytes back
Round trip time was 0.015756 milliseconds in repetition 54
tcp_ping received 256 bytes back
Round trip time was 0.015572 milliseconds in repetition 55
tcp_ping received 256 bytes back
Round trip time was 0.015554 milliseconds in repetition 56
tcp_ping received 256 bytes back
Round trip time was 0.015683 milliseconds in repetition 57
tcp_ping received 256 bytes back
Round trip time was 0.018231 milliseconds in repetition 58
tcp_ping received 256 bytes back
Round trip time was 0.015761 milliseconds in repetition 59
tcp_ping received 256 bytes back
Round trip time was 0.018309 milliseconds in repetition 60
tcp_ping received 256 bytes back
Round trip time was 0.015624 milliseconds in repetition 61
tcp_ping received 256 bytes back
Round trip time was 0.015275 milliseconds in repetition 62
tcp_ping received 256 bytes back
Round trip time was 0.0158 milliseconds in repetition 63
tcp_ping received 256 bytes back
Round trip time was 0.018177 milliseconds in repetition 64
tcp_ping received 256 bytes back
Round trip time was 0.015882 milliseconds in repetition 65
tcp_ping received 256 bytes back
Round trip time was 0.018198 milliseconds in repetition 66
tcp_ping received 256 bytes back
Round trip time was 0.015675 milliseconds in repetition 67
tcp_ping received 256 bytes back
Round trip time was 0.018282 milliseconds in repetition 68
tcp_ping received 256 bytes back
Round trip time was 0.015685 milliseconds in repetition 69
tcp_ping received 256 bytes back
Round trip time was 0.019224 milliseconds in repetition 70
tcp_ping received 256 bytes back
Round trip time was 0.015636 milliseconds in repetition 71
tcp_ping received 256 bytes back
Round trip time was 0.01761 milliseconds in repetition 72
tcp_ping received 256 bytes back
Round trip time was 0.015602 milliseconds in repetition 73
tcp_ping received 256 bytes back
Round trip time was 0.019027 milliseconds in repetition 74
tcp_ping received 256 bytes back
Round trip time was 0.015563 milliseconds in repetition 75
tcp_ping received 256 bytes back
Round trip time was 0.015451 milliseconds in repetition 76
tcp_ping received 256 bytes back
Round trip time was 0.015881 milliseconds in repetition 77
tcp_ping received 256 bytes back
Round trip time was 0.018422 milliseconds in repetition 78
tcp_ping received 256 bytes back
Round trip time was 0.015573 milliseconds in repetition 79
tcp_ping received 256 bytes back
Round trip time was 0.01815 milliseconds in repetition 80
tcp_ping received 256 bytes back
Round trip time was 0.015596 milliseconds in repetition 81
tcp_ping received 256 bytes back
Round trip time was 0.019303 milliseconds in repetition 82
tcp_ping received 256 bytes back
Round trip time was 0.015755 milliseconds in repetition 83
tcp_ping received 256 bytes back
Round trip time was 0.018546 milliseconds in repetition 84
tcp_ping received 256 bytes back
Round trip time was 0.015636 milliseconds in repetition 85
tcp_ping received 256 bytes back
Round trip time was 0.015424 milliseconds in repetition 86
tcp_ping received 256 bytes back
Round trip time was 0.015611 milliseconds in repetition 87
tcp_ping received 256 bytes back
Round trip time was 0.014886 milliseconds in repetition 88
tcp_ping received 256 bytes back
Round trip time was 0.020134 milliseconds in repetition 89
tcp_ping received 256 bytes back
Round trip time was 0.015621 milliseconds in repetition 90
tcp_ping received 256 bytes back
Round trip time was 0.018322 milliseconds in repetition 91
tcp_ping received 256 bytes back
Round trip time was 0.015703 milliseconds in repetition 92
tcp_ping received 256 bytes back
Round trip time was 0.018671 milliseconds in repetition 93
tcp_ping received 256 bytes back
Round trip time was 0.015525 milliseconds in repetition 94
tcp_ping received 256 bytes back
Round trip time was 0.018442 milliseconds in repetition 95
tcp_ping received 256 bytes back
Round trip time was 0.015476 milliseconds in repetition 96
tcp_ping received 256 bytes back
Round trip time was 0.015605 milliseconds in repetition 97
tcp_ping received 256 bytes back
Round trip time was 0.015425 milliseconds in repetition 98
tcp_ping received 256 bytes back
Round trip time was 0.014729 milliseconds in repetition 99
tcp_ping received 256 bytes back
Round trip time was 0.014528 milliseconds in repetition 100
tcp_ping received 256 bytes back
Round trip time was 0.014497 milliseconds in repetition 101
tcp_ping received 256 bytes back
Round trip time was 0.018646 milliseconds in repetition 102
tcp_ping received 256 bytes back
Round trip time was 0.015521 milliseconds in repetition 103
tcp_ping received 256 bytes back
Round trip time was 0.017969 milliseconds in repetition 104
tcp_ping received 256 bytes back
Round trip time was 0.015842 milliseconds in repetition 105
tcp_ping received 256 bytes back
Round trip time was 0.018162 milliseconds in repetition 106
tcp_ping received 256 bytes back
Round trip time was 0.015671 milliseconds in repetition 107
tcp_ping received 256 bytes back
Round trip time was 0.015441 milliseconds in repetition 108
tcp_ping received 256 bytes back
Round trip time was 0.015659 milliseconds in repetition 109
tcp_ping received 256 bytes back
Round trip time was 0.017995 milliseconds in repetition 110
tcp_ping received 256 bytes back
Round trip time was 0.015788 milliseconds in repetition 111
tcp_ping received 256 bytes back
Round trip time was 0.018189 milliseconds in repetition 112
tcp_ping received 256 bytes back
Round trip time was 0.015648 milliseconds in repetition 113
tcp_ping received 256 bytes back
Round trip time was 0.017984 milliseconds in repetition 114
tcp_ping received 256 bytes back
Round trip time was 0.015545 milliseconds in repetition 115
tcp_ping received 256 bytes back
Round trip time was 0.01804 milliseconds in repetition 116
tcp_ping received 256 bytes back
Round trip time was 0.015789 milliseconds in repetition 117
tcp_ping received 256 bytes back
Round trip time was 0.018049 milliseconds in repetition 118
tcp_ping received 256 bytes back
Round trip time was 0.015673 milliseconds in repetition 119
tcp_ping received 256 bytes back
Round trip time was 0.018043 milliseconds in repetition 120
tcp_ping received 256 bytes back
Round trip time was 0.015557 milliseconds in repetition 121
tcp_ping received 256 bytes back
Round trip time was 0.018259 milliseconds in repetition 122
tcp_ping received 256 bytes back
Round trip time was 0.015532 milliseconds in repetition 123
tcp_ping received 256 bytes back
Round trip time was 0.018306 milliseconds in repetition 124
tcp_ping received 256 bytes back
Round trip time was 0.01549 milliseconds in repetition 125
tcp_ping received 256 bytes back
Round trip time was 0.015358 milliseconds in repetition 126
tcp_ping received 256 bytes back
Round trip time was 0.015713 milliseconds in repetition 127
tcp_ping received 256 bytes back
Round trip time was 0.019156 milliseconds in repetition 128
tcp_ping received 256 bytes back
Round trip time was 0.015662 milliseconds in repetition 129
tcp_ping received 256 bytes back
Round trip time was 0.015442 milliseconds in repetition 130
tcp_ping received 256 bytes back
Round trip time was 0.015543 milliseconds in repetition 131
tcp_ping received 256 bytes back
Round trip time was 0.01879 milliseconds in repetition 132
tcp_ping received 256 bytes back
Round trip time was 0.017975 milliseconds in repetition 133
tcp_ping received 256 bytes back
Round trip time was 0.015358 milliseconds in repetition 134
tcp_ping received 256 bytes back
Round trip time was 0.015674 milliseconds in repetition 135
tcp_ping received 256 bytes back
Round trip time was 0.015429 milliseconds in repetition 136
tcp_ping received 256 bytes back
Round trip time was 0.015746 milliseconds in repetition 137
tcp_ping received 256 bytes back
Round trip time was 0.018468 milliseconds in repetition 138
tcp_ping received 256 bytes back
Round trip time was 0.015696 milliseconds in repetition 139
tcp_ping received 256 bytes back
Round trip time was 0.018478 milliseconds in repetition 140
tcp_ping received 256 bytes back
Round trip time was 0.015598 milliseconds in repetition 141
tcp_ping received 256 bytes back
Round trip time was 0.01546 milliseconds in repetition 142
tcp_ping received 256 bytes back
Round trip time was 0.015589 milliseconds in repetition 143
tcp_ping received 256 bytes back
Round trip time was 0.018408 milliseconds in repetition 144
tcp_ping received 256 bytes back
Round trip time was 0.01576 milliseconds in repetition 145
tcp_ping received 256 bytes back
Round trip time was 0.015378 milliseconds in repetition 146
tcp_ping received 256 bytes back
Round trip time was 0.015624 milliseconds in repetition 147
tcp_ping received 256 bytes back
Round trip time was 0.0185 milliseconds in repetition 148
tcp_ping received 256 bytes back
Round trip time was 0.015575 milliseconds in repetition 149
tcp_ping received 256 bytes back
Round trip time was 0.015576 milliseconds in repetition 150
tcp_ping received 256 bytes back
Round trip time was 0.015515 milliseconds in repetition 151

 ... clock resolution was 1e-06
TCP Ping:  Statistics over 151 repetitions of 256 byte messages

RTT : percentile 10: 0.015476, median: 0.015842, percentile 90: 0.018635, average: 0.0168453, variance: 2.61209e-06

RTT histogram:
0.0144965 3
0.0150784 4
0.0156604 75
0.0162423 6
0.0168243 1
0.0174063 2
0.0179882 18
0.0185702 34
0.0191521 5
0.0197341 1
0.020316 1
0.020898 0
0.0214799 0
0.0220619 0
0.0226438 0
0.0232258 0
0.0238077 0
0.0243897 0
0.0249716 0
0.0255536 0
0.0261355 1
   median Throughput : 32319.2 KB/s   overall Throughput : 30394.2 KB/s

