TCP Ping trying to connect to server webdev.disi.unige.it (130.251.61.30) on port 1491
 ... connected to Pong server: asking for 501 repetitions of 65536 bytes TCP messages
 ... Pong server agreed :-)
tcp_ping received 65536 bytes back
Round trip time was 42.2642 milliseconds in repetition 1
tcp_ping received 65536 bytes back
Round trip time was 22.2817 milliseconds in repetition 2
tcp_ping received 65536 bytes back
Round trip time was 18.3029 milliseconds in repetition 3
tcp_ping received 65536 bytes back
Round trip time was 21.317 milliseconds in repetition 4
tcp_ping received 65536 bytes back
Round trip time was 23.4804 milliseconds in repetition 5
tcp_ping received 65536 bytes back
Round trip time was 18.7094 milliseconds in repetition 6
tcp_ping received 65536 bytes back
Round trip time was 14.6532 milliseconds in repetition 7
tcp_ping received 65536 bytes back
Round trip time was 20.0898 milliseconds in repetition 8
tcp_ping received 65536 bytes back
Round trip time was 22.0684 milliseconds in repetition 9
tcp_ping received 65536 bytes back
Round trip time was 16.5164 milliseconds in repetition 10
tcp_ping received 65536 bytes back
Round trip time was 15.4193 milliseconds in repetition 11
tcp_ping received 65536 bytes back
Round trip time was 17.382 milliseconds in repetition 12
tcp_ping received 65536 bytes back
Round trip time was 14.0397 milliseconds in repetition 13
tcp_ping received 65536 bytes back
Round trip time was 16.9563 milliseconds in repetition 14
tcp_ping received 65536 bytes back
Round trip time was 18.0076 milliseconds in repetition 15
tcp_ping received 65536 bytes back
Round trip time was 14.666 milliseconds in repetition 16
tcp_ping received 65536 bytes back
Round trip time was 17.1095 milliseconds in repetition 17
tcp_ping received 65536 bytes back
Round trip time was 17.0945 milliseconds in repetition 18
tcp_ping received 65536 bytes back
Round trip time was 17.6446 milliseconds in repetition 19
tcp_ping received 65536 bytes back
Round trip time was 17.7022 milliseconds in repetition 20
tcp_ping received 65536 bytes back
Round trip time was 18.7395 milliseconds in repetition 21
tcp_ping received 65536 bytes back
Round trip time was 16.3198 milliseconds in repetition 22
tcp_ping received 65536 bytes back
Round trip time was 14.3615 milliseconds in repetition 23
tcp_ping received 65536 bytes back
Round trip time was 18.3268 milliseconds in repetition 24
tcp_ping received 65536 bytes back
Round trip time was 14.8697 milliseconds in repetition 25
tcp_ping received 65536 bytes back
Round trip time was 21.8581 milliseconds in repetition 26
tcp_ping received 65536 bytes back
Round trip time was 54.9181 milliseconds in repetition 27
tcp_ping received 65536 bytes back
Round trip time was 54.3877 milliseconds in repetition 28
tcp_ping received 65536 bytes back
Round trip time was 16.3076 milliseconds in repetition 29
tcp_ping received 65536 bytes back
Round trip time was 22.3362 milliseconds in repetition 30
tcp_ping received 65536 bytes back
Round trip time was 19.2565 milliseconds in repetition 31
tcp_ping received 65536 bytes back
Round trip time was 15.0976 milliseconds in repetition 32
tcp_ping received 65536 bytes back
Round trip time was 14.525 milliseconds in repetition 33
tcp_ping received 65536 bytes back
Round trip time was 17.6293 milliseconds in repetition 34
tcp_ping received 65536 bytes back
Round trip time was 13.7442 milliseconds in repetition 35
tcp_ping received 65536 bytes back
Round trip time was 19.0412 milliseconds in repetition 36
tcp_ping received 65536 bytes back
Round trip time was 14.3653 milliseconds in repetition 37
tcp_ping received 65536 bytes back
Round trip time was 13.6295 milliseconds in repetition 38
tcp_ping received 65536 bytes back
Round trip time was 14.7326 milliseconds in repetition 39
tcp_ping received 65536 bytes back
Round trip time was 14.7103 milliseconds in repetition 40
tcp_ping received 65536 bytes back
Round trip time was 14.4974 milliseconds in repetition 41
tcp_ping received 65536 bytes back
Round trip time was 20.8492 milliseconds in repetition 42
tcp_ping received 65536 bytes back
Round trip time was 20.1453 milliseconds in repetition 43
tcp_ping received 65536 bytes back
Round trip time was 14.065 milliseconds in repetition 44
tcp_ping received 65536 bytes back
Round trip time was 18.3212 milliseconds in repetition 45
tcp_ping received 65536 bytes back
Round trip time was 19.2719 milliseconds in repetition 46
tcp_ping received 65536 bytes back
Round trip time was 17.8319 milliseconds in repetition 47
tcp_ping received 65536 bytes back
Round trip time was 15.4799 milliseconds in repetition 48
tcp_ping received 65536 bytes back
Round trip time was 18.8413 milliseconds in repetition 49
tcp_ping received 65536 bytes back
Round trip time was 22.2879 milliseconds in repetition 50
tcp_ping received 65536 bytes back
Round trip time was 19.757 milliseconds in repetition 51
tcp_ping received 65536 bytes back
Round trip time was 17.5759 milliseconds in repetition 52
tcp_ping received 65536 bytes back
Round trip time was 20.8713 milliseconds in repetition 53
tcp_ping received 65536 bytes back
Round trip time was 16.4221 milliseconds in repetition 54
tcp_ping received 65536 bytes back
Round trip time was 18.3296 milliseconds in repetition 55
tcp_ping received 65536 bytes back
Round trip time was 14.6622 milliseconds in repetition 56
tcp_ping received 65536 bytes back
Round trip time was 15.4818 milliseconds in repetition 57
tcp_ping received 65536 bytes back
Round trip time was 14.8993 milliseconds in repetition 58
tcp_ping received 65536 bytes back
Round trip time was 19.5132 milliseconds in repetition 59
tcp_ping received 65536 bytes back
Round trip time was 20.0334 milliseconds in repetition 60
tcp_ping received 65536 bytes back
Round trip time was 15.2192 milliseconds in repetition 61
tcp_ping received 65536 bytes back
Round trip time was 18.2355 milliseconds in repetition 62
tcp_ping received 65536 bytes back
Round trip time was 15.9775 milliseconds in repetition 63
tcp_ping received 65536 bytes back
Round trip time was 13.9391 milliseconds in repetition 64
tcp_ping received 65536 bytes back
Round trip time was 14.4659 milliseconds in repetition 65
tcp_ping received 65536 bytes back
Round trip time was 14.5433 milliseconds in repetition 66
tcp_ping received 65536 bytes back
Round trip time was 16.1559 milliseconds in repetition 67
tcp_ping received 65536 bytes back
Round trip time was 20.4745 milliseconds in repetition 68
tcp_ping received 65536 bytes back
Round trip time was 15.108 milliseconds in repetition 69
tcp_ping received 65536 bytes back
Round trip time was 17.5054 milliseconds in repetition 70
tcp_ping received 65536 bytes back
Round trip time was 15.5876 milliseconds in repetition 71
tcp_ping received 65536 bytes back
Round trip time was 19.1428 milliseconds in repetition 72
tcp_ping received 65536 bytes back
Round trip time was 13.7002 milliseconds in repetition 73
tcp_ping received 65536 bytes back
Round trip time was 14.6966 milliseconds in repetition 74
tcp_ping received 65536 bytes back
Round trip time was 15.2728 milliseconds in repetition 75
tcp_ping received 65536 bytes back
Round trip time was 19.0018 milliseconds in repetition 76
tcp_ping received 65536 bytes back
Round trip time was 15.7423 milliseconds in repetition 77
tcp_ping received 65536 bytes back
Round trip time was 15.4759 milliseconds in repetition 78
tcp_ping received 65536 bytes back
Round trip time was 18.0315 milliseconds in repetition 79
tcp_ping received 65536 bytes back
Round trip time was 13.8841 milliseconds in repetition 80
tcp_ping received 65536 bytes back
Round trip time was 14.3285 milliseconds in repetition 81
tcp_ping received 65536 bytes back
Round trip time was 15.2871 milliseconds in repetition 82
tcp_ping received 65536 bytes back
Round trip time was 16.7545 milliseconds in repetition 83
tcp_ping received 65536 bytes back
Round trip time was 14.6144 milliseconds in repetition 84
tcp_ping received 65536 bytes back
Round trip time was 18.242 milliseconds in repetition 85
tcp_ping received 65536 bytes back
Round trip time was 18.3025 milliseconds in repetition 86
tcp_ping received 65536 bytes back
Round trip time was 14.5383 milliseconds in repetition 87
tcp_ping received 65536 bytes back
Round trip time was 24.501 milliseconds in repetition 88
tcp_ping received 65536 bytes back
Round trip time was 16.28 milliseconds in repetition 89
tcp_ping received 65536 bytes back
Round trip time was 15.0295 milliseconds in repetition 90
tcp_ping received 65536 bytes back
Round trip time was 15.6452 milliseconds in repetition 91
tcp_ping received 65536 bytes back
Round trip time was 15.8049 milliseconds in repetition 92
tcp_ping received 65536 bytes back
Round trip time was 14.95 milliseconds in repetition 93
tcp_ping received 65536 bytes back
Round trip time was 16.9109 milliseconds in repetition 94
tcp_ping received 65536 bytes back
Round trip time was 15.1084 milliseconds in repetition 95
tcp_ping received 65536 bytes back
Round trip time was 17.7212 milliseconds in repetition 96
tcp_ping received 65536 bytes back
Round trip time was 19.6792 milliseconds in repetition 97
tcp_ping received 65536 bytes back
Round trip time was 17.0339 milliseconds in repetition 98
tcp_ping received 65536 bytes back
Round trip time was 15.5348 milliseconds in repetition 99
tcp_ping received 65536 bytes back
Round trip time was 19.1091 milliseconds in repetition 100
tcp_ping received 65536 bytes back
Round trip time was 16.2117 milliseconds in repetition 101
tcp_ping received 65536 bytes back
Round trip time was 17.7182 milliseconds in repetition 102
tcp_ping received 65536 bytes back
Round trip time was 14.8426 milliseconds in repetition 103
tcp_ping received 65536 bytes back
Round trip time was 15.2408 milliseconds in repetition 104
tcp_ping received 65536 bytes back
Round trip time was 16.1021 milliseconds in repetition 105
tcp_ping received 65536 bytes back
Round trip time was 16.1239 milliseconds in repetition 106
tcp_ping received 65536 bytes back
Round trip time was 51.6995 milliseconds in repetition 107
tcp_ping received 65536 bytes back
Round trip time was 16.544 milliseconds in repetition 108
tcp_ping received 65536 bytes back
Round trip time was 23.1845 milliseconds in repetition 109
tcp_ping received 65536 bytes back
Round trip time was 19.4574 milliseconds in repetition 110
tcp_ping received 65536 bytes back
Round trip time was 17.0788 milliseconds in repetition 111
tcp_ping received 65536 bytes back
Round trip time was 14.9981 milliseconds in repetition 112
tcp_ping received 65536 bytes back
Round trip time was 16.1763 milliseconds in repetition 113
tcp_ping received 65536 bytes back
Round trip time was 18.3762 milliseconds in repetition 114
tcp_ping received 65536 bytes back
Round trip time was 18.31 milliseconds in repetition 115
tcp_ping received 65536 bytes back
Round trip time was 20.616 milliseconds in repetition 116
tcp_ping received 65536 bytes back
Round trip time was 19.847 milliseconds in repetition 117
tcp_ping received 65536 bytes back
Round trip time was 16.2524 milliseconds in repetition 118
tcp_ping received 65536 bytes back
Round trip time was 16.2764 milliseconds in repetition 119
tcp_ping received 65536 bytes back
Round trip time was 14.8987 milliseconds in repetition 120
tcp_ping received 65536 bytes back
Round trip time was 17.0439 milliseconds in repetition 121
tcp_ping received 65536 bytes back
Round trip time was 15.0568 milliseconds in repetition 122
tcp_ping received 65536 bytes back
Round trip time was 15.2232 milliseconds in repetition 123
tcp_ping received 65536 bytes back
Round trip time was 18.6214 milliseconds in repetition 124
tcp_ping received 65536 bytes back
Round trip time was 18.7207 milliseconds in repetition 125
tcp_ping received 65536 bytes back
Round trip time was 17.9377 milliseconds in repetition 126
tcp_ping received 65536 bytes back
Round trip time was 16.1142 milliseconds in repetition 127
tcp_ping received 65536 bytes back
Round trip time was 18.7739 milliseconds in repetition 128
tcp_ping received 65536 bytes back
Round trip time was 15.6153 milliseconds in repetition 129
tcp_ping received 65536 bytes back
Round trip time was 21.1714 milliseconds in repetition 130
tcp_ping received 65536 bytes back
Round trip time was 15.9211 milliseconds in repetition 131
tcp_ping received 65536 bytes back
Round trip time was 20.865 milliseconds in repetition 132
tcp_ping received 65536 bytes back
Round trip time was 17.6992 milliseconds in repetition 133
tcp_ping received 65536 bytes back
Round trip time was 25.0154 milliseconds in repetition 134
tcp_ping received 65536 bytes back
Round trip time was 22.7716 milliseconds in repetition 135
tcp_ping received 65536 bytes back
Round trip time was 20.9309 milliseconds in repetition 136
tcp_ping received 65536 bytes back
Round trip time was 19.4003 milliseconds in repetition 137
tcp_ping received 65536 bytes back
Round trip time was 22.1407 milliseconds in repetition 138
tcp_ping received 65536 bytes back
Round trip time was 14.6805 milliseconds in repetition 139
tcp_ping received 65536 bytes back
Round trip time was 15.5196 milliseconds in repetition 140
tcp_ping received 65536 bytes back
Round trip time was 15.2178 milliseconds in repetition 141
tcp_ping received 65536 bytes back
Round trip time was 43.7402 milliseconds in repetition 142
tcp_ping received 65536 bytes back
Round trip time was 16.9405 milliseconds in repetition 143
tcp_ping received 65536 bytes back
Round trip time was 18.0142 milliseconds in repetition 144
tcp_ping received 65536 bytes back
Round trip time was 18.7386 milliseconds in repetition 145
tcp_ping received 65536 bytes back
Round trip time was 20.3926 milliseconds in repetition 146
tcp_ping received 65536 bytes back
Round trip time was 18.3845 milliseconds in repetition 147
tcp_ping received 65536 bytes back
Round trip time was 15.4228 milliseconds in repetition 148
tcp_ping received 65536 bytes back
Round trip time was 16.2778 milliseconds in repetition 149
tcp_ping received 65536 bytes back
Round trip time was 54.1764 milliseconds in repetition 150
tcp_ping received 65536 bytes back
Round trip time was 18.7486 milliseconds in repetition 151
tcp_ping received 65536 bytes back
Round trip time was 23.2683 milliseconds in repetition 152
tcp_ping received 65536 bytes back
Round trip time was 14.9672 milliseconds in repetition 153
tcp_ping received 65536 bytes back
Round trip time was 17.6506 milliseconds in repetition 154
tcp_ping received 65536 bytes back
Round trip time was 15.4612 milliseconds in repetition 155
tcp_ping received 65536 bytes back
Round trip time was 64.9115 milliseconds in repetition 156
tcp_ping received 65536 bytes back
Round trip time was 56.536 milliseconds in repetition 157
tcp_ping received 65536 bytes back
Round trip time was 14.7987 milliseconds in repetition 158
tcp_ping received 65536 bytes back
Round trip time was 15.841 milliseconds in repetition 159
tcp_ping received 65536 bytes back
Round trip time was 21.2074 milliseconds in repetition 160
tcp_ping received 65536 bytes back
Round trip time was 15.9112 milliseconds in repetition 161
tcp_ping received 65536 bytes back
Round trip time was 20.5102 milliseconds in repetition 162
tcp_ping received 65536 bytes back
Round trip time was 20.0482 milliseconds in repetition 163
tcp_ping received 65536 bytes back
Round trip time was 16.2755 milliseconds in repetition 164
tcp_ping received 65536 bytes back
Round trip time was 16.033 milliseconds in repetition 165
tcp_ping received 65536 bytes back
Round trip time was 15.5882 milliseconds in repetition 166
tcp_ping received 65536 bytes back
Round trip time was 23.4274 milliseconds in repetition 167
tcp_ping received 65536 bytes back
Round trip time was 22.993 milliseconds in repetition 168
tcp_ping received 65536 bytes back
Round trip time was 20.7075 milliseconds in repetition 169
tcp_ping received 65536 bytes back
Round trip time was 18.8542 milliseconds in repetition 170
tcp_ping received 65536 bytes back
Round trip time was 14.547 milliseconds in repetition 171
tcp_ping received 65536 bytes back
Round trip time was 18.9885 milliseconds in repetition 172
tcp_ping received 65536 bytes back
Round trip time was 13.8827 milliseconds in repetition 173
tcp_ping received 65536 bytes back
Round trip time was 16.1605 milliseconds in repetition 174
tcp_ping received 65536 bytes back
Round trip time was 16.7796 milliseconds in repetition 175
tcp_ping received 65536 bytes back
Round trip time was 59.6029 milliseconds in repetition 176
tcp_ping received 65536 bytes back
Round trip time was 18.999 milliseconds in repetition 177
tcp_ping received 65536 bytes back
Round trip time was 19.9135 milliseconds in repetition 178
tcp_ping received 65536 bytes back
Round trip time was 18.0099 milliseconds in repetition 179
tcp_ping received 65536 bytes back
Round trip time was 19.0507 milliseconds in repetition 180
tcp_ping received 65536 bytes back
Round trip time was 16.2061 milliseconds in repetition 181
tcp_ping received 65536 bytes back
Round trip time was 17.3441 milliseconds in repetition 182
tcp_ping received 65536 bytes back
Round trip time was 18.8333 milliseconds in repetition 183
tcp_ping received 65536 bytes back
Round trip time was 55.0094 milliseconds in repetition 184
tcp_ping received 65536 bytes back
Round trip time was 17.7004 milliseconds in repetition 185
tcp_ping received 65536 bytes back
Round trip time was 19.0006 milliseconds in repetition 186
tcp_ping received 65536 bytes back
Round trip time was 17.6728 milliseconds in repetition 187
tcp_ping received 65536 bytes back
Round trip time was 61.6022 milliseconds in repetition 188
tcp_ping received 65536 bytes back
Round trip time was 15.4558 milliseconds in repetition 189
tcp_ping received 65536 bytes back
Round trip time was 57.556 milliseconds in repetition 190
tcp_ping received 65536 bytes back
Round trip time was 60.519 milliseconds in repetition 191
tcp_ping received 65536 bytes back
Round trip time was 15.9777 milliseconds in repetition 192
tcp_ping received 65536 bytes back
Round trip time was 16.1337 milliseconds in repetition 193
tcp_ping received 65536 bytes back
Round trip time was 18.2762 milliseconds in repetition 194
tcp_ping received 65536 bytes back
Round trip time was 14.8767 milliseconds in repetition 195
tcp_ping received 65536 bytes back
Round trip time was 14.6267 milliseconds in repetition 196
tcp_ping received 65536 bytes back
Round trip time was 15.6555 milliseconds in repetition 197
tcp_ping received 65536 bytes back
Round trip time was 17.5205 milliseconds in repetition 198
tcp_ping received 65536 bytes back
Round trip time was 15.272 milliseconds in repetition 199
tcp_ping received 65536 bytes back
Round trip time was 24.522 milliseconds in repetition 200
tcp_ping received 65536 bytes back
Round trip time was 15.9026 milliseconds in repetition 201
tcp_ping received 65536 bytes back
Round trip time was 17.8863 milliseconds in repetition 202
tcp_ping received 65536 bytes back
Round trip time was 18.884 milliseconds in repetition 203
tcp_ping received 65536 bytes back
Round trip time was 15.3338 milliseconds in repetition 204
tcp_ping received 65536 bytes back
Round trip time was 51.4059 milliseconds in repetition 205
tcp_ping received 65536 bytes back
Round trip time was 16.6945 milliseconds in repetition 206
tcp_ping received 65536 bytes back
Round trip time was 17.5299 milliseconds in repetition 207
tcp_ping received 65536 bytes back
Round trip time was 16.0408 milliseconds in repetition 208
tcp_ping received 65536 bytes back
Round trip time was 17.3946 milliseconds in repetition 209
tcp_ping received 65536 bytes back
Round trip time was 13.9015 milliseconds in repetition 210
tcp_ping received 65536 bytes back
Round trip time was 14.8208 milliseconds in repetition 211
tcp_ping received 65536 bytes back
Round trip time was 14.1657 milliseconds in repetition 212
tcp_ping received 65536 bytes back
Round trip time was 15.2991 milliseconds in repetition 213
tcp_ping received 65536 bytes back
Round trip time was 14.2462 milliseconds in repetition 214
tcp_ping received 65536 bytes back
Round trip time was 14.5885 milliseconds in repetition 215
tcp_ping received 65536 bytes back
Round trip time was 15.5047 milliseconds in repetition 216
tcp_ping received 65536 bytes back
Round trip time was 16.3376 milliseconds in repetition 217
tcp_ping received 65536 bytes back
Round trip time was 17.7314 milliseconds in repetition 218
tcp_ping received 65536 bytes back
Round trip time was 13.9276 milliseconds in repetition 219
tcp_ping received 65536 bytes back
Round trip time was 14.7176 milliseconds in repetition 220
tcp_ping received 65536 bytes back
Round trip time was 14.0044 milliseconds in repetition 221
tcp_ping received 65536 bytes back
Round trip time was 14.8432 milliseconds in repetition 222
tcp_ping received 65536 bytes back
Round trip time was 14.1606 milliseconds in repetition 223
tcp_ping received 65536 bytes back
Round trip time was 20.682 milliseconds in repetition 224
tcp_ping received 65536 bytes back
Round trip time was 17.9317 milliseconds in repetition 225
tcp_ping received 65536 bytes back
Round trip time was 16.0687 milliseconds in repetition 226
tcp_ping received 65536 bytes back
Round trip time was 16.2082 milliseconds in repetition 227
tcp_ping received 65536 bytes back
Round trip time was 14.136 milliseconds in repetition 228
tcp_ping received 65536 bytes back
Round trip time was 14.766 milliseconds in repetition 229
tcp_ping received 65536 bytes back
Round trip time was 15.8646 milliseconds in repetition 230
tcp_ping received 65536 bytes back
Round trip time was 16.6973 milliseconds in repetition 231
tcp_ping received 65536 bytes back
Round trip time was 14.7474 milliseconds in repetition 232
tcp_ping received 65536 bytes back
Round trip time was 15.9155 milliseconds in repetition 233
tcp_ping received 65536 bytes back
Round trip time was 19.1786 milliseconds in repetition 234
tcp_ping received 65536 bytes back
Round trip time was 14.5488 milliseconds in repetition 235
tcp_ping received 65536 bytes back
Round trip time was 18.0138 milliseconds in repetition 236
tcp_ping received 65536 bytes back
Round trip time was 17.7118 milliseconds in repetition 237
tcp_ping received 65536 bytes back
Round trip time was 16.8914 milliseconds in repetition 238
tcp_ping received 65536 bytes back
Round trip time was 15.8777 milliseconds in repetition 239
tcp_ping received 65536 bytes back
Round trip time was 17.1058 milliseconds in repetition 240
tcp_ping received 65536 bytes back
Round trip time was 14.8045 milliseconds in repetition 241
tcp_ping received 65536 bytes back
Round trip time was 17.1772 milliseconds in repetition 242
tcp_ping received 65536 bytes back
Round trip time was 14.5688 milliseconds in repetition 243
tcp_ping received 65536 bytes back
Round trip time was 15.5889 milliseconds in repetition 244
tcp_ping received 65536 bytes back
Round trip time was 14.7474 milliseconds in repetition 245
tcp_ping received 65536 bytes back
Round trip time was 14.1445 milliseconds in repetition 246
tcp_ping received 65536 bytes back
Round trip time was 17.2536 milliseconds in repetition 247
tcp_ping received 65536 bytes back
Round trip time was 15.7198 milliseconds in repetition 248
tcp_ping received 65536 bytes back
Round trip time was 27.6181 milliseconds in repetition 249
tcp_ping received 65536 bytes back
Round trip time was 18.7897 milliseconds in repetition 250
tcp_ping received 65536 bytes back
Round trip time was 29.1156 milliseconds in repetition 251
tcp_ping received 65536 bytes back
Round trip time was 14.7927 milliseconds in repetition 252
tcp_ping received 65536 bytes back
Round trip time was 14.8229 milliseconds in repetition 253
tcp_ping received 65536 bytes back
Round trip time was 14.5955 milliseconds in repetition 254
tcp_ping received 65536 bytes back
Round trip time was 18.4348 milliseconds in repetition 255
tcp_ping received 65536 bytes back
Round trip time was 15.437 milliseconds in repetition 256
tcp_ping received 65536 bytes back
Round trip time was 21.8064 milliseconds in repetition 257
tcp_ping received 65536 bytes back
Round trip time was 14.8436 milliseconds in repetition 258
tcp_ping received 65536 bytes back
Round trip time was 14.0024 milliseconds in repetition 259
tcp_ping received 65536 bytes back
Round trip time was 14.8206 milliseconds in repetition 260
tcp_ping received 65536 bytes back
Round trip time was 21.0495 milliseconds in repetition 261
tcp_ping received 65536 bytes back
Round trip time was 14.755 milliseconds in repetition 262
tcp_ping received 65536 bytes back
Round trip time was 14.4275 milliseconds in repetition 263
tcp_ping received 65536 bytes back
Round trip time was 15.002 milliseconds in repetition 264
tcp_ping received 65536 bytes back
Round trip time was 16.0022 milliseconds in repetition 265
tcp_ping received 65536 bytes back
Round trip time was 20.8668 milliseconds in repetition 266
tcp_ping received 65536 bytes back
Round trip time was 15.0871 milliseconds in repetition 267
tcp_ping received 65536 bytes back
Round trip time was 16.8403 milliseconds in repetition 268
tcp_ping received 65536 bytes back
Round trip time was 14.7722 milliseconds in repetition 269
tcp_ping received 65536 bytes back
Round trip time was 15.5067 milliseconds in repetition 270
tcp_ping received 65536 bytes back
Round trip time was 20.1596 milliseconds in repetition 271
tcp_ping received 65536 bytes back
Round trip time was 12.8021 milliseconds in repetition 272
tcp_ping received 65536 bytes back
Round trip time was 17.1998 milliseconds in repetition 273
tcp_ping received 65536 bytes back
Round trip time was 16.6513 milliseconds in repetition 274
tcp_ping received 65536 bytes back
Round trip time was 13.7461 milliseconds in repetition 275
tcp_ping received 65536 bytes back
Round trip time was 13.0711 milliseconds in repetition 276
tcp_ping received 65536 bytes back
Round trip time was 15.7337 milliseconds in repetition 277
tcp_ping received 65536 bytes back
Round trip time was 16.8552 milliseconds in repetition 278
tcp_ping received 65536 bytes back
Round trip time was 19.5837 milliseconds in repetition 279
tcp_ping received 65536 bytes back
Round trip time was 14.4268 milliseconds in repetition 280
tcp_ping received 65536 bytes back
Round trip time was 14.6494 milliseconds in repetition 281
tcp_ping received 65536 bytes back
Round trip time was 14.8403 milliseconds in repetition 282
tcp_ping received 65536 bytes back
Round trip time was 24.8103 milliseconds in repetition 283
tcp_ping received 65536 bytes back
Round trip time was 15.2695 milliseconds in repetition 284
tcp_ping received 65536 bytes back
Round trip time was 17.8956 milliseconds in repetition 285
tcp_ping received 65536 bytes back
Round trip time was 55.0398 milliseconds in repetition 286
tcp_ping received 65536 bytes back
Round trip time was 52.5128 milliseconds in repetition 287
tcp_ping received 65536 bytes back
Round trip time was 14.3151 milliseconds in repetition 288
tcp_ping received 65536 bytes back
Round trip time was 15.2597 milliseconds in repetition 289
tcp_ping received 65536 bytes back
Round trip time was 56.1947 milliseconds in repetition 290
tcp_ping received 65536 bytes back
Round trip time was 15.2714 milliseconds in repetition 291
tcp_ping received 65536 bytes back
Round trip time was 14.3426 milliseconds in repetition 292
tcp_ping received 65536 bytes back
Round trip time was 15.292 milliseconds in repetition 293
tcp_ping received 65536 bytes back
Round trip time was 14.6431 milliseconds in repetition 294
tcp_ping received 65536 bytes back
Round trip time was 21.2141 milliseconds in repetition 295
tcp_ping received 65536 bytes back
Round trip time was 15.0276 milliseconds in repetition 296
tcp_ping received 65536 bytes back
Round trip time was 14.9612 milliseconds in repetition 297
tcp_ping received 65536 bytes back
Round trip time was 18.1124 milliseconds in repetition 298
tcp_ping received 65536 bytes back
Round trip time was 14.8057 milliseconds in repetition 299
tcp_ping received 65536 bytes back
Round trip time was 14.8677 milliseconds in repetition 300
tcp_ping received 65536 bytes back
Round trip time was 15.8362 milliseconds in repetition 301
tcp_ping received 65536 bytes back
Round trip time was 14.9137 milliseconds in repetition 302
tcp_ping received 65536 bytes back
Round trip time was 22.3034 milliseconds in repetition 303
tcp_ping received 65536 bytes back
Round trip time was 22.6766 milliseconds in repetition 304
tcp_ping received 65536 bytes back
Round trip time was 20.6108 milliseconds in repetition 305
tcp_ping received 65536 bytes back
Round trip time was 18.7459 milliseconds in repetition 306
tcp_ping received 65536 bytes back
Round trip time was 19.0531 milliseconds in repetition 307
tcp_ping received 65536 bytes back
Round trip time was 19.8423 milliseconds in repetition 308
tcp_ping received 65536 bytes back
Round trip time was 15.743 milliseconds in repetition 309
tcp_ping received 65536 bytes back
Round trip time was 23.2877 milliseconds in repetition 310
tcp_ping received 65536 bytes back
Round trip time was 15.9247 milliseconds in repetition 311
tcp_ping received 65536 bytes back
Round trip time was 19.6194 milliseconds in repetition 312
tcp_ping received 65536 bytes back
Round trip time was 20.4148 milliseconds in repetition 313
tcp_ping received 65536 bytes back
Round trip time was 16.3869 milliseconds in repetition 314
tcp_ping received 65536 bytes back
Round trip time was 33.2075 milliseconds in repetition 315
tcp_ping received 65536 bytes back
Round trip time was 20.4544 milliseconds in repetition 316
tcp_ping received 65536 bytes back
Round trip time was 16.2623 milliseconds in repetition 317
tcp_ping received 65536 bytes back
Round trip time was 17.0161 milliseconds in repetition 318
tcp_ping received 65536 bytes back
Round trip time was 18.8283 milliseconds in repetition 319
tcp_ping received 65536 bytes back
Round trip time was 58.8593 milliseconds in repetition 320
tcp_ping received 65536 bytes back
Round trip time was 24.8793 milliseconds in repetition 321
tcp_ping received 65536 bytes back
Round trip time was 17.9962 milliseconds in repetition 322
tcp_ping received 65536 bytes back
Round trip time was 15.6694 milliseconds in repetition 323
tcp_ping received 65536 bytes back
Round trip time was 20.9299 milliseconds in repetition 324
tcp_ping received 65536 bytes back
Round trip time was 15.8897 milliseconds in repetition 325
tcp_ping received 65536 bytes back
Round trip time was 16.3788 milliseconds in repetition 326
tcp_ping received 65536 bytes back
Round trip time was 14.2331 milliseconds in repetition 327
tcp_ping received 65536 bytes back
Round trip time was 16.7397 milliseconds in repetition 328
tcp_ping received 65536 bytes back
Round trip time was 18.5084 milliseconds in repetition 329
tcp_ping received 65536 bytes back
Round trip time was 16.2864 milliseconds in repetition 330
tcp_ping received 65536 bytes back
Round trip time was 18.0061 milliseconds in repetition 331
tcp_ping received 65536 bytes back
Round trip time was 23.3142 milliseconds in repetition 332
tcp_ping received 65536 bytes back
Round trip time was 14.8025 milliseconds in repetition 333
tcp_ping received 65536 bytes back
Round trip time was 19.55 milliseconds in repetition 334
tcp_ping received 65536 bytes back
Round trip time was 17.7252 milliseconds in repetition 335
tcp_ping received 65536 bytes back
Round trip time was 15.3232 milliseconds in repetition 336
tcp_ping received 65536 bytes back
Round trip time was 15.8077 milliseconds in repetition 337
tcp_ping received 65536 bytes back
Round trip time was 15.2986 milliseconds in repetition 338
tcp_ping received 65536 bytes back
Round trip time was 15.2258 milliseconds in repetition 339
tcp_ping received 65536 bytes back
Round trip time was 14.4724 milliseconds in repetition 340
tcp_ping received 65536 bytes back
Round trip time was 14.0237 milliseconds in repetition 341
tcp_ping received 65536 bytes back
Round trip time was 16.4742 milliseconds in repetition 342
tcp_ping received 65536 bytes back
Round trip time was 54.5976 milliseconds in repetition 343
tcp_ping received 65536 bytes back
Round trip time was 16.5981 milliseconds in repetition 344
tcp_ping received 65536 bytes back
Round trip time was 20.8851 milliseconds in repetition 345
tcp_ping received 65536 bytes back
Round trip time was 14.6034 milliseconds in repetition 346
tcp_ping received 65536 bytes back
Round trip time was 16.3623 milliseconds in repetition 347
tcp_ping received 65536 bytes back
Round trip time was 20.4332 milliseconds in repetition 348
tcp_ping received 65536 bytes back
Round trip time was 13.8412 milliseconds in repetition 349
tcp_ping received 65536 bytes back
Round trip time was 14.9236 milliseconds in repetition 350
tcp_ping received 65536 bytes back
Round trip time was 14.0438 milliseconds in repetition 351
tcp_ping received 65536 bytes back
Round trip time was 15.7862 milliseconds in repetition 352
tcp_ping received 65536 bytes back
Round trip time was 14.8995 milliseconds in repetition 353
tcp_ping received 65536 bytes back
Round trip time was 13.075 milliseconds in repetition 354
tcp_ping received 65536 bytes back
Round trip time was 13.2445 milliseconds in repetition 355
tcp_ping received 65536 bytes back
Round trip time was 13.2647 milliseconds in repetition 356
tcp_ping received 65536 bytes back
Round trip time was 13.7393 milliseconds in repetition 357
tcp_ping received 65536 bytes back
Round trip time was 13.9306 milliseconds in repetition 358
tcp_ping received 65536 bytes back
Round trip time was 14.6104 milliseconds in repetition 359
tcp_ping received 65536 bytes back
Round trip time was 13.1369 milliseconds in repetition 360
tcp_ping received 65536 bytes back
Round trip time was 12.9132 milliseconds in repetition 361
tcp_ping received 65536 bytes back
Round trip time was 19.3269 milliseconds in repetition 362
tcp_ping received 65536 bytes back
Round trip time was 59.375 milliseconds in repetition 363
tcp_ping received 65536 bytes back
Round trip time was 14.7514 milliseconds in repetition 364
tcp_ping received 65536 bytes back
Round trip time was 16.098 milliseconds in repetition 365
tcp_ping received 65536 bytes back
Round trip time was 26.2344 milliseconds in repetition 366
tcp_ping received 65536 bytes back
Round trip time was 58.185 milliseconds in repetition 367
tcp_ping received 65536 bytes back
Round trip time was 60.694 milliseconds in repetition 368
tcp_ping received 65536 bytes back
Round trip time was 23.081 milliseconds in repetition 369
tcp_ping received 65536 bytes back
Round trip time was 18.6859 milliseconds in repetition 370
tcp_ping received 65536 bytes back
Round trip time was 60.1441 milliseconds in repetition 371
tcp_ping received 65536 bytes back
Round trip time was 17.7418 milliseconds in repetition 372
tcp_ping received 65536 bytes back
Round trip time was 19.6908 milliseconds in repetition 373
tcp_ping received 65536 bytes back
Round trip time was 21.2184 milliseconds in repetition 374
tcp_ping received 65536 bytes back
Round trip time was 23.5083 milliseconds in repetition 375
tcp_ping received 65536 bytes back
Round trip time was 16.9627 milliseconds in repetition 376
tcp_ping received 65536 bytes back
Round trip time was 65.653 milliseconds in repetition 377
tcp_ping received 65536 bytes back
Round trip time was 19.1297 milliseconds in repetition 378
tcp_ping received 65536 bytes back
Round trip time was 20.2858 milliseconds in repetition 379
tcp_ping received 65536 bytes back
Round trip time was 19.7471 milliseconds in repetition 380
tcp_ping received 65536 bytes back
Round trip time was 16.4576 milliseconds in repetition 381
tcp_ping received 65536 bytes back
Round trip time was 22.7631 milliseconds in repetition 382
tcp_ping received 65536 bytes back
Round trip time was 19.7404 milliseconds in repetition 383
tcp_ping received 65536 bytes back
Round trip time was 22.4572 milliseconds in repetition 384
tcp_ping received 65536 bytes back
Round trip time was 16.1448 milliseconds in repetition 385
tcp_ping received 65536 bytes back
Round trip time was 16.8054 milliseconds in repetition 386
tcp_ping received 65536 bytes back
Round trip time was 20.9412 milliseconds in repetition 387
tcp_ping received 65536 bytes back
Round trip time was 15.5621 milliseconds in repetition 388
tcp_ping received 65536 bytes back
Round trip time was 23.6643 milliseconds in repetition 389
tcp_ping received 65536 bytes back
Round trip time was 59.5152 milliseconds in repetition 390
tcp_ping received 65536 bytes back
Round trip time was 19.2875 milliseconds in repetition 391
tcp_ping received 65536 bytes back
Round trip time was 19.237 milliseconds in repetition 392
tcp_ping received 65536 bytes back
Round trip time was 16.1698 milliseconds in repetition 393
tcp_ping received 65536 bytes back
Round trip time was 24.8059 milliseconds in repetition 394
tcp_ping received 65536 bytes back
Round trip time was 18.7553 milliseconds in repetition 395
tcp_ping received 65536 bytes back
Round trip time was 19.7451 milliseconds in repetition 396
tcp_ping received 65536 bytes back
Round trip time was 15.7395 milliseconds in repetition 397
tcp_ping received 65536 bytes back
Round trip time was 52.3548 milliseconds in repetition 398
tcp_ping received 65536 bytes back
Round trip time was 17.9697 milliseconds in repetition 399
tcp_ping received 65536 bytes back
Round trip time was 16.1964 milliseconds in repetition 400
tcp_ping received 65536 bytes back
Round trip time was 17.9115 milliseconds in repetition 401
tcp_ping received 65536 bytes back
Round trip time was 19.9677 milliseconds in repetition 402
tcp_ping received 65536 bytes back
Round trip time was 15.3586 milliseconds in repetition 403
tcp_ping received 65536 bytes back
Round trip time was 31.134 milliseconds in repetition 404
tcp_ping received 65536 bytes back
Round trip time was 17.3906 milliseconds in repetition 405
tcp_ping received 65536 bytes back
Round trip time was 18.9662 milliseconds in repetition 406
tcp_ping received 65536 bytes back
Round trip time was 15.8874 milliseconds in repetition 407
tcp_ping received 65536 bytes back
Round trip time was 20.6932 milliseconds in repetition 408
tcp_ping received 65536 bytes back
Round trip time was 14.7318 milliseconds in repetition 409
tcp_ping received 65536 bytes back
Round trip time was 56.6905 milliseconds in repetition 410
tcp_ping received 65536 bytes back
Round trip time was 18.766 milliseconds in repetition 411
tcp_ping received 65536 bytes back
Round trip time was 60.0498 milliseconds in repetition 412
tcp_ping received 65536 bytes back
Round trip time was 17.8189 milliseconds in repetition 413
tcp_ping received 65536 bytes back
Round trip time was 21.3498 milliseconds in repetition 414
tcp_ping received 65536 bytes back
Round trip time was 14.0412 milliseconds in repetition 415
tcp_ping received 65536 bytes back
Round trip time was 17.587 milliseconds in repetition 416
tcp_ping received 65536 bytes back
Round trip time was 15.193 milliseconds in repetition 417
tcp_ping received 65536 bytes back
Round trip time was 20.8764 milliseconds in repetition 418
tcp_ping received 65536 bytes back
Round trip time was 19.3998 milliseconds in repetition 419
tcp_ping received 65536 bytes back
Round trip time was 21.6173 milliseconds in repetition 420
tcp_ping received 65536 bytes back
Round trip time was 20.1401 milliseconds in repetition 421
tcp_ping received 65536 bytes back
Round trip time was 14.9576 milliseconds in repetition 422
tcp_ping received 65536 bytes back
Round trip time was 18.1581 milliseconds in repetition 423
tcp_ping received 65536 bytes back
Round trip time was 20.2859 milliseconds in repetition 424
tcp_ping received 65536 bytes back
Round trip time was 15.3263 milliseconds in repetition 425
tcp_ping received 65536 bytes back
Round trip time was 19.8461 milliseconds in repetition 426
tcp_ping received 65536 bytes back
Round trip time was 58.1932 milliseconds in repetition 427
tcp_ping received 65536 bytes back
Round trip time was 18.1219 milliseconds in repetition 428
tcp_ping received 65536 bytes back
Round trip time was 16.5427 milliseconds in repetition 429
tcp_ping received 65536 bytes back
Round trip time was 14.7594 milliseconds in repetition 430
tcp_ping received 65536 bytes back
Round trip time was 14.6676 milliseconds in repetition 431
tcp_ping received 65536 bytes back
Round trip time was 15.0857 milliseconds in repetition 432
tcp_ping received 65536 bytes back
Round trip time was 14.4718 milliseconds in repetition 433
tcp_ping received 65536 bytes back
Round trip time was 14.7655 milliseconds in repetition 434
tcp_ping received 65536 bytes back
Round trip time was 15.7286 milliseconds in repetition 435
tcp_ping received 65536 bytes back
Round trip time was 14.6172 milliseconds in repetition 436
tcp_ping received 65536 bytes back
Round trip time was 15.4036 milliseconds in repetition 437
tcp_ping received 65536 bytes back
Round trip time was 13.8903 milliseconds in repetition 438
tcp_ping received 65536 bytes back
Round trip time was 15.3132 milliseconds in repetition 439
tcp_ping received 65536 bytes back
Round trip time was 19.7278 milliseconds in repetition 440
tcp_ping received 65536 bytes back
Round trip time was 15.9442 milliseconds in repetition 441
tcp_ping received 65536 bytes back
Round trip time was 14.1051 milliseconds in repetition 442
tcp_ping received 65536 bytes back
Round trip time was 14.6013 milliseconds in repetition 443
tcp_ping received 65536 bytes back
Round trip time was 17.1779 milliseconds in repetition 444
tcp_ping received 65536 bytes back
Round trip time was 14.9997 milliseconds in repetition 445
tcp_ping received 65536 bytes back
Round trip time was 17.0869 milliseconds in repetition 446
tcp_ping received 65536 bytes back
Round trip time was 14.3449 milliseconds in repetition 447
tcp_ping received 65536 bytes back
Round trip time was 15.8868 milliseconds in repetition 448
tcp_ping received 65536 bytes back
Round trip time was 13.4931 milliseconds in repetition 449
tcp_ping received 65536 bytes back
Round trip time was 15.9433 milliseconds in repetition 450
tcp_ping received 65536 bytes back
Round trip time was 15.5495 milliseconds in repetition 451
tcp_ping received 65536 bytes back
Round trip time was 14.6729 milliseconds in repetition 452
tcp_ping received 65536 bytes back
Round trip time was 13.7505 milliseconds in repetition 453
tcp_ping received 65536 bytes back
Round trip time was 15.1448 milliseconds in repetition 454
tcp_ping received 65536 bytes back
Round trip time was 15.2606 milliseconds in repetition 455
tcp_ping received 65536 bytes back
Round trip time was 14.3948 milliseconds in repetition 456
tcp_ping received 65536 bytes back
Round trip time was 13.806 milliseconds in repetition 457
tcp_ping received 65536 bytes back
Round trip time was 15.3648 milliseconds in repetition 458
tcp_ping received 65536 bytes back
Round trip time was 13.9383 milliseconds in repetition 459
tcp_ping received 65536 bytes back
Round trip time was 15.5556 milliseconds in repetition 460
tcp_ping received 65536 bytes back
Round trip time was 15.3939 milliseconds in repetition 461
tcp_ping received 65536 bytes back
Round trip time was 14.6695 milliseconds in repetition 462
tcp_ping received 65536 bytes back
Round trip time was 22.7051 milliseconds in repetition 463
tcp_ping received 65536 bytes back
Round trip time was 15.1378 milliseconds in repetition 464
tcp_ping received 65536 bytes back
Round trip time was 53.6085 milliseconds in repetition 465
tcp_ping received 65536 bytes back
Round trip time was 18.8031 milliseconds in repetition 466
tcp_ping received 65536 bytes back
Round trip time was 16.0021 milliseconds in repetition 467
tcp_ping received 65536 bytes back
Round trip time was 20.8611 milliseconds in repetition 468
tcp_ping received 65536 bytes back
Round trip time was 16.635 milliseconds in repetition 469
tcp_ping received 65536 bytes back
Round trip time was 14.8713 milliseconds in repetition 470
tcp_ping received 65536 bytes back
Round trip time was 14.5868 milliseconds in repetition 471
tcp_ping received 65536 bytes back
Round trip time was 19.0795 milliseconds in repetition 472
tcp_ping received 65536 bytes back
Round trip time was 14.9605 milliseconds in repetition 473
tcp_ping received 65536 bytes back
Round trip time was 17.7064 milliseconds in repetition 474
tcp_ping received 65536 bytes back
Round trip time was 16.672 milliseconds in repetition 475
tcp_ping received 65536 bytes back
Round trip time was 14.5896 milliseconds in repetition 476
tcp_ping received 65536 bytes back
Round trip time was 15.7272 milliseconds in repetition 477
tcp_ping received 65536 bytes back
Round trip time was 14.0809 milliseconds in repetition 478
tcp_ping received 65536 bytes back
Round trip time was 17.5463 milliseconds in repetition 479
tcp_ping received 65536 bytes back
Round trip time was 15.9813 milliseconds in repetition 480
tcp_ping received 65536 bytes back
Round trip time was 14.6244 milliseconds in repetition 481
tcp_ping received 65536 bytes back
Round trip time was 14.1706 milliseconds in repetition 482
tcp_ping received 65536 bytes back
Round trip time was 52.3028 milliseconds in repetition 483
tcp_ping received 65536 bytes back
Round trip time was 14.6325 milliseconds in repetition 484
tcp_ping received 65536 bytes back
Round trip time was 15.2331 milliseconds in repetition 485
tcp_ping received 65536 bytes back
Round trip time was 14.7133 milliseconds in repetition 486
tcp_ping received 65536 bytes back
Round trip time was 14.2363 milliseconds in repetition 487
tcp_ping received 65536 bytes back
Round trip time was 15.0381 milliseconds in repetition 488
tcp_ping received 65536 bytes back
Round trip time was 14.3791 milliseconds in repetition 489
tcp_ping received 65536 bytes back
Round trip time was 22.6359 milliseconds in repetition 490
tcp_ping received 65536 bytes back
Round trip time was 21.8883 milliseconds in repetition 491
tcp_ping received 65536 bytes back
Round trip time was 15.9512 milliseconds in repetition 492
tcp_ping received 65536 bytes back
Round trip time was 18.8742 milliseconds in repetition 493
tcp_ping received 65536 bytes back
Round trip time was 16.8437 milliseconds in repetition 494
tcp_ping received 65536 bytes back
Round trip time was 14.0845 milliseconds in repetition 495
tcp_ping received 65536 bytes back
Round trip time was 14.4539 milliseconds in repetition 496
tcp_ping received 65536 bytes back
Round trip time was 19.216 milliseconds in repetition 497
tcp_ping received 65536 bytes back
Round trip time was 15.0944 milliseconds in repetition 498
tcp_ping received 65536 bytes back
Round trip time was 17.5339 milliseconds in repetition 499
tcp_ping received 65536 bytes back
Round trip time was 15.7057 milliseconds in repetition 500
tcp_ping received 65536 bytes back
Round trip time was 15.0146 milliseconds in repetition 501

 ... clock resolution was 1e-06
TCP Ping:  Statistics over 501 repetitions of 65536 byte messages

RTT : percentile 10: 14.4268, median: 16.4742, percentile 90: 23.081, average: 19.5649, variance: 98.1659

RTT histogram:
12.8021 34
12.9132 228
13.0711 118
13.075 57
13.1369 24
13.2445 5
13.2647 2
13.4931 1
13.6295 1
13.7002 0
13.7393 0
13.7442 1
13.7461 1
13.7505 0
13.806 0
13.8412 6
13.8827 7
13.8841 6
13.8903 8
13.9015 0
13.9276 2

   median Throughput : 7956.2 KB/s   overall Throughput : 6699.36 KB/s

