TCP Ping trying to connect to server webdev.disi.unige.it (130.251.61.30) on port 1491
 ... connected to Pong server: asking for 501 repetitions of 196608 bytes TCP messages
 ... Pong server agreed :-)
tcp_ping received 196608 bytes back
Round trip time was 1558.58 milliseconds in repetition 1
tcp_ping received 196608 bytes back
Round trip time was 35.8878 milliseconds in repetition 2
tcp_ping received 196608 bytes back
Round trip time was 35.3801 milliseconds in repetition 3
tcp_ping received 196608 bytes back
Round trip time was 38.7752 milliseconds in repetition 4
tcp_ping received 196608 bytes back
Round trip time was 35.593 milliseconds in repetition 5
tcp_ping received 196608 bytes back
Round trip time was 36.0059 milliseconds in repetition 6
tcp_ping received 196608 bytes back
Round trip time was 35.2243 milliseconds in repetition 7
tcp_ping received 196608 bytes back
Round trip time was 34.6819 milliseconds in repetition 8
tcp_ping received 196608 bytes back
Round trip time was 34.5804 milliseconds in repetition 9
tcp_ping received 196608 bytes back
Round trip time was 37.791 milliseconds in repetition 10
tcp_ping received 196608 bytes back
Round trip time was 36.6656 milliseconds in repetition 11
tcp_ping received 196608 bytes back
Round trip time was 35.7109 milliseconds in repetition 12
tcp_ping received 196608 bytes back
Round trip time was 36.0661 milliseconds in repetition 13
tcp_ping received 196608 bytes back
Round trip time was 36.3627 milliseconds in repetition 14
tcp_ping received 196608 bytes back
Round trip time was 35.7795 milliseconds in repetition 15
tcp_ping received 196608 bytes back
Round trip time was 35.5053 milliseconds in repetition 16
tcp_ping received 196608 bytes back
Round trip time was 35.713 milliseconds in repetition 17
tcp_ping received 196608 bytes back
Round trip time was 35.4631 milliseconds in repetition 18
tcp_ping received 196608 bytes back
Round trip time was 36.093 milliseconds in repetition 19
tcp_ping received 196608 bytes back
Round trip time was 36.0089 milliseconds in repetition 20
tcp_ping received 196608 bytes back
Round trip time was 35.4037 milliseconds in repetition 21
tcp_ping received 196608 bytes back
Round trip time was 34.822 milliseconds in repetition 22
tcp_ping received 196608 bytes back
Round trip time was 40.4621 milliseconds in repetition 23
tcp_ping received 196608 bytes back
Round trip time was 34.533 milliseconds in repetition 24
tcp_ping received 196608 bytes back
Round trip time was 35.4155 milliseconds in repetition 25
tcp_ping received 196608 bytes back
Round trip time was 34.8178 milliseconds in repetition 26
tcp_ping received 196608 bytes back
Round trip time was 34.8701 milliseconds in repetition 27
tcp_ping received 196608 bytes back
Round trip time was 34.6686 milliseconds in repetition 28
tcp_ping received 196608 bytes back
Round trip time was 35.3456 milliseconds in repetition 29
tcp_ping received 196608 bytes back
Round trip time was 34.7164 milliseconds in repetition 30
tcp_ping received 196608 bytes back
Round trip time was 34.9568 milliseconds in repetition 31
tcp_ping received 196608 bytes back
Round trip time was 34.569 milliseconds in repetition 32
tcp_ping received 196608 bytes back
Round trip time was 35.2641 milliseconds in repetition 33
tcp_ping received 196608 bytes back
Round trip time was 34.856 milliseconds in repetition 34
tcp_ping received 196608 bytes back
Round trip time was 35.6418 milliseconds in repetition 35
tcp_ping received 196608 bytes back
Round trip time was 35.3296 milliseconds in repetition 36
tcp_ping received 196608 bytes back
Round trip time was 35.312 milliseconds in repetition 37
tcp_ping received 196608 bytes back
Round trip time was 35.5033 milliseconds in repetition 38
tcp_ping received 196608 bytes back
Round trip time was 35.5944 milliseconds in repetition 39
tcp_ping received 196608 bytes back
Round trip time was 35.1434 milliseconds in repetition 40
tcp_ping received 196608 bytes back
Round trip time was 34.8012 milliseconds in repetition 41
tcp_ping received 196608 bytes back
Round trip time was 35.784 milliseconds in repetition 42
tcp_ping received 196608 bytes back
Round trip time was 35.0408 milliseconds in repetition 43
tcp_ping received 196608 bytes back
Round trip time was 35.7704 milliseconds in repetition 44
tcp_ping received 196608 bytes back
Round trip time was 35.3726 milliseconds in repetition 45
tcp_ping received 196608 bytes back
Round trip time was 36.2194 milliseconds in repetition 46
tcp_ping received 196608 bytes back
Round trip time was 35.7441 milliseconds in repetition 47
tcp_ping received 196608 bytes back
Round trip time was 36.6653 milliseconds in repetition 48
tcp_ping received 196608 bytes back
Round trip time was 35.932 milliseconds in repetition 49
tcp_ping received 196608 bytes back
Round trip time was 35.8124 milliseconds in repetition 50
tcp_ping received 196608 bytes back
Round trip time was 35.5793 milliseconds in repetition 51
tcp_ping received 196608 bytes back
Round trip time was 36.027 milliseconds in repetition 52
tcp_ping received 196608 bytes back
Round trip time was 35.3222 milliseconds in repetition 53
tcp_ping received 196608 bytes back
Round trip time was 38.2743 milliseconds in repetition 54
tcp_ping received 196608 bytes back
Round trip time was 35.2355 milliseconds in repetition 55
tcp_ping received 196608 bytes back
Round trip time was 35.0202 milliseconds in repetition 56
tcp_ping received 196608 bytes back
Round trip time was 35.0075 milliseconds in repetition 57
tcp_ping received 196608 bytes back
Round trip time was 35.8343 milliseconds in repetition 58
tcp_ping received 196608 bytes back
Round trip time was 37.873 milliseconds in repetition 59
tcp_ping received 196608 bytes back
Round trip time was 34.816 milliseconds in repetition 60
tcp_ping received 196608 bytes back
Round trip time was 34.8886 milliseconds in repetition 61
tcp_ping received 196608 bytes back
Round trip time was 35.0598 milliseconds in repetition 62
tcp_ping received 196608 bytes back
Round trip time was 36.8332 milliseconds in repetition 63
tcp_ping received 196608 bytes back
Round trip time was 35.8596 milliseconds in repetition 64
tcp_ping received 196608 bytes back
Round trip time was 35.0034 milliseconds in repetition 65
tcp_ping received 196608 bytes back
Round trip time was 35.1815 milliseconds in repetition 66
tcp_ping received 196608 bytes back
Round trip time was 40.2195 milliseconds in repetition 67
tcp_ping received 196608 bytes back
Round trip time was 35.9864 milliseconds in repetition 68
tcp_ping received 196608 bytes back
Round trip time was 35.3872 milliseconds in repetition 69
tcp_ping received 196608 bytes back
Round trip time was 34.9165 milliseconds in repetition 70
tcp_ping received 196608 bytes back
Round trip time was 40.9221 milliseconds in repetition 71
tcp_ping received 196608 bytes back
Round trip time was 35.3965 milliseconds in repetition 72
tcp_ping received 196608 bytes back
Round trip time was 35.9222 milliseconds in repetition 73
tcp_ping received 196608 bytes back
Round trip time was 35.3159 milliseconds in repetition 74
tcp_ping received 196608 bytes back
Round trip time was 34.7673 milliseconds in repetition 75
tcp_ping received 196608 bytes back
Round trip time was 35.9659 milliseconds in repetition 76
tcp_ping received 196608 bytes back
Round trip time was 34.1466 milliseconds in repetition 77
tcp_ping received 196608 bytes back
Round trip time was 34.7894 milliseconds in repetition 78
tcp_ping received 196608 bytes back
Round trip time was 36.0554 milliseconds in repetition 79
tcp_ping received 196608 bytes back
Round trip time was 35.2582 milliseconds in repetition 80
tcp_ping received 196608 bytes back
Round trip time was 38.0228 milliseconds in repetition 81
tcp_ping received 196608 bytes back
Round trip time was 44.293 milliseconds in repetition 82
tcp_ping received 196608 bytes back
Round trip time was 36.1408 milliseconds in repetition 83
tcp_ping received 196608 bytes back
Round trip time was 35.5658 milliseconds in repetition 84
tcp_ping received 196608 bytes back
Round trip time was 35.4294 milliseconds in repetition 85
tcp_ping received 196608 bytes back
Round trip time was 34.8022 milliseconds in repetition 86
tcp_ping received 196608 bytes back
Round trip time was 37.7688 milliseconds in repetition 87
tcp_ping received 196608 bytes back
Round trip time was 36.3385 milliseconds in repetition 88
tcp_ping received 196608 bytes back
Round trip time was 38.3021 milliseconds in repetition 89
tcp_ping received 196608 bytes back
Round trip time was 35.354 milliseconds in repetition 90
tcp_ping received 196608 bytes back
Round trip time was 35.4945 milliseconds in repetition 91
tcp_ping received 196608 bytes back
Round trip time was 35.1058 milliseconds in repetition 92
tcp_ping received 196608 bytes back
Round trip time was 34.1782 milliseconds in repetition 93
tcp_ping received 196608 bytes back
Round trip time was 34.5926 milliseconds in repetition 94
tcp_ping received 196608 bytes back
Round trip time was 35.732 milliseconds in repetition 95
tcp_ping received 196608 bytes back
Round trip time was 35.1904 milliseconds in repetition 96
tcp_ping received 196608 bytes back
Round trip time was 34.6086 milliseconds in repetition 97
tcp_ping received 196608 bytes back
Round trip time was 37.3177 milliseconds in repetition 98
tcp_ping received 196608 bytes back
Round trip time was 35.4769 milliseconds in repetition 99
tcp_ping received 196608 bytes back
Round trip time was 35.6446 milliseconds in repetition 100
tcp_ping received 196608 bytes back
Round trip time was 35.3785 milliseconds in repetition 101
tcp_ping received 196608 bytes back
Round trip time was 35.6731 milliseconds in repetition 102
tcp_ping received 196608 bytes back
Round trip time was 35.2838 milliseconds in repetition 103
tcp_ping received 196608 bytes back
Round trip time was 35.2777 milliseconds in repetition 104
tcp_ping received 196608 bytes back
Round trip time was 35.8301 milliseconds in repetition 105
tcp_ping received 196608 bytes back
Round trip time was 35.4989 milliseconds in repetition 106
tcp_ping received 196608 bytes back
Round trip time was 36.4191 milliseconds in repetition 107
tcp_ping received 196608 bytes back
Round trip time was 35.9765 milliseconds in repetition 108
tcp_ping received 196608 bytes back
Round trip time was 35.3499 milliseconds in repetition 109
tcp_ping received 196608 bytes back
Round trip time was 35.9301 milliseconds in repetition 110
tcp_ping received 196608 bytes back
Round trip time was 36.6035 milliseconds in repetition 111
tcp_ping received 196608 bytes back
Round trip time was 33.9658 milliseconds in repetition 112
tcp_ping received 196608 bytes back
Round trip time was 40.1445 milliseconds in repetition 113
tcp_ping received 196608 bytes back
Round trip time was 34.8938 milliseconds in repetition 114
tcp_ping received 196608 bytes back
Round trip time was 36.7143 milliseconds in repetition 115
tcp_ping received 196608 bytes back
Round trip time was 35.655 milliseconds in repetition 116
tcp_ping received 196608 bytes back
Round trip time was 35.6956 milliseconds in repetition 117
tcp_ping received 196608 bytes back
Round trip time was 36.5771 milliseconds in repetition 118
tcp_ping received 196608 bytes back
Round trip time was 35.8704 milliseconds in repetition 119
tcp_ping received 196608 bytes back
Round trip time was 35.5277 milliseconds in repetition 120
tcp_ping received 196608 bytes back
Round trip time was 35.9584 milliseconds in repetition 121
tcp_ping received 196608 bytes back
Round trip time was 36.2816 milliseconds in repetition 122
tcp_ping received 196608 bytes back
Round trip time was 35.4607 milliseconds in repetition 123
tcp_ping received 196608 bytes back
Round trip time was 35.7258 milliseconds in repetition 124
tcp_ping received 196608 bytes back
Round trip time was 36.1653 milliseconds in repetition 125
tcp_ping received 196608 bytes back
Round trip time was 35.5738 milliseconds in repetition 126
tcp_ping received 196608 bytes back
Round trip time was 35.9356 milliseconds in repetition 127
tcp_ping received 196608 bytes back
Round trip time was 35.6565 milliseconds in repetition 128
tcp_ping received 196608 bytes back
Round trip time was 34.9196 milliseconds in repetition 129
tcp_ping received 196608 bytes back
Round trip time was 38.7369 milliseconds in repetition 130
tcp_ping received 196608 bytes back
Round trip time was 38.4189 milliseconds in repetition 131
tcp_ping received 196608 bytes back
Round trip time was 36.0433 milliseconds in repetition 132
tcp_ping received 196608 bytes back
Round trip time was 34.8233 milliseconds in repetition 133
tcp_ping received 196608 bytes back
Round trip time was 36.1704 milliseconds in repetition 134
tcp_ping received 196608 bytes back
Round trip time was 35.5085 milliseconds in repetition 135
tcp_ping received 196608 bytes back
Round trip time was 35.4372 milliseconds in repetition 136
tcp_ping received 196608 bytes back
Round trip time was 36.053 milliseconds in repetition 137
tcp_ping received 196608 bytes back
Round trip time was 35.1652 milliseconds in repetition 138
tcp_ping received 196608 bytes back
Round trip time was 35.4043 milliseconds in repetition 139
tcp_ping received 196608 bytes back
Round trip time was 34.83 milliseconds in repetition 140
tcp_ping received 196608 bytes back
Round trip time was 34.4522 milliseconds in repetition 141
tcp_ping received 196608 bytes back
Round trip time was 36.336 milliseconds in repetition 142
tcp_ping received 196608 bytes back
Round trip time was 35.1601 milliseconds in repetition 143
tcp_ping received 196608 bytes back
Round trip time was 34.4478 milliseconds in repetition 144
tcp_ping received 196608 bytes back
Round trip time was 37.0583 milliseconds in repetition 145
tcp_ping received 196608 bytes back
Round trip time was 35.4842 milliseconds in repetition 146
tcp_ping received 196608 bytes back
Round trip time was 38.4259 milliseconds in repetition 147
tcp_ping received 196608 bytes back
Round trip time was 34.5762 milliseconds in repetition 148
tcp_ping received 196608 bytes back
Round trip time was 35.1794 milliseconds in repetition 149
tcp_ping received 196608 bytes back
Round trip time was 34.4266 milliseconds in repetition 150
tcp_ping received 196608 bytes back
Round trip time was 35.4535 milliseconds in repetition 151
tcp_ping received 196608 bytes back
Round trip time was 35.8898 milliseconds in repetition 152
tcp_ping received 196608 bytes back
Round trip time was 34.9984 milliseconds in repetition 153
tcp_ping received 196608 bytes back
Round trip time was 34.6015 milliseconds in repetition 154
tcp_ping received 196608 bytes back
Round trip time was 34.8095 milliseconds in repetition 155
tcp_ping received 196608 bytes back
Round trip time was 34.8353 milliseconds in repetition 156
tcp_ping received 196608 bytes back
Round trip time was 34.9974 milliseconds in repetition 157
tcp_ping received 196608 bytes back
Round trip time was 35.9929 milliseconds in repetition 158
tcp_ping received 196608 bytes back
Round trip time was 34.4028 milliseconds in repetition 159
tcp_ping received 196608 bytes back
Round trip time was 34.5868 milliseconds in repetition 160
tcp_ping received 196608 bytes back
Round trip time was 35.1335 milliseconds in repetition 161
tcp_ping received 196608 bytes back
Round trip time was 35.1221 milliseconds in repetition 162
tcp_ping received 196608 bytes back
Round trip time was 34.9507 milliseconds in repetition 163
tcp_ping received 196608 bytes back
Round trip time was 36.3284 milliseconds in repetition 164
tcp_ping received 196608 bytes back
Round trip time was 35.5143 milliseconds in repetition 165
tcp_ping received 196608 bytes back
Round trip time was 37.9233 milliseconds in repetition 166
tcp_ping received 196608 bytes back
Round trip time was 35.4474 milliseconds in repetition 167
tcp_ping received 196608 bytes back
Round trip time was 34.6206 milliseconds in repetition 168
tcp_ping received 196608 bytes back
Round trip time was 35.7112 milliseconds in repetition 169
tcp_ping received 196608 bytes back
Round trip time was 34.6705 milliseconds in repetition 170
tcp_ping received 196608 bytes back
Round trip time was 34.6954 milliseconds in repetition 171
tcp_ping received 196608 bytes back
Round trip time was 35.0324 milliseconds in repetition 172
tcp_ping received 196608 bytes back
Round trip time was 34.9785 milliseconds in repetition 173
tcp_ping received 196608 bytes back
Round trip time was 35.3549 milliseconds in repetition 174
tcp_ping received 196608 bytes back
Round trip time was 34.683 milliseconds in repetition 175
tcp_ping received 196608 bytes back
Round trip time was 34.7106 milliseconds in repetition 176
tcp_ping received 196608 bytes back
Round trip time was 36.0077 milliseconds in repetition 177
tcp_ping received 196608 bytes back
Round trip time was 34.5705 milliseconds in repetition 178
tcp_ping received 196608 bytes back
Round trip time was 34.6404 milliseconds in repetition 179
tcp_ping received 196608 bytes back
Round trip time was 35.6261 milliseconds in repetition 180
tcp_ping received 196608 bytes back
Round trip time was 35.4485 milliseconds in repetition 181
tcp_ping received 196608 bytes back
Round trip time was 36.0706 milliseconds in repetition 182
tcp_ping received 196608 bytes back
Round trip time was 35.678 milliseconds in repetition 183
tcp_ping received 196608 bytes back
Round trip time was 35.7999 milliseconds in repetition 184
tcp_ping received 196608 bytes back
Round trip time was 35.6109 milliseconds in repetition 185
tcp_ping received 196608 bytes back
Round trip time was 35.1839 milliseconds in repetition 186
tcp_ping received 196608 bytes back
Round trip time was 35.7709 milliseconds in repetition 187
tcp_ping received 196608 bytes back
Round trip time was 35.188 milliseconds in repetition 188
tcp_ping received 196608 bytes back
Round trip time was 35.5831 milliseconds in repetition 189
tcp_ping received 196608 bytes back
Round trip time was 36.4356 milliseconds in repetition 190
tcp_ping received 196608 bytes back
Round trip time was 35.5124 milliseconds in repetition 191
tcp_ping received 196608 bytes back
Round trip time was 35.5655 milliseconds in repetition 192
tcp_ping received 196608 bytes back
Round trip time was 35.2919 milliseconds in repetition 193
tcp_ping received 196608 bytes back
Round trip time was 35.164 milliseconds in repetition 194
tcp_ping received 196608 bytes back
Round trip time was 34.5375 milliseconds in repetition 195
tcp_ping received 196608 bytes back
Round trip time was 36.3779 milliseconds in repetition 196
tcp_ping received 196608 bytes back
Round trip time was 35.3623 milliseconds in repetition 197
tcp_ping received 196608 bytes back
Round trip time was 35.7612 milliseconds in repetition 198
tcp_ping received 196608 bytes back
Round trip time was 35.6637 milliseconds in repetition 199
tcp_ping received 196608 bytes back
Round trip time was 34.7471 milliseconds in repetition 200
tcp_ping received 196608 bytes back
Round trip time was 35.7791 milliseconds in repetition 201
tcp_ping received 196608 bytes back
Round trip time was 36.7538 milliseconds in repetition 202
tcp_ping received 196608 bytes back
Round trip time was 34.7062 milliseconds in repetition 203
tcp_ping received 196608 bytes back
Round trip time was 35.9468 milliseconds in repetition 204
tcp_ping received 196608 bytes back
Round trip time was 35.6223 milliseconds in repetition 205
tcp_ping received 196608 bytes back
Round trip time was 35.8667 milliseconds in repetition 206
tcp_ping received 196608 bytes back
Round trip time was 35.2507 milliseconds in repetition 207
tcp_ping received 196608 bytes back
Round trip time was 35.1691 milliseconds in repetition 208
tcp_ping received 196608 bytes back
Round trip time was 44.2924 milliseconds in repetition 209
tcp_ping received 196608 bytes back
Round trip time was 40.6129 milliseconds in repetition 210
tcp_ping received 196608 bytes back
Round trip time was 41.6779 milliseconds in repetition 211
tcp_ping received 196608 bytes back
Round trip time was 39.838 milliseconds in repetition 212
tcp_ping received 196608 bytes back
Round trip time was 44.198 milliseconds in repetition 213
tcp_ping received 196608 bytes back
Round trip time was 38.0421 milliseconds in repetition 214
tcp_ping received 196608 bytes back
Round trip time was 38.3889 milliseconds in repetition 215
tcp_ping received 196608 bytes back
Round trip time was 37.7831 milliseconds in repetition 216
tcp_ping received 196608 bytes back
Round trip time was 38.0455 milliseconds in repetition 217
tcp_ping received 196608 bytes back
Round trip time was 38.3399 milliseconds in repetition 218
tcp_ping received 196608 bytes back
Round trip time was 41.4026 milliseconds in repetition 219
tcp_ping received 196608 bytes back
Round trip time was 40.3408 milliseconds in repetition 220
tcp_ping received 196608 bytes back
Round trip time was 41.2056 milliseconds in repetition 221
tcp_ping received 196608 bytes back
Round trip time was 39.6908 milliseconds in repetition 222
tcp_ping received 196608 bytes back
Round trip time was 43.5408 milliseconds in repetition 223
tcp_ping received 196608 bytes back
Round trip time was 37.5155 milliseconds in repetition 224
tcp_ping received 196608 bytes back
Round trip time was 43.0461 milliseconds in repetition 225
tcp_ping received 196608 bytes back
Round trip time was 39.3109 milliseconds in repetition 226
tcp_ping received 196608 bytes back
Round trip time was 40.0271 milliseconds in repetition 227
tcp_ping received 196608 bytes back
Round trip time was 37.3848 milliseconds in repetition 228
tcp_ping received 196608 bytes back
Round trip time was 35.6204 milliseconds in repetition 229
tcp_ping received 196608 bytes back
Round trip time was 45.3329 milliseconds in repetition 230
tcp_ping received 196608 bytes back
Round trip time was 36.2346 milliseconds in repetition 231
tcp_ping received 196608 bytes back
Round trip time was 40.9755 milliseconds in repetition 232
tcp_ping received 196608 bytes back
Round trip time was 39.2967 milliseconds in repetition 233
tcp_ping received 196608 bytes back
Round trip time was 34.4437 milliseconds in repetition 234
tcp_ping received 196608 bytes back
Round trip time was 35.808 milliseconds in repetition 235
tcp_ping received 196608 bytes back
Round trip time was 34.7764 milliseconds in repetition 236
tcp_ping received 196608 bytes back
Round trip time was 35.5493 milliseconds in repetition 237
tcp_ping received 196608 bytes back
Round trip time was 36.8909 milliseconds in repetition 238
tcp_ping received 196608 bytes back
Round trip time was 39.0141 milliseconds in repetition 239
tcp_ping received 196608 bytes back
Round trip time was 35.0289 milliseconds in repetition 240
tcp_ping received 196608 bytes back
Round trip time was 35.8108 milliseconds in repetition 241
tcp_ping received 196608 bytes back
Round trip time was 35.3401 milliseconds in repetition 242
tcp_ping received 196608 bytes back
Round trip time was 36.4785 milliseconds in repetition 243
tcp_ping received 196608 bytes back
Round trip time was 36.1184 milliseconds in repetition 244
tcp_ping received 196608 bytes back
Round trip time was 35.5041 milliseconds in repetition 245
tcp_ping received 196608 bytes back
Round trip time was 35.5558 milliseconds in repetition 246
tcp_ping received 196608 bytes back
Round trip time was 35.4417 milliseconds in repetition 247
tcp_ping received 196608 bytes back
Round trip time was 34.7718 milliseconds in repetition 248
tcp_ping received 196608 bytes back
Round trip time was 36.1907 milliseconds in repetition 249
tcp_ping received 196608 bytes back
Round trip time was 44.3022 milliseconds in repetition 250
tcp_ping received 196608 bytes back
Round trip time was 36.1299 milliseconds in repetition 251
tcp_ping received 196608 bytes back
Round trip time was 34.9356 milliseconds in repetition 252
tcp_ping received 196608 bytes back
Round trip time was 35.6803 milliseconds in repetition 253
tcp_ping received 196608 bytes back
Round trip time was 35.2802 milliseconds in repetition 254
tcp_ping received 196608 bytes back
Round trip time was 35.558 milliseconds in repetition 255
tcp_ping received 196608 bytes back
Round trip time was 35.4648 milliseconds in repetition 256
tcp_ping received 196608 bytes back
Round trip time was 41.1264 milliseconds in repetition 257
tcp_ping received 196608 bytes back
Round trip time was 41.7437 milliseconds in repetition 258
tcp_ping received 196608 bytes back
Round trip time was 42.0893 milliseconds in repetition 259
tcp_ping received 196608 bytes back
Round trip time was 38.2946 milliseconds in repetition 260
tcp_ping received 196608 bytes back
Round trip time was 39.2844 milliseconds in repetition 261
tcp_ping received 196608 bytes back
Round trip time was 44.9138 milliseconds in repetition 262
tcp_ping received 196608 bytes back
Round trip time was 44.1801 milliseconds in repetition 263
tcp_ping received 196608 bytes back
Round trip time was 48.1225 milliseconds in repetition 264
tcp_ping received 196608 bytes back
Round trip time was 36.5365 milliseconds in repetition 265
tcp_ping received 196608 bytes back
Round trip time was 50.7553 milliseconds in repetition 266
tcp_ping received 196608 bytes back
Round trip time was 34.9437 milliseconds in repetition 267
tcp_ping received 196608 bytes back
Round trip time was 36.1235 milliseconds in repetition 268
tcp_ping received 196608 bytes back
Round trip time was 38.1756 milliseconds in repetition 269
tcp_ping received 196608 bytes back
Round trip time was 39.498 milliseconds in repetition 270
tcp_ping received 196608 bytes back
Round trip time was 39.6886 milliseconds in repetition 271
tcp_ping received 196608 bytes back
Round trip time was 44.1263 milliseconds in repetition 272
tcp_ping received 196608 bytes back
Round trip time was 45.6742 milliseconds in repetition 273
tcp_ping received 196608 bytes back
Round trip time was 43.1927 milliseconds in repetition 274
tcp_ping received 196608 bytes back
Round trip time was 35.8664 milliseconds in repetition 275
tcp_ping received 196608 bytes back
Round trip time was 35.5232 milliseconds in repetition 276
tcp_ping received 196608 bytes back
Round trip time was 35.9157 milliseconds in repetition 277
tcp_ping received 196608 bytes back
Round trip time was 42.2586 milliseconds in repetition 278
tcp_ping received 196608 bytes back
Round trip time was 41.8376 milliseconds in repetition 279
tcp_ping received 196608 bytes back
Round trip time was 40.7721 milliseconds in repetition 280
tcp_ping received 196608 bytes back
Round trip time was 49.3312 milliseconds in repetition 281
tcp_ping received 196608 bytes back
Round trip time was 40.9787 milliseconds in repetition 282
tcp_ping received 196608 bytes back
Round trip time was 39.7454 milliseconds in repetition 283
tcp_ping received 196608 bytes back
Round trip time was 37.741 milliseconds in repetition 284
tcp_ping received 196608 bytes back
Round trip time was 36.3401 milliseconds in repetition 285
tcp_ping received 196608 bytes back
Round trip time was 37.9044 milliseconds in repetition 286
tcp_ping received 196608 bytes back
Round trip time was 38.6375 milliseconds in repetition 287
tcp_ping received 196608 bytes back
Round trip time was 38.2205 milliseconds in repetition 288
tcp_ping received 196608 bytes back
Round trip time was 40.4621 milliseconds in repetition 289
tcp_ping received 196608 bytes back
Round trip time was 41.8563 milliseconds in repetition 290
tcp_ping received 196608 bytes back
Round trip time was 38.0001 milliseconds in repetition 291
tcp_ping received 196608 bytes back
Round trip time was 39.1233 milliseconds in repetition 292
tcp_ping received 196608 bytes back
Round trip time was 38.7221 milliseconds in repetition 293
tcp_ping received 196608 bytes back
Round trip time was 39.8716 milliseconds in repetition 294
tcp_ping received 196608 bytes back
Round trip time was 36.5423 milliseconds in repetition 295
tcp_ping received 196608 bytes back
Round trip time was 35.7605 milliseconds in repetition 296
tcp_ping received 196608 bytes back
Round trip time was 39.5104 milliseconds in repetition 297
tcp_ping received 196608 bytes back
Round trip time was 34.5996 milliseconds in repetition 298
tcp_ping received 196608 bytes back
Round trip time was 34.7229 milliseconds in repetition 299
tcp_ping received 196608 bytes back
Round trip time was 34.8447 milliseconds in repetition 300
tcp_ping received 196608 bytes back
Round trip time was 35.2153 milliseconds in repetition 301
tcp_ping received 196608 bytes back
Round trip time was 35.4885 milliseconds in repetition 302
tcp_ping received 196608 bytes back
Round trip time was 35.5523 milliseconds in repetition 303
tcp_ping received 196608 bytes back
Round trip time was 34.7328 milliseconds in repetition 304
tcp_ping received 196608 bytes back
Round trip time was 34.9449 milliseconds in repetition 305
tcp_ping received 196608 bytes back
Round trip time was 36.1979 milliseconds in repetition 306
tcp_ping received 196608 bytes back
Round trip time was 36.1151 milliseconds in repetition 307
tcp_ping received 196608 bytes back
Round trip time was 35.5767 milliseconds in repetition 308
tcp_ping received 196608 bytes back
Round trip time was 35.6038 milliseconds in repetition 309
tcp_ping received 196608 bytes back
Round trip time was 34.9543 milliseconds in repetition 310
tcp_ping received 196608 bytes back
Round trip time was 36.9505 milliseconds in repetition 311
tcp_ping received 196608 bytes back
Round trip time was 35.201 milliseconds in repetition 312
tcp_ping received 196608 bytes back
Round trip time was 35.0069 milliseconds in repetition 313
tcp_ping received 196608 bytes back
Round trip time was 34.9835 milliseconds in repetition 314
tcp_ping received 196608 bytes back
Round trip time was 41.7286 milliseconds in repetition 315
tcp_ping received 196608 bytes back
Round trip time was 36.5918 milliseconds in repetition 316
tcp_ping received 196608 bytes back
Round trip time was 38.6947 milliseconds in repetition 317
tcp_ping received 196608 bytes back
Round trip time was 47.7849 milliseconds in repetition 318
tcp_ping received 196608 bytes back
Round trip time was 37.5506 milliseconds in repetition 319
tcp_ping received 196608 bytes back
Round trip time was 37.2114 milliseconds in repetition 320
tcp_ping received 196608 bytes back
Round trip time was 41.4507 milliseconds in repetition 321
tcp_ping received 196608 bytes back
Round trip time was 45.4557 milliseconds in repetition 322
tcp_ping received 196608 bytes back
Round trip time was 40.8401 milliseconds in repetition 323
tcp_ping received 196608 bytes back
Round trip time was 41.7519 milliseconds in repetition 324
tcp_ping received 196608 bytes back
Round trip time was 42.0496 milliseconds in repetition 325
tcp_ping received 196608 bytes back
Round trip time was 40.2036 milliseconds in repetition 326
tcp_ping received 196608 bytes back
Round trip time was 50.65 milliseconds in repetition 327
tcp_ping received 196608 bytes back
Round trip time was 47.5192 milliseconds in repetition 328
tcp_ping received 196608 bytes back
Round trip time was 39.3166 milliseconds in repetition 329
tcp_ping received 196608 bytes back
Round trip time was 39.2049 milliseconds in repetition 330
tcp_ping received 196608 bytes back
Round trip time was 37.2912 milliseconds in repetition 331
tcp_ping received 196608 bytes back
Round trip time was 36.8499 milliseconds in repetition 332
tcp_ping received 196608 bytes back
Round trip time was 36.8159 milliseconds in repetition 333
tcp_ping received 196608 bytes back
Round trip time was 38.2995 milliseconds in repetition 334
tcp_ping received 196608 bytes back
Round trip time was 38.8775 milliseconds in repetition 335
tcp_ping received 196608 bytes back
Round trip time was 36.6572 milliseconds in repetition 336
tcp_ping received 196608 bytes back
Round trip time was 44.3578 milliseconds in repetition 337
tcp_ping received 196608 bytes back
Round trip time was 39.8162 milliseconds in repetition 338
tcp_ping received 196608 bytes back
Round trip time was 45.2625 milliseconds in repetition 339
tcp_ping received 196608 bytes back
Round trip time was 38.5918 milliseconds in repetition 340
tcp_ping received 196608 bytes back
Round trip time was 42.8507 milliseconds in repetition 341
tcp_ping received 196608 bytes back
Round trip time was 38.157 milliseconds in repetition 342
tcp_ping received 196608 bytes back
Round trip time was 38.9793 milliseconds in repetition 343
tcp_ping received 196608 bytes back
Round trip time was 37.7014 milliseconds in repetition 344
tcp_ping received 196608 bytes back
Round trip time was 38.272 milliseconds in repetition 345
tcp_ping received 196608 bytes back
Round trip time was 37.6086 milliseconds in repetition 346
tcp_ping received 196608 bytes back
Round trip time was 37.9386 milliseconds in repetition 347
tcp_ping received 196608 bytes back
Round trip time was 41.1763 milliseconds in repetition 348
tcp_ping received 196608 bytes back
Round trip time was 37.0412 milliseconds in repetition 349
tcp_ping received 196608 bytes back
Round trip time was 39.093 milliseconds in repetition 350
tcp_ping received 196608 bytes back
Round trip time was 37.765 milliseconds in repetition 351
tcp_ping received 196608 bytes back
Round trip time was 44.0572 milliseconds in repetition 352
tcp_ping received 196608 bytes back
Round trip time was 37.2162 milliseconds in repetition 353
tcp_ping received 196608 bytes back
Round trip time was 46.433 milliseconds in repetition 354
tcp_ping received 196608 bytes back
Round trip time was 37.7691 milliseconds in repetition 355
tcp_ping received 196608 bytes back
Round trip time was 38.0186 milliseconds in repetition 356
tcp_ping received 196608 bytes back
Round trip time was 44.3277 milliseconds in repetition 357
tcp_ping received 196608 bytes back
Round trip time was 41.1317 milliseconds in repetition 358
tcp_ping received 196608 bytes back
Round trip time was 49.5716 milliseconds in repetition 359
tcp_ping received 196608 bytes back
Round trip time was 42.1613 milliseconds in repetition 360
tcp_ping received 196608 bytes back
Round trip time was 38.5551 milliseconds in repetition 361
tcp_ping received 196608 bytes back
Round trip time was 38.9039 milliseconds in repetition 362
tcp_ping received 196608 bytes back
Round trip time was 38.1163 milliseconds in repetition 363
tcp_ping received 196608 bytes back
Round trip time was 38.1129 milliseconds in repetition 364
tcp_ping received 196608 bytes back
Round trip time was 47.9864 milliseconds in repetition 365
tcp_ping received 196608 bytes back
Round trip time was 47.8513 milliseconds in repetition 366
tcp_ping received 196608 bytes back
Round trip time was 37.1637 milliseconds in repetition 367
tcp_ping received 196608 bytes back
Round trip time was 38.6881 milliseconds in repetition 368
tcp_ping received 196608 bytes back
Round trip time was 40.2285 milliseconds in repetition 369
tcp_ping received 196608 bytes back
Round trip time was 36.9968 milliseconds in repetition 370
tcp_ping received 196608 bytes back
Round trip time was 36.8379 milliseconds in repetition 371
tcp_ping received 196608 bytes back
Round trip time was 40.1409 milliseconds in repetition 372
tcp_ping received 196608 bytes back
Round trip time was 36.1819 milliseconds in repetition 373
tcp_ping received 196608 bytes back
Round trip time was 49.9576 milliseconds in repetition 374
tcp_ping received 196608 bytes back
Round trip time was 39.9665 milliseconds in repetition 375
tcp_ping received 196608 bytes back
Round trip time was 41.9613 milliseconds in repetition 376
tcp_ping received 196608 bytes back
Round trip time was 39.7806 milliseconds in repetition 377
tcp_ping received 196608 bytes back
Round trip time was 43.2273 milliseconds in repetition 378
tcp_ping received 196608 bytes back
Round trip time was 37.2527 milliseconds in repetition 379
tcp_ping received 196608 bytes back
Round trip time was 44.8447 milliseconds in repetition 380
tcp_ping received 196608 bytes back
Round trip time was 39.8571 milliseconds in repetition 381
tcp_ping received 196608 bytes back
Round trip time was 40.9639 milliseconds in repetition 382
tcp_ping received 196608 bytes back
Round trip time was 36.9488 milliseconds in repetition 383
tcp_ping received 196608 bytes back
Round trip time was 35.7728 milliseconds in repetition 384
tcp_ping received 196608 bytes back
Round trip time was 36.5407 milliseconds in repetition 385
tcp_ping received 196608 bytes back
Round trip time was 35.9724 milliseconds in repetition 386
tcp_ping received 196608 bytes back
Round trip time was 40.8892 milliseconds in repetition 387
tcp_ping received 196608 bytes back
Round trip time was 42.5962 milliseconds in repetition 388
tcp_ping received 196608 bytes back
Round trip time was 43.7569 milliseconds in repetition 389
tcp_ping received 196608 bytes back
Round trip time was 35.3526 milliseconds in repetition 390
tcp_ping received 196608 bytes back
Round trip time was 35.9964 milliseconds in repetition 391
tcp_ping received 196608 bytes back
Round trip time was 35.768 milliseconds in repetition 392
tcp_ping received 196608 bytes back
Round trip time was 36.1046 milliseconds in repetition 393
tcp_ping received 196608 bytes back
Round trip time was 46.7043 milliseconds in repetition 394
tcp_ping received 196608 bytes back
Round trip time was 39.4439 milliseconds in repetition 395
tcp_ping received 196608 bytes back
Round trip time was 48.4883 milliseconds in repetition 396
tcp_ping received 196608 bytes back
Round trip time was 41.7149 milliseconds in repetition 397
tcp_ping received 196608 bytes back
Round trip time was 47.0933 milliseconds in repetition 398
tcp_ping received 196608 bytes back
Round trip time was 38.3648 milliseconds in repetition 399
tcp_ping received 196608 bytes back
Round trip time was 42.3326 milliseconds in repetition 400
tcp_ping received 196608 bytes back
Round trip time was 44.0933 milliseconds in repetition 401
tcp_ping received 196608 bytes back
Round trip time was 40.33 milliseconds in repetition 402
tcp_ping received 196608 bytes back
Round trip time was 40.7163 milliseconds in repetition 403
tcp_ping received 196608 bytes back
Round trip time was 43.3432 milliseconds in repetition 404
tcp_ping received 196608 bytes back
Round trip time was 42.716 milliseconds in repetition 405
tcp_ping received 196608 bytes back
Round trip time was 42.5449 milliseconds in repetition 406
tcp_ping received 196608 bytes back
Round trip time was 35.574 milliseconds in repetition 407
tcp_ping received 196608 bytes back
Round trip time was 36.4399 milliseconds in repetition 408
tcp_ping received 196608 bytes back
Round trip time was 35.6852 milliseconds in repetition 409
tcp_ping received 196608 bytes back
Round trip time was 36.1333 milliseconds in repetition 410
tcp_ping received 196608 bytes back
Round trip time was 36.0617 milliseconds in repetition 411
tcp_ping received 196608 bytes back
Round trip time was 40.6557 milliseconds in repetition 412
tcp_ping received 196608 bytes back
Round trip time was 41.9638 milliseconds in repetition 413
tcp_ping received 196608 bytes back
Round trip time was 37.3966 milliseconds in repetition 414
tcp_ping received 196608 bytes back
Round trip time was 42.3414 milliseconds in repetition 415
tcp_ping received 196608 bytes back
Round trip time was 41.7903 milliseconds in repetition 416
tcp_ping received 196608 bytes back
Round trip time was 40.8934 milliseconds in repetition 417
tcp_ping received 196608 bytes back
Round trip time was 41.0297 milliseconds in repetition 418
tcp_ping received 196608 bytes back
Round trip time was 39.918 milliseconds in repetition 419
tcp_ping received 196608 bytes back
Round trip time was 37.344 milliseconds in repetition 420
tcp_ping received 196608 bytes back
Round trip time was 44.8842 milliseconds in repetition 421
tcp_ping received 196608 bytes back
Round trip time was 41.6579 milliseconds in repetition 422
tcp_ping received 196608 bytes back
Round trip time was 35.5495 milliseconds in repetition 423
tcp_ping received 196608 bytes back
Round trip time was 46.4212 milliseconds in repetition 424
tcp_ping received 196608 bytes back
Round trip time was 37.7655 milliseconds in repetition 425
tcp_ping received 196608 bytes back
Round trip time was 34.5135 milliseconds in repetition 426
tcp_ping received 196608 bytes back
Round trip time was 35.0717 milliseconds in repetition 427
tcp_ping received 196608 bytes back
Round trip time was 46.8484 milliseconds in repetition 428
tcp_ping received 196608 bytes back
Round trip time was 40.3703 milliseconds in repetition 429
tcp_ping received 196608 bytes back
Round trip time was 35.7461 milliseconds in repetition 430
tcp_ping received 196608 bytes back
Round trip time was 34.8576 milliseconds in repetition 431
tcp_ping received 196608 bytes back
Round trip time was 34.4048 milliseconds in repetition 432
tcp_ping received 196608 bytes back
Round trip time was 35.516 milliseconds in repetition 433
tcp_ping received 196608 bytes back
Round trip time was 35.4337 milliseconds in repetition 434
tcp_ping received 196608 bytes back
Round trip time was 35.472 milliseconds in repetition 435
tcp_ping received 196608 bytes back
Round trip time was 38.2324 milliseconds in repetition 436
tcp_ping received 196608 bytes back
Round trip time was 38.3026 milliseconds in repetition 437
tcp_ping received 196608 bytes back
Round trip time was 39.0737 milliseconds in repetition 438
tcp_ping received 196608 bytes back
Round trip time was 36.6367 milliseconds in repetition 439
tcp_ping received 196608 bytes back
Round trip time was 37.8923 milliseconds in repetition 440
tcp_ping received 196608 bytes back
Round trip time was 54.8327 milliseconds in repetition 441
tcp_ping received 196608 bytes back
Round trip time was 47.7869 milliseconds in repetition 442
tcp_ping received 196608 bytes back
Round trip time was 40.4737 milliseconds in repetition 443
tcp_ping received 196608 bytes back
Round trip time was 44.6439 milliseconds in repetition 444
tcp_ping received 196608 bytes back
Round trip time was 38.0468 milliseconds in repetition 445
tcp_ping received 196608 bytes back
Round trip time was 38.0139 milliseconds in repetition 446
tcp_ping received 196608 bytes back
Round trip time was 52.0168 milliseconds in repetition 447
tcp_ping received 196608 bytes back
Round trip time was 44.9691 milliseconds in repetition 448
tcp_ping received 196608 bytes back
Round trip time was 39.6376 milliseconds in repetition 449
tcp_ping received 196608 bytes back
Round trip time was 44.8525 milliseconds in repetition 450
tcp_ping received 196608 bytes back
Round trip time was 40.7714 milliseconds in repetition 451
tcp_ping received 196608 bytes back
Round trip time was 36.9083 milliseconds in repetition 452
tcp_ping received 196608 bytes back
Round trip time was 40.1744 milliseconds in repetition 453
tcp_ping received 196608 bytes back
Round trip time was 37.6965 milliseconds in repetition 454
tcp_ping received 196608 bytes back
Round trip time was 41.2289 milliseconds in repetition 455
tcp_ping received 196608 bytes back
Round trip time was 37.4923 milliseconds in repetition 456
tcp_ping received 196608 bytes back
Round trip time was 36.8508 milliseconds in repetition 457
tcp_ping received 196608 bytes back
Round trip time was 40.4558 milliseconds in repetition 458
tcp_ping received 196608 bytes back
Round trip time was 37.1772 milliseconds in repetition 459
tcp_ping received 196608 bytes back
Round trip time was 43.3711 milliseconds in repetition 460
tcp_ping received 196608 bytes back
Round trip time was 39.9261 milliseconds in repetition 461
tcp_ping received 196608 bytes back
Round trip time was 37.76 milliseconds in repetition 462
tcp_ping received 196608 bytes back
Round trip time was 43.9846 milliseconds in repetition 463
tcp_ping received 196608 bytes back
Round trip time was 35.1369 milliseconds in repetition 464
tcp_ping received 196608 bytes back
Round trip time was 35.35 milliseconds in repetition 465
tcp_ping received 196608 bytes back
Round trip time was 37.9174 milliseconds in repetition 466
tcp_ping received 196608 bytes back
Round trip time was 36.3269 milliseconds in repetition 467
tcp_ping received 196608 bytes back
Round trip time was 36.2745 milliseconds in repetition 468
tcp_ping received 196608 bytes back
Round trip time was 35.3231 milliseconds in repetition 469
tcp_ping received 196608 bytes back
Round trip time was 36.1057 milliseconds in repetition 470
tcp_ping received 196608 bytes back
Round trip time was 36.1839 milliseconds in repetition 471
tcp_ping received 196608 bytes back
Round trip time was 35.3705 milliseconds in repetition 472
tcp_ping received 196608 bytes back
Round trip time was 34.9267 milliseconds in repetition 473
tcp_ping received 196608 bytes back
Round trip time was 35.2339 milliseconds in repetition 474
tcp_ping received 196608 bytes back
Round trip time was 35.8655 milliseconds in repetition 475
tcp_ping received 196608 bytes back
Round trip time was 35.3276 milliseconds in repetition 476
tcp_ping received 196608 bytes back
Round trip time was 35.9513 milliseconds in repetition 477
tcp_ping received 196608 bytes back
Round trip time was 35.7252 milliseconds in repetition 478
tcp_ping received 196608 bytes back
Round trip time was 36.3759 milliseconds in repetition 479
tcp_ping received 196608 bytes back
Round trip time was 36.0054 milliseconds in repetition 480
tcp_ping received 196608 bytes back
Round trip time was 35.5724 milliseconds in repetition 481
tcp_ping received 196608 bytes back
Round trip time was 35.2446 milliseconds in repetition 482
tcp_ping received 196608 bytes back
Round trip time was 34.8662 milliseconds in repetition 483
tcp_ping received 196608 bytes back
Round trip time was 34.5423 milliseconds in repetition 484
tcp_ping received 196608 bytes back
Round trip time was 36.5104 milliseconds in repetition 485
tcp_ping received 196608 bytes back
Round trip time was 36.2097 milliseconds in repetition 486
tcp_ping received 196608 bytes back
Round trip time was 35.4089 milliseconds in repetition 487
tcp_ping received 196608 bytes back
Round trip time was 36.5371 milliseconds in repetition 488
tcp_ping received 196608 bytes back
Round trip time was 35.5786 milliseconds in repetition 489
tcp_ping received 196608 bytes back
Round trip time was 35.3955 milliseconds in repetition 490
tcp_ping received 196608 bytes back
Round trip time was 37.1718 milliseconds in repetition 491
tcp_ping received 196608 bytes back
Round trip time was 35.4361 milliseconds in repetition 492
tcp_ping received 196608 bytes back
Round trip time was 35.4777 milliseconds in repetition 493
tcp_ping received 196608 bytes back
Round trip time was 35.7642 milliseconds in repetition 494
tcp_ping received 196608 bytes back
Round trip time was 35.662 milliseconds in repetition 495
tcp_ping received 196608 bytes back
Round trip time was 34.4957 milliseconds in repetition 496
tcp_ping received 196608 bytes back
Round trip time was 35.0063 milliseconds in repetition 497
tcp_ping received 196608 bytes back
Round trip time was 36.529 milliseconds in repetition 498
tcp_ping received 196608 bytes back
Round trip time was 35.3384 milliseconds in repetition 499
tcp_ping received 196608 bytes back
Round trip time was 34.9873 milliseconds in repetition 500
tcp_ping received 196608 bytes back
Round trip time was 35.6553 milliseconds in repetition 501

 ... clock resolution was 1e-06
TCP Ping:  Statistics over 501 repetitions of 196608 byte messages

RTT : percentile 10: 34.856, median: 36.1046, percentile 90: 42.5962, average: 40.7065, variance: 4629.12

RTT histogram:
33.9658 500
34.1466 0
34.1782 0
34.4028 0
34.4048 0
34.4266 0
34.4437 0
34.4478 0
34.4522 0
34.4957 0
34.5135 0
34.533 0
34.5375 0
34.5423 0
34.569 0
34.5705 0
34.5762 0
34.5804 0
34.5868 0
34.5926 0
34.5996 1

   median Throughput : 10891 KB/s   overall Throughput : 9659.78 KB/s

