TCP Ping trying to connect to server webdev.disi.unige.it (130.251.61.30) on port 1491
 ... connected to Pong server: asking for 501 repetitions of 12 bytes TCP messages
 ... Pong server agreed :-)
tcp_ping received 12 bytes back
Round trip time was 3.38347 milliseconds in repetition 1
tcp_ping received 12 bytes back
Round trip time was 1.51619 milliseconds in repetition 2
tcp_ping received 12 bytes back
Round trip time was 1.30653 milliseconds in repetition 3
tcp_ping received 12 bytes back
Round trip time was 1.49049 milliseconds in repetition 4
tcp_ping received 12 bytes back
Round trip time was 1.32248 milliseconds in repetition 5
tcp_ping received 12 bytes back
Round trip time was 1.32505 milliseconds in repetition 6
tcp_ping received 12 bytes back
Round trip time was 1.2692 milliseconds in repetition 7
tcp_ping received 12 bytes back
Round trip time was 1.24497 milliseconds in repetition 8
tcp_ping received 12 bytes back
Round trip time was 1.24903 milliseconds in repetition 9
tcp_ping received 12 bytes back
Round trip time was 1.26142 milliseconds in repetition 10
tcp_ping received 12 bytes back
Round trip time was 1.34951 milliseconds in repetition 11
tcp_ping received 12 bytes back
Round trip time was 1.2166 milliseconds in repetition 12
tcp_ping received 12 bytes back
Round trip time was 1.25055 milliseconds in repetition 13
tcp_ping received 12 bytes back
Round trip time was 1.28854 milliseconds in repetition 14
tcp_ping received 12 bytes back
Round trip time was 1.27344 milliseconds in repetition 15
tcp_ping received 12 bytes back
Round trip time was 1.25038 milliseconds in repetition 16
tcp_ping received 12 bytes back
Round trip time was 1.78504 milliseconds in repetition 17
tcp_ping received 12 bytes back
Round trip time was 1.45025 milliseconds in repetition 18
tcp_ping received 12 bytes back
Round trip time was 1.56442 milliseconds in repetition 19
tcp_ping received 12 bytes back
Round trip time was 1.30208 milliseconds in repetition 20
tcp_ping received 12 bytes back
Round trip time was 1.27733 milliseconds in repetition 21
tcp_ping received 12 bytes back
Round trip time was 1.2558 milliseconds in repetition 22
tcp_ping received 12 bytes back
Round trip time was 1.26977 milliseconds in repetition 23
tcp_ping received 12 bytes back
Round trip time was 1.22429 milliseconds in repetition 24
tcp_ping received 12 bytes back
Round trip time was 1.35457 milliseconds in repetition 25
tcp_ping received 12 bytes back
Round trip time was 1.39554 milliseconds in repetition 26
tcp_ping received 12 bytes back
Round trip time was 1.28222 milliseconds in repetition 27
tcp_ping received 12 bytes back
Round trip time was 1.4774 milliseconds in repetition 28
tcp_ping received 12 bytes back
Round trip time was 1.36781 milliseconds in repetition 29
tcp_ping received 12 bytes back
Round trip time was 1.24361 milliseconds in repetition 30
tcp_ping received 12 bytes back
Round trip time was 1.20947 milliseconds in repetition 31
tcp_ping received 12 bytes back
Round trip time was 1.23651 milliseconds in repetition 32
tcp_ping received 12 bytes back
Round trip time was 1.31492 milliseconds in repetition 33
tcp_ping received 12 bytes back
Round trip time was 1.05004 milliseconds in repetition 34
tcp_ping received 12 bytes back
Round trip time was 0.792162 milliseconds in repetition 35
tcp_ping received 12 bytes back
Round trip time was 0.86551 milliseconds in repetition 36
tcp_ping received 12 bytes back
Round trip time was 0.797613 milliseconds in repetition 37
tcp_ping received 12 bytes back
Round trip time was 0.800352 milliseconds in repetition 38
tcp_ping received 12 bytes back
Round trip time was 0.850912 milliseconds in repetition 39
tcp_ping received 12 bytes back
Round trip time was 1.58092 milliseconds in repetition 40
tcp_ping received 12 bytes back
Round trip time was 0.713394 milliseconds in repetition 41
tcp_ping received 12 bytes back
Round trip time was 0.783342 milliseconds in repetition 42
tcp_ping received 12 bytes back
Round trip time was 1.09502 milliseconds in repetition 43
tcp_ping received 12 bytes back
Round trip time was 0.79741 milliseconds in repetition 44
tcp_ping received 12 bytes back
Round trip time was 0.816299 milliseconds in repetition 45
tcp_ping received 12 bytes back
Round trip time was 0.771124 milliseconds in repetition 46
tcp_ping received 12 bytes back
Round trip time was 0.7948 milliseconds in repetition 47
tcp_ping received 12 bytes back
Round trip time was 0.810822 milliseconds in repetition 48
tcp_ping received 12 bytes back
Round trip time was 0.79303 milliseconds in repetition 49
tcp_ping received 12 bytes back
Round trip time was 0.772833 milliseconds in repetition 50
tcp_ping received 12 bytes back
Round trip time was 0.975418 milliseconds in repetition 51
tcp_ping received 12 bytes back
Round trip time was 0.779418 milliseconds in repetition 52
tcp_ping received 12 bytes back
Round trip time was 0.808066 milliseconds in repetition 53
tcp_ping received 12 bytes back
Round trip time was 0.856751 milliseconds in repetition 54
tcp_ping received 12 bytes back
Round trip time was 0.802822 milliseconds in repetition 55
tcp_ping received 12 bytes back
Round trip time was 0.802809 milliseconds in repetition 56
tcp_ping received 12 bytes back
Round trip time was 0.80512 milliseconds in repetition 57
tcp_ping received 12 bytes back
Round trip time was 0.792832 milliseconds in repetition 58
tcp_ping received 12 bytes back
Round trip time was 0.791614 milliseconds in repetition 59
tcp_ping received 12 bytes back
Round trip time was 0.874092 milliseconds in repetition 60
tcp_ping received 12 bytes back
Round trip time was 0.845449 milliseconds in repetition 61
tcp_ping received 12 bytes back
Round trip time was 0.796196 milliseconds in repetition 62
tcp_ping received 12 bytes back
Round trip time was 0.789859 milliseconds in repetition 63
tcp_ping received 12 bytes back
Round trip time was 0.876532 milliseconds in repetition 64
tcp_ping received 12 bytes back
Round trip time was 1.02195 milliseconds in repetition 65
tcp_ping received 12 bytes back
Round trip time was 0.760781 milliseconds in repetition 66
tcp_ping received 12 bytes back
Round trip time was 0.895052 milliseconds in repetition 67
tcp_ping received 12 bytes back
Round trip time was 0.788148 milliseconds in repetition 68
tcp_ping received 12 bytes back
Round trip time was 0.798374 milliseconds in repetition 69
tcp_ping received 12 bytes back
Round trip time was 0.929651 milliseconds in repetition 70
tcp_ping received 12 bytes back
Round trip time was 0.787789 milliseconds in repetition 71
tcp_ping received 12 bytes back
Round trip time was 0.808955 milliseconds in repetition 72
tcp_ping received 12 bytes back
Round trip time was 0.848446 milliseconds in repetition 73
tcp_ping received 12 bytes back
Round trip time was 0.824848 milliseconds in repetition 74
tcp_ping received 12 bytes back
Round trip time was 0.855452 milliseconds in repetition 75
tcp_ping received 12 bytes back
Round trip time was 0.868516 milliseconds in repetition 76
tcp_ping received 12 bytes back
Round trip time was 0.791804 milliseconds in repetition 77
tcp_ping received 12 bytes back
Round trip time was 1.02378 milliseconds in repetition 78
tcp_ping received 12 bytes back
Round trip time was 0.782494 milliseconds in repetition 79
tcp_ping received 12 bytes back
Round trip time was 0.782334 milliseconds in repetition 80
tcp_ping received 12 bytes back
Round trip time was 2.29543 milliseconds in repetition 81
tcp_ping received 12 bytes back
Round trip time was 0.780379 milliseconds in repetition 82
tcp_ping received 12 bytes back
Round trip time was 0.935443 milliseconds in repetition 83
tcp_ping received 12 bytes back
Round trip time was 0.842737 milliseconds in repetition 84
tcp_ping received 12 bytes back
Round trip time was 0.790954 milliseconds in repetition 85
tcp_ping received 12 bytes back
Round trip time was 0.912146 milliseconds in repetition 86
tcp_ping received 12 bytes back
Round trip time was 0.681201 milliseconds in repetition 87
tcp_ping received 12 bytes back
Round trip time was 0.784651 milliseconds in repetition 88
tcp_ping received 12 bytes back
Round trip time was 1.0013 milliseconds in repetition 89
tcp_ping received 12 bytes back
Round trip time was 0.971546 milliseconds in repetition 90
tcp_ping received 12 bytes back
Round trip time was 0.736948 milliseconds in repetition 91
tcp_ping received 12 bytes back
Round trip time was 0.835519 milliseconds in repetition 92
tcp_ping received 12 bytes back
Round trip time was 0.867487 milliseconds in repetition 93
tcp_ping received 12 bytes back
Round trip time was 0.841399 milliseconds in repetition 94
tcp_ping received 12 bytes back
Round trip time was 0.815702 milliseconds in repetition 95
tcp_ping received 12 bytes back
Round trip time was 0.771934 milliseconds in repetition 96
tcp_ping received 12 bytes back
Round trip time was 0.794105 milliseconds in repetition 97
tcp_ping received 12 bytes back
Round trip time was 0.78316 milliseconds in repetition 98
tcp_ping received 12 bytes back
Round trip time was 0.800201 milliseconds in repetition 99
tcp_ping received 12 bytes back
Round trip time was 0.799855 milliseconds in repetition 100
tcp_ping received 12 bytes back
Round trip time was 1.02842 milliseconds in repetition 101
tcp_ping received 12 bytes back
Round trip time was 0.803726 milliseconds in repetition 102
tcp_ping received 12 bytes back
Round trip time was 1.23358 milliseconds in repetition 103
tcp_ping received 12 bytes back
Round trip time was 0.792791 milliseconds in repetition 104
tcp_ping received 12 bytes back
Round trip time was 0.799543 milliseconds in repetition 105
tcp_ping received 12 bytes back
Round trip time was 0.801861 milliseconds in repetition 106
tcp_ping received 12 bytes back
Round trip time was 0.835778 milliseconds in repetition 107
tcp_ping received 12 bytes back
Round trip time was 1.08672 milliseconds in repetition 108
tcp_ping received 12 bytes back
Round trip time was 0.8876 milliseconds in repetition 109
tcp_ping received 12 bytes back
Round trip time was 0.79399 milliseconds in repetition 110
tcp_ping received 12 bytes back
Round trip time was 0.790435 milliseconds in repetition 111
tcp_ping received 12 bytes back
Round trip time was 0.797522 milliseconds in repetition 112
tcp_ping received 12 bytes back
Round trip time was 0.786507 milliseconds in repetition 113
tcp_ping received 12 bytes back
Round trip time was 0.899187 milliseconds in repetition 114
tcp_ping received 12 bytes back
Round trip time was 0.8087 milliseconds in repetition 115
tcp_ping received 12 bytes back
Round trip time was 0.95645 milliseconds in repetition 116
tcp_ping received 12 bytes back
Round trip time was 0.7844 milliseconds in repetition 117
tcp_ping received 12 bytes back
Round trip time was 1.12354 milliseconds in repetition 118
tcp_ping received 12 bytes back
Round trip time was 0.784919 milliseconds in repetition 119
tcp_ping received 12 bytes back
Round trip time was 0.796346 milliseconds in repetition 120
tcp_ping received 12 bytes back
Round trip time was 1.04352 milliseconds in repetition 121
tcp_ping received 12 bytes back
Round trip time was 0.886818 milliseconds in repetition 122
tcp_ping received 12 bytes back
Round trip time was 0.856505 milliseconds in repetition 123
tcp_ping received 12 bytes back
Round trip time was 0.784634 milliseconds in repetition 124
tcp_ping received 12 bytes back
Round trip time was 0.874391 milliseconds in repetition 125
tcp_ping received 12 bytes back
Round trip time was 0.817835 milliseconds in repetition 126
tcp_ping received 12 bytes back
Round trip time was 0.8578 milliseconds in repetition 127
tcp_ping received 12 bytes back
Round trip time was 0.8477 milliseconds in repetition 128
tcp_ping received 12 bytes back
Round trip time was 0.969248 milliseconds in repetition 129
tcp_ping received 12 bytes back
Round trip time was 0.855736 milliseconds in repetition 130
tcp_ping received 12 bytes back
Round trip time was 0.789575 milliseconds in repetition 131
tcp_ping received 12 bytes back
Round trip time was 0.791159 milliseconds in repetition 132
tcp_ping received 12 bytes back
Round trip time was 0.876302 milliseconds in repetition 133
tcp_ping received 12 bytes back
Round trip time was 0.851714 milliseconds in repetition 134
tcp_ping received 12 bytes back
Round trip time was 0.847184 milliseconds in repetition 135
tcp_ping received 12 bytes back
Round trip time was 0.916099 milliseconds in repetition 136
tcp_ping received 12 bytes back
Round trip time was 0.787565 milliseconds in repetition 137
tcp_ping received 12 bytes back
Round trip time was 0.88818 milliseconds in repetition 138
tcp_ping received 12 bytes back
Round trip time was 0.758271 milliseconds in repetition 139
tcp_ping received 12 bytes back
Round trip time was 0.885246 milliseconds in repetition 140
tcp_ping received 12 bytes back
Round trip time was 0.815006 milliseconds in repetition 141
tcp_ping received 12 bytes back
Round trip time was 0.947883 milliseconds in repetition 142
tcp_ping received 12 bytes back
Round trip time was 0.859544 milliseconds in repetition 143
tcp_ping received 12 bytes back
Round trip time was 0.934386 milliseconds in repetition 144
tcp_ping received 12 bytes back
Round trip time was 0.814954 milliseconds in repetition 145
tcp_ping received 12 bytes back
Round trip time was 0.879397 milliseconds in repetition 146
tcp_ping received 12 bytes back
Round trip time was 1.02015 milliseconds in repetition 147
tcp_ping received 12 bytes back
Round trip time was 0.782121 milliseconds in repetition 148
tcp_ping received 12 bytes back
Round trip time was 0.784512 milliseconds in repetition 149
tcp_ping received 12 bytes back
Round trip time was 0.776387 milliseconds in repetition 150
tcp_ping received 12 bytes back
Round trip time was 0.886961 milliseconds in repetition 151
tcp_ping received 12 bytes back
Round trip time was 0.849039 milliseconds in repetition 152
tcp_ping received 12 bytes back
Round trip time was 0.790451 milliseconds in repetition 153
tcp_ping received 12 bytes back
Round trip time was 0.789992 milliseconds in repetition 154
tcp_ping received 12 bytes back
Round trip time was 1.15453 milliseconds in repetition 155
tcp_ping received 12 bytes back
Round trip time was 0.84244 milliseconds in repetition 156
tcp_ping received 12 bytes back
Round trip time was 0.833788 milliseconds in repetition 157
tcp_ping received 12 bytes back
Round trip time was 0.787816 milliseconds in repetition 158
tcp_ping received 12 bytes back
Round trip time was 0.759924 milliseconds in repetition 159
tcp_ping received 12 bytes back
Round trip time was 0.856601 milliseconds in repetition 160
tcp_ping received 12 bytes back
Round trip time was 0.836445 milliseconds in repetition 161
tcp_ping received 12 bytes back
Round trip time was 0.855313 milliseconds in repetition 162
tcp_ping received 12 bytes back
Round trip time was 0.86583 milliseconds in repetition 163
tcp_ping received 12 bytes back
Round trip time was 1.06973 milliseconds in repetition 164
tcp_ping received 12 bytes back
Round trip time was 0.818303 milliseconds in repetition 165
tcp_ping received 12 bytes back
Round trip time was 0.779577 milliseconds in repetition 166
tcp_ping received 12 bytes back
Round trip time was 0.808092 milliseconds in repetition 167
tcp_ping received 12 bytes back
Round trip time was 1.07778 milliseconds in repetition 168
tcp_ping received 12 bytes back
Round trip time was 0.822031 milliseconds in repetition 169
tcp_ping received 12 bytes back
Round trip time was 0.913829 milliseconds in repetition 170
tcp_ping received 12 bytes back
Round trip time was 0.879849 milliseconds in repetition 171
tcp_ping received 12 bytes back
Round trip time was 0.797003 milliseconds in repetition 172
tcp_ping received 12 bytes back
Round trip time was 0.812706 milliseconds in repetition 173
tcp_ping received 12 bytes back
Round trip time was 0.835467 milliseconds in repetition 174
tcp_ping received 12 bytes back
Round trip time was 1.11037 milliseconds in repetition 175
tcp_ping received 12 bytes back
Round trip time was 0.782007 milliseconds in repetition 176
tcp_ping received 12 bytes back
Round trip time was 0.905248 milliseconds in repetition 177
tcp_ping received 12 bytes back
Round trip time was 0.818181 milliseconds in repetition 178
tcp_ping received 12 bytes back
Round trip time was 0.895516 milliseconds in repetition 179
tcp_ping received 12 bytes back
Round trip time was 0.943886 milliseconds in repetition 180
tcp_ping received 12 bytes back
Round trip time was 0.782957 milliseconds in repetition 181
tcp_ping received 12 bytes back
Round trip time was 0.778254 milliseconds in repetition 182
tcp_ping received 12 bytes back
Round trip time was 0.884459 milliseconds in repetition 183
tcp_ping received 12 bytes back
Round trip time was 0.80654 milliseconds in repetition 184
tcp_ping received 12 bytes back
Round trip time was 0.887218 milliseconds in repetition 185
tcp_ping received 12 bytes back
Round trip time was 0.827473 milliseconds in repetition 186
tcp_ping received 12 bytes back
Round trip time was 0.850593 milliseconds in repetition 187
tcp_ping received 12 bytes back
Round trip time was 0.784826 milliseconds in repetition 188
tcp_ping received 12 bytes back
Round trip time was 0.849833 milliseconds in repetition 189
tcp_ping received 12 bytes back
Round trip time was 1.2936 milliseconds in repetition 190
tcp_ping received 12 bytes back
Round trip time was 0.791575 milliseconds in repetition 191
tcp_ping received 12 bytes back
Round trip time was 0.796273 milliseconds in repetition 192
tcp_ping received 12 bytes back
Round trip time was 0.985175 milliseconds in repetition 193
tcp_ping received 12 bytes back
Round trip time was 0.828775 milliseconds in repetition 194
tcp_ping received 12 bytes back
Round trip time was 0.819129 milliseconds in repetition 195
tcp_ping received 12 bytes back
Round trip time was 0.803385 milliseconds in repetition 196
tcp_ping received 12 bytes back
Round trip time was 0.8174 milliseconds in repetition 197
tcp_ping received 12 bytes back
Round trip time was 0.812232 milliseconds in repetition 198
tcp_ping received 12 bytes back
Round trip time was 0.802163 milliseconds in repetition 199
tcp_ping received 12 bytes back
Round trip time was 0.859221 milliseconds in repetition 200
tcp_ping received 12 bytes back
Round trip time was 0.963607 milliseconds in repetition 201
tcp_ping received 12 bytes back
Round trip time was 2.38636 milliseconds in repetition 202
tcp_ping received 12 bytes back
Round trip time was 1.20951 milliseconds in repetition 203
tcp_ping received 12 bytes back
Round trip time was 0.793922 milliseconds in repetition 204
tcp_ping received 12 bytes back
Round trip time was 0.817344 milliseconds in repetition 205
tcp_ping received 12 bytes back
Round trip time was 0.78349 milliseconds in repetition 206
tcp_ping received 12 bytes back
Round trip time was 0.899725 milliseconds in repetition 207
tcp_ping received 12 bytes back
Round trip time was 0.803899 milliseconds in repetition 208
tcp_ping received 12 bytes back
Round trip time was 0.809153 milliseconds in repetition 209
tcp_ping received 12 bytes back
Round trip time was 0.789833 milliseconds in repetition 210
tcp_ping received 12 bytes back
Round trip time was 0.873539 milliseconds in repetition 211
tcp_ping received 12 bytes back
Round trip time was 0.808012 milliseconds in repetition 212
tcp_ping received 12 bytes back
Round trip time was 0.802689 milliseconds in repetition 213
tcp_ping received 12 bytes back
Round trip time was 0.797747 milliseconds in repetition 214
tcp_ping received 12 bytes back
Round trip time was 0.863033 milliseconds in repetition 215
tcp_ping received 12 bytes back
Round trip time was 0.83965 milliseconds in repetition 216
tcp_ping received 12 bytes back
Round trip time was 0.817817 milliseconds in repetition 217
tcp_ping received 12 bytes back
Round trip time was 0.986511 milliseconds in repetition 218
tcp_ping received 12 bytes back
Round trip time was 0.812802 milliseconds in repetition 219
tcp_ping received 12 bytes back
Round trip time was 0.886639 milliseconds in repetition 220
tcp_ping received 12 bytes back
Round trip time was 0.788523 milliseconds in repetition 221
tcp_ping received 12 bytes back
Round trip time was 0.854514 milliseconds in repetition 222
tcp_ping received 12 bytes back
Round trip time was 0.79223 milliseconds in repetition 223
tcp_ping received 12 bytes back
Round trip time was 0.869723 milliseconds in repetition 224
tcp_ping received 12 bytes back
Round trip time was 0.814144 milliseconds in repetition 225
tcp_ping received 12 bytes back
Round trip time was 0.796341 milliseconds in repetition 226
tcp_ping received 12 bytes back
Round trip time was 0.793724 milliseconds in repetition 227
tcp_ping received 12 bytes back
Round trip time was 0.803042 milliseconds in repetition 228
tcp_ping received 12 bytes back
Round trip time was 0.890792 milliseconds in repetition 229
tcp_ping received 12 bytes back
Round trip time was 0.893107 milliseconds in repetition 230
tcp_ping received 12 bytes back
Round trip time was 0.980264 milliseconds in repetition 231
tcp_ping received 12 bytes back
Round trip time was 0.964576 milliseconds in repetition 232
tcp_ping received 12 bytes back
Round trip time was 0.896408 milliseconds in repetition 233
tcp_ping received 12 bytes back
Round trip time was 0.790675 milliseconds in repetition 234
tcp_ping received 12 bytes back
Round trip time was 0.888997 milliseconds in repetition 235
tcp_ping received 12 bytes back
Round trip time was 0.857073 milliseconds in repetition 236
tcp_ping received 12 bytes back
Round trip time was 0.891411 milliseconds in repetition 237
tcp_ping received 12 bytes back
Round trip time was 0.808074 milliseconds in repetition 238
tcp_ping received 12 bytes back
Round trip time was 0.805916 milliseconds in repetition 239
tcp_ping received 12 bytes back
Round trip time was 0.835849 milliseconds in repetition 240
tcp_ping received 12 bytes back
Round trip time was 0.809548 milliseconds in repetition 241
tcp_ping received 12 bytes back
Round trip time was 0.790472 milliseconds in repetition 242
tcp_ping received 12 bytes back
Round trip time was 0.834637 milliseconds in repetition 243
tcp_ping received 12 bytes back
Round trip time was 0.981425 milliseconds in repetition 244
tcp_ping received 12 bytes back
Round trip time was 0.810132 milliseconds in repetition 245
tcp_ping received 12 bytes back
Round trip time was 0.911845 milliseconds in repetition 246
tcp_ping received 12 bytes back
Round trip time was 0.793729 milliseconds in repetition 247
tcp_ping received 12 bytes back
Round trip time was 0.836689 milliseconds in repetition 248
tcp_ping received 12 bytes back
Round trip time was 0.805296 milliseconds in repetition 249
tcp_ping received 12 bytes back
Round trip time was 0.779369 milliseconds in repetition 250
tcp_ping received 12 bytes back
Round trip time was 0.900433 milliseconds in repetition 251
tcp_ping received 12 bytes back
Round trip time was 0.86777 milliseconds in repetition 252
tcp_ping received 12 bytes back
Round trip time was 0.791707 milliseconds in repetition 253
tcp_ping received 12 bytes back
Round trip time was 0.789817 milliseconds in repetition 254
tcp_ping received 12 bytes back
Round trip time was 0.893464 milliseconds in repetition 255
tcp_ping received 12 bytes back
Round trip time was 0.773158 milliseconds in repetition 256
tcp_ping received 12 bytes back
Round trip time was 0.795982 milliseconds in repetition 257
tcp_ping received 12 bytes back
Round trip time was 0.987355 milliseconds in repetition 258
tcp_ping received 12 bytes back
Round trip time was 0.919823 milliseconds in repetition 259
tcp_ping received 12 bytes back
Round trip time was 0.802307 milliseconds in repetition 260
tcp_ping received 12 bytes back
Round trip time was 0.888276 milliseconds in repetition 261
tcp_ping received 12 bytes back
Round trip time was 0.777502 milliseconds in repetition 262
tcp_ping received 12 bytes back
Round trip time was 0.79721 milliseconds in repetition 263
tcp_ping received 12 bytes back
Round trip time was 0.785708 milliseconds in repetition 264
tcp_ping received 12 bytes back
Round trip time was 0.800695 milliseconds in repetition 265
tcp_ping received 12 bytes back
Round trip time was 0.822689 milliseconds in repetition 266
tcp_ping received 12 bytes back
Round trip time was 0.811252 milliseconds in repetition 267
tcp_ping received 12 bytes back
Round trip time was 0.80038 milliseconds in repetition 268
tcp_ping received 12 bytes back
Round trip time was 0.818027 milliseconds in repetition 269
tcp_ping received 12 bytes back
Round trip time was 0.858438 milliseconds in repetition 270
tcp_ping received 12 bytes back
Round trip time was 0.972632 milliseconds in repetition 271
tcp_ping received 12 bytes back
Round trip time was 0.813663 milliseconds in repetition 272
tcp_ping received 12 bytes back
Round trip time was 0.793771 milliseconds in repetition 273
tcp_ping received 12 bytes back
Round trip time was 0.81496 milliseconds in repetition 274
tcp_ping received 12 bytes back
Round trip time was 0.783478 milliseconds in repetition 275
tcp_ping received 12 bytes back
Round trip time was 0.78933 milliseconds in repetition 276
tcp_ping received 12 bytes back
Round trip time was 0.777575 milliseconds in repetition 277
tcp_ping received 12 bytes back
Round trip time was 0.813202 milliseconds in repetition 278
tcp_ping received 12 bytes back
Round trip time was 0.801242 milliseconds in repetition 279
tcp_ping received 12 bytes back
Round trip time was 0.905421 milliseconds in repetition 280
tcp_ping received 12 bytes back
Round trip time was 0.884924 milliseconds in repetition 281
tcp_ping received 12 bytes back
Round trip time was 0.791083 milliseconds in repetition 282
tcp_ping received 12 bytes back
Round trip time was 0.7947 milliseconds in repetition 283
tcp_ping received 12 bytes back
Round trip time was 0.803781 milliseconds in repetition 284
tcp_ping received 12 bytes back
Round trip time was 1.07531 milliseconds in repetition 285
tcp_ping received 12 bytes back
Round trip time was 0.804124 milliseconds in repetition 286
tcp_ping received 12 bytes back
Round trip time was 0.880606 milliseconds in repetition 287
tcp_ping received 12 bytes back
Round trip time was 0.809473 milliseconds in repetition 288
tcp_ping received 12 bytes back
Round trip time was 0.805156 milliseconds in repetition 289
tcp_ping received 12 bytes back
Round trip time was 0.868912 milliseconds in repetition 290
tcp_ping received 12 bytes back
Round trip time was 0.768445 milliseconds in repetition 291
tcp_ping received 12 bytes back
Round trip time was 0.790201 milliseconds in repetition 292
tcp_ping received 12 bytes back
Round trip time was 0.790786 milliseconds in repetition 293
tcp_ping received 12 bytes back
Round trip time was 0.78577 milliseconds in repetition 294
tcp_ping received 12 bytes back
Round trip time was 0.848296 milliseconds in repetition 295
tcp_ping received 12 bytes back
Round trip time was 0.873953 milliseconds in repetition 296
tcp_ping received 12 bytes back
Round trip time was 0.798175 milliseconds in repetition 297
tcp_ping received 12 bytes back
Round trip time was 0.99231 milliseconds in repetition 298
tcp_ping received 12 bytes back
Round trip time was 0.838139 milliseconds in repetition 299
tcp_ping received 12 bytes back
Round trip time was 0.794978 milliseconds in repetition 300
tcp_ping received 12 bytes back
Round trip time was 0.778821 milliseconds in repetition 301
tcp_ping received 12 bytes back
Round trip time was 0.773721 milliseconds in repetition 302
tcp_ping received 12 bytes back
Round trip time was 0.793107 milliseconds in repetition 303
tcp_ping received 12 bytes back
Round trip time was 0.843949 milliseconds in repetition 304
tcp_ping received 12 bytes back
Round trip time was 0.894389 milliseconds in repetition 305
tcp_ping received 12 bytes back
Round trip time was 0.829749 milliseconds in repetition 306
tcp_ping received 12 bytes back
Round trip time was 1.93372 milliseconds in repetition 307
tcp_ping received 12 bytes back
Round trip time was 0.814733 milliseconds in repetition 308
tcp_ping received 12 bytes back
Round trip time was 0.815855 milliseconds in repetition 309
tcp_ping received 12 bytes back
Round trip time was 0.784468 milliseconds in repetition 310
tcp_ping received 12 bytes back
Round trip time was 0.840208 milliseconds in repetition 311
tcp_ping received 12 bytes back
Round trip time was 0.801806 milliseconds in repetition 312
tcp_ping received 12 bytes back
Round trip time was 0.794769 milliseconds in repetition 313
tcp_ping received 12 bytes back
Round trip time was 0.798763 milliseconds in repetition 314
tcp_ping received 12 bytes back
Round trip time was 0.921177 milliseconds in repetition 315
tcp_ping received 12 bytes back
Round trip time was 0.868975 milliseconds in repetition 316
tcp_ping received 12 bytes back
Round trip time was 0.815231 milliseconds in repetition 317
tcp_ping received 12 bytes back
Round trip time was 0.794138 milliseconds in repetition 318
tcp_ping received 12 bytes back
Round trip time was 0.775979 milliseconds in repetition 319
tcp_ping received 12 bytes back
Round trip time was 0.797623 milliseconds in repetition 320
tcp_ping received 12 bytes back
Round trip time was 0.821649 milliseconds in repetition 321
tcp_ping received 12 bytes back
Round trip time was 0.85746 milliseconds in repetition 322
tcp_ping received 12 bytes back
Round trip time was 0.782626 milliseconds in repetition 323
tcp_ping received 12 bytes back
Round trip time was 0.973302 milliseconds in repetition 324
tcp_ping received 12 bytes back
Round trip time was 0.95157 milliseconds in repetition 325
tcp_ping received 12 bytes back
Round trip time was 0.88883 milliseconds in repetition 326
tcp_ping received 12 bytes back
Round trip time was 0.830441 milliseconds in repetition 327
tcp_ping received 12 bytes back
Round trip time was 0.809017 milliseconds in repetition 328
tcp_ping received 12 bytes back
Round trip time was 0.815172 milliseconds in repetition 329
tcp_ping received 12 bytes back
Round trip time was 0.903398 milliseconds in repetition 330
tcp_ping received 12 bytes back
Round trip time was 0.896801 milliseconds in repetition 331
tcp_ping received 12 bytes back
Round trip time was 0.794923 milliseconds in repetition 332
tcp_ping received 12 bytes back
Round trip time was 0.794312 milliseconds in repetition 333
tcp_ping received 12 bytes back
Round trip time was 0.783253 milliseconds in repetition 334
tcp_ping received 12 bytes back
Round trip time was 0.804421 milliseconds in repetition 335
tcp_ping received 12 bytes back
Round trip time was 0.783793 milliseconds in repetition 336
tcp_ping received 12 bytes back
Round trip time was 0.793109 milliseconds in repetition 337
tcp_ping received 12 bytes back
Round trip time was 0.995191 milliseconds in repetition 338
tcp_ping received 12 bytes back
Round trip time was 0.760694 milliseconds in repetition 339
tcp_ping received 12 bytes back
Round trip time was 0.784117 milliseconds in repetition 340
tcp_ping received 12 bytes back
Round trip time was 0.791352 milliseconds in repetition 341
tcp_ping received 12 bytes back
Round trip time was 0.871023 milliseconds in repetition 342
tcp_ping received 12 bytes back
Round trip time was 0.940488 milliseconds in repetition 343
tcp_ping received 12 bytes back
Round trip time was 0.846594 milliseconds in repetition 344
tcp_ping received 12 bytes back
Round trip time was 0.877823 milliseconds in repetition 345
tcp_ping received 12 bytes back
Round trip time was 0.798815 milliseconds in repetition 346
tcp_ping received 12 bytes back
Round trip time was 0.884307 milliseconds in repetition 347
tcp_ping received 12 bytes back
Round trip time was 0.815506 milliseconds in repetition 348
tcp_ping received 12 bytes back
Round trip time was 0.826696 milliseconds in repetition 349
tcp_ping received 12 bytes back
Round trip time was 0.821985 milliseconds in repetition 350
tcp_ping received 12 bytes back
Round trip time was 0.957837 milliseconds in repetition 351
tcp_ping received 12 bytes back
Round trip time was 0.807186 milliseconds in repetition 352
tcp_ping received 12 bytes back
Round trip time was 0.883509 milliseconds in repetition 353
tcp_ping received 12 bytes back
Round trip time was 0.890394 milliseconds in repetition 354
tcp_ping received 12 bytes back
Round trip time was 0.821391 milliseconds in repetition 355
tcp_ping received 12 bytes back
Round trip time was 0.808395 milliseconds in repetition 356
tcp_ping received 12 bytes back
Round trip time was 0.840969 milliseconds in repetition 357
tcp_ping received 12 bytes back
Round trip time was 0.79983 milliseconds in repetition 358
tcp_ping received 12 bytes back
Round trip time was 0.783656 milliseconds in repetition 359
tcp_ping received 12 bytes back
Round trip time was 0.874379 milliseconds in repetition 360
tcp_ping received 12 bytes back
Round trip time was 0.974041 milliseconds in repetition 361
tcp_ping received 12 bytes back
Round trip time was 0.808501 milliseconds in repetition 362
tcp_ping received 12 bytes back
Round trip time was 0.794339 milliseconds in repetition 363
tcp_ping received 12 bytes back
Round trip time was 0.775623 milliseconds in repetition 364
tcp_ping received 12 bytes back
Round trip time was 0.976012 milliseconds in repetition 365
tcp_ping received 12 bytes back
Round trip time was 0.777239 milliseconds in repetition 366
tcp_ping received 12 bytes back
Round trip time was 0.781574 milliseconds in repetition 367
tcp_ping received 12 bytes back
Round trip time was 0.794302 milliseconds in repetition 368
tcp_ping received 12 bytes back
Round trip time was 0.789893 milliseconds in repetition 369
tcp_ping received 12 bytes back
Round trip time was 0.833292 milliseconds in repetition 370
tcp_ping received 12 bytes back
Round trip time was 0.794142 milliseconds in repetition 371
tcp_ping received 12 bytes back
Round trip time was 0.798917 milliseconds in repetition 372
tcp_ping received 12 bytes back
Round trip time was 0.78054 milliseconds in repetition 373
tcp_ping received 12 bytes back
Round trip time was 0.799817 milliseconds in repetition 374
tcp_ping received 12 bytes back
Round trip time was 0.846095 milliseconds in repetition 375
tcp_ping received 12 bytes back
Round trip time was 0.889964 milliseconds in repetition 376
tcp_ping received 12 bytes back
Round trip time was 0.782984 milliseconds in repetition 377
tcp_ping received 12 bytes back
Round trip time was 0.971263 milliseconds in repetition 378
tcp_ping received 12 bytes back
Round trip time was 0.811164 milliseconds in repetition 379
tcp_ping received 12 bytes back
Round trip time was 0.782896 milliseconds in repetition 380
tcp_ping received 12 bytes back
Round trip time was 0.857554 milliseconds in repetition 381
tcp_ping received 12 bytes back
Round trip time was 0.819299 milliseconds in repetition 382
tcp_ping received 12 bytes back
Round trip time was 0.942657 milliseconds in repetition 383
tcp_ping received 12 bytes back
Round trip time was 0.794868 milliseconds in repetition 384
tcp_ping received 12 bytes back
Round trip time was 0.880192 milliseconds in repetition 385
tcp_ping received 12 bytes back
Round trip time was 0.882988 milliseconds in repetition 386
tcp_ping received 12 bytes back
Round trip time was 0.807854 milliseconds in repetition 387
tcp_ping received 12 bytes back
Round trip time was 0.785703 milliseconds in repetition 388
tcp_ping received 12 bytes back
Round trip time was 0.808808 milliseconds in repetition 389
tcp_ping received 12 bytes back
Round trip time was 0.78165 milliseconds in repetition 390
tcp_ping received 12 bytes back
Round trip time was 1.00361 milliseconds in repetition 391
tcp_ping received 12 bytes back
Round trip time was 0.901408 milliseconds in repetition 392
tcp_ping received 12 bytes back
Round trip time was 0.876977 milliseconds in repetition 393
tcp_ping received 12 bytes back
Round trip time was 0.79635 milliseconds in repetition 394
tcp_ping received 12 bytes back
Round trip time was 0.795108 milliseconds in repetition 395
tcp_ping received 12 bytes back
Round trip time was 0.870946 milliseconds in repetition 396
tcp_ping received 12 bytes back
Round trip time was 0.84764 milliseconds in repetition 397
tcp_ping received 12 bytes back
Round trip time was 0.791287 milliseconds in repetition 398
tcp_ping received 12 bytes back
Round trip time was 0.774693 milliseconds in repetition 399
tcp_ping received 12 bytes back
Round trip time was 0.830849 milliseconds in repetition 400
tcp_ping received 12 bytes back
Round trip time was 0.796 milliseconds in repetition 401
tcp_ping received 12 bytes back
Round trip time was 0.775155 milliseconds in repetition 402
tcp_ping received 12 bytes back
Round trip time was 0.793312 milliseconds in repetition 403
tcp_ping received 12 bytes back
Round trip time was 0.859266 milliseconds in repetition 404
tcp_ping received 12 bytes back
Round trip time was 0.958853 milliseconds in repetition 405
tcp_ping received 12 bytes back
Round trip time was 0.789772 milliseconds in repetition 406
tcp_ping received 12 bytes back
Round trip time was 0.891942 milliseconds in repetition 407
tcp_ping received 12 bytes back
Round trip time was 0.823944 milliseconds in repetition 408
tcp_ping received 12 bytes back
Round trip time was 0.78538 milliseconds in repetition 409
tcp_ping received 12 bytes back
Round trip time was 0.863078 milliseconds in repetition 410
tcp_ping received 12 bytes back
Round trip time was 1.27435 milliseconds in repetition 411
tcp_ping received 12 bytes back
Round trip time was 0.746217 milliseconds in repetition 412
tcp_ping received 12 bytes back
Round trip time was 0.938857 milliseconds in repetition 413
tcp_ping received 12 bytes back
Round trip time was 0.811536 milliseconds in repetition 414
tcp_ping received 12 bytes back
Round trip time was 0.798564 milliseconds in repetition 415
tcp_ping received 12 bytes back
Round trip time was 0.811529 milliseconds in repetition 416
tcp_ping received 12 bytes back
Round trip time was 0.868834 milliseconds in repetition 417
tcp_ping received 12 bytes back
Round trip time was 1.0193 milliseconds in repetition 418
tcp_ping received 12 bytes back
Round trip time was 0.827505 milliseconds in repetition 419
tcp_ping received 12 bytes back
Round trip time was 0.777228 milliseconds in repetition 420
tcp_ping received 12 bytes back
Round trip time was 0.796255 milliseconds in repetition 421
tcp_ping received 12 bytes back
Round trip time was 0.789918 milliseconds in repetition 422
tcp_ping received 12 bytes back
Round trip time was 0.884814 milliseconds in repetition 423
tcp_ping received 12 bytes back
Round trip time was 0.893396 milliseconds in repetition 424
tcp_ping received 12 bytes back
Round trip time was 0.801667 milliseconds in repetition 425
tcp_ping received 12 bytes back
Round trip time was 0.785839 milliseconds in repetition 426
tcp_ping received 12 bytes back
Round trip time was 0.797483 milliseconds in repetition 427
tcp_ping received 12 bytes back
Round trip time was 0.773452 milliseconds in repetition 428
tcp_ping received 12 bytes back
Round trip time was 0.794564 milliseconds in repetition 429
tcp_ping received 12 bytes back
Round trip time was 0.788628 milliseconds in repetition 430
tcp_ping received 12 bytes back
Round trip time was 0.804965 milliseconds in repetition 431
tcp_ping received 12 bytes back
Round trip time was 0.975889 milliseconds in repetition 432
tcp_ping received 12 bytes back
Round trip time was 0.788301 milliseconds in repetition 433
tcp_ping received 12 bytes back
Round trip time was 0.788534 milliseconds in repetition 434
tcp_ping received 12 bytes back
Round trip time was 0.817761 milliseconds in repetition 435
tcp_ping received 12 bytes back
Round trip time was 0.824377 milliseconds in repetition 436
tcp_ping received 12 bytes back
Round trip time was 0.884205 milliseconds in repetition 437
tcp_ping received 12 bytes back
Round trip time was 0.870456 milliseconds in repetition 438
tcp_ping received 12 bytes back
Round trip time was 0.785114 milliseconds in repetition 439
tcp_ping received 12 bytes back
Round trip time was 0.790453 milliseconds in repetition 440
tcp_ping received 12 bytes back
Round trip time was 0.788413 milliseconds in repetition 441
tcp_ping received 12 bytes back
Round trip time was 0.810061 milliseconds in repetition 442
tcp_ping received 12 bytes back
Round trip time was 0.774208 milliseconds in repetition 443
tcp_ping received 12 bytes back
Round trip time was 0.801255 milliseconds in repetition 444
tcp_ping received 12 bytes back
Round trip time was 1.09282 milliseconds in repetition 445
tcp_ping received 12 bytes back
Round trip time was 0.996916 milliseconds in repetition 446
tcp_ping received 12 bytes back
Round trip time was 0.790186 milliseconds in repetition 447
tcp_ping received 12 bytes back
Round trip time was 0.789422 milliseconds in repetition 448
tcp_ping received 12 bytes back
Round trip time was 0.822813 milliseconds in repetition 449
tcp_ping received 12 bytes back
Round trip time was 0.868648 milliseconds in repetition 450
tcp_ping received 12 bytes back
Round trip time was 0.79747 milliseconds in repetition 451
tcp_ping received 12 bytes back
Round trip time was 1.03522 milliseconds in repetition 452
tcp_ping received 12 bytes back
Round trip time was 0.893363 milliseconds in repetition 453
tcp_ping received 12 bytes back
Round trip time was 0.790401 milliseconds in repetition 454
tcp_ping received 12 bytes back
Round trip time was 0.788288 milliseconds in repetition 455
tcp_ping received 12 bytes back
Round trip time was 0.772977 milliseconds in repetition 456
tcp_ping received 12 bytes back
Round trip time was 0.816433 milliseconds in repetition 457
tcp_ping received 12 bytes back
Round trip time was 1.08009 milliseconds in repetition 458
tcp_ping received 12 bytes back
Round trip time was 0.860913 milliseconds in repetition 459
tcp_ping received 12 bytes back
Round trip time was 0.78719 milliseconds in repetition 460
tcp_ping received 12 bytes back
Round trip time was 0.796318 milliseconds in repetition 461
tcp_ping received 12 bytes back
Round trip time was 0.783461 milliseconds in repetition 462
tcp_ping received 12 bytes back
Round trip time was 0.786027 milliseconds in repetition 463
tcp_ping received 12 bytes back
Round trip time was 0.890757 milliseconds in repetition 464
tcp_ping received 12 bytes back
Round trip time was 0.812486 milliseconds in repetition 465
tcp_ping received 12 bytes back
Round trip time was 0.885815 milliseconds in repetition 466
tcp_ping received 12 bytes back
Round trip time was 0.788278 milliseconds in repetition 467
tcp_ping received 12 bytes back
Round trip time was 0.857933 milliseconds in repetition 468
tcp_ping received 12 bytes back
Round trip time was 0.906694 milliseconds in repetition 469
tcp_ping received 12 bytes back
Round trip time was 0.780381 milliseconds in repetition 470
tcp_ping received 12 bytes back
Round trip time was 0.977983 milliseconds in repetition 471
tcp_ping received 12 bytes back
Round trip time was 0.800049 milliseconds in repetition 472
tcp_ping received 12 bytes back
Round trip time was 0.797227 milliseconds in repetition 473
tcp_ping received 12 bytes back
Round trip time was 0.786647 milliseconds in repetition 474
tcp_ping received 12 bytes back
Round trip time was 0.783193 milliseconds in repetition 475
tcp_ping received 12 bytes back
Round trip time was 0.796316 milliseconds in repetition 476
tcp_ping received 12 bytes back
Round trip time was 0.865505 milliseconds in repetition 477
tcp_ping received 12 bytes back
Round trip time was 0.80828 milliseconds in repetition 478
tcp_ping received 12 bytes back
Round trip time was 0.816633 milliseconds in repetition 479
tcp_ping received 12 bytes back
Round trip time was 0.967431 milliseconds in repetition 480
tcp_ping received 12 bytes back
Round trip time was 0.796028 milliseconds in repetition 481
tcp_ping received 12 bytes back
Round trip time was 0.816329 milliseconds in repetition 482
tcp_ping received 12 bytes back
Round trip time was 0.879363 milliseconds in repetition 483
tcp_ping received 12 bytes back
Round trip time was 0.792834 milliseconds in repetition 484
tcp_ping received 12 bytes back
Round trip time was 0.979128 milliseconds in repetition 485
tcp_ping received 12 bytes back
Round trip time was 0.781652 milliseconds in repetition 486
tcp_ping received 12 bytes back
Round trip time was 0.78642 milliseconds in repetition 487
tcp_ping received 12 bytes back
Round trip time was 0.786509 milliseconds in repetition 488
tcp_ping received 12 bytes back
Round trip time was 0.783975 milliseconds in repetition 489
tcp_ping received 12 bytes back
Round trip time was 0.811066 milliseconds in repetition 490
tcp_ping received 12 bytes back
Round trip time was 0.906197 milliseconds in repetition 491
tcp_ping received 12 bytes back
Round trip time was 0.771571 milliseconds in repetition 492
tcp_ping received 12 bytes back
Round trip time was 0.905005 milliseconds in repetition 493
tcp_ping received 12 bytes back
Round trip time was 0.818531 milliseconds in repetition 494
tcp_ping received 12 bytes back
Round trip time was 0.859181 milliseconds in repetition 495
tcp_ping received 12 bytes back
Round trip time was 0.801093 milliseconds in repetition 496
tcp_ping received 12 bytes back
Round trip time was 0.790784 milliseconds in repetition 497
tcp_ping received 12 bytes back
Round trip time was 0.994985 milliseconds in repetition 498
tcp_ping received 12 bytes back
Round trip time was 0.77348 milliseconds in repetition 499
tcp_ping received 12 bytes back
Round trip time was 0.799237 milliseconds in repetition 500
tcp_ping received 12 bytes back
Round trip time was 0.959977 milliseconds in repetition 501

 ... clock resolution was 1e-06
TCP Ping:  Statistics over 501 repetitions of 12 byte messages

RTT : percentile 10: 0.783342, median: 0.817344, percentile 90: 1.06973, average: 0.890876, variance: 0.0455254

RTT histogram:
0.681201 4
0.713394 353
0.736948 85
0.746217 17
0.758271 21
0.759924 10
0.760694 4
0.760781 2
0.768445 1
0.771124 1
0.771571 0
0.771934 0
0.772833 1
0.772977 1
0.773158 0
0.773452 0
0.77348 0
0.773721 0
0.774208 0
0.774693 0
0.775155 1

   median Throughput : 29.3634 KB/s   overall Throughput : 26.9398 KB/s

