TCP Ping trying to connect to server webdev.disi.unige.it (130.251.61.30) on port 1491
 ... connected to Pong server: asking for 501 repetitions of 24576 bytes TCP messages
 ... Pong server agreed :-)
tcp_ping received 24576 bytes back
Round trip time was 17.4236 milliseconds in repetition 1
tcp_ping received 24576 bytes back
Round trip time was 11.3953 milliseconds in repetition 2
tcp_ping received 24576 bytes back
Round trip time was 7.77155 milliseconds in repetition 3
tcp_ping received 24576 bytes back
Round trip time was 6.39838 milliseconds in repetition 4
tcp_ping received 24576 bytes back
Round trip time was 9.61316 milliseconds in repetition 5
tcp_ping received 24576 bytes back
Round trip time was 10.0477 milliseconds in repetition 6
tcp_ping received 24576 bytes back
Round trip time was 9.51077 milliseconds in repetition 7
tcp_ping received 24576 bytes back
Round trip time was 12.8087 milliseconds in repetition 8
tcp_ping received 24576 bytes back
Round trip time was 6.12704 milliseconds in repetition 9
tcp_ping received 24576 bytes back
Round trip time was 7.29344 milliseconds in repetition 10
tcp_ping received 24576 bytes back
Round trip time was 9.60574 milliseconds in repetition 11
tcp_ping received 24576 bytes back
Round trip time was 11.0136 milliseconds in repetition 12
tcp_ping received 24576 bytes back
Round trip time was 6.83789 milliseconds in repetition 13
tcp_ping received 24576 bytes back
Round trip time was 9.83512 milliseconds in repetition 14
tcp_ping received 24576 bytes back
Round trip time was 7.07952 milliseconds in repetition 15
tcp_ping received 24576 bytes back
Round trip time was 6.14769 milliseconds in repetition 16
tcp_ping received 24576 bytes back
Round trip time was 10.8822 milliseconds in repetition 17
tcp_ping received 24576 bytes back
Round trip time was 6.54383 milliseconds in repetition 18
tcp_ping received 24576 bytes back
Round trip time was 8.69657 milliseconds in repetition 19
tcp_ping received 24576 bytes back
Round trip time was 7.67138 milliseconds in repetition 20
tcp_ping received 24576 bytes back
Round trip time was 11.8687 milliseconds in repetition 21
tcp_ping received 24576 bytes back
Round trip time was 12.9077 milliseconds in repetition 22
tcp_ping received 24576 bytes back
Round trip time was 9.20162 milliseconds in repetition 23
tcp_ping received 24576 bytes back
Round trip time was 6.22627 milliseconds in repetition 24
tcp_ping received 24576 bytes back
Round trip time was 9.71587 milliseconds in repetition 25
tcp_ping received 24576 bytes back
Round trip time was 9.67055 milliseconds in repetition 26
tcp_ping received 24576 bytes back
Round trip time was 15.8202 milliseconds in repetition 27
tcp_ping received 24576 bytes back
Round trip time was 7.6088 milliseconds in repetition 28
tcp_ping received 24576 bytes back
Round trip time was 5.97493 milliseconds in repetition 29
tcp_ping received 24576 bytes back
Round trip time was 6.42922 milliseconds in repetition 30
tcp_ping received 24576 bytes back
Round trip time was 7.28694 milliseconds in repetition 31
tcp_ping received 24576 bytes back
Round trip time was 12.9234 milliseconds in repetition 32
tcp_ping received 24576 bytes back
Round trip time was 11.0814 milliseconds in repetition 33
tcp_ping received 24576 bytes back
Round trip time was 8.36279 milliseconds in repetition 34
tcp_ping received 24576 bytes back
Round trip time was 6.64909 milliseconds in repetition 35
tcp_ping received 24576 bytes back
Round trip time was 12.1717 milliseconds in repetition 36
tcp_ping received 24576 bytes back
Round trip time was 7.69688 milliseconds in repetition 37
tcp_ping received 24576 bytes back
Round trip time was 8.45314 milliseconds in repetition 38
tcp_ping received 24576 bytes back
Round trip time was 10.0284 milliseconds in repetition 39
tcp_ping received 24576 bytes back
Round trip time was 10.6985 milliseconds in repetition 40
tcp_ping received 24576 bytes back
Round trip time was 12.0293 milliseconds in repetition 41
tcp_ping received 24576 bytes back
Round trip time was 7.6422 milliseconds in repetition 42
tcp_ping received 24576 bytes back
Round trip time was 12.5941 milliseconds in repetition 43
tcp_ping received 24576 bytes back
Round trip time was 7.5018 milliseconds in repetition 44
tcp_ping received 24576 bytes back
Round trip time was 10.0594 milliseconds in repetition 45
tcp_ping received 24576 bytes back
Round trip time was 15.3026 milliseconds in repetition 46
tcp_ping received 24576 bytes back
Round trip time was 10.284 milliseconds in repetition 47
tcp_ping received 24576 bytes back
Round trip time was 6.05895 milliseconds in repetition 48
tcp_ping received 24576 bytes back
Round trip time was 11.9688 milliseconds in repetition 49
tcp_ping received 24576 bytes back
Round trip time was 10.1449 milliseconds in repetition 50
tcp_ping received 24576 bytes back
Round trip time was 7.22334 milliseconds in repetition 51
tcp_ping received 24576 bytes back
Round trip time was 16.2733 milliseconds in repetition 52
tcp_ping received 24576 bytes back
Round trip time was 11.6472 milliseconds in repetition 53
tcp_ping received 24576 bytes back
Round trip time was 6.79545 milliseconds in repetition 54
tcp_ping received 24576 bytes back
Round trip time was 6.4457 milliseconds in repetition 55
tcp_ping received 24576 bytes back
Round trip time was 14.2838 milliseconds in repetition 56
tcp_ping received 24576 bytes back
Round trip time was 8.82057 milliseconds in repetition 57
tcp_ping received 24576 bytes back
Round trip time was 8.14206 milliseconds in repetition 58
tcp_ping received 24576 bytes back
Round trip time was 6.67509 milliseconds in repetition 59
tcp_ping received 24576 bytes back
Round trip time was 7.2437 milliseconds in repetition 60
tcp_ping received 24576 bytes back
Round trip time was 11.5773 milliseconds in repetition 61
tcp_ping received 24576 bytes back
Round trip time was 8.89309 milliseconds in repetition 62
tcp_ping received 24576 bytes back
Round trip time was 7.50425 milliseconds in repetition 63
tcp_ping received 24576 bytes back
Round trip time was 10.3146 milliseconds in repetition 64
tcp_ping received 24576 bytes back
Round trip time was 6.91777 milliseconds in repetition 65
tcp_ping received 24576 bytes back
Round trip time was 11.3646 milliseconds in repetition 66
tcp_ping received 24576 bytes back
Round trip time was 7.3401 milliseconds in repetition 67
tcp_ping received 24576 bytes back
Round trip time was 16.2831 milliseconds in repetition 68
tcp_ping received 24576 bytes back
Round trip time was 7.26616 milliseconds in repetition 69
tcp_ping received 24576 bytes back
Round trip time was 9.26851 milliseconds in repetition 70
tcp_ping received 24576 bytes back
Round trip time was 14.0463 milliseconds in repetition 71
tcp_ping received 24576 bytes back
Round trip time was 10.6244 milliseconds in repetition 72
tcp_ping received 24576 bytes back
Round trip time was 8.71978 milliseconds in repetition 73
tcp_ping received 24576 bytes back
Round trip time was 8.89342 milliseconds in repetition 74
tcp_ping received 24576 bytes back
Round trip time was 7.4055 milliseconds in repetition 75
tcp_ping received 24576 bytes back
Round trip time was 11.3248 milliseconds in repetition 76
tcp_ping received 24576 bytes back
Round trip time was 7.21589 milliseconds in repetition 77
tcp_ping received 24576 bytes back
Round trip time was 7.94716 milliseconds in repetition 78
tcp_ping received 24576 bytes back
Round trip time was 7.87439 milliseconds in repetition 79
tcp_ping received 24576 bytes back
Round trip time was 11.9053 milliseconds in repetition 80
tcp_ping received 24576 bytes back
Round trip time was 11.0695 milliseconds in repetition 81
tcp_ping received 24576 bytes back
Round trip time was 6.69884 milliseconds in repetition 82
tcp_ping received 24576 bytes back
Round trip time was 12.9065 milliseconds in repetition 83
tcp_ping received 24576 bytes back
Round trip time was 11.7188 milliseconds in repetition 84
tcp_ping received 24576 bytes back
Round trip time was 7.05945 milliseconds in repetition 85
tcp_ping received 24576 bytes back
Round trip time was 8.55411 milliseconds in repetition 86
tcp_ping received 24576 bytes back
Round trip time was 7.07007 milliseconds in repetition 87
tcp_ping received 24576 bytes back
Round trip time was 7.28679 milliseconds in repetition 88
tcp_ping received 24576 bytes back
Round trip time was 8.4453 milliseconds in repetition 89
tcp_ping received 24576 bytes back
Round trip time was 7.66788 milliseconds in repetition 90
tcp_ping received 24576 bytes back
Round trip time was 7.15964 milliseconds in repetition 91
tcp_ping received 24576 bytes back
Round trip time was 8.41174 milliseconds in repetition 92
tcp_ping received 24576 bytes back
Round trip time was 9.08848 milliseconds in repetition 93
tcp_ping received 24576 bytes back
Round trip time was 14.072 milliseconds in repetition 94
tcp_ping received 24576 bytes back
Round trip time was 7.79969 milliseconds in repetition 95
tcp_ping received 24576 bytes back
Round trip time was 15.1529 milliseconds in repetition 96
tcp_ping received 24576 bytes back
Round trip time was 6.69533 milliseconds in repetition 97
tcp_ping received 24576 bytes back
Round trip time was 11.1822 milliseconds in repetition 98
tcp_ping received 24576 bytes back
Round trip time was 6.36504 milliseconds in repetition 99
tcp_ping received 24576 bytes back
Round trip time was 10.1843 milliseconds in repetition 100
tcp_ping received 24576 bytes back
Round trip time was 12.0391 milliseconds in repetition 101
tcp_ping received 24576 bytes back
Round trip time was 12.8947 milliseconds in repetition 102
tcp_ping received 24576 bytes back
Round trip time was 6.21232 milliseconds in repetition 103
tcp_ping received 24576 bytes back
Round trip time was 5.95609 milliseconds in repetition 104
tcp_ping received 24576 bytes back
Round trip time was 8.1616 milliseconds in repetition 105
tcp_ping received 24576 bytes back
Round trip time was 7.22295 milliseconds in repetition 106
tcp_ping received 24576 bytes back
Round trip time was 7.43338 milliseconds in repetition 107
tcp_ping received 24576 bytes back
Round trip time was 12.9928 milliseconds in repetition 108
tcp_ping received 24576 bytes back
Round trip time was 13.4518 milliseconds in repetition 109
tcp_ping received 24576 bytes back
Round trip time was 7.53606 milliseconds in repetition 110
tcp_ping received 24576 bytes back
Round trip time was 6.05242 milliseconds in repetition 111
tcp_ping received 24576 bytes back
Round trip time was 9.9848 milliseconds in repetition 112
tcp_ping received 24576 bytes back
Round trip time was 11.1811 milliseconds in repetition 113
tcp_ping received 24576 bytes back
Round trip time was 7.04566 milliseconds in repetition 114
tcp_ping received 24576 bytes back
Round trip time was 13.2157 milliseconds in repetition 115
tcp_ping received 24576 bytes back
Round trip time was 12.8693 milliseconds in repetition 116
tcp_ping received 24576 bytes back
Round trip time was 7.20834 milliseconds in repetition 117
tcp_ping received 24576 bytes back
Round trip time was 7.22831 milliseconds in repetition 118
tcp_ping received 24576 bytes back
Round trip time was 7.13633 milliseconds in repetition 119
tcp_ping received 24576 bytes back
Round trip time was 11.7487 milliseconds in repetition 120
tcp_ping received 24576 bytes back
Round trip time was 6.76633 milliseconds in repetition 121
tcp_ping received 24576 bytes back
Round trip time was 9.00475 milliseconds in repetition 122
tcp_ping received 24576 bytes back
Round trip time was 6.90911 milliseconds in repetition 123
tcp_ping received 24576 bytes back
Round trip time was 6.05089 milliseconds in repetition 124
tcp_ping received 24576 bytes back
Round trip time was 6.72194 milliseconds in repetition 125
tcp_ping received 24576 bytes back
Round trip time was 10.3933 milliseconds in repetition 126
tcp_ping received 24576 bytes back
Round trip time was 15.6128 milliseconds in repetition 127
tcp_ping received 24576 bytes back
Round trip time was 12.2984 milliseconds in repetition 128
tcp_ping received 24576 bytes back
Round trip time was 7.91175 milliseconds in repetition 129
tcp_ping received 24576 bytes back
Round trip time was 11.6411 milliseconds in repetition 130
tcp_ping received 24576 bytes back
Round trip time was 16.3286 milliseconds in repetition 131
tcp_ping received 24576 bytes back
Round trip time was 13.3319 milliseconds in repetition 132
tcp_ping received 24576 bytes back
Round trip time was 8.2285 milliseconds in repetition 133
tcp_ping received 24576 bytes back
Round trip time was 9.68403 milliseconds in repetition 134
tcp_ping received 24576 bytes back
Round trip time was 9.29344 milliseconds in repetition 135
tcp_ping received 24576 bytes back
Round trip time was 8.39768 milliseconds in repetition 136
tcp_ping received 24576 bytes back
Round trip time was 6.29706 milliseconds in repetition 137
tcp_ping received 24576 bytes back
Round trip time was 9.41504 milliseconds in repetition 138
tcp_ping received 24576 bytes back
Round trip time was 15.2829 milliseconds in repetition 139
tcp_ping received 24576 bytes back
Round trip time was 6.79569 milliseconds in repetition 140
tcp_ping received 24576 bytes back
Round trip time was 12.2209 milliseconds in repetition 141
tcp_ping received 24576 bytes back
Round trip time was 12.5847 milliseconds in repetition 142
tcp_ping received 24576 bytes back
Round trip time was 6.5802 milliseconds in repetition 143
tcp_ping received 24576 bytes back
Round trip time was 5.98941 milliseconds in repetition 144
tcp_ping received 24576 bytes back
Round trip time was 6.51555 milliseconds in repetition 145
tcp_ping received 24576 bytes back
Round trip time was 12.6849 milliseconds in repetition 146
tcp_ping received 24576 bytes back
Round trip time was 7.13501 milliseconds in repetition 147
tcp_ping received 24576 bytes back
Round trip time was 5.77014 milliseconds in repetition 148
tcp_ping received 24576 bytes back
Round trip time was 7.1463 milliseconds in repetition 149
tcp_ping received 24576 bytes back
Round trip time was 9.18082 milliseconds in repetition 150
tcp_ping received 24576 bytes back
Round trip time was 12.174 milliseconds in repetition 151
tcp_ping received 24576 bytes back
Round trip time was 6.46879 milliseconds in repetition 152
tcp_ping received 24576 bytes back
Round trip time was 5.84644 milliseconds in repetition 153
tcp_ping received 24576 bytes back
Round trip time was 6.92834 milliseconds in repetition 154
tcp_ping received 24576 bytes back
Round trip time was 8.19973 milliseconds in repetition 155
tcp_ping received 24576 bytes back
Round trip time was 10.6538 milliseconds in repetition 156
tcp_ping received 24576 bytes back
Round trip time was 10.5704 milliseconds in repetition 157
tcp_ping received 24576 bytes back
Round trip time was 8.25259 milliseconds in repetition 158
tcp_ping received 24576 bytes back
Round trip time was 6.22188 milliseconds in repetition 159
tcp_ping received 24576 bytes back
Round trip time was 6.88247 milliseconds in repetition 160
tcp_ping received 24576 bytes back
Round trip time was 11.5751 milliseconds in repetition 161
tcp_ping received 24576 bytes back
Round trip time was 8.98839 milliseconds in repetition 162
tcp_ping received 24576 bytes back
Round trip time was 6.56872 milliseconds in repetition 163
tcp_ping received 24576 bytes back
Round trip time was 7.08627 milliseconds in repetition 164
tcp_ping received 24576 bytes back
Round trip time was 6.36469 milliseconds in repetition 165
tcp_ping received 24576 bytes back
Round trip time was 8.85717 milliseconds in repetition 166
tcp_ping received 24576 bytes back
Round trip time was 6.89124 milliseconds in repetition 167
tcp_ping received 24576 bytes back
Round trip time was 7.2485 milliseconds in repetition 168
tcp_ping received 24576 bytes back
Round trip time was 9.4223 milliseconds in repetition 169
tcp_ping received 24576 bytes back
Round trip time was 6.77313 milliseconds in repetition 170
tcp_ping received 24576 bytes back
Round trip time was 9.09367 milliseconds in repetition 171
tcp_ping received 24576 bytes back
Round trip time was 6.39806 milliseconds in repetition 172
tcp_ping received 24576 bytes back
Round trip time was 7.02168 milliseconds in repetition 173
tcp_ping received 24576 bytes back
Round trip time was 7.12896 milliseconds in repetition 174
tcp_ping received 24576 bytes back
Round trip time was 13.5946 milliseconds in repetition 175
tcp_ping received 24576 bytes back
Round trip time was 6.30312 milliseconds in repetition 176
tcp_ping received 24576 bytes back
Round trip time was 6.57839 milliseconds in repetition 177
tcp_ping received 24576 bytes back
Round trip time was 6.70569 milliseconds in repetition 178
tcp_ping received 24576 bytes back
Round trip time was 6.43051 milliseconds in repetition 179
tcp_ping received 24576 bytes back
Round trip time was 7.0206 milliseconds in repetition 180
tcp_ping received 24576 bytes back
Round trip time was 6.3125 milliseconds in repetition 181
tcp_ping received 24576 bytes back
Round trip time was 12.5899 milliseconds in repetition 182
tcp_ping received 24576 bytes back
Round trip time was 6.53133 milliseconds in repetition 183
tcp_ping received 24576 bytes back
Round trip time was 11.5914 milliseconds in repetition 184
tcp_ping received 24576 bytes back
Round trip time was 7.02868 milliseconds in repetition 185
tcp_ping received 24576 bytes back
Round trip time was 6.6743 milliseconds in repetition 186
tcp_ping received 24576 bytes back
Round trip time was 15.5637 milliseconds in repetition 187
tcp_ping received 24576 bytes back
Round trip time was 11.7013 milliseconds in repetition 188
tcp_ping received 24576 bytes back
Round trip time was 6.50031 milliseconds in repetition 189
tcp_ping received 24576 bytes back
Round trip time was 6.28697 milliseconds in repetition 190
tcp_ping received 24576 bytes back
Round trip time was 7.53923 milliseconds in repetition 191
tcp_ping received 24576 bytes back
Round trip time was 13.4206 milliseconds in repetition 192
tcp_ping received 24576 bytes back
Round trip time was 6.70954 milliseconds in repetition 193
tcp_ping received 24576 bytes back
Round trip time was 6.57418 milliseconds in repetition 194
tcp_ping received 24576 bytes back
Round trip time was 6.90114 milliseconds in repetition 195
tcp_ping received 24576 bytes back
Round trip time was 12.5519 milliseconds in repetition 196
tcp_ping received 24576 bytes back
Round trip time was 5.9734 milliseconds in repetition 197
tcp_ping received 24576 bytes back
Round trip time was 5.69254 milliseconds in repetition 198
tcp_ping received 24576 bytes back
Round trip time was 6.63176 milliseconds in repetition 199
tcp_ping received 24576 bytes back
Round trip time was 6.21581 milliseconds in repetition 200
tcp_ping received 24576 bytes back
Round trip time was 7.14795 milliseconds in repetition 201
tcp_ping received 24576 bytes back
Round trip time was 6.3432 milliseconds in repetition 202
tcp_ping received 24576 bytes back
Round trip time was 6.20752 milliseconds in repetition 203
tcp_ping received 24576 bytes back
Round trip time was 6.51368 milliseconds in repetition 204
tcp_ping received 24576 bytes back
Round trip time was 13.0528 milliseconds in repetition 205
tcp_ping received 24576 bytes back
Round trip time was 6.67734 milliseconds in repetition 206
tcp_ping received 24576 bytes back
Round trip time was 5.7301 milliseconds in repetition 207
tcp_ping received 24576 bytes back
Round trip time was 12.9933 milliseconds in repetition 208
tcp_ping received 24576 bytes back
Round trip time was 10.7102 milliseconds in repetition 209
tcp_ping received 24576 bytes back
Round trip time was 12.9773 milliseconds in repetition 210
tcp_ping received 24576 bytes back
Round trip time was 9.08515 milliseconds in repetition 211
tcp_ping received 24576 bytes back
Round trip time was 15.2687 milliseconds in repetition 212
tcp_ping received 24576 bytes back
Round trip time was 7.1269 milliseconds in repetition 213
tcp_ping received 24576 bytes back
Round trip time was 6.73307 milliseconds in repetition 214
tcp_ping received 24576 bytes back
Round trip time was 13.3814 milliseconds in repetition 215
tcp_ping received 24576 bytes back
Round trip time was 11.9718 milliseconds in repetition 216
tcp_ping received 24576 bytes back
Round trip time was 6.15264 milliseconds in repetition 217
tcp_ping received 24576 bytes back
Round trip time was 6.71239 milliseconds in repetition 218
tcp_ping received 24576 bytes back
Round trip time was 6.86798 milliseconds in repetition 219
tcp_ping received 24576 bytes back
Round trip time was 7.8052 milliseconds in repetition 220
tcp_ping received 24576 bytes back
Round trip time was 6.6195 milliseconds in repetition 221
tcp_ping received 24576 bytes back
Round trip time was 9.89307 milliseconds in repetition 222
tcp_ping received 24576 bytes back
Round trip time was 10.5429 milliseconds in repetition 223
tcp_ping received 24576 bytes back
Round trip time was 13.5236 milliseconds in repetition 224
tcp_ping received 24576 bytes back
Round trip time was 7.153 milliseconds in repetition 225
tcp_ping received 24576 bytes back
Round trip time was 9.4839 milliseconds in repetition 226
tcp_ping received 24576 bytes back
Round trip time was 16.1014 milliseconds in repetition 227
tcp_ping received 24576 bytes back
Round trip time was 6.68037 milliseconds in repetition 228
tcp_ping received 24576 bytes back
Round trip time was 12.6727 milliseconds in repetition 229
tcp_ping received 24576 bytes back
Round trip time was 7.7358 milliseconds in repetition 230
tcp_ping received 24576 bytes back
Round trip time was 12.2279 milliseconds in repetition 231
tcp_ping received 24576 bytes back
Round trip time was 7.60533 milliseconds in repetition 232
tcp_ping received 24576 bytes back
Round trip time was 11.9364 milliseconds in repetition 233
tcp_ping received 24576 bytes back
Round trip time was 15.1463 milliseconds in repetition 234
tcp_ping received 24576 bytes back
Round trip time was 6.74093 milliseconds in repetition 235
tcp_ping received 24576 bytes back
Round trip time was 6.82699 milliseconds in repetition 236
tcp_ping received 24576 bytes back
Round trip time was 6.47101 milliseconds in repetition 237
tcp_ping received 24576 bytes back
Round trip time was 8.42948 milliseconds in repetition 238
tcp_ping received 24576 bytes back
Round trip time was 10.3926 milliseconds in repetition 239
tcp_ping received 24576 bytes back
Round trip time was 6.43389 milliseconds in repetition 240
tcp_ping received 24576 bytes back
Round trip time was 6.93396 milliseconds in repetition 241
tcp_ping received 24576 bytes back
Round trip time was 6.48747 milliseconds in repetition 242
tcp_ping received 24576 bytes back
Round trip time was 7.83696 milliseconds in repetition 243
tcp_ping received 24576 bytes back
Round trip time was 10.8512 milliseconds in repetition 244
tcp_ping received 24576 bytes back
Round trip time was 13.1349 milliseconds in repetition 245
tcp_ping received 24576 bytes back
Round trip time was 6.62973 milliseconds in repetition 246
tcp_ping received 24576 bytes back
Round trip time was 6.88058 milliseconds in repetition 247
tcp_ping received 24576 bytes back
Round trip time was 7.17036 milliseconds in repetition 248
tcp_ping received 24576 bytes back
Round trip time was 6.82818 milliseconds in repetition 249
tcp_ping received 24576 bytes back
Round trip time was 6.47246 milliseconds in repetition 250
tcp_ping received 24576 bytes back
Round trip time was 7.72556 milliseconds in repetition 251
tcp_ping received 24576 bytes back
Round trip time was 6.46539 milliseconds in repetition 252
tcp_ping received 24576 bytes back
Round trip time was 7.07978 milliseconds in repetition 253
tcp_ping received 24576 bytes back
Round trip time was 13.9598 milliseconds in repetition 254
tcp_ping received 24576 bytes back
Round trip time was 6.65459 milliseconds in repetition 255
tcp_ping received 24576 bytes back
Round trip time was 6.90325 milliseconds in repetition 256
tcp_ping received 24576 bytes back
Round trip time was 6.20732 milliseconds in repetition 257
tcp_ping received 24576 bytes back
Round trip time was 9.08863 milliseconds in repetition 258
tcp_ping received 24576 bytes back
Round trip time was 11.551 milliseconds in repetition 259
tcp_ping received 24576 bytes back
Round trip time was 6.45768 milliseconds in repetition 260
tcp_ping received 24576 bytes back
Round trip time was 6.4514 milliseconds in repetition 261
tcp_ping received 24576 bytes back
Round trip time was 8.32157 milliseconds in repetition 262
tcp_ping received 24576 bytes back
Round trip time was 6.61972 milliseconds in repetition 263
tcp_ping received 24576 bytes back
Round trip time was 8.7513 milliseconds in repetition 264
tcp_ping received 24576 bytes back
Round trip time was 10.4972 milliseconds in repetition 265
tcp_ping received 24576 bytes back
Round trip time was 8.14731 milliseconds in repetition 266
tcp_ping received 24576 bytes back
Round trip time was 14.9802 milliseconds in repetition 267
tcp_ping received 24576 bytes back
Round trip time was 7.71343 milliseconds in repetition 268
tcp_ping received 24576 bytes back
Round trip time was 6.20239 milliseconds in repetition 269
tcp_ping received 24576 bytes back
Round trip time was 7.21997 milliseconds in repetition 270
tcp_ping received 24576 bytes back
Round trip time was 12.1574 milliseconds in repetition 271
tcp_ping received 24576 bytes back
Round trip time was 7.18697 milliseconds in repetition 272
tcp_ping received 24576 bytes back
Round trip time was 5.96402 milliseconds in repetition 273
tcp_ping received 24576 bytes back
Round trip time was 6.89618 milliseconds in repetition 274
tcp_ping received 24576 bytes back
Round trip time was 11.5046 milliseconds in repetition 275
tcp_ping received 24576 bytes back
Round trip time was 7.30545 milliseconds in repetition 276
tcp_ping received 24576 bytes back
Round trip time was 17.1516 milliseconds in repetition 277
tcp_ping received 24576 bytes back
Round trip time was 7.02862 milliseconds in repetition 278
tcp_ping received 24576 bytes back
Round trip time was 7.3343 milliseconds in repetition 279
tcp_ping received 24576 bytes back
Round trip time was 15.7441 milliseconds in repetition 280
tcp_ping received 24576 bytes back
Round trip time was 7.6878 milliseconds in repetition 281
tcp_ping received 24576 bytes back
Round trip time was 12.725 milliseconds in repetition 282
tcp_ping received 24576 bytes back
Round trip time was 9.66509 milliseconds in repetition 283
tcp_ping received 24576 bytes back
Round trip time was 8.11773 milliseconds in repetition 284
tcp_ping received 24576 bytes back
Round trip time was 8.49933 milliseconds in repetition 285
tcp_ping received 24576 bytes back
Round trip time was 7.05414 milliseconds in repetition 286
tcp_ping received 24576 bytes back
Round trip time was 12.7396 milliseconds in repetition 287
tcp_ping received 24576 bytes back
Round trip time was 7.93645 milliseconds in repetition 288
tcp_ping received 24576 bytes back
Round trip time was 10.9775 milliseconds in repetition 289
tcp_ping received 24576 bytes back
Round trip time was 7.62716 milliseconds in repetition 290
tcp_ping received 24576 bytes back
Round trip time was 8.03444 milliseconds in repetition 291
tcp_ping received 24576 bytes back
Round trip time was 5.97235 milliseconds in repetition 292
tcp_ping received 24576 bytes back
Round trip time was 9.77987 milliseconds in repetition 293
tcp_ping received 24576 bytes back
Round trip time was 11.769 milliseconds in repetition 294
tcp_ping received 24576 bytes back
Round trip time was 10.2135 milliseconds in repetition 295
tcp_ping received 24576 bytes back
Round trip time was 6.18053 milliseconds in repetition 296
tcp_ping received 24576 bytes back
Round trip time was 13.773 milliseconds in repetition 297
tcp_ping received 24576 bytes back
Round trip time was 10.5647 milliseconds in repetition 298
tcp_ping received 24576 bytes back
Round trip time was 6.64153 milliseconds in repetition 299
tcp_ping received 24576 bytes back
Round trip time was 6.37589 milliseconds in repetition 300
tcp_ping received 24576 bytes back
Round trip time was 6.92815 milliseconds in repetition 301
tcp_ping received 24576 bytes back
Round trip time was 9.47683 milliseconds in repetition 302
tcp_ping received 24576 bytes back
Round trip time was 16.6335 milliseconds in repetition 303
tcp_ping received 24576 bytes back
Round trip time was 6.13466 milliseconds in repetition 304
tcp_ping received 24576 bytes back
Round trip time was 7.72905 milliseconds in repetition 305
tcp_ping received 24576 bytes back
Round trip time was 10.3061 milliseconds in repetition 306
tcp_ping received 24576 bytes back
Round trip time was 8.0178 milliseconds in repetition 307
tcp_ping received 24576 bytes back
Round trip time was 11.3454 milliseconds in repetition 308
tcp_ping received 24576 bytes back
Round trip time was 7.4512 milliseconds in repetition 309
tcp_ping received 24576 bytes back
Round trip time was 5.82311 milliseconds in repetition 310
tcp_ping received 24576 bytes back
Round trip time was 15.7951 milliseconds in repetition 311
tcp_ping received 24576 bytes back
Round trip time was 12.2692 milliseconds in repetition 312
tcp_ping received 24576 bytes back
Round trip time was 9.99852 milliseconds in repetition 313
tcp_ping received 24576 bytes back
Round trip time was 8.49217 milliseconds in repetition 314
tcp_ping received 24576 bytes back
Round trip time was 11.479 milliseconds in repetition 315
tcp_ping received 24576 bytes back
Round trip time was 10.1412 milliseconds in repetition 316
tcp_ping received 24576 bytes back
Round trip time was 7.61818 milliseconds in repetition 317
tcp_ping received 24576 bytes back
Round trip time was 6.97174 milliseconds in repetition 318
tcp_ping received 24576 bytes back
Round trip time was 7.31261 milliseconds in repetition 319
tcp_ping received 24576 bytes back
Round trip time was 11.557 milliseconds in repetition 320
tcp_ping received 24576 bytes back
Round trip time was 8.26089 milliseconds in repetition 321
tcp_ping received 24576 bytes back
Round trip time was 9.87545 milliseconds in repetition 322
tcp_ping received 24576 bytes back
Round trip time was 12.9594 milliseconds in repetition 323
tcp_ping received 24576 bytes back
Round trip time was 12.3592 milliseconds in repetition 324
tcp_ping received 24576 bytes back
Round trip time was 15.7553 milliseconds in repetition 325
tcp_ping received 24576 bytes back
Round trip time was 11.1059 milliseconds in repetition 326
tcp_ping received 24576 bytes back
Round trip time was 13.3702 milliseconds in repetition 327
tcp_ping received 24576 bytes back
Round trip time was 10.7849 milliseconds in repetition 328
tcp_ping received 24576 bytes back
Round trip time was 8.95975 milliseconds in repetition 329
tcp_ping received 24576 bytes back
Round trip time was 6.01484 milliseconds in repetition 330
tcp_ping received 24576 bytes back
Round trip time was 11.8447 milliseconds in repetition 331
tcp_ping received 24576 bytes back
Round trip time was 7.71347 milliseconds in repetition 332
tcp_ping received 24576 bytes back
Round trip time was 7.33899 milliseconds in repetition 333
tcp_ping received 24576 bytes back
Round trip time was 6.84754 milliseconds in repetition 334
tcp_ping received 24576 bytes back
Round trip time was 8.28003 milliseconds in repetition 335
tcp_ping received 24576 bytes back
Round trip time was 7.81451 milliseconds in repetition 336
tcp_ping received 24576 bytes back
Round trip time was 6.7391 milliseconds in repetition 337
tcp_ping received 24576 bytes back
Round trip time was 12.1759 milliseconds in repetition 338
tcp_ping received 24576 bytes back
Round trip time was 7.76489 milliseconds in repetition 339
tcp_ping received 24576 bytes back
Round trip time was 10.9519 milliseconds in repetition 340
tcp_ping received 24576 bytes back
Round trip time was 7.41086 milliseconds in repetition 341
tcp_ping received 24576 bytes back
Round trip time was 16.7409 milliseconds in repetition 342
tcp_ping received 24576 bytes back
Round trip time was 7.95836 milliseconds in repetition 343
tcp_ping received 24576 bytes back
Round trip time was 6.66756 milliseconds in repetition 344
tcp_ping received 24576 bytes back
Round trip time was 6.67617 milliseconds in repetition 345
tcp_ping received 24576 bytes back
Round trip time was 6.8665 milliseconds in repetition 346
tcp_ping received 24576 bytes back
Round trip time was 11.4719 milliseconds in repetition 347
tcp_ping received 24576 bytes back
Round trip time was 6.70245 milliseconds in repetition 348
tcp_ping received 24576 bytes back
Round trip time was 7.25341 milliseconds in repetition 349
tcp_ping received 24576 bytes back
Round trip time was 7.92762 milliseconds in repetition 350
tcp_ping received 24576 bytes back
Round trip time was 6.44447 milliseconds in repetition 351
tcp_ping received 24576 bytes back
Round trip time was 7.36637 milliseconds in repetition 352
tcp_ping received 24576 bytes back
Round trip time was 7.94886 milliseconds in repetition 353
tcp_ping received 24576 bytes back
Round trip time was 6.86529 milliseconds in repetition 354
tcp_ping received 24576 bytes back
Round trip time was 7.60298 milliseconds in repetition 355
tcp_ping received 24576 bytes back
Round trip time was 6.90535 milliseconds in repetition 356
tcp_ping received 24576 bytes back
Round trip time was 6.27061 milliseconds in repetition 357
tcp_ping received 24576 bytes back
Round trip time was 6.72976 milliseconds in repetition 358
tcp_ping received 24576 bytes back
Round trip time was 6.70575 milliseconds in repetition 359
tcp_ping received 24576 bytes back
Round trip time was 6.49171 milliseconds in repetition 360
tcp_ping received 24576 bytes back
Round trip time was 11.0693 milliseconds in repetition 361
tcp_ping received 24576 bytes back
Round trip time was 7.95043 milliseconds in repetition 362
tcp_ping received 24576 bytes back
Round trip time was 6.22371 milliseconds in repetition 363
tcp_ping received 24576 bytes back
Round trip time was 8.52054 milliseconds in repetition 364
tcp_ping received 24576 bytes back
Round trip time was 9.66063 milliseconds in repetition 365
tcp_ping received 24576 bytes back
Round trip time was 6.09374 milliseconds in repetition 366
tcp_ping received 24576 bytes back
Round trip time was 12.3924 milliseconds in repetition 367
tcp_ping received 24576 bytes back
Round trip time was 6.8507 milliseconds in repetition 368
tcp_ping received 24576 bytes back
Round trip time was 15.1433 milliseconds in repetition 369
tcp_ping received 24576 bytes back
Round trip time was 6.15932 milliseconds in repetition 370
tcp_ping received 24576 bytes back
Round trip time was 8.26124 milliseconds in repetition 371
tcp_ping received 24576 bytes back
Round trip time was 6.13969 milliseconds in repetition 372
tcp_ping received 24576 bytes back
Round trip time was 7.66862 milliseconds in repetition 373
tcp_ping received 24576 bytes back
Round trip time was 11.2317 milliseconds in repetition 374
tcp_ping received 24576 bytes back
Round trip time was 9.70178 milliseconds in repetition 375
tcp_ping received 24576 bytes back
Round trip time was 10.4207 milliseconds in repetition 376
tcp_ping received 24576 bytes back
Round trip time was 6.5522 milliseconds in repetition 377
tcp_ping received 24576 bytes back
Round trip time was 6.56528 milliseconds in repetition 378
tcp_ping received 24576 bytes back
Round trip time was 6.85933 milliseconds in repetition 379
tcp_ping received 24576 bytes back
Round trip time was 7.11167 milliseconds in repetition 380
tcp_ping received 24576 bytes back
Round trip time was 10.4835 milliseconds in repetition 381
tcp_ping received 24576 bytes back
Round trip time was 7.88301 milliseconds in repetition 382
tcp_ping received 24576 bytes back
Round trip time was 6.35697 milliseconds in repetition 383
tcp_ping received 24576 bytes back
Round trip time was 9.10425 milliseconds in repetition 384
tcp_ping received 24576 bytes back
Round trip time was 5.95725 milliseconds in repetition 385
tcp_ping received 24576 bytes back
Round trip time was 6.51494 milliseconds in repetition 386
tcp_ping received 24576 bytes back
Round trip time was 12.3104 milliseconds in repetition 387
tcp_ping received 24576 bytes back
Round trip time was 12.4744 milliseconds in repetition 388
tcp_ping received 24576 bytes back
Round trip time was 9.7909 milliseconds in repetition 389
tcp_ping received 24576 bytes back
Round trip time was 6.88456 milliseconds in repetition 390
tcp_ping received 24576 bytes back
Round trip time was 7.16583 milliseconds in repetition 391
tcp_ping received 24576 bytes back
Round trip time was 6.13705 milliseconds in repetition 392
tcp_ping received 24576 bytes back
Round trip time was 12.0905 milliseconds in repetition 393
tcp_ping received 24576 bytes back
Round trip time was 14.0434 milliseconds in repetition 394
tcp_ping received 24576 bytes back
Round trip time was 6.62214 milliseconds in repetition 395
tcp_ping received 24576 bytes back
Round trip time was 8.95227 milliseconds in repetition 396
tcp_ping received 24576 bytes back
Round trip time was 8.41401 milliseconds in repetition 397
tcp_ping received 24576 bytes back
Round trip time was 15.9531 milliseconds in repetition 398
tcp_ping received 24576 bytes back
Round trip time was 6.88235 milliseconds in repetition 399
tcp_ping received 24576 bytes back
Round trip time was 13.3542 milliseconds in repetition 400
tcp_ping received 24576 bytes back
Round trip time was 6.4884 milliseconds in repetition 401
tcp_ping received 24576 bytes back
Round trip time was 6.97781 milliseconds in repetition 402
tcp_ping received 24576 bytes back
Round trip time was 6.49872 milliseconds in repetition 403
tcp_ping received 24576 bytes back
Round trip time was 9.49114 milliseconds in repetition 404
tcp_ping received 24576 bytes back
Round trip time was 9.4941 milliseconds in repetition 405
tcp_ping received 24576 bytes back
Round trip time was 6.48071 milliseconds in repetition 406
tcp_ping received 24576 bytes back
Round trip time was 12.3118 milliseconds in repetition 407
tcp_ping received 24576 bytes back
Round trip time was 12.84 milliseconds in repetition 408
tcp_ping received 24576 bytes back
Round trip time was 11.7238 milliseconds in repetition 409
tcp_ping received 24576 bytes back
Round trip time was 12.0505 milliseconds in repetition 410
tcp_ping received 24576 bytes back
Round trip time was 12.3048 milliseconds in repetition 411
tcp_ping received 24576 bytes back
Round trip time was 10.3568 milliseconds in repetition 412
tcp_ping received 24576 bytes back
Round trip time was 6.86118 milliseconds in repetition 413
tcp_ping received 24576 bytes back
Round trip time was 6.62989 milliseconds in repetition 414
tcp_ping received 24576 bytes back
Round trip time was 13.5637 milliseconds in repetition 415
tcp_ping received 24576 bytes back
Round trip time was 8.41598 milliseconds in repetition 416
tcp_ping received 24576 bytes back
Round trip time was 7.94262 milliseconds in repetition 417
tcp_ping received 24576 bytes back
Round trip time was 11.5853 milliseconds in repetition 418
tcp_ping received 24576 bytes back
Round trip time was 11.6171 milliseconds in repetition 419
tcp_ping received 24576 bytes back
Round trip time was 7.00653 milliseconds in repetition 420
tcp_ping received 24576 bytes back
Round trip time was 6.64692 milliseconds in repetition 421
tcp_ping received 24576 bytes back
Round trip time was 8.38988 milliseconds in repetition 422
tcp_ping received 24576 bytes back
Round trip time was 7.68147 milliseconds in repetition 423
tcp_ping received 24576 bytes back
Round trip time was 10.4467 milliseconds in repetition 424
tcp_ping received 24576 bytes back
Round trip time was 7.74888 milliseconds in repetition 425
tcp_ping received 24576 bytes back
Round trip time was 9.32488 milliseconds in repetition 426
tcp_ping received 24576 bytes back
Round trip time was 7.22588 milliseconds in repetition 427
tcp_ping received 24576 bytes back
Round trip time was 6.85659 milliseconds in repetition 428
tcp_ping received 24576 bytes back
Round trip time was 8.19655 milliseconds in repetition 429
tcp_ping received 24576 bytes back
Round trip time was 6.94873 milliseconds in repetition 430
tcp_ping received 24576 bytes back
Round trip time was 6.40763 milliseconds in repetition 431
tcp_ping received 24576 bytes back
Round trip time was 9.89967 milliseconds in repetition 432
tcp_ping received 24576 bytes back
Round trip time was 6.97561 milliseconds in repetition 433
tcp_ping received 24576 bytes back
Round trip time was 10.3315 milliseconds in repetition 434
tcp_ping received 24576 bytes back
Round trip time was 11.9588 milliseconds in repetition 435
tcp_ping received 24576 bytes back
Round trip time was 7.79183 milliseconds in repetition 436
tcp_ping received 24576 bytes back
Round trip time was 6.74367 milliseconds in repetition 437
tcp_ping received 24576 bytes back
Round trip time was 9.83409 milliseconds in repetition 438
tcp_ping received 24576 bytes back
Round trip time was 7.1476 milliseconds in repetition 439
tcp_ping received 24576 bytes back
Round trip time was 7.36098 milliseconds in repetition 440
tcp_ping received 24576 bytes back
Round trip time was 8.73046 milliseconds in repetition 441
tcp_ping received 24576 bytes back
Round trip time was 11.8052 milliseconds in repetition 442
tcp_ping received 24576 bytes back
Round trip time was 9.81141 milliseconds in repetition 443
tcp_ping received 24576 bytes back
Round trip time was 12.0534 milliseconds in repetition 444
tcp_ping received 24576 bytes back
Round trip time was 7.73845 milliseconds in repetition 445
tcp_ping received 24576 bytes back
Round trip time was 19.6214 milliseconds in repetition 446
tcp_ping received 24576 bytes back
Round trip time was 7.98292 milliseconds in repetition 447
tcp_ping received 24576 bytes back
Round trip time was 6.24537 milliseconds in repetition 448
tcp_ping received 24576 bytes back
Round trip time was 5.85751 milliseconds in repetition 449
tcp_ping received 24576 bytes back
Round trip time was 7.5979 milliseconds in repetition 450
tcp_ping received 24576 bytes back
Round trip time was 6.56657 milliseconds in repetition 451
tcp_ping received 24576 bytes back
Round trip time was 7.19715 milliseconds in repetition 452
tcp_ping received 24576 bytes back
Round trip time was 7.30286 milliseconds in repetition 453
tcp_ping received 24576 bytes back
Round trip time was 9.20944 milliseconds in repetition 454
tcp_ping received 24576 bytes back
Round trip time was 7.32913 milliseconds in repetition 455
tcp_ping received 24576 bytes back
Round trip time was 10.2957 milliseconds in repetition 456
tcp_ping received 24576 bytes back
Round trip time was 11.3842 milliseconds in repetition 457
tcp_ping received 24576 bytes back
Round trip time was 7.03465 milliseconds in repetition 458
tcp_ping received 24576 bytes back
Round trip time was 6.13267 milliseconds in repetition 459
tcp_ping received 24576 bytes back
Round trip time was 6.69586 milliseconds in repetition 460
tcp_ping received 24576 bytes back
Round trip time was 10.6786 milliseconds in repetition 461
tcp_ping received 24576 bytes back
Round trip time was 6.89975 milliseconds in repetition 462
tcp_ping received 24576 bytes back
Round trip time was 14.0802 milliseconds in repetition 463
tcp_ping received 24576 bytes back
Round trip time was 7.59541 milliseconds in repetition 464
tcp_ping received 24576 bytes back
Round trip time was 7.08684 milliseconds in repetition 465
tcp_ping received 24576 bytes back
Round trip time was 13.3951 milliseconds in repetition 466
tcp_ping received 24576 bytes back
Round trip time was 6.04655 milliseconds in repetition 467
tcp_ping received 24576 bytes back
Round trip time was 7.42531 milliseconds in repetition 468
tcp_ping received 24576 bytes back
Round trip time was 7.3584 milliseconds in repetition 469
tcp_ping received 24576 bytes back
Round trip time was 8.68597 milliseconds in repetition 470
tcp_ping received 24576 bytes back
Round trip time was 9.24671 milliseconds in repetition 471
tcp_ping received 24576 bytes back
Round trip time was 6.91726 milliseconds in repetition 472
tcp_ping received 24576 bytes back
Round trip time was 6.20708 milliseconds in repetition 473
tcp_ping received 24576 bytes back
Round trip time was 12.4943 milliseconds in repetition 474
tcp_ping received 24576 bytes back
Round trip time was 13.1548 milliseconds in repetition 475
tcp_ping received 24576 bytes back
Round trip time was 6.21531 milliseconds in repetition 476
tcp_ping received 24576 bytes back
Round trip time was 6.2917 milliseconds in repetition 477
tcp_ping received 24576 bytes back
Round trip time was 6.14413 milliseconds in repetition 478
tcp_ping received 24576 bytes back
Round trip time was 15.6508 milliseconds in repetition 479
tcp_ping received 24576 bytes back
Round trip time was 8.44832 milliseconds in repetition 480
tcp_ping received 24576 bytes back
Round trip time was 8.79906 milliseconds in repetition 481
tcp_ping received 24576 bytes back
Round trip time was 7.71278 milliseconds in repetition 482
tcp_ping received 24576 bytes back
Round trip time was 9.21246 milliseconds in repetition 483
tcp_ping received 24576 bytes back
Round trip time was 10.6492 milliseconds in repetition 484
tcp_ping received 24576 bytes back
Round trip time was 9.07657 milliseconds in repetition 485
tcp_ping received 24576 bytes back
Round trip time was 6.06726 milliseconds in repetition 486
tcp_ping received 24576 bytes back
Round trip time was 9.80575 milliseconds in repetition 487
tcp_ping received 24576 bytes back
Round trip time was 8.87214 milliseconds in repetition 488
tcp_ping received 24576 bytes back
Round trip time was 7.3485 milliseconds in repetition 489
tcp_ping received 24576 bytes back
Round trip time was 6.47759 milliseconds in repetition 490
tcp_ping received 24576 bytes back
Round trip time was 8.05652 milliseconds in repetition 491
tcp_ping received 24576 bytes back
Round trip time was 6.732 milliseconds in repetition 492
tcp_ping received 24576 bytes back
Round trip time was 9.40037 milliseconds in repetition 493
tcp_ping received 24576 bytes back
Round trip time was 13.968 milliseconds in repetition 494
tcp_ping received 24576 bytes back
Round trip time was 6.86916 milliseconds in repetition 495
tcp_ping received 24576 bytes back
Round trip time was 9.39927 milliseconds in repetition 496
tcp_ping received 24576 bytes back
Round trip time was 7.42601 milliseconds in repetition 497
tcp_ping received 24576 bytes back
Round trip time was 9.27118 milliseconds in repetition 498
tcp_ping received 24576 bytes back
Round trip time was 10.7954 milliseconds in repetition 499
tcp_ping received 24576 bytes back
Round trip time was 10.3512 milliseconds in repetition 500
tcp_ping received 24576 bytes back
Round trip time was 6.87585 milliseconds in repetition 501

 ... clock resolution was 1e-06
TCP Ping:  Statistics over 501 repetitions of 24576 byte messages

RTT : percentile 10: 6.36504, median: 7.94262, percentile 90: 12.9234, average: 9.02091, variance: 7.49978

RTT histogram:
5.69254 14
5.7301 99
5.77014 98
5.82311 49
5.84644 32
5.85751 32
5.95609 26
5.95725 26
5.96402 24
5.97235 30
5.9734 25
5.97493 14
5.98941 8
6.01484 1
6.04655 11
6.05089 7
6.05242 3
6.05895 1
6.06726 0
6.09374 0
6.12704 1

   median Throughput : 6188.39 KB/s   overall Throughput : 5448.67 KB/s

