TCP Ping trying to connect to server webdev.disi.unige.it (130.251.61.30) on port 1491
 ... connected to Pong server: asking for 501 repetitions of 16 bytes TCP messages
 ... Pong server agreed :-)
tcp_ping received 16 bytes back
Round trip time was 2.28932 milliseconds in repetition 1
tcp_ping received 16 bytes back
Round trip time was 1.498 milliseconds in repetition 2
tcp_ping received 16 bytes back
Round trip time was 1.23749 milliseconds in repetition 3
tcp_ping received 16 bytes back
Round trip time was 1.44774 milliseconds in repetition 4
tcp_ping received 16 bytes back
Round trip time was 1.34092 milliseconds in repetition 5
tcp_ping received 16 bytes back
Round trip time was 1.31148 milliseconds in repetition 6
tcp_ping received 16 bytes back
Round trip time was 1.52561 milliseconds in repetition 7
tcp_ping received 16 bytes back
Round trip time was 1.25349 milliseconds in repetition 8
tcp_ping received 16 bytes back
Round trip time was 1.26138 milliseconds in repetition 9
tcp_ping received 16 bytes back
Round trip time was 1.28196 milliseconds in repetition 10
tcp_ping received 16 bytes back
Round trip time was 1.31802 milliseconds in repetition 11
tcp_ping received 16 bytes back
Round trip time was 1.27863 milliseconds in repetition 12
tcp_ping received 16 bytes back
Round trip time was 1.34383 milliseconds in repetition 13
tcp_ping received 16 bytes back
Round trip time was 1.31095 milliseconds in repetition 14
tcp_ping received 16 bytes back
Round trip time was 1.27835 milliseconds in repetition 15
tcp_ping received 16 bytes back
Round trip time was 1.42818 milliseconds in repetition 16
tcp_ping received 16 bytes back
Round trip time was 1.22854 milliseconds in repetition 17
tcp_ping received 16 bytes back
Round trip time was 1.22833 milliseconds in repetition 18
tcp_ping received 16 bytes back
Round trip time was 1.27273 milliseconds in repetition 19
tcp_ping received 16 bytes back
Round trip time was 1.26962 milliseconds in repetition 20
tcp_ping received 16 bytes back
Round trip time was 1.33833 milliseconds in repetition 21
tcp_ping received 16 bytes back
Round trip time was 1.26768 milliseconds in repetition 22
tcp_ping received 16 bytes back
Round trip time was 1.30528 milliseconds in repetition 23
tcp_ping received 16 bytes back
Round trip time was 1.2438 milliseconds in repetition 24
tcp_ping received 16 bytes back
Round trip time was 1.51805 milliseconds in repetition 25
tcp_ping received 16 bytes back
Round trip time was 1.36087 milliseconds in repetition 26
tcp_ping received 16 bytes back
Round trip time was 1.31983 milliseconds in repetition 27
tcp_ping received 16 bytes back
Round trip time was 1.30026 milliseconds in repetition 28
tcp_ping received 16 bytes back
Round trip time was 1.30829 milliseconds in repetition 29
tcp_ping received 16 bytes back
Round trip time was 1.30906 milliseconds in repetition 30
tcp_ping received 16 bytes back
Round trip time was 1.27539 milliseconds in repetition 31
tcp_ping received 16 bytes back
Round trip time was 1.24737 milliseconds in repetition 32
tcp_ping received 16 bytes back
Round trip time was 1.52748 milliseconds in repetition 33
tcp_ping received 16 bytes back
Round trip time was 1.06462 milliseconds in repetition 34
tcp_ping received 16 bytes back
Round trip time was 0.760439 milliseconds in repetition 35
tcp_ping received 16 bytes back
Round trip time was 0.788462 milliseconds in repetition 36
tcp_ping received 16 bytes back
Round trip time was 0.78576 milliseconds in repetition 37
tcp_ping received 16 bytes back
Round trip time was 0.81239 milliseconds in repetition 38
tcp_ping received 16 bytes back
Round trip time was 0.803486 milliseconds in repetition 39
tcp_ping received 16 bytes back
Round trip time was 0.785845 milliseconds in repetition 40
tcp_ping received 16 bytes back
Round trip time was 0.773912 milliseconds in repetition 41
tcp_ping received 16 bytes back
Round trip time was 0.808717 milliseconds in repetition 42
tcp_ping received 16 bytes back
Round trip time was 0.794838 milliseconds in repetition 43
tcp_ping received 16 bytes back
Round trip time was 0.800716 milliseconds in repetition 44
tcp_ping received 16 bytes back
Round trip time was 0.792023 milliseconds in repetition 45
tcp_ping received 16 bytes back
Round trip time was 0.906319 milliseconds in repetition 46
tcp_ping received 16 bytes back
Round trip time was 0.803065 milliseconds in repetition 47
tcp_ping received 16 bytes back
Round trip time was 0.771543 milliseconds in repetition 48
tcp_ping received 16 bytes back
Round trip time was 0.785241 milliseconds in repetition 49
tcp_ping received 16 bytes back
Round trip time was 0.803653 milliseconds in repetition 50
tcp_ping received 16 bytes back
Round trip time was 0.781636 milliseconds in repetition 51
tcp_ping received 16 bytes back
Round trip time was 0.766677 milliseconds in repetition 52
tcp_ping received 16 bytes back
Round trip time was 0.742975 milliseconds in repetition 53
tcp_ping received 16 bytes back
Round trip time was 0.805144 milliseconds in repetition 54
tcp_ping received 16 bytes back
Round trip time was 0.795945 milliseconds in repetition 55
tcp_ping received 16 bytes back
Round trip time was 0.788997 milliseconds in repetition 56
tcp_ping received 16 bytes back
Round trip time was 0.973408 milliseconds in repetition 57
tcp_ping received 16 bytes back
Round trip time was 0.821815 milliseconds in repetition 58
tcp_ping received 16 bytes back
Round trip time was 0.777641 milliseconds in repetition 59
tcp_ping received 16 bytes back
Round trip time was 0.988028 milliseconds in repetition 60
tcp_ping received 16 bytes back
Round trip time was 0.812145 milliseconds in repetition 61
tcp_ping received 16 bytes back
Round trip time was 0.779156 milliseconds in repetition 62
tcp_ping received 16 bytes back
Round trip time was 0.779188 milliseconds in repetition 63
tcp_ping received 16 bytes back
Round trip time was 0.818448 milliseconds in repetition 64
tcp_ping received 16 bytes back
Round trip time was 0.88859 milliseconds in repetition 65
tcp_ping received 16 bytes back
Round trip time was 0.791467 milliseconds in repetition 66
tcp_ping received 16 bytes back
Round trip time was 0.84416 milliseconds in repetition 67
tcp_ping received 16 bytes back
Round trip time was 0.802994 milliseconds in repetition 68
tcp_ping received 16 bytes back
Round trip time was 0.934495 milliseconds in repetition 69
tcp_ping received 16 bytes back
Round trip time was 0.785088 milliseconds in repetition 70
tcp_ping received 16 bytes back
Round trip time was 0.773265 milliseconds in repetition 71
tcp_ping received 16 bytes back
Round trip time was 0.784904 milliseconds in repetition 72
tcp_ping received 16 bytes back
Round trip time was 0.856329 milliseconds in repetition 73
tcp_ping received 16 bytes back
Round trip time was 0.971002 milliseconds in repetition 74
tcp_ping received 16 bytes back
Round trip time was 0.870334 milliseconds in repetition 75
tcp_ping received 16 bytes back
Round trip time was 0.894088 milliseconds in repetition 76
tcp_ping received 16 bytes back
Round trip time was 0.793958 milliseconds in repetition 77
tcp_ping received 16 bytes back
Round trip time was 0.859001 milliseconds in repetition 78
tcp_ping received 16 bytes back
Round trip time was 0.782883 milliseconds in repetition 79
tcp_ping received 16 bytes back
Round trip time was 0.843751 milliseconds in repetition 80
tcp_ping received 16 bytes back
Round trip time was 0.852838 milliseconds in repetition 81
tcp_ping received 16 bytes back
Round trip time was 0.843803 milliseconds in repetition 82
tcp_ping received 16 bytes back
Round trip time was 0.807342 milliseconds in repetition 83
tcp_ping received 16 bytes back
Round trip time was 0.878042 milliseconds in repetition 84
tcp_ping received 16 bytes back
Round trip time was 0.891698 milliseconds in repetition 85
tcp_ping received 16 bytes back
Round trip time was 0.844291 milliseconds in repetition 86
tcp_ping received 16 bytes back
Round trip time was 1.03768 milliseconds in repetition 87
tcp_ping received 16 bytes back
Round trip time was 0.851924 milliseconds in repetition 88
tcp_ping received 16 bytes back
Round trip time was 0.847521 milliseconds in repetition 89
tcp_ping received 16 bytes back
Round trip time was 0.751852 milliseconds in repetition 90
tcp_ping received 16 bytes back
Round trip time was 0.783707 milliseconds in repetition 91
tcp_ping received 16 bytes back
Round trip time was 0.782667 milliseconds in repetition 92
tcp_ping received 16 bytes back
Round trip time was 0.789721 milliseconds in repetition 93
tcp_ping received 16 bytes back
Round trip time was 0.896351 milliseconds in repetition 94
tcp_ping received 16 bytes back
Round trip time was 0.800405 milliseconds in repetition 95
tcp_ping received 16 bytes back
Round trip time was 0.886324 milliseconds in repetition 96
tcp_ping received 16 bytes back
Round trip time was 0.784332 milliseconds in repetition 97
tcp_ping received 16 bytes back
Round trip time was 1.09568 milliseconds in repetition 98
tcp_ping received 16 bytes back
Round trip time was 0.78712 milliseconds in repetition 99
tcp_ping received 16 bytes back
Round trip time was 0.811612 milliseconds in repetition 100
tcp_ping received 16 bytes back
Round trip time was 0.815269 milliseconds in repetition 101
tcp_ping received 16 bytes back
Round trip time was 0.774031 milliseconds in repetition 102
tcp_ping received 16 bytes back
Round trip time was 0.78302 milliseconds in repetition 103
tcp_ping received 16 bytes back
Round trip time was 0.852498 milliseconds in repetition 104
tcp_ping received 16 bytes back
Round trip time was 0.797919 milliseconds in repetition 105
tcp_ping received 16 bytes back
Round trip time was 0.830887 milliseconds in repetition 106
tcp_ping received 16 bytes back
Round trip time was 0.75935 milliseconds in repetition 107
tcp_ping received 16 bytes back
Round trip time was 0.798311 milliseconds in repetition 108
tcp_ping received 16 bytes back
Round trip time was 0.793095 milliseconds in repetition 109
tcp_ping received 16 bytes back
Round trip time was 0.801031 milliseconds in repetition 110
tcp_ping received 16 bytes back
Round trip time was 1.38649 milliseconds in repetition 111
tcp_ping received 16 bytes back
Round trip time was 0.774131 milliseconds in repetition 112
tcp_ping received 16 bytes back
Round trip time was 0.878988 milliseconds in repetition 113
tcp_ping received 16 bytes back
Round trip time was 0.999498 milliseconds in repetition 114
tcp_ping received 16 bytes back
Round trip time was 0.792678 milliseconds in repetition 115
tcp_ping received 16 bytes back
Round trip time was 0.782488 milliseconds in repetition 116
tcp_ping received 16 bytes back
Round trip time was 0.789656 milliseconds in repetition 117
tcp_ping received 16 bytes back
Round trip time was 0.79379 milliseconds in repetition 118
tcp_ping received 16 bytes back
Round trip time was 0.80295 milliseconds in repetition 119
tcp_ping received 16 bytes back
Round trip time was 1.58635 milliseconds in repetition 120
tcp_ping received 16 bytes back
Round trip time was 0.748683 milliseconds in repetition 121
tcp_ping received 16 bytes back
Round trip time was 0.822724 milliseconds in repetition 122
tcp_ping received 16 bytes back
Round trip time was 0.820459 milliseconds in repetition 123
tcp_ping received 16 bytes back
Round trip time was 0.787405 milliseconds in repetition 124
tcp_ping received 16 bytes back
Round trip time was 0.850548 milliseconds in repetition 125
tcp_ping received 16 bytes back
Round trip time was 0.792972 milliseconds in repetition 126
tcp_ping received 16 bytes back
Round trip time was 1.01511 milliseconds in repetition 127
tcp_ping received 16 bytes back
Round trip time was 0.821721 milliseconds in repetition 128
tcp_ping received 16 bytes back
Round trip time was 0.816837 milliseconds in repetition 129
tcp_ping received 16 bytes back
Round trip time was 0.850175 milliseconds in repetition 130
tcp_ping received 16 bytes back
Round trip time was 0.794099 milliseconds in repetition 131
tcp_ping received 16 bytes back
Round trip time was 0.976659 milliseconds in repetition 132
tcp_ping received 16 bytes back
Round trip time was 0.804332 milliseconds in repetition 133
tcp_ping received 16 bytes back
Round trip time was 0.779133 milliseconds in repetition 134
tcp_ping received 16 bytes back
Round trip time was 0.758958 milliseconds in repetition 135
tcp_ping received 16 bytes back
Round trip time was 0.821348 milliseconds in repetition 136
tcp_ping received 16 bytes back
Round trip time was 0.800612 milliseconds in repetition 137
tcp_ping received 16 bytes back
Round trip time was 0.784976 milliseconds in repetition 138
tcp_ping received 16 bytes back
Round trip time was 0.791111 milliseconds in repetition 139
tcp_ping received 16 bytes back
Round trip time was 0.967947 milliseconds in repetition 140
tcp_ping received 16 bytes back
Round trip time was 0.794283 milliseconds in repetition 141
tcp_ping received 16 bytes back
Round trip time was 0.901249 milliseconds in repetition 142
tcp_ping received 16 bytes back
Round trip time was 0.809853 milliseconds in repetition 143
tcp_ping received 16 bytes back
Round trip time was 0.863972 milliseconds in repetition 144
tcp_ping received 16 bytes back
Round trip time was 0.787587 milliseconds in repetition 145
tcp_ping received 16 bytes back
Round trip time was 0.792169 milliseconds in repetition 146
tcp_ping received 16 bytes back
Round trip time was 0.867243 milliseconds in repetition 147
tcp_ping received 16 bytes back
Round trip time was 0.79847 milliseconds in repetition 148
tcp_ping received 16 bytes back
Round trip time was 0.887693 milliseconds in repetition 149
tcp_ping received 16 bytes back
Round trip time was 0.788956 milliseconds in repetition 150
tcp_ping received 16 bytes back
Round trip time was 0.781618 milliseconds in repetition 151
tcp_ping received 16 bytes back
Round trip time was 0.793432 milliseconds in repetition 152
tcp_ping received 16 bytes back
Round trip time was 0.787453 milliseconds in repetition 153
tcp_ping received 16 bytes back
Round trip time was 0.894918 milliseconds in repetition 154
tcp_ping received 16 bytes back
Round trip time was 0.799402 milliseconds in repetition 155
tcp_ping received 16 bytes back
Round trip time was 0.870355 milliseconds in repetition 156
tcp_ping received 16 bytes back
Round trip time was 0.805147 milliseconds in repetition 157
tcp_ping received 16 bytes back
Round trip time was 0.802405 milliseconds in repetition 158
tcp_ping received 16 bytes back
Round trip time was 1.13979 milliseconds in repetition 159
tcp_ping received 16 bytes back
Round trip time was 0.83546 milliseconds in repetition 160
tcp_ping received 16 bytes back
Round trip time was 0.792506 milliseconds in repetition 161
tcp_ping received 16 bytes back
Round trip time was 0.872335 milliseconds in repetition 162
tcp_ping received 16 bytes back
Round trip time was 0.790684 milliseconds in repetition 163
tcp_ping received 16 bytes back
Round trip time was 0.921617 milliseconds in repetition 164
tcp_ping received 16 bytes back
Round trip time was 0.820677 milliseconds in repetition 165
tcp_ping received 16 bytes back
Round trip time was 0.851191 milliseconds in repetition 166
tcp_ping received 16 bytes back
Round trip time was 1.03904 milliseconds in repetition 167
tcp_ping received 16 bytes back
Round trip time was 0.825536 milliseconds in repetition 168
tcp_ping received 16 bytes back
Round trip time was 0.844402 milliseconds in repetition 169
tcp_ping received 16 bytes back
Round trip time was 0.851896 milliseconds in repetition 170
tcp_ping received 16 bytes back
Round trip time was 0.795991 milliseconds in repetition 171
tcp_ping received 16 bytes back
Round trip time was 0.781704 milliseconds in repetition 172
tcp_ping received 16 bytes back
Round trip time was 0.874256 milliseconds in repetition 173
tcp_ping received 16 bytes back
Round trip time was 0.886313 milliseconds in repetition 174
tcp_ping received 16 bytes back
Round trip time was 0.882061 milliseconds in repetition 175
tcp_ping received 16 bytes back
Round trip time was 0.809315 milliseconds in repetition 176
tcp_ping received 16 bytes back
Round trip time was 0.818079 milliseconds in repetition 177
tcp_ping received 16 bytes back
Round trip time was 0.85097 milliseconds in repetition 178
tcp_ping received 16 bytes back
Round trip time was 0.801189 milliseconds in repetition 179
tcp_ping received 16 bytes back
Round trip time was 0.978029 milliseconds in repetition 180
tcp_ping received 16 bytes back
Round trip time was 0.807864 milliseconds in repetition 181
tcp_ping received 16 bytes back
Round trip time was 0.920074 milliseconds in repetition 182
tcp_ping received 16 bytes back
Round trip time was 0.781324 milliseconds in repetition 183
tcp_ping received 16 bytes back
Round trip time was 0.851805 milliseconds in repetition 184
tcp_ping received 16 bytes back
Round trip time was 0.798186 milliseconds in repetition 185
tcp_ping received 16 bytes back
Round trip time was 0.783292 milliseconds in repetition 186
tcp_ping received 16 bytes back
Round trip time was 0.870754 milliseconds in repetition 187
tcp_ping received 16 bytes back
Round trip time was 0.80751 milliseconds in repetition 188
tcp_ping received 16 bytes back
Round trip time was 0.861871 milliseconds in repetition 189
tcp_ping received 16 bytes back
Round trip time was 0.858687 milliseconds in repetition 190
tcp_ping received 16 bytes back
Round trip time was 0.800114 milliseconds in repetition 191
tcp_ping received 16 bytes back
Round trip time was 0.852578 milliseconds in repetition 192
tcp_ping received 16 bytes back
Round trip time was 1.05052 milliseconds in repetition 193
tcp_ping received 16 bytes back
Round trip time was 0.849359 milliseconds in repetition 194
tcp_ping received 16 bytes back
Round trip time was 0.739735 milliseconds in repetition 195
tcp_ping received 16 bytes back
Round trip time was 0.820699 milliseconds in repetition 196
tcp_ping received 16 bytes back
Round trip time was 0.800943 milliseconds in repetition 197
tcp_ping received 16 bytes back
Round trip time was 0.795897 milliseconds in repetition 198
tcp_ping received 16 bytes back
Round trip time was 1.01746 milliseconds in repetition 199
tcp_ping received 16 bytes back
Round trip time was 0.817578 milliseconds in repetition 200
tcp_ping received 16 bytes back
Round trip time was 0.839533 milliseconds in repetition 201
tcp_ping received 16 bytes back
Round trip time was 0.857378 milliseconds in repetition 202
tcp_ping received 16 bytes back
Round trip time was 0.791011 milliseconds in repetition 203
tcp_ping received 16 bytes back
Round trip time was 0.958253 milliseconds in repetition 204
tcp_ping received 16 bytes back
Round trip time was 0.873579 milliseconds in repetition 205
tcp_ping received 16 bytes back
Round trip time was 0.860566 milliseconds in repetition 206
tcp_ping received 16 bytes back
Round trip time was 0.964948 milliseconds in repetition 207
tcp_ping received 16 bytes back
Round trip time was 0.858108 milliseconds in repetition 208
tcp_ping received 16 bytes back
Round trip time was 0.777818 milliseconds in repetition 209
tcp_ping received 16 bytes back
Round trip time was 0.846407 milliseconds in repetition 210
tcp_ping received 16 bytes back
Round trip time was 0.808385 milliseconds in repetition 211
tcp_ping received 16 bytes back
Round trip time was 0.814474 milliseconds in repetition 212
tcp_ping received 16 bytes back
Round trip time was 0.863738 milliseconds in repetition 213
tcp_ping received 16 bytes back
Round trip time was 0.809784 milliseconds in repetition 214
tcp_ping received 16 bytes back
Round trip time was 0.794015 milliseconds in repetition 215
tcp_ping received 16 bytes back
Round trip time was 0.884592 milliseconds in repetition 216
tcp_ping received 16 bytes back
Round trip time was 0.777624 milliseconds in repetition 217
tcp_ping received 16 bytes back
Round trip time was 0.862524 milliseconds in repetition 218
tcp_ping received 16 bytes back
Round trip time was 0.86908 milliseconds in repetition 219
tcp_ping received 16 bytes back
Round trip time was 1.43535 milliseconds in repetition 220
tcp_ping received 16 bytes back
Round trip time was 0.793548 milliseconds in repetition 221
tcp_ping received 16 bytes back
Round trip time was 0.823102 milliseconds in repetition 222
tcp_ping received 16 bytes back
Round trip time was 0.791839 milliseconds in repetition 223
tcp_ping received 16 bytes back
Round trip time was 0.783095 milliseconds in repetition 224
tcp_ping received 16 bytes back
Round trip time was 0.893138 milliseconds in repetition 225
tcp_ping received 16 bytes back
Round trip time was 0.80364 milliseconds in repetition 226
tcp_ping received 16 bytes back
Round trip time was 0.867845 milliseconds in repetition 227
tcp_ping received 16 bytes back
Round trip time was 0.921921 milliseconds in repetition 228
tcp_ping received 16 bytes back
Round trip time was 0.79598 milliseconds in repetition 229
tcp_ping received 16 bytes back
Round trip time was 0.805421 milliseconds in repetition 230
tcp_ping received 16 bytes back
Round trip time was 0.801914 milliseconds in repetition 231
tcp_ping received 16 bytes back
Round trip time was 0.788012 milliseconds in repetition 232
tcp_ping received 16 bytes back
Round trip time was 0.969403 milliseconds in repetition 233
tcp_ping received 16 bytes back
Round trip time was 0.900679 milliseconds in repetition 234
tcp_ping received 16 bytes back
Round trip time was 0.828643 milliseconds in repetition 235
tcp_ping received 16 bytes back
Round trip time was 0.79779 milliseconds in repetition 236
tcp_ping received 16 bytes back
Round trip time was 0.821487 milliseconds in repetition 237
tcp_ping received 16 bytes back
Round trip time was 0.801006 milliseconds in repetition 238
tcp_ping received 16 bytes back
Round trip time was 0.789936 milliseconds in repetition 239
tcp_ping received 16 bytes back
Round trip time was 0.886929 milliseconds in repetition 240
tcp_ping received 16 bytes back
Round trip time was 0.793397 milliseconds in repetition 241
tcp_ping received 16 bytes back
Round trip time was 0.888202 milliseconds in repetition 242
tcp_ping received 16 bytes back
Round trip time was 0.889127 milliseconds in repetition 243
tcp_ping received 16 bytes back
Round trip time was 0.792558 milliseconds in repetition 244
tcp_ping received 16 bytes back
Round trip time was 0.803486 milliseconds in repetition 245
tcp_ping received 16 bytes back
Round trip time was 0.977247 milliseconds in repetition 246
tcp_ping received 16 bytes back
Round trip time was 0.795737 milliseconds in repetition 247
tcp_ping received 16 bytes back
Round trip time was 1.06037 milliseconds in repetition 248
tcp_ping received 16 bytes back
Round trip time was 0.818602 milliseconds in repetition 249
tcp_ping received 16 bytes back
Round trip time was 0.807741 milliseconds in repetition 250
tcp_ping received 16 bytes back
Round trip time was 0.795533 milliseconds in repetition 251
tcp_ping received 16 bytes back
Round trip time was 0.781616 milliseconds in repetition 252
tcp_ping received 16 bytes back
Round trip time was 0.856203 milliseconds in repetition 253
tcp_ping received 16 bytes back
Round trip time was 0.796759 milliseconds in repetition 254
tcp_ping received 16 bytes back
Round trip time was 0.804245 milliseconds in repetition 255
tcp_ping received 16 bytes back
Round trip time was 0.815996 milliseconds in repetition 256
tcp_ping received 16 bytes back
Round trip time was 0.805025 milliseconds in repetition 257
tcp_ping received 16 bytes back
Round trip time was 0.808125 milliseconds in repetition 258
tcp_ping received 16 bytes back
Round trip time was 0.814068 milliseconds in repetition 259
tcp_ping received 16 bytes back
Round trip time was 1.01582 milliseconds in repetition 260
tcp_ping received 16 bytes back
Round trip time was 0.807899 milliseconds in repetition 261
tcp_ping received 16 bytes back
Round trip time was 0.786516 milliseconds in repetition 262
tcp_ping received 16 bytes back
Round trip time was 0.785221 milliseconds in repetition 263
tcp_ping received 16 bytes back
Round trip time was 0.788164 milliseconds in repetition 264
tcp_ping received 16 bytes back
Round trip time was 0.950898 milliseconds in repetition 265
tcp_ping received 16 bytes back
Round trip time was 1.14025 milliseconds in repetition 266
tcp_ping received 16 bytes back
Round trip time was 0.795332 milliseconds in repetition 267
tcp_ping received 16 bytes back
Round trip time was 0.813873 milliseconds in repetition 268
tcp_ping received 16 bytes back
Round trip time was 0.815734 milliseconds in repetition 269
tcp_ping received 16 bytes back
Round trip time was 0.795441 milliseconds in repetition 270
tcp_ping received 16 bytes back
Round trip time was 0.808048 milliseconds in repetition 271
tcp_ping received 16 bytes back
Round trip time was 0.815953 milliseconds in repetition 272
tcp_ping received 16 bytes back
Round trip time was 0.983191 milliseconds in repetition 273
tcp_ping received 16 bytes back
Round trip time was 0.904734 milliseconds in repetition 274
tcp_ping received 16 bytes back
Round trip time was 0.824255 milliseconds in repetition 275
tcp_ping received 16 bytes back
Round trip time was 0.838949 milliseconds in repetition 276
tcp_ping received 16 bytes back
Round trip time was 0.861342 milliseconds in repetition 277
tcp_ping received 16 bytes back
Round trip time was 0.826284 milliseconds in repetition 278
tcp_ping received 16 bytes back
Round trip time was 0.858799 milliseconds in repetition 279
tcp_ping received 16 bytes back
Round trip time was 0.780877 milliseconds in repetition 280
tcp_ping received 16 bytes back
Round trip time was 0.792836 milliseconds in repetition 281
tcp_ping received 16 bytes back
Round trip time was 0.795158 milliseconds in repetition 282
tcp_ping received 16 bytes back
Round trip time was 0.896034 milliseconds in repetition 283
tcp_ping received 16 bytes back
Round trip time was 0.841298 milliseconds in repetition 284
tcp_ping received 16 bytes back
Round trip time was 0.854444 milliseconds in repetition 285
tcp_ping received 16 bytes back
Round trip time was 1.03841 milliseconds in repetition 286
tcp_ping received 16 bytes back
Round trip time was 0.880221 milliseconds in repetition 287
tcp_ping received 16 bytes back
Round trip time was 0.805985 milliseconds in repetition 288
tcp_ping received 16 bytes back
Round trip time was 0.796439 milliseconds in repetition 289
tcp_ping received 16 bytes back
Round trip time was 0.814909 milliseconds in repetition 290
tcp_ping received 16 bytes back
Round trip time was 0.792905 milliseconds in repetition 291
tcp_ping received 16 bytes back
Round trip time was 0.814221 milliseconds in repetition 292
tcp_ping received 16 bytes back
Round trip time was 0.792308 milliseconds in repetition 293
tcp_ping received 16 bytes back
Round trip time was 0.814002 milliseconds in repetition 294
tcp_ping received 16 bytes back
Round trip time was 0.801952 milliseconds in repetition 295
tcp_ping received 16 bytes back
Round trip time was 0.785525 milliseconds in repetition 296
tcp_ping received 16 bytes back
Round trip time was 0.855837 milliseconds in repetition 297
tcp_ping received 16 bytes back
Round trip time was 0.843886 milliseconds in repetition 298
tcp_ping received 16 bytes back
Round trip time was 0.847242 milliseconds in repetition 299
tcp_ping received 16 bytes back
Round trip time was 0.998769 milliseconds in repetition 300
tcp_ping received 16 bytes back
Round trip time was 0.806541 milliseconds in repetition 301
tcp_ping received 16 bytes back
Round trip time was 0.808103 milliseconds in repetition 302
tcp_ping received 16 bytes back
Round trip time was 0.775679 milliseconds in repetition 303
tcp_ping received 16 bytes back
Round trip time was 0.841695 milliseconds in repetition 304
tcp_ping received 16 bytes back
Round trip time was 0.792744 milliseconds in repetition 305
tcp_ping received 16 bytes back
Round trip time was 0.79341 milliseconds in repetition 306
tcp_ping received 16 bytes back
Round trip time was 0.847541 milliseconds in repetition 307
tcp_ping received 16 bytes back
Round trip time was 0.843489 milliseconds in repetition 308
tcp_ping received 16 bytes back
Round trip time was 0.797436 milliseconds in repetition 309
tcp_ping received 16 bytes back
Round trip time was 0.854192 milliseconds in repetition 310
tcp_ping received 16 bytes back
Round trip time was 0.772403 milliseconds in repetition 311
tcp_ping received 16 bytes back
Round trip time was 0.848173 milliseconds in repetition 312
tcp_ping received 16 bytes back
Round trip time was 0.971472 milliseconds in repetition 313
tcp_ping received 16 bytes back
Round trip time was 0.776071 milliseconds in repetition 314
tcp_ping received 16 bytes back
Round trip time was 0.81559 milliseconds in repetition 315
tcp_ping received 16 bytes back
Round trip time was 0.791731 milliseconds in repetition 316
tcp_ping received 16 bytes back
Round trip time was 0.784014 milliseconds in repetition 317
tcp_ping received 16 bytes back
Round trip time was 0.785017 milliseconds in repetition 318
tcp_ping received 16 bytes back
Round trip time was 0.846453 milliseconds in repetition 319
tcp_ping received 16 bytes back
Round trip time was 0.842645 milliseconds in repetition 320
tcp_ping received 16 bytes back
Round trip time was 0.850769 milliseconds in repetition 321
tcp_ping received 16 bytes back
Round trip time was 0.861429 milliseconds in repetition 322
tcp_ping received 16 bytes back
Round trip time was 6.32375 milliseconds in repetition 323
tcp_ping received 16 bytes back
Round trip time was 0.919317 milliseconds in repetition 324
tcp_ping received 16 bytes back
Round trip time was 2.38286 milliseconds in repetition 325
tcp_ping received 16 bytes back
Round trip time was 0.930868 milliseconds in repetition 326
tcp_ping received 16 bytes back
Round trip time was 0.885834 milliseconds in repetition 327
tcp_ping received 16 bytes back
Round trip time was 2.24252 milliseconds in repetition 328
tcp_ping received 16 bytes back
Round trip time was 2.02455 milliseconds in repetition 329
tcp_ping received 16 bytes back
Round trip time was 0.947002 milliseconds in repetition 330
tcp_ping received 16 bytes back
Round trip time was 0.873206 milliseconds in repetition 331
tcp_ping received 16 bytes back
Round trip time was 0.918814 milliseconds in repetition 332
tcp_ping received 16 bytes back
Round trip time was 1.02532 milliseconds in repetition 333
tcp_ping received 16 bytes back
Round trip time was 0.821387 milliseconds in repetition 334
tcp_ping received 16 bytes back
Round trip time was 0.865255 milliseconds in repetition 335
tcp_ping received 16 bytes back
Round trip time was 0.827955 milliseconds in repetition 336
tcp_ping received 16 bytes back
Round trip time was 0.81712 milliseconds in repetition 337
tcp_ping received 16 bytes back
Round trip time was 0.784866 milliseconds in repetition 338
tcp_ping received 16 bytes back
Round trip time was 0.789233 milliseconds in repetition 339
tcp_ping received 16 bytes back
Round trip time was 0.797115 milliseconds in repetition 340
tcp_ping received 16 bytes back
Round trip time was 0.966621 milliseconds in repetition 341
tcp_ping received 16 bytes back
Round trip time was 0.988964 milliseconds in repetition 342
tcp_ping received 16 bytes back
Round trip time was 0.816159 milliseconds in repetition 343
tcp_ping received 16 bytes back
Round trip time was 0.961119 milliseconds in repetition 344
tcp_ping received 16 bytes back
Round trip time was 0.807663 milliseconds in repetition 345
tcp_ping received 16 bytes back
Round trip time was 0.788473 milliseconds in repetition 346
tcp_ping received 16 bytes back
Round trip time was 0.778178 milliseconds in repetition 347
tcp_ping received 16 bytes back
Round trip time was 0.804791 milliseconds in repetition 348
tcp_ping received 16 bytes back
Round trip time was 0.79461 milliseconds in repetition 349
tcp_ping received 16 bytes back
Round trip time was 0.786956 milliseconds in repetition 350
tcp_ping received 16 bytes back
Round trip time was 0.810292 milliseconds in repetition 351
tcp_ping received 16 bytes back
Round trip time was 0.796432 milliseconds in repetition 352
tcp_ping received 16 bytes back
Round trip time was 0.782518 milliseconds in repetition 353
tcp_ping received 16 bytes back
Round trip time was 0.795271 milliseconds in repetition 354
tcp_ping received 16 bytes back
Round trip time was 0.797834 milliseconds in repetition 355
tcp_ping received 16 bytes back
Round trip time was 0.811169 milliseconds in repetition 356
tcp_ping received 16 bytes back
Round trip time was 0.855696 milliseconds in repetition 357
tcp_ping received 16 bytes back
Round trip time was 0.792896 milliseconds in repetition 358
tcp_ping received 16 bytes back
Round trip time was 0.861658 milliseconds in repetition 359
tcp_ping received 16 bytes back
Round trip time was 0.804255 milliseconds in repetition 360
tcp_ping received 16 bytes back
Round trip time was 0.801778 milliseconds in repetition 361
tcp_ping received 16 bytes back
Round trip time was 0.788942 milliseconds in repetition 362
tcp_ping received 16 bytes back
Round trip time was 0.806491 milliseconds in repetition 363
tcp_ping received 16 bytes back
Round trip time was 0.792204 milliseconds in repetition 364
tcp_ping received 16 bytes back
Round trip time was 0.850956 milliseconds in repetition 365
tcp_ping received 16 bytes back
Round trip time was 0.809238 milliseconds in repetition 366
tcp_ping received 16 bytes back
Round trip time was 0.797073 milliseconds in repetition 367
tcp_ping received 16 bytes back
Round trip time was 0.810502 milliseconds in repetition 368
tcp_ping received 16 bytes back
Round trip time was 0.778394 milliseconds in repetition 369
tcp_ping received 16 bytes back
Round trip time was 0.81169 milliseconds in repetition 370
tcp_ping received 16 bytes back
Round trip time was 1.00347 milliseconds in repetition 371
tcp_ping received 16 bytes back
Round trip time was 0.90831 milliseconds in repetition 372
tcp_ping received 16 bytes back
Round trip time was 0.850491 milliseconds in repetition 373
tcp_ping received 16 bytes back
Round trip time was 0.785981 milliseconds in repetition 374
tcp_ping received 16 bytes back
Round trip time was 0.792263 milliseconds in repetition 375
tcp_ping received 16 bytes back
Round trip time was 0.875291 milliseconds in repetition 376
tcp_ping received 16 bytes back
Round trip time was 0.873969 milliseconds in repetition 377
tcp_ping received 16 bytes back
Round trip time was 0.788482 milliseconds in repetition 378
tcp_ping received 16 bytes back
Round trip time was 1.34098 milliseconds in repetition 379
tcp_ping received 16 bytes back
Round trip time was 0.86391 milliseconds in repetition 380
tcp_ping received 16 bytes back
Round trip time was 0.812179 milliseconds in repetition 381
tcp_ping received 16 bytes back
Round trip time was 0.783792 milliseconds in repetition 382
tcp_ping received 16 bytes back
Round trip time was 1.05808 milliseconds in repetition 383
tcp_ping received 16 bytes back
Round trip time was 1.05581 milliseconds in repetition 384
tcp_ping received 16 bytes back
Round trip time was 0.815839 milliseconds in repetition 385
tcp_ping received 16 bytes back
Round trip time was 0.857271 milliseconds in repetition 386
tcp_ping received 16 bytes back
Round trip time was 0.788577 milliseconds in repetition 387
tcp_ping received 16 bytes back
Round trip time was 0.802995 milliseconds in repetition 388
tcp_ping received 16 bytes back
Round trip time was 0.813377 milliseconds in repetition 389
tcp_ping received 16 bytes back
Round trip time was 0.871526 milliseconds in repetition 390
tcp_ping received 16 bytes back
Round trip time was 0.874652 milliseconds in repetition 391
tcp_ping received 16 bytes back
Round trip time was 0.801418 milliseconds in repetition 392
tcp_ping received 16 bytes back
Round trip time was 0.870386 milliseconds in repetition 393
tcp_ping received 16 bytes back
Round trip time was 0.809305 milliseconds in repetition 394
tcp_ping received 16 bytes back
Round trip time was 0.80229 milliseconds in repetition 395
tcp_ping received 16 bytes back
Round trip time was 0.78238 milliseconds in repetition 396
tcp_ping received 16 bytes back
Round trip time was 0.978319 milliseconds in repetition 397
tcp_ping received 16 bytes back
Round trip time was 0.781779 milliseconds in repetition 398
tcp_ping received 16 bytes back
Round trip time was 0.797987 milliseconds in repetition 399
tcp_ping received 16 bytes back
Round trip time was 0.843515 milliseconds in repetition 400
tcp_ping received 16 bytes back
Round trip time was 0.791307 milliseconds in repetition 401
tcp_ping received 16 bytes back
Round trip time was 0.744892 milliseconds in repetition 402
tcp_ping received 16 bytes back
Round trip time was 1.01269 milliseconds in repetition 403
tcp_ping received 16 bytes back
Round trip time was 0.85493 milliseconds in repetition 404
tcp_ping received 16 bytes back
Round trip time was 0.781058 milliseconds in repetition 405
tcp_ping received 16 bytes back
Round trip time was 0.883145 milliseconds in repetition 406
tcp_ping received 16 bytes back
Round trip time was 0.808956 milliseconds in repetition 407
tcp_ping received 16 bytes back
Round trip time was 0.797227 milliseconds in repetition 408
tcp_ping received 16 bytes back
Round trip time was 0.778602 milliseconds in repetition 409
tcp_ping received 16 bytes back
Round trip time was 0.789287 milliseconds in repetition 410
tcp_ping received 16 bytes back
Round trip time was 0.968637 milliseconds in repetition 411
tcp_ping received 16 bytes back
Round trip time was 0.786175 milliseconds in repetition 412
tcp_ping received 16 bytes back
Round trip time was 1.72753 milliseconds in repetition 413
tcp_ping received 16 bytes back
Round trip time was 0.88328 milliseconds in repetition 414
tcp_ping received 16 bytes back
Round trip time was 0.804908 milliseconds in repetition 415
tcp_ping received 16 bytes back
Round trip time was 0.817036 milliseconds in repetition 416
tcp_ping received 16 bytes back
Round trip time was 0.80218 milliseconds in repetition 417
tcp_ping received 16 bytes back
Round trip time was 0.785108 milliseconds in repetition 418
tcp_ping received 16 bytes back
Round trip time was 0.795156 milliseconds in repetition 419
tcp_ping received 16 bytes back
Round trip time was 0.798654 milliseconds in repetition 420
tcp_ping received 16 bytes back
Round trip time was 0.774499 milliseconds in repetition 421
tcp_ping received 16 bytes back
Round trip time was 0.807543 milliseconds in repetition 422
tcp_ping received 16 bytes back
Round trip time was 0.789307 milliseconds in repetition 423
tcp_ping received 16 bytes back
Round trip time was 1.06296 milliseconds in repetition 424
tcp_ping received 16 bytes back
Round trip time was 0.809688 milliseconds in repetition 425
tcp_ping received 16 bytes back
Round trip time was 0.803002 milliseconds in repetition 426
tcp_ping received 16 bytes back
Round trip time was 0.84184 milliseconds in repetition 427
tcp_ping received 16 bytes back
Round trip time was 0.811872 milliseconds in repetition 428
tcp_ping received 16 bytes back
Round trip time was 0.815444 milliseconds in repetition 429
tcp_ping received 16 bytes back
Round trip time was 0.805817 milliseconds in repetition 430
tcp_ping received 16 bytes back
Round trip time was 0.792231 milliseconds in repetition 431
tcp_ping received 16 bytes back
Round trip time was 0.799764 milliseconds in repetition 432
tcp_ping received 16 bytes back
Round trip time was 0.819418 milliseconds in repetition 433
tcp_ping received 16 bytes back
Round trip time was 0.806446 milliseconds in repetition 434
tcp_ping received 16 bytes back
Round trip time was 0.800578 milliseconds in repetition 435
tcp_ping received 16 bytes back
Round trip time was 0.847766 milliseconds in repetition 436
tcp_ping received 16 bytes back
Round trip time was 0.788641 milliseconds in repetition 437
tcp_ping received 16 bytes back
Round trip time was 0.987712 milliseconds in repetition 438
tcp_ping received 16 bytes back
Round trip time was 0.794968 milliseconds in repetition 439
tcp_ping received 16 bytes back
Round trip time was 0.813449 milliseconds in repetition 440
tcp_ping received 16 bytes back
Round trip time was 0.785682 milliseconds in repetition 441
tcp_ping received 16 bytes back
Round trip time was 0.935815 milliseconds in repetition 442
tcp_ping received 16 bytes back
Round trip time was 0.788101 milliseconds in repetition 443
tcp_ping received 16 bytes back
Round trip time was 0.805547 milliseconds in repetition 444
tcp_ping received 16 bytes back
Round trip time was 0.79632 milliseconds in repetition 445
tcp_ping received 16 bytes back
Round trip time was 0.785018 milliseconds in repetition 446
tcp_ping received 16 bytes back
Round trip time was 0.773595 milliseconds in repetition 447
tcp_ping received 16 bytes back
Round trip time was 0.796948 milliseconds in repetition 448
tcp_ping received 16 bytes back
Round trip time was 0.774351 milliseconds in repetition 449
tcp_ping received 16 bytes back
Round trip time was 0.791719 milliseconds in repetition 450
tcp_ping received 16 bytes back
Round trip time was 0.802122 milliseconds in repetition 451
tcp_ping received 16 bytes back
Round trip time was 1.05457 milliseconds in repetition 452
tcp_ping received 16 bytes back
Round trip time was 0.805216 milliseconds in repetition 453
tcp_ping received 16 bytes back
Round trip time was 0.812707 milliseconds in repetition 454
tcp_ping received 16 bytes back
Round trip time was 0.834461 milliseconds in repetition 455
tcp_ping received 16 bytes back
Round trip time was 0.788789 milliseconds in repetition 456
tcp_ping received 16 bytes back
Round trip time was 0.866899 milliseconds in repetition 457
tcp_ping received 16 bytes back
Round trip time was 0.961409 milliseconds in repetition 458
tcp_ping received 16 bytes back
Round trip time was 0.819823 milliseconds in repetition 459
tcp_ping received 16 bytes back
Round trip time was 0.80294 milliseconds in repetition 460
tcp_ping received 16 bytes back
Round trip time was 0.821313 milliseconds in repetition 461
tcp_ping received 16 bytes back
Round trip time was 0.803451 milliseconds in repetition 462
tcp_ping received 16 bytes back
Round trip time was 0.980616 milliseconds in repetition 463
tcp_ping received 16 bytes back
Round trip time was 0.859588 milliseconds in repetition 464
tcp_ping received 16 bytes back
Round trip time was 0.785065 milliseconds in repetition 465
tcp_ping received 16 bytes back
Round trip time was 0.838232 milliseconds in repetition 466
tcp_ping received 16 bytes back
Round trip time was 0.79314 milliseconds in repetition 467
tcp_ping received 16 bytes back
Round trip time was 0.778727 milliseconds in repetition 468
tcp_ping received 16 bytes back
Round trip time was 0.846039 milliseconds in repetition 469
tcp_ping received 16 bytes back
Round trip time was 0.79187 milliseconds in repetition 470
tcp_ping received 16 bytes back
Round trip time was 0.795602 milliseconds in repetition 471
tcp_ping received 16 bytes back
Round trip time was 0.800964 milliseconds in repetition 472
tcp_ping received 16 bytes back
Round trip time was 0.860635 milliseconds in repetition 473
tcp_ping received 16 bytes back
Round trip time was 0.848474 milliseconds in repetition 474
tcp_ping received 16 bytes back
Round trip time was 0.782662 milliseconds in repetition 475
tcp_ping received 16 bytes back
Round trip time was 0.79331 milliseconds in repetition 476
tcp_ping received 16 bytes back
Round trip time was 0.793266 milliseconds in repetition 477
tcp_ping received 16 bytes back
Round trip time was 0.821036 milliseconds in repetition 478
tcp_ping received 16 bytes back
Round trip time was 0.791408 milliseconds in repetition 479
tcp_ping received 16 bytes back
Round trip time was 0.861032 milliseconds in repetition 480
tcp_ping received 16 bytes back
Round trip time was 0.77794 milliseconds in repetition 481
tcp_ping received 16 bytes back
Round trip time was 0.783607 milliseconds in repetition 482
tcp_ping received 16 bytes back
Round trip time was 0.789696 milliseconds in repetition 483
tcp_ping received 16 bytes back
Round trip time was 0.847712 milliseconds in repetition 484
tcp_ping received 16 bytes back
Round trip time was 0.860322 milliseconds in repetition 485
tcp_ping received 16 bytes back
Round trip time was 0.830968 milliseconds in repetition 486
tcp_ping received 16 bytes back
Round trip time was 0.772823 milliseconds in repetition 487
tcp_ping received 16 bytes back
Round trip time was 0.78596 milliseconds in repetition 488
tcp_ping received 16 bytes back
Round trip time was 0.777704 milliseconds in repetition 489
tcp_ping received 16 bytes back
Round trip time was 0.960051 milliseconds in repetition 490
tcp_ping received 16 bytes back
Round trip time was 0.78726 milliseconds in repetition 491
tcp_ping received 16 bytes back
Round trip time was 0.860145 milliseconds in repetition 492
tcp_ping received 16 bytes back
Round trip time was 0.992761 milliseconds in repetition 493
tcp_ping received 16 bytes back
Round trip time was 0.802903 milliseconds in repetition 494
tcp_ping received 16 bytes back
Round trip time was 0.882286 milliseconds in repetition 495
tcp_ping received 16 bytes back
Round trip time was 0.883647 milliseconds in repetition 496
tcp_ping received 16 bytes back
Round trip time was 0.880009 milliseconds in repetition 497
tcp_ping received 16 bytes back
Round trip time was 0.782244 milliseconds in repetition 498
tcp_ping received 16 bytes back
Round trip time was 0.798677 milliseconds in repetition 499
tcp_ping received 16 bytes back
Round trip time was 0.764168 milliseconds in repetition 500
tcp_ping received 16 bytes back
Round trip time was 0.77982 milliseconds in repetition 501

 ... clock resolution was 1e-06
TCP Ping:  Statistics over 501 repetitions of 16 byte messages

RTT : percentile 10: 0.78302, median: 0.813873, percentile 90: 1.05457, average: 0.895968, variance: 0.0971058

RTT histogram:
0.739735 379
0.742975 80
0.744892 30
0.748683 6
0.751852 1
0.758958 2
0.75935 2
0.760439 0
0.764168 0
0.766677 0
0.771543 0
0.772403 0
0.772823 0
0.773265 0
0.773595 0
0.773912 0
0.774031 0
0.774131 0
0.774351 0
0.774499 0
0.775679 1

   median Throughput : 39.3182 KB/s   overall Throughput : 35.7156 KB/s

