TCP Ping trying to connect to server webdev.disi.unige.it (130.251.61.30) on port 1491
 ... connected to Pong server: asking for 501 repetitions of 16384 bytes TCP messages
 ... Pong server agreed :-)
tcp_ping received 16384 bytes back
Round trip time was 16.6703 milliseconds in repetition 1
tcp_ping received 16384 bytes back
Round trip time was 9.73158 milliseconds in repetition 2
tcp_ping received 16384 bytes back
Round trip time was 6.78598 milliseconds in repetition 3
tcp_ping received 16384 bytes back
Round trip time was 11.2228 milliseconds in repetition 4
tcp_ping received 16384 bytes back
Round trip time was 5.68902 milliseconds in repetition 5
tcp_ping received 16384 bytes back
Round trip time was 5.96054 milliseconds in repetition 6
tcp_ping received 16384 bytes back
Round trip time was 11.9295 milliseconds in repetition 7
tcp_ping received 16384 bytes back
Round trip time was 5.4222 milliseconds in repetition 8
tcp_ping received 16384 bytes back
Round trip time was 8.01486 milliseconds in repetition 9
tcp_ping received 16384 bytes back
Round trip time was 9.53055 milliseconds in repetition 10
tcp_ping received 16384 bytes back
Round trip time was 4.95434 milliseconds in repetition 11
tcp_ping received 16384 bytes back
Round trip time was 9.26226 milliseconds in repetition 12
tcp_ping received 16384 bytes back
Round trip time was 5.44206 milliseconds in repetition 13
tcp_ping received 16384 bytes back
Round trip time was 4.59822 milliseconds in repetition 14
tcp_ping received 16384 bytes back
Round trip time was 6.03199 milliseconds in repetition 15
tcp_ping received 16384 bytes back
Round trip time was 5.97248 milliseconds in repetition 16
tcp_ping received 16384 bytes back
Round trip time was 9.00352 milliseconds in repetition 17
tcp_ping received 16384 bytes back
Round trip time was 4.96017 milliseconds in repetition 18
tcp_ping received 16384 bytes back
Round trip time was 5.97903 milliseconds in repetition 19
tcp_ping received 16384 bytes back
Round trip time was 12.3692 milliseconds in repetition 20
tcp_ping received 16384 bytes back
Round trip time was 8.79353 milliseconds in repetition 21
tcp_ping received 16384 bytes back
Round trip time was 6.23897 milliseconds in repetition 22
tcp_ping received 16384 bytes back
Round trip time was 5.92904 milliseconds in repetition 23
tcp_ping received 16384 bytes back
Round trip time was 5.223 milliseconds in repetition 24
tcp_ping received 16384 bytes back
Round trip time was 12.9208 milliseconds in repetition 25
tcp_ping received 16384 bytes back
Round trip time was 10.737 milliseconds in repetition 26
tcp_ping received 16384 bytes back
Round trip time was 5.25418 milliseconds in repetition 27
tcp_ping received 16384 bytes back
Round trip time was 5.34241 milliseconds in repetition 28
tcp_ping received 16384 bytes back
Round trip time was 7.47607 milliseconds in repetition 29
tcp_ping received 16384 bytes back
Round trip time was 5.78998 milliseconds in repetition 30
tcp_ping received 16384 bytes back
Round trip time was 4.92749 milliseconds in repetition 31
tcp_ping received 16384 bytes back
Round trip time was 6.65824 milliseconds in repetition 32
tcp_ping received 16384 bytes back
Round trip time was 5.39656 milliseconds in repetition 33
tcp_ping received 16384 bytes back
Round trip time was 5.23558 milliseconds in repetition 34
tcp_ping received 16384 bytes back
Round trip time was 5.79619 milliseconds in repetition 35
tcp_ping received 16384 bytes back
Round trip time was 5.41082 milliseconds in repetition 36
tcp_ping received 16384 bytes back
Round trip time was 5.41456 milliseconds in repetition 37
tcp_ping received 16384 bytes back
Round trip time was 6.25899 milliseconds in repetition 38
tcp_ping received 16384 bytes back
Round trip time was 5.67035 milliseconds in repetition 39
tcp_ping received 16384 bytes back
Round trip time was 10.2187 milliseconds in repetition 40
tcp_ping received 16384 bytes back
Round trip time was 6.56143 milliseconds in repetition 41
tcp_ping received 16384 bytes back
Round trip time was 5.02296 milliseconds in repetition 42
tcp_ping received 16384 bytes back
Round trip time was 6.93008 milliseconds in repetition 43
tcp_ping received 16384 bytes back
Round trip time was 6.67213 milliseconds in repetition 44
tcp_ping received 16384 bytes back
Round trip time was 8.14771 milliseconds in repetition 45
tcp_ping received 16384 bytes back
Round trip time was 9.95702 milliseconds in repetition 46
tcp_ping received 16384 bytes back
Round trip time was 5.27809 milliseconds in repetition 47
tcp_ping received 16384 bytes back
Round trip time was 5.25171 milliseconds in repetition 48
tcp_ping received 16384 bytes back
Round trip time was 10.7076 milliseconds in repetition 49
tcp_ping received 16384 bytes back
Round trip time was 9.13765 milliseconds in repetition 50
tcp_ping received 16384 bytes back
Round trip time was 8.21003 milliseconds in repetition 51
tcp_ping received 16384 bytes back
Round trip time was 7.92948 milliseconds in repetition 52
tcp_ping received 16384 bytes back
Round trip time was 11.0651 milliseconds in repetition 53
tcp_ping received 16384 bytes back
Round trip time was 5.16499 milliseconds in repetition 54
tcp_ping received 16384 bytes back
Round trip time was 6.52877 milliseconds in repetition 55
tcp_ping received 16384 bytes back
Round trip time was 4.80933 milliseconds in repetition 56
tcp_ping received 16384 bytes back
Round trip time was 5.24408 milliseconds in repetition 57
tcp_ping received 16384 bytes back
Round trip time was 5.35351 milliseconds in repetition 58
tcp_ping received 16384 bytes back
Round trip time was 5.05771 milliseconds in repetition 59
tcp_ping received 16384 bytes back
Round trip time was 6.35734 milliseconds in repetition 60
tcp_ping received 16384 bytes back
Round trip time was 9.00632 milliseconds in repetition 61
tcp_ping received 16384 bytes back
Round trip time was 8.1451 milliseconds in repetition 62
tcp_ping received 16384 bytes back
Round trip time was 7.11083 milliseconds in repetition 63
tcp_ping received 16384 bytes back
Round trip time was 6.02485 milliseconds in repetition 64
tcp_ping received 16384 bytes back
Round trip time was 9.68998 milliseconds in repetition 65
tcp_ping received 16384 bytes back
Round trip time was 5.20277 milliseconds in repetition 66
tcp_ping received 16384 bytes back
Round trip time was 11.6056 milliseconds in repetition 67
tcp_ping received 16384 bytes back
Round trip time was 5.15607 milliseconds in repetition 68
tcp_ping received 16384 bytes back
Round trip time was 5.17088 milliseconds in repetition 69
tcp_ping received 16384 bytes back
Round trip time was 5.94007 milliseconds in repetition 70
tcp_ping received 16384 bytes back
Round trip time was 5.91077 milliseconds in repetition 71
tcp_ping received 16384 bytes back
Round trip time was 9.65026 milliseconds in repetition 72
tcp_ping received 16384 bytes back
Round trip time was 6.61917 milliseconds in repetition 73
tcp_ping received 16384 bytes back
Round trip time was 45.373 milliseconds in repetition 74
tcp_ping received 16384 bytes back
Round trip time was 5.50637 milliseconds in repetition 75
tcp_ping received 16384 bytes back
Round trip time was 6.67428 milliseconds in repetition 76
tcp_ping received 16384 bytes back
Round trip time was 13.2946 milliseconds in repetition 77
tcp_ping received 16384 bytes back
Round trip time was 5.26916 milliseconds in repetition 78
tcp_ping received 16384 bytes back
Round trip time was 5.83713 milliseconds in repetition 79
tcp_ping received 16384 bytes back
Round trip time was 6.02233 milliseconds in repetition 80
tcp_ping received 16384 bytes back
Round trip time was 6.97535 milliseconds in repetition 81
tcp_ping received 16384 bytes back
Round trip time was 5.371 milliseconds in repetition 82
tcp_ping received 16384 bytes back
Round trip time was 11.2718 milliseconds in repetition 83
tcp_ping received 16384 bytes back
Round trip time was 6.46202 milliseconds in repetition 84
tcp_ping received 16384 bytes back
Round trip time was 5.27611 milliseconds in repetition 85
tcp_ping received 16384 bytes back
Round trip time was 4.92567 milliseconds in repetition 86
tcp_ping received 16384 bytes back
Round trip time was 5.15382 milliseconds in repetition 87
tcp_ping received 16384 bytes back
Round trip time was 5.52912 milliseconds in repetition 88
tcp_ping received 16384 bytes back
Round trip time was 5.67627 milliseconds in repetition 89
tcp_ping received 16384 bytes back
Round trip time was 5.26223 milliseconds in repetition 90
tcp_ping received 16384 bytes back
Round trip time was 4.65265 milliseconds in repetition 91
tcp_ping received 16384 bytes back
Round trip time was 5.42778 milliseconds in repetition 92
tcp_ping received 16384 bytes back
Round trip time was 13.4984 milliseconds in repetition 93
tcp_ping received 16384 bytes back
Round trip time was 5.02377 milliseconds in repetition 94
tcp_ping received 16384 bytes back
Round trip time was 11.0147 milliseconds in repetition 95
tcp_ping received 16384 bytes back
Round trip time was 5.41783 milliseconds in repetition 96
tcp_ping received 16384 bytes back
Round trip time was 5.31739 milliseconds in repetition 97
tcp_ping received 16384 bytes back
Round trip time was 5.75636 milliseconds in repetition 98
tcp_ping received 16384 bytes back
Round trip time was 10.6791 milliseconds in repetition 99
tcp_ping received 16384 bytes back
Round trip time was 5.15381 milliseconds in repetition 100
tcp_ping received 16384 bytes back
Round trip time was 5.83363 milliseconds in repetition 101
tcp_ping received 16384 bytes back
Round trip time was 4.97167 milliseconds in repetition 102
tcp_ping received 16384 bytes back
Round trip time was 14.1096 milliseconds in repetition 103
tcp_ping received 16384 bytes back
Round trip time was 10.8911 milliseconds in repetition 104
tcp_ping received 16384 bytes back
Round trip time was 5.54181 milliseconds in repetition 105
tcp_ping received 16384 bytes back
Round trip time was 6.38425 milliseconds in repetition 106
tcp_ping received 16384 bytes back
Round trip time was 5.63232 milliseconds in repetition 107
tcp_ping received 16384 bytes back
Round trip time was 5.62265 milliseconds in repetition 108
tcp_ping received 16384 bytes back
Round trip time was 10.7081 milliseconds in repetition 109
tcp_ping received 16384 bytes back
Round trip time was 5.68515 milliseconds in repetition 110
tcp_ping received 16384 bytes back
Round trip time was 10.3592 milliseconds in repetition 111
tcp_ping received 16384 bytes back
Round trip time was 14.5799 milliseconds in repetition 112
tcp_ping received 16384 bytes back
Round trip time was 11.4644 milliseconds in repetition 113
tcp_ping received 16384 bytes back
Round trip time was 4.89459 milliseconds in repetition 114
tcp_ping received 16384 bytes back
Round trip time was 11.1506 milliseconds in repetition 115
tcp_ping received 16384 bytes back
Round trip time was 6.36801 milliseconds in repetition 116
tcp_ping received 16384 bytes back
Round trip time was 6.21628 milliseconds in repetition 117
tcp_ping received 16384 bytes back
Round trip time was 9.10129 milliseconds in repetition 118
tcp_ping received 16384 bytes back
Round trip time was 6.49843 milliseconds in repetition 119
tcp_ping received 16384 bytes back
Round trip time was 12.3486 milliseconds in repetition 120
tcp_ping received 16384 bytes back
Round trip time was 9.38682 milliseconds in repetition 121
tcp_ping received 16384 bytes back
Round trip time was 5.04665 milliseconds in repetition 122
tcp_ping received 16384 bytes back
Round trip time was 6.17613 milliseconds in repetition 123
tcp_ping received 16384 bytes back
Round trip time was 5.76912 milliseconds in repetition 124
tcp_ping received 16384 bytes back
Round trip time was 5.25815 milliseconds in repetition 125
tcp_ping received 16384 bytes back
Round trip time was 6.66739 milliseconds in repetition 126
tcp_ping received 16384 bytes back
Round trip time was 5.37765 milliseconds in repetition 127
tcp_ping received 16384 bytes back
Round trip time was 11.0175 milliseconds in repetition 128
tcp_ping received 16384 bytes back
Round trip time was 8.5772 milliseconds in repetition 129
tcp_ping received 16384 bytes back
Round trip time was 7.27021 milliseconds in repetition 130
tcp_ping received 16384 bytes back
Round trip time was 5.13184 milliseconds in repetition 131
tcp_ping received 16384 bytes back
Round trip time was 6.09996 milliseconds in repetition 132
tcp_ping received 16384 bytes back
Round trip time was 5.84026 milliseconds in repetition 133
tcp_ping received 16384 bytes back
Round trip time was 9.89303 milliseconds in repetition 134
tcp_ping received 16384 bytes back
Round trip time was 8.20132 milliseconds in repetition 135
tcp_ping received 16384 bytes back
Round trip time was 6.00017 milliseconds in repetition 136
tcp_ping received 16384 bytes back
Round trip time was 4.90151 milliseconds in repetition 137
tcp_ping received 16384 bytes back
Round trip time was 7.55807 milliseconds in repetition 138
tcp_ping received 16384 bytes back
Round trip time was 5.26663 milliseconds in repetition 139
tcp_ping received 16384 bytes back
Round trip time was 5.13248 milliseconds in repetition 140
tcp_ping received 16384 bytes back
Round trip time was 10.1464 milliseconds in repetition 141
tcp_ping received 16384 bytes back
Round trip time was 8.95961 milliseconds in repetition 142
tcp_ping received 16384 bytes back
Round trip time was 5.16179 milliseconds in repetition 143
tcp_ping received 16384 bytes back
Round trip time was 5.4718 milliseconds in repetition 144
tcp_ping received 16384 bytes back
Round trip time was 8.64435 milliseconds in repetition 145
tcp_ping received 16384 bytes back
Round trip time was 44.5671 milliseconds in repetition 146
tcp_ping received 16384 bytes back
Round trip time was 9.33225 milliseconds in repetition 147
tcp_ping received 16384 bytes back
Round trip time was 7.4363 milliseconds in repetition 148
tcp_ping received 16384 bytes back
Round trip time was 10.387 milliseconds in repetition 149
tcp_ping received 16384 bytes back
Round trip time was 5.4776 milliseconds in repetition 150
tcp_ping received 16384 bytes back
Round trip time was 13.6951 milliseconds in repetition 151
tcp_ping received 16384 bytes back
Round trip time was 5.12614 milliseconds in repetition 152
tcp_ping received 16384 bytes back
Round trip time was 5.05769 milliseconds in repetition 153
tcp_ping received 16384 bytes back
Round trip time was 4.90736 milliseconds in repetition 154
tcp_ping received 16384 bytes back
Round trip time was 5.34069 milliseconds in repetition 155
tcp_ping received 16384 bytes back
Round trip time was 8.22111 milliseconds in repetition 156
tcp_ping received 16384 bytes back
Round trip time was 5.20241 milliseconds in repetition 157
tcp_ping received 16384 bytes back
Round trip time was 5.49715 milliseconds in repetition 158
tcp_ping received 16384 bytes back
Round trip time was 4.77068 milliseconds in repetition 159
tcp_ping received 16384 bytes back
Round trip time was 5.23829 milliseconds in repetition 160
tcp_ping received 16384 bytes back
Round trip time was 5.08784 milliseconds in repetition 161
tcp_ping received 16384 bytes back
Round trip time was 5.62616 milliseconds in repetition 162
tcp_ping received 16384 bytes back
Round trip time was 5.30401 milliseconds in repetition 163
tcp_ping received 16384 bytes back
Round trip time was 4.68622 milliseconds in repetition 164
tcp_ping received 16384 bytes back
Round trip time was 7.97715 milliseconds in repetition 165
tcp_ping received 16384 bytes back
Round trip time was 4.42818 milliseconds in repetition 166
tcp_ping received 16384 bytes back
Round trip time was 4.96655 milliseconds in repetition 167
tcp_ping received 16384 bytes back
Round trip time was 4.78491 milliseconds in repetition 168
tcp_ping received 16384 bytes back
Round trip time was 4.67117 milliseconds in repetition 169
tcp_ping received 16384 bytes back
Round trip time was 6.58835 milliseconds in repetition 170
tcp_ping received 16384 bytes back
Round trip time was 10.4883 milliseconds in repetition 171
tcp_ping received 16384 bytes back
Round trip time was 8.24051 milliseconds in repetition 172
tcp_ping received 16384 bytes back
Round trip time was 5.94632 milliseconds in repetition 173
tcp_ping received 16384 bytes back
Round trip time was 4.81994 milliseconds in repetition 174
tcp_ping received 16384 bytes back
Round trip time was 12.91 milliseconds in repetition 175
tcp_ping received 16384 bytes back
Round trip time was 5.23316 milliseconds in repetition 176
tcp_ping received 16384 bytes back
Round trip time was 5.34196 milliseconds in repetition 177
tcp_ping received 16384 bytes back
Round trip time was 5.96047 milliseconds in repetition 178
tcp_ping received 16384 bytes back
Round trip time was 5.09817 milliseconds in repetition 179
tcp_ping received 16384 bytes back
Round trip time was 4.90974 milliseconds in repetition 180
tcp_ping received 16384 bytes back
Round trip time was 6.47201 milliseconds in repetition 181
tcp_ping received 16384 bytes back
Round trip time was 11.1831 milliseconds in repetition 182
tcp_ping received 16384 bytes back
Round trip time was 5.07965 milliseconds in repetition 183
tcp_ping received 16384 bytes back
Round trip time was 4.357 milliseconds in repetition 184
tcp_ping received 16384 bytes back
Round trip time was 9.4415 milliseconds in repetition 185
tcp_ping received 16384 bytes back
Round trip time was 4.83692 milliseconds in repetition 186
tcp_ping received 16384 bytes back
Round trip time was 5.14008 milliseconds in repetition 187
tcp_ping received 16384 bytes back
Round trip time was 4.78887 milliseconds in repetition 188
tcp_ping received 16384 bytes back
Round trip time was 5.03591 milliseconds in repetition 189
tcp_ping received 16384 bytes back
Round trip time was 5.30948 milliseconds in repetition 190
tcp_ping received 16384 bytes back
Round trip time was 4.85099 milliseconds in repetition 191
tcp_ping received 16384 bytes back
Round trip time was 7.6346 milliseconds in repetition 192
tcp_ping received 16384 bytes back
Round trip time was 5.37984 milliseconds in repetition 193
tcp_ping received 16384 bytes back
Round trip time was 5.27532 milliseconds in repetition 194
tcp_ping received 16384 bytes back
Round trip time was 7.18459 milliseconds in repetition 195
tcp_ping received 16384 bytes back
Round trip time was 5.63398 milliseconds in repetition 196
tcp_ping received 16384 bytes back
Round trip time was 7.72818 milliseconds in repetition 197
tcp_ping received 16384 bytes back
Round trip time was 5.56077 milliseconds in repetition 198
tcp_ping received 16384 bytes back
Round trip time was 5.03607 milliseconds in repetition 199
tcp_ping received 16384 bytes back
Round trip time was 4.84876 milliseconds in repetition 200
tcp_ping received 16384 bytes back
Round trip time was 5.97469 milliseconds in repetition 201
tcp_ping received 16384 bytes back
Round trip time was 4.83541 milliseconds in repetition 202
tcp_ping received 16384 bytes back
Round trip time was 6.70027 milliseconds in repetition 203
tcp_ping received 16384 bytes back
Round trip time was 6.8432 milliseconds in repetition 204
tcp_ping received 16384 bytes back
Round trip time was 4.96171 milliseconds in repetition 205
tcp_ping received 16384 bytes back
Round trip time was 4.76991 milliseconds in repetition 206
tcp_ping received 16384 bytes back
Round trip time was 4.57749 milliseconds in repetition 207
tcp_ping received 16384 bytes back
Round trip time was 5.0059 milliseconds in repetition 208
tcp_ping received 16384 bytes back
Round trip time was 11.9146 milliseconds in repetition 209
tcp_ping received 16384 bytes back
Round trip time was 7.74611 milliseconds in repetition 210
tcp_ping received 16384 bytes back
Round trip time was 5.05708 milliseconds in repetition 211
tcp_ping received 16384 bytes back
Round trip time was 11.2874 milliseconds in repetition 212
tcp_ping received 16384 bytes back
Round trip time was 5.76473 milliseconds in repetition 213
tcp_ping received 16384 bytes back
Round trip time was 5.3617 milliseconds in repetition 214
tcp_ping received 16384 bytes back
Round trip time was 9.98144 milliseconds in repetition 215
tcp_ping received 16384 bytes back
Round trip time was 5.96234 milliseconds in repetition 216
tcp_ping received 16384 bytes back
Round trip time was 11.928 milliseconds in repetition 217
tcp_ping received 16384 bytes back
Round trip time was 11.9366 milliseconds in repetition 218
tcp_ping received 16384 bytes back
Round trip time was 5.22177 milliseconds in repetition 219
tcp_ping received 16384 bytes back
Round trip time was 6.11996 milliseconds in repetition 220
tcp_ping received 16384 bytes back
Round trip time was 5.35618 milliseconds in repetition 221
tcp_ping received 16384 bytes back
Round trip time was 4.93599 milliseconds in repetition 222
tcp_ping received 16384 bytes back
Round trip time was 5.38021 milliseconds in repetition 223
tcp_ping received 16384 bytes back
Round trip time was 5.65496 milliseconds in repetition 224
tcp_ping received 16384 bytes back
Round trip time was 6.06755 milliseconds in repetition 225
tcp_ping received 16384 bytes back
Round trip time was 5.67762 milliseconds in repetition 226
tcp_ping received 16384 bytes back
Round trip time was 4.7371 milliseconds in repetition 227
tcp_ping received 16384 bytes back
Round trip time was 10.076 milliseconds in repetition 228
tcp_ping received 16384 bytes back
Round trip time was 8.00144 milliseconds in repetition 229
tcp_ping received 16384 bytes back
Round trip time was 5.22345 milliseconds in repetition 230
tcp_ping received 16384 bytes back
Round trip time was 11.3565 milliseconds in repetition 231
tcp_ping received 16384 bytes back
Round trip time was 5.4922 milliseconds in repetition 232
tcp_ping received 16384 bytes back
Round trip time was 5.09278 milliseconds in repetition 233
tcp_ping received 16384 bytes back
Round trip time was 9.05993 milliseconds in repetition 234
tcp_ping received 16384 bytes back
Round trip time was 5.04034 milliseconds in repetition 235
tcp_ping received 16384 bytes back
Round trip time was 5.57479 milliseconds in repetition 236
tcp_ping received 16384 bytes back
Round trip time was 13.2113 milliseconds in repetition 237
tcp_ping received 16384 bytes back
Round trip time was 4.9927 milliseconds in repetition 238
tcp_ping received 16384 bytes back
Round trip time was 15.6194 milliseconds in repetition 239
tcp_ping received 16384 bytes back
Round trip time was 5.08384 milliseconds in repetition 240
tcp_ping received 16384 bytes back
Round trip time was 8.33835 milliseconds in repetition 241
tcp_ping received 16384 bytes back
Round trip time was 9.15659 milliseconds in repetition 242
tcp_ping received 16384 bytes back
Round trip time was 5.01782 milliseconds in repetition 243
tcp_ping received 16384 bytes back
Round trip time was 9.45425 milliseconds in repetition 244
tcp_ping received 16384 bytes back
Round trip time was 5.85157 milliseconds in repetition 245
tcp_ping received 16384 bytes back
Round trip time was 6.06682 milliseconds in repetition 246
tcp_ping received 16384 bytes back
Round trip time was 4.99908 milliseconds in repetition 247
tcp_ping received 16384 bytes back
Round trip time was 6.11256 milliseconds in repetition 248
tcp_ping received 16384 bytes back
Round trip time was 5.17949 milliseconds in repetition 249
tcp_ping received 16384 bytes back
Round trip time was 19.8343 milliseconds in repetition 250
tcp_ping received 16384 bytes back
Round trip time was 8.26852 milliseconds in repetition 251
tcp_ping received 16384 bytes back
Round trip time was 5.48053 milliseconds in repetition 252
tcp_ping received 16384 bytes back
Round trip time was 5.57388 milliseconds in repetition 253
tcp_ping received 16384 bytes back
Round trip time was 4.71535 milliseconds in repetition 254
tcp_ping received 16384 bytes back
Round trip time was 9.92798 milliseconds in repetition 255
tcp_ping received 16384 bytes back
Round trip time was 5.15011 milliseconds in repetition 256
tcp_ping received 16384 bytes back
Round trip time was 6.49685 milliseconds in repetition 257
tcp_ping received 16384 bytes back
Round trip time was 7.16689 milliseconds in repetition 258
tcp_ping received 16384 bytes back
Round trip time was 7.0774 milliseconds in repetition 259
tcp_ping received 16384 bytes back
Round trip time was 11.7727 milliseconds in repetition 260
tcp_ping received 16384 bytes back
Round trip time was 5.64399 milliseconds in repetition 261
tcp_ping received 16384 bytes back
Round trip time was 5.57938 milliseconds in repetition 262
tcp_ping received 16384 bytes back
Round trip time was 4.59589 milliseconds in repetition 263
tcp_ping received 16384 bytes back
Round trip time was 6.26051 milliseconds in repetition 264
tcp_ping received 16384 bytes back
Round trip time was 5.60011 milliseconds in repetition 265
tcp_ping received 16384 bytes back
Round trip time was 9.21267 milliseconds in repetition 266
tcp_ping received 16384 bytes back
Round trip time was 6.67077 milliseconds in repetition 267
tcp_ping received 16384 bytes back
Round trip time was 8.55654 milliseconds in repetition 268
tcp_ping received 16384 bytes back
Round trip time was 11.0464 milliseconds in repetition 269
tcp_ping received 16384 bytes back
Round trip time was 4.85792 milliseconds in repetition 270
tcp_ping received 16384 bytes back
Round trip time was 6.26807 milliseconds in repetition 271
tcp_ping received 16384 bytes back
Round trip time was 5.7133 milliseconds in repetition 272
tcp_ping received 16384 bytes back
Round trip time was 10.3616 milliseconds in repetition 273
tcp_ping received 16384 bytes back
Round trip time was 4.59673 milliseconds in repetition 274
tcp_ping received 16384 bytes back
Round trip time was 6.77331 milliseconds in repetition 275
tcp_ping received 16384 bytes back
Round trip time was 5.8878 milliseconds in repetition 276
tcp_ping received 16384 bytes back
Round trip time was 8.21867 milliseconds in repetition 277
tcp_ping received 16384 bytes back
Round trip time was 5.52915 milliseconds in repetition 278
tcp_ping received 16384 bytes back
Round trip time was 11.7474 milliseconds in repetition 279
tcp_ping received 16384 bytes back
Round trip time was 6.2494 milliseconds in repetition 280
tcp_ping received 16384 bytes back
Round trip time was 18.2832 milliseconds in repetition 281
tcp_ping received 16384 bytes back
Round trip time was 5.46502 milliseconds in repetition 282
tcp_ping received 16384 bytes back
Round trip time was 5.09819 milliseconds in repetition 283
tcp_ping received 16384 bytes back
Round trip time was 4.5521 milliseconds in repetition 284
tcp_ping received 16384 bytes back
Round trip time was 5.27748 milliseconds in repetition 285
tcp_ping received 16384 bytes back
Round trip time was 9.69457 milliseconds in repetition 286
tcp_ping received 16384 bytes back
Round trip time was 10.2273 milliseconds in repetition 287
tcp_ping received 16384 bytes back
Round trip time was 4.76126 milliseconds in repetition 288
tcp_ping received 16384 bytes back
Round trip time was 4.95685 milliseconds in repetition 289
tcp_ping received 16384 bytes back
Round trip time was 8.96537 milliseconds in repetition 290
tcp_ping received 16384 bytes back
Round trip time was 5.80804 milliseconds in repetition 291
tcp_ping received 16384 bytes back
Round trip time was 4.77308 milliseconds in repetition 292
tcp_ping received 16384 bytes back
Round trip time was 10.3884 milliseconds in repetition 293
tcp_ping received 16384 bytes back
Round trip time was 5.22949 milliseconds in repetition 294
tcp_ping received 16384 bytes back
Round trip time was 4.78545 milliseconds in repetition 295
tcp_ping received 16384 bytes back
Round trip time was 6.09743 milliseconds in repetition 296
tcp_ping received 16384 bytes back
Round trip time was 5.10058 milliseconds in repetition 297
tcp_ping received 16384 bytes back
Round trip time was 7.19065 milliseconds in repetition 298
tcp_ping received 16384 bytes back
Round trip time was 5.06613 milliseconds in repetition 299
tcp_ping received 16384 bytes back
Round trip time was 5.24026 milliseconds in repetition 300
tcp_ping received 16384 bytes back
Round trip time was 41.8155 milliseconds in repetition 301
tcp_ping received 16384 bytes back
Round trip time was 4.82923 milliseconds in repetition 302
tcp_ping received 16384 bytes back
Round trip time was 5.0088 milliseconds in repetition 303
tcp_ping received 16384 bytes back
Round trip time was 4.89123 milliseconds in repetition 304
tcp_ping received 16384 bytes back
Round trip time was 5.28835 milliseconds in repetition 305
tcp_ping received 16384 bytes back
Round trip time was 5.26061 milliseconds in repetition 306
tcp_ping received 16384 bytes back
Round trip time was 7.65518 milliseconds in repetition 307
tcp_ping received 16384 bytes back
Round trip time was 12.0809 milliseconds in repetition 308
tcp_ping received 16384 bytes back
Round trip time was 5.73271 milliseconds in repetition 309
tcp_ping received 16384 bytes back
Round trip time was 4.85589 milliseconds in repetition 310
tcp_ping received 16384 bytes back
Round trip time was 43.2567 milliseconds in repetition 311
tcp_ping received 16384 bytes back
Round trip time was 5.3651 milliseconds in repetition 312
tcp_ping received 16384 bytes back
Round trip time was 4.58302 milliseconds in repetition 313
tcp_ping received 16384 bytes back
Round trip time was 8.76597 milliseconds in repetition 314
tcp_ping received 16384 bytes back
Round trip time was 11.9249 milliseconds in repetition 315
tcp_ping received 16384 bytes back
Round trip time was 5.17554 milliseconds in repetition 316
tcp_ping received 16384 bytes back
Round trip time was 18.5352 milliseconds in repetition 317
tcp_ping received 16384 bytes back
Round trip time was 44.2426 milliseconds in repetition 318
tcp_ping received 16384 bytes back
Round trip time was 7.59959 milliseconds in repetition 319
tcp_ping received 16384 bytes back
Round trip time was 5.74581 milliseconds in repetition 320
tcp_ping received 16384 bytes back
Round trip time was 6.26574 milliseconds in repetition 321
tcp_ping received 16384 bytes back
Round trip time was 7.71384 milliseconds in repetition 322
tcp_ping received 16384 bytes back
Round trip time was 5.06236 milliseconds in repetition 323
tcp_ping received 16384 bytes back
Round trip time was 8.4146 milliseconds in repetition 324
tcp_ping received 16384 bytes back
Round trip time was 4.81089 milliseconds in repetition 325
tcp_ping received 16384 bytes back
Round trip time was 6.41382 milliseconds in repetition 326
tcp_ping received 16384 bytes back
Round trip time was 10.4559 milliseconds in repetition 327
tcp_ping received 16384 bytes back
Round trip time was 6.15406 milliseconds in repetition 328
tcp_ping received 16384 bytes back
Round trip time was 9.31031 milliseconds in repetition 329
tcp_ping received 16384 bytes back
Round trip time was 4.87601 milliseconds in repetition 330
tcp_ping received 16384 bytes back
Round trip time was 8.75208 milliseconds in repetition 331
tcp_ping received 16384 bytes back
Round trip time was 8.42818 milliseconds in repetition 332
tcp_ping received 16384 bytes back
Round trip time was 4.99728 milliseconds in repetition 333
tcp_ping received 16384 bytes back
Round trip time was 6.42406 milliseconds in repetition 334
tcp_ping received 16384 bytes back
Round trip time was 4.68147 milliseconds in repetition 335
tcp_ping received 16384 bytes back
Round trip time was 8.70762 milliseconds in repetition 336
tcp_ping received 16384 bytes back
Round trip time was 5.6403 milliseconds in repetition 337
tcp_ping received 16384 bytes back
Round trip time was 15.9326 milliseconds in repetition 338
tcp_ping received 16384 bytes back
Round trip time was 5.13002 milliseconds in repetition 339
tcp_ping received 16384 bytes back
Round trip time was 9.04539 milliseconds in repetition 340
tcp_ping received 16384 bytes back
Round trip time was 7.05525 milliseconds in repetition 341
tcp_ping received 16384 bytes back
Round trip time was 4.09337 milliseconds in repetition 342
tcp_ping received 16384 bytes back
Round trip time was 6.64384 milliseconds in repetition 343
tcp_ping received 16384 bytes back
Round trip time was 14.0353 milliseconds in repetition 344
tcp_ping received 16384 bytes back
Round trip time was 5.79155 milliseconds in repetition 345
tcp_ping received 16384 bytes back
Round trip time was 4.72902 milliseconds in repetition 346
tcp_ping received 16384 bytes back
Round trip time was 6.09037 milliseconds in repetition 347
tcp_ping received 16384 bytes back
Round trip time was 5.78053 milliseconds in repetition 348
tcp_ping received 16384 bytes back
Round trip time was 10.3088 milliseconds in repetition 349
tcp_ping received 16384 bytes back
Round trip time was 9.50361 milliseconds in repetition 350
tcp_ping received 16384 bytes back
Round trip time was 5.74395 milliseconds in repetition 351
tcp_ping received 16384 bytes back
Round trip time was 6.56581 milliseconds in repetition 352
tcp_ping received 16384 bytes back
Round trip time was 5.38153 milliseconds in repetition 353
tcp_ping received 16384 bytes back
Round trip time was 5.97755 milliseconds in repetition 354
tcp_ping received 16384 bytes back
Round trip time was 8.35003 milliseconds in repetition 355
tcp_ping received 16384 bytes back
Round trip time was 11.4085 milliseconds in repetition 356
tcp_ping received 16384 bytes back
Round trip time was 17.3332 milliseconds in repetition 357
tcp_ping received 16384 bytes back
Round trip time was 10.7138 milliseconds in repetition 358
tcp_ping received 16384 bytes back
Round trip time was 4.65784 milliseconds in repetition 359
tcp_ping received 16384 bytes back
Round trip time was 6.08024 milliseconds in repetition 360
tcp_ping received 16384 bytes back
Round trip time was 4.38239 milliseconds in repetition 361
tcp_ping received 16384 bytes back
Round trip time was 4.95192 milliseconds in repetition 362
tcp_ping received 16384 bytes back
Round trip time was 4.71899 milliseconds in repetition 363
tcp_ping received 16384 bytes back
Round trip time was 5.59326 milliseconds in repetition 364
tcp_ping received 16384 bytes back
Round trip time was 5.28189 milliseconds in repetition 365
tcp_ping received 16384 bytes back
Round trip time was 5.16252 milliseconds in repetition 366
tcp_ping received 16384 bytes back
Round trip time was 6.6795 milliseconds in repetition 367
tcp_ping received 16384 bytes back
Round trip time was 7.05499 milliseconds in repetition 368
tcp_ping received 16384 bytes back
Round trip time was 5.28962 milliseconds in repetition 369
tcp_ping received 16384 bytes back
Round trip time was 8.26219 milliseconds in repetition 370
tcp_ping received 16384 bytes back
Round trip time was 9.74935 milliseconds in repetition 371
tcp_ping received 16384 bytes back
Round trip time was 6.76627 milliseconds in repetition 372
tcp_ping received 16384 bytes back
Round trip time was 6.45033 milliseconds in repetition 373
tcp_ping received 16384 bytes back
Round trip time was 8.28043 milliseconds in repetition 374
tcp_ping received 16384 bytes back
Round trip time was 5.61949 milliseconds in repetition 375
tcp_ping received 16384 bytes back
Round trip time was 13.1722 milliseconds in repetition 376
tcp_ping received 16384 bytes back
Round trip time was 6.77872 milliseconds in repetition 377
tcp_ping received 16384 bytes back
Round trip time was 12.1935 milliseconds in repetition 378
tcp_ping received 16384 bytes back
Round trip time was 5.00002 milliseconds in repetition 379
tcp_ping received 16384 bytes back
Round trip time was 10.3559 milliseconds in repetition 380
tcp_ping received 16384 bytes back
Round trip time was 6.31545 milliseconds in repetition 381
tcp_ping received 16384 bytes back
Round trip time was 6.48569 milliseconds in repetition 382
tcp_ping received 16384 bytes back
Round trip time was 13.0061 milliseconds in repetition 383
tcp_ping received 16384 bytes back
Round trip time was 7.91444 milliseconds in repetition 384
tcp_ping received 16384 bytes back
Round trip time was 4.48525 milliseconds in repetition 385
tcp_ping received 16384 bytes back
Round trip time was 4.98465 milliseconds in repetition 386
tcp_ping received 16384 bytes back
Round trip time was 11.1012 milliseconds in repetition 387
tcp_ping received 16384 bytes back
Round trip time was 5.44312 milliseconds in repetition 388
tcp_ping received 16384 bytes back
Round trip time was 4.82306 milliseconds in repetition 389
tcp_ping received 16384 bytes back
Round trip time was 4.67356 milliseconds in repetition 390
tcp_ping received 16384 bytes back
Round trip time was 4.12503 milliseconds in repetition 391
tcp_ping received 16384 bytes back
Round trip time was 5.42189 milliseconds in repetition 392
tcp_ping received 16384 bytes back
Round trip time was 4.91971 milliseconds in repetition 393
tcp_ping received 16384 bytes back
Round trip time was 4.45602 milliseconds in repetition 394
tcp_ping received 16384 bytes back
Round trip time was 6.0637 milliseconds in repetition 395
tcp_ping received 16384 bytes back
Round trip time was 8.38429 milliseconds in repetition 396
tcp_ping received 16384 bytes back
Round trip time was 5.39036 milliseconds in repetition 397
tcp_ping received 16384 bytes back
Round trip time was 5.69765 milliseconds in repetition 398
tcp_ping received 16384 bytes back
Round trip time was 7.14049 milliseconds in repetition 399
tcp_ping received 16384 bytes back
Round trip time was 11.2909 milliseconds in repetition 400
tcp_ping received 16384 bytes back
Round trip time was 4.73431 milliseconds in repetition 401
tcp_ping received 16384 bytes back
Round trip time was 6.03266 milliseconds in repetition 402
tcp_ping received 16384 bytes back
Round trip time was 6.56672 milliseconds in repetition 403
tcp_ping received 16384 bytes back
Round trip time was 4.77642 milliseconds in repetition 404
tcp_ping received 16384 bytes back
Round trip time was 4.96131 milliseconds in repetition 405
tcp_ping received 16384 bytes back
Round trip time was 4.89232 milliseconds in repetition 406
tcp_ping received 16384 bytes back
Round trip time was 5.46285 milliseconds in repetition 407
tcp_ping received 16384 bytes back
Round trip time was 5.59594 milliseconds in repetition 408
tcp_ping received 16384 bytes back
Round trip time was 4.78906 milliseconds in repetition 409
tcp_ping received 16384 bytes back
Round trip time was 5.22534 milliseconds in repetition 410
tcp_ping received 16384 bytes back
Round trip time was 5.97399 milliseconds in repetition 411
tcp_ping received 16384 bytes back
Round trip time was 5.15763 milliseconds in repetition 412
tcp_ping received 16384 bytes back
Round trip time was 18.9528 milliseconds in repetition 413
tcp_ping received 16384 bytes back
Round trip time was 4.28661 milliseconds in repetition 414
tcp_ping received 16384 bytes back
Round trip time was 45.2433 milliseconds in repetition 415
tcp_ping received 16384 bytes back
Round trip time was 6.26228 milliseconds in repetition 416
tcp_ping received 16384 bytes back
Round trip time was 7.86132 milliseconds in repetition 417
tcp_ping received 16384 bytes back
Round trip time was 6.57131 milliseconds in repetition 418
tcp_ping received 16384 bytes back
Round trip time was 4.94992 milliseconds in repetition 419
tcp_ping received 16384 bytes back
Round trip time was 12.8045 milliseconds in repetition 420
tcp_ping received 16384 bytes back
Round trip time was 5.58795 milliseconds in repetition 421
tcp_ping received 16384 bytes back
Round trip time was 4.70031 milliseconds in repetition 422
tcp_ping received 16384 bytes back
Round trip time was 4.62352 milliseconds in repetition 423
tcp_ping received 16384 bytes back
Round trip time was 4.67328 milliseconds in repetition 424
tcp_ping received 16384 bytes back
Round trip time was 11.3878 milliseconds in repetition 425
tcp_ping received 16384 bytes back
Round trip time was 5.26134 milliseconds in repetition 426
tcp_ping received 16384 bytes back
Round trip time was 6.12078 milliseconds in repetition 427
tcp_ping received 16384 bytes back
Round trip time was 12.5042 milliseconds in repetition 428
tcp_ping received 16384 bytes back
Round trip time was 14.327 milliseconds in repetition 429
tcp_ping received 16384 bytes back
Round trip time was 5.98779 milliseconds in repetition 430
tcp_ping received 16384 bytes back
Round trip time was 4.59438 milliseconds in repetition 431
tcp_ping received 16384 bytes back
Round trip time was 4.74334 milliseconds in repetition 432
tcp_ping received 16384 bytes back
Round trip time was 6.79062 milliseconds in repetition 433
tcp_ping received 16384 bytes back
Round trip time was 4.74477 milliseconds in repetition 434
tcp_ping received 16384 bytes back
Round trip time was 4.85753 milliseconds in repetition 435
tcp_ping received 16384 bytes back
Round trip time was 5.90418 milliseconds in repetition 436
tcp_ping received 16384 bytes back
Round trip time was 5.14706 milliseconds in repetition 437
tcp_ping received 16384 bytes back
Round trip time was 4.84784 milliseconds in repetition 438
tcp_ping received 16384 bytes back
Round trip time was 6.05807 milliseconds in repetition 439
tcp_ping received 16384 bytes back
Round trip time was 5.01743 milliseconds in repetition 440
tcp_ping received 16384 bytes back
Round trip time was 5.15318 milliseconds in repetition 441
tcp_ping received 16384 bytes back
Round trip time was 5.3039 milliseconds in repetition 442
tcp_ping received 16384 bytes back
Round trip time was 9.51824 milliseconds in repetition 443
tcp_ping received 16384 bytes back
Round trip time was 5.80142 milliseconds in repetition 444
tcp_ping received 16384 bytes back
Round trip time was 5.67964 milliseconds in repetition 445
tcp_ping received 16384 bytes back
Round trip time was 9.95248 milliseconds in repetition 446
tcp_ping received 16384 bytes back
Round trip time was 4.7224 milliseconds in repetition 447
tcp_ping received 16384 bytes back
Round trip time was 7.17221 milliseconds in repetition 448
tcp_ping received 16384 bytes back
Round trip time was 4.94138 milliseconds in repetition 449
tcp_ping received 16384 bytes back
Round trip time was 5.26 milliseconds in repetition 450
tcp_ping received 16384 bytes back
Round trip time was 4.6079 milliseconds in repetition 451
tcp_ping received 16384 bytes back
Round trip time was 4.92255 milliseconds in repetition 452
tcp_ping received 16384 bytes back
Round trip time was 11.8304 milliseconds in repetition 453
tcp_ping received 16384 bytes back
Round trip time was 5.35896 milliseconds in repetition 454
tcp_ping received 16384 bytes back
Round trip time was 6.6465 milliseconds in repetition 455
tcp_ping received 16384 bytes back
Round trip time was 10.8163 milliseconds in repetition 456
tcp_ping received 16384 bytes back
Round trip time was 5.12503 milliseconds in repetition 457
tcp_ping received 16384 bytes back
Round trip time was 14.8696 milliseconds in repetition 458
tcp_ping received 16384 bytes back
Round trip time was 4.71289 milliseconds in repetition 459
tcp_ping received 16384 bytes back
Round trip time was 11.9311 milliseconds in repetition 460
tcp_ping received 16384 bytes back
Round trip time was 5.18636 milliseconds in repetition 461
tcp_ping received 16384 bytes back
Round trip time was 4.34107 milliseconds in repetition 462
tcp_ping received 16384 bytes back
Round trip time was 4.84452 milliseconds in repetition 463
tcp_ping received 16384 bytes back
Round trip time was 4.67692 milliseconds in repetition 464
tcp_ping received 16384 bytes back
Round trip time was 45.4389 milliseconds in repetition 465
tcp_ping received 16384 bytes back
Round trip time was 4.52795 milliseconds in repetition 466
tcp_ping received 16384 bytes back
Round trip time was 6.30706 milliseconds in repetition 467
tcp_ping received 16384 bytes back
Round trip time was 8.37042 milliseconds in repetition 468
tcp_ping received 16384 bytes back
Round trip time was 10.0572 milliseconds in repetition 469
tcp_ping received 16384 bytes back
Round trip time was 6.1659 milliseconds in repetition 470
tcp_ping received 16384 bytes back
Round trip time was 4.73769 milliseconds in repetition 471
tcp_ping received 16384 bytes back
Round trip time was 4.91468 milliseconds in repetition 472
tcp_ping received 16384 bytes back
Round trip time was 12.0525 milliseconds in repetition 473
tcp_ping received 16384 bytes back
Round trip time was 5.50916 milliseconds in repetition 474
tcp_ping received 16384 bytes back
Round trip time was 5.23095 milliseconds in repetition 475
tcp_ping received 16384 bytes back
Round trip time was 4.6654 milliseconds in repetition 476
tcp_ping received 16384 bytes back
Round trip time was 9.61426 milliseconds in repetition 477
tcp_ping received 16384 bytes back
Round trip time was 7.15979 milliseconds in repetition 478
tcp_ping received 16384 bytes back
Round trip time was 5.4677 milliseconds in repetition 479
tcp_ping received 16384 bytes back
Round trip time was 7.55266 milliseconds in repetition 480
tcp_ping received 16384 bytes back
Round trip time was 5.85504 milliseconds in repetition 481
tcp_ping received 16384 bytes back
Round trip time was 5.7333 milliseconds in repetition 482
tcp_ping received 16384 bytes back
Round trip time was 5.58303 milliseconds in repetition 483
tcp_ping received 16384 bytes back
Round trip time was 18.9364 milliseconds in repetition 484
tcp_ping received 16384 bytes back
Round trip time was 4.54871 milliseconds in repetition 485
tcp_ping received 16384 bytes back
Round trip time was 9.36624 milliseconds in repetition 486
tcp_ping received 16384 bytes back
Round trip time was 9.80562 milliseconds in repetition 487
tcp_ping received 16384 bytes back
Round trip time was 4.95982 milliseconds in repetition 488
tcp_ping received 16384 bytes back
Round trip time was 12.4476 milliseconds in repetition 489
tcp_ping received 16384 bytes back
Round trip time was 4.29666 milliseconds in repetition 490
tcp_ping received 16384 bytes back
Round trip time was 4.98929 milliseconds in repetition 491
tcp_ping received 16384 bytes back
Round trip time was 4.92025 milliseconds in repetition 492
tcp_ping received 16384 bytes back
Round trip time was 4.59056 milliseconds in repetition 493
tcp_ping received 16384 bytes back
Round trip time was 4.43082 milliseconds in repetition 494
tcp_ping received 16384 bytes back
Round trip time was 4.60014 milliseconds in repetition 495
tcp_ping received 16384 bytes back
Round trip time was 7.08581 milliseconds in repetition 496
tcp_ping received 16384 bytes back
Round trip time was 4.89 milliseconds in repetition 497
tcp_ping received 16384 bytes back
Round trip time was 14.206 milliseconds in repetition 498
tcp_ping received 16384 bytes back
Round trip time was 4.90569 milliseconds in repetition 499
tcp_ping received 16384 bytes back
Round trip time was 5.27759 milliseconds in repetition 500
tcp_ping received 16384 bytes back
Round trip time was 7.26553 milliseconds in repetition 501

 ... clock resolution was 1e-06
TCP Ping:  Statistics over 501 repetitions of 16384 byte messages

RTT : percentile 10: 4.78545, median: 5.83363, percentile 90: 11.3878, average: 7.53773, variance: 26.9724

RTT histogram:
4.09337 124
4.12503 221
4.28661 51
4.29666 53
4.34107 28
4.357 8
4.38239 4
4.42818 4
4.43082 1
4.45602 0
4.48525 0
4.52795 0
4.54871 0
4.5521 0
4.57749 0
4.58302 0
4.59056 0
4.59438 0
4.59589 1
4.59673 2
4.59822 4

   median Throughput : 5617.08 KB/s   overall Throughput : 4347.2 KB/s

