UDP Ping trying to connect to server 127.0.0.1 (127.0.0.1) on TCP port 2000
 ... connected to Pong server: asking for 151 repetitions of 768 _bytes UDP messages
answer: OK 62831
 ... Pong server agreed to ping-pong using port 62831 :-)
Round trip time was  0.162 milliseconds in repetition 1
Round trip time was  0.131 milliseconds in repetition 2
Round trip time was  0.122 milliseconds in repetition 3
Round trip time was  0.121 milliseconds in repetition 4
Round trip time was  0.170 milliseconds in repetition 5
Round trip time was  0.098 milliseconds in repetition 6
Round trip time was  0.086 milliseconds in repetition 7
Round trip time was  0.087 milliseconds in repetition 8
Round trip time was  0.100 milliseconds in repetition 9
Round trip time was  0.108 milliseconds in repetition 10
Round trip time was  0.101 milliseconds in repetition 11
Round trip time was  0.100 milliseconds in repetition 12
Round trip time was  0.099 milliseconds in repetition 13
Round trip time was  0.092 milliseconds in repetition 14
Round trip time was  0.095 milliseconds in repetition 15
Round trip time was  0.104 milliseconds in repetition 16
Round trip time was  0.092 milliseconds in repetition 17
Round trip time was  0.092 milliseconds in repetition 18
Round trip time was  0.102 milliseconds in repetition 19
Round trip time was  0.101 milliseconds in repetition 20
Round trip time was  0.092 milliseconds in repetition 21
Round trip time was  0.109 milliseconds in repetition 22
Round trip time was  0.102 milliseconds in repetition 23
Round trip time was  0.093 milliseconds in repetition 24
Round trip time was  0.092 milliseconds in repetition 25
Round trip time was  0.095 milliseconds in repetition 26
Round trip time was  0.092 milliseconds in repetition 27
Round trip time was  0.094 milliseconds in repetition 28
Round trip time was  0.092 milliseconds in repetition 29
Round trip time was  0.088 milliseconds in repetition 30
Round trip time was  0.086 milliseconds in repetition 31
Round trip time was  0.085 milliseconds in repetition 32
Round trip time was  0.085 milliseconds in repetition 33
Round trip time was  0.085 milliseconds in repetition 34
Round trip time was  0.113 milliseconds in repetition 35
Round trip time was  0.086 milliseconds in repetition 36
Round trip time was  0.086 milliseconds in repetition 37
Round trip time was  0.088 milliseconds in repetition 38
Round trip time was  0.097 milliseconds in repetition 39
Round trip time was  0.133 milliseconds in repetition 40
Round trip time was  0.105 milliseconds in repetition 41
Round trip time was  0.104 milliseconds in repetition 42
Round trip time was  0.100 milliseconds in repetition 43
Round trip time was  0.105 milliseconds in repetition 44
Round trip time was  0.110 milliseconds in repetition 45
Round trip time was  0.118 milliseconds in repetition 46
Round trip time was  0.102 milliseconds in repetition 47
Round trip time was  0.106 milliseconds in repetition 48
Round trip time was  0.111 milliseconds in repetition 49
Round trip time was  0.118 milliseconds in repetition 50
Round trip time was  0.103 milliseconds in repetition 51
Round trip time was  0.112 milliseconds in repetition 52
Round trip time was  0.101 milliseconds in repetition 53
Round trip time was  0.094 milliseconds in repetition 54
Round trip time was  0.092 milliseconds in repetition 55
Round trip time was  0.097 milliseconds in repetition 56
Round trip time was  0.095 milliseconds in repetition 57
Round trip time was  0.102 milliseconds in repetition 58
Round trip time was  0.103 milliseconds in repetition 59
Round trip time was  0.099 milliseconds in repetition 60
Round trip time was  0.103 milliseconds in repetition 61
Round trip time was  0.117 milliseconds in repetition 62
Round trip time was  0.107 milliseconds in repetition 63
Round trip time was  0.116 milliseconds in repetition 64
Round trip time was  0.098 milliseconds in repetition 65
Round trip time was  0.110 milliseconds in repetition 66
Round trip time was  0.105 milliseconds in repetition 67
Round trip time was  0.110 milliseconds in repetition 68
Round trip time was  0.106 milliseconds in repetition 69
Round trip time was  0.095 milliseconds in repetition 70
Round trip time was  0.091 milliseconds in repetition 71
Round trip time was  0.154 milliseconds in repetition 72
Round trip time was  0.104 milliseconds in repetition 73
Round trip time was  0.098 milliseconds in repetition 74
Round trip time was  0.094 milliseconds in repetition 75
Round trip time was  0.094 milliseconds in repetition 76
Round trip time was  0.093 milliseconds in repetition 77
Round trip time was  0.085 milliseconds in repetition 78
Round trip time was  0.085 milliseconds in repetition 79
Round trip time was  0.086 milliseconds in repetition 80
Round trip time was  0.085 milliseconds in repetition 81
Round trip time was  0.084 milliseconds in repetition 82
Round trip time was  0.085 milliseconds in repetition 83
Round trip time was  0.085 milliseconds in repetition 84
Round trip time was  0.085 milliseconds in repetition 85
Round trip time was  0.085 milliseconds in repetition 86
Round trip time was  0.084 milliseconds in repetition 87
Round trip time was  0.085 milliseconds in repetition 88
Round trip time was  0.085 milliseconds in repetition 89
Round trip time was  0.084 milliseconds in repetition 90
Round trip time was  0.085 milliseconds in repetition 91
Round trip time was  0.085 milliseconds in repetition 92
Round trip time was  0.084 milliseconds in repetition 93
Round trip time was  0.084 milliseconds in repetition 94
Round trip time was  0.084 milliseconds in repetition 95
Round trip time was  0.084 milliseconds in repetition 96
Round trip time was  0.084 milliseconds in repetition 97
Round trip time was  0.085 milliseconds in repetition 98
Round trip time was  0.085 milliseconds in repetition 99
Round trip time was  0.086 milliseconds in repetition 100
Round trip time was  0.085 milliseconds in repetition 101
Round trip time was  0.085 milliseconds in repetition 102
Round trip time was  0.085 milliseconds in repetition 103
Round trip time was  0.085 milliseconds in repetition 104
Round trip time was  0.085 milliseconds in repetition 105
Round trip time was  0.084 milliseconds in repetition 106
Round trip time was  0.084 milliseconds in repetition 107
Round trip time was  0.085 milliseconds in repetition 108
Round trip time was  0.084 milliseconds in repetition 109
Round trip time was  0.085 milliseconds in repetition 110
Round trip time was  0.084 milliseconds in repetition 111
Round trip time was  0.084 milliseconds in repetition 112
Round trip time was  0.084 milliseconds in repetition 113
Round trip time was  0.084 milliseconds in repetition 114
Round trip time was  0.084 milliseconds in repetition 115
Round trip time was  0.084 milliseconds in repetition 116
Round trip time was  0.095 milliseconds in repetition 117
Round trip time was  0.087 milliseconds in repetition 118
Round trip time was  0.085 milliseconds in repetition 119
Round trip time was  0.085 milliseconds in repetition 120
Round trip time was  0.085 milliseconds in repetition 121
Round trip time was  0.084 milliseconds in repetition 122
Round trip time was  0.085 milliseconds in repetition 123
Round trip time was  0.084 milliseconds in repetition 124
Round trip time was  0.084 milliseconds in repetition 125
Round trip time was  0.085 milliseconds in repetition 126
Round trip time was  0.084 milliseconds in repetition 127
Round trip time was  0.084 milliseconds in repetition 128
Round trip time was  0.084 milliseconds in repetition 129
Round trip time was  0.085 milliseconds in repetition 130
Round trip time was  0.090 milliseconds in repetition 131
Round trip time was  0.085 milliseconds in repetition 132
Round trip time was  0.085 milliseconds in repetition 133
Round trip time was  0.084 milliseconds in repetition 134
Round trip time was  0.085 milliseconds in repetition 135
Round trip time was  0.084 milliseconds in repetition 136
Round trip time was  0.084 milliseconds in repetition 137
Round trip time was  0.085 milliseconds in repetition 138
Round trip time was  0.085 milliseconds in repetition 139
Round trip time was  0.084 milliseconds in repetition 140
Round trip time was  0.085 milliseconds in repetition 141
Round trip time was  0.084 milliseconds in repetition 142
Round trip time was  0.084 milliseconds in repetition 143
Round trip time was  0.085 milliseconds in repetition 144
Round trip time was  0.084 milliseconds in repetition 145
Round trip time was  0.085 milliseconds in repetition 146
Round trip time was  0.085 milliseconds in repetition 147
Round trip time was  0.085 milliseconds in repetition 148
Round trip time was  0.084 milliseconds in repetition 149
Round trip time was  0.084 milliseconds in repetition 150
Round trip time was  0.085 milliseconds in repetition 151

 ... clock resolution was 1e-06
UDP Ping:  Statistics over 151 repetitions of 768 byte messages

RTT : percentile 10: 0.084184, median: 0.085736, percentile 90: 0.109972, average: 0.0940653, variance: 0.000212213

RTT histogram:
0.0837955 78
0.0881213 5
0.0924471 15
0.0967729 11
0.101099 14
0.105425 9
0.10975 6
0.114076 3
0.118402 3
0.122728 2
0.127054 0
0.131379 2
0.135705 0
0.140031 0
0.144357 0
0.148682 0
0.153008 1
0.157334 0
0.16166 1
0.165986 0
0.170311 1
   median Throughput : 17915.5 KB/s   overall Throughput : 16329.1 KB/s

