UDP Ping trying to connect to server 127.0.0.1 (127.0.0.1) on TCP port 2000
 ... connected to Pong server: asking for 151 repetitions of 3072 _bytes UDP messages
answer: OK 62831
 ... Pong server agreed to ping-pong using port 62831 :-)
Round trip time was 70.345 milliseconds in repetition 1
Round trip time was  0.424 milliseconds in repetition 2
Round trip time was  0.340 milliseconds in repetition 3
Round trip time was  0.397 milliseconds in repetition 4
Round trip time was  0.372 milliseconds in repetition 5
Round trip time was  0.313 milliseconds in repetition 6
Round trip time was  0.306 milliseconds in repetition 7
Round trip time was  0.305 milliseconds in repetition 8
Round trip time was  0.310 milliseconds in repetition 9
Round trip time was  0.307 milliseconds in repetition 10
Round trip time was  0.308 milliseconds in repetition 11
Round trip time was  0.305 milliseconds in repetition 12
Round trip time was  0.335 milliseconds in repetition 13
Round trip time was  0.305 milliseconds in repetition 14
Round trip time was  0.304 milliseconds in repetition 15
Round trip time was  0.305 milliseconds in repetition 16
Round trip time was  0.305 milliseconds in repetition 17
Round trip time was  0.303 milliseconds in repetition 18
Round trip time was  0.305 milliseconds in repetition 19
Round trip time was  0.304 milliseconds in repetition 20
Round trip time was  0.305 milliseconds in repetition 21
Round trip time was  0.304 milliseconds in repetition 22
Round trip time was  0.304 milliseconds in repetition 23
Round trip time was  0.303 milliseconds in repetition 24
Round trip time was  0.304 milliseconds in repetition 25
Round trip time was  0.322 milliseconds in repetition 26
Round trip time was  0.643 milliseconds in repetition 27
Round trip time was  0.371 milliseconds in repetition 28
Round trip time was  0.350 milliseconds in repetition 29
Round trip time was  0.395 milliseconds in repetition 30
Round trip time was  0.330 milliseconds in repetition 31
Round trip time was  0.331 milliseconds in repetition 32
Round trip time was  0.387 milliseconds in repetition 33
Round trip time was  0.311 milliseconds in repetition 34
Round trip time was  0.305 milliseconds in repetition 35
Round trip time was  0.377 milliseconds in repetition 36
Round trip time was  0.428 milliseconds in repetition 37
Round trip time was  0.439 milliseconds in repetition 38
Round trip time was  0.369 milliseconds in repetition 39
Round trip time was  0.366 milliseconds in repetition 40
Round trip time was  0.339 milliseconds in repetition 41
Round trip time was  0.370 milliseconds in repetition 42
Round trip time was  0.433 milliseconds in repetition 43
Round trip time was  0.380 milliseconds in repetition 44
Round trip time was  0.396 milliseconds in repetition 45
Round trip time was  0.394 milliseconds in repetition 46
Round trip time was  0.340 milliseconds in repetition 47
Round trip time was  0.302 milliseconds in repetition 48
Round trip time was  0.303 milliseconds in repetition 49
Round trip time was  0.303 milliseconds in repetition 50
Round trip time was  0.306 milliseconds in repetition 51
Round trip time was  0.304 milliseconds in repetition 52
Round trip time was  0.303 milliseconds in repetition 53
Round trip time was  0.304 milliseconds in repetition 54
Round trip time was  0.303 milliseconds in repetition 55
Round trip time was  0.303 milliseconds in repetition 56
Round trip time was  0.303 milliseconds in repetition 57
Round trip time was  0.303 milliseconds in repetition 58
Round trip time was  0.310 milliseconds in repetition 59
Round trip time was  0.303 milliseconds in repetition 60
Round trip time was  0.304 milliseconds in repetition 61
Round trip time was  0.304 milliseconds in repetition 62
Round trip time was  0.304 milliseconds in repetition 63
Round trip time was  0.304 milliseconds in repetition 64
Round trip time was  0.304 milliseconds in repetition 65
Round trip time was  0.304 milliseconds in repetition 66
Round trip time was  0.304 milliseconds in repetition 67
Round trip time was  0.304 milliseconds in repetition 68
Round trip time was  0.307 milliseconds in repetition 69
Round trip time was  0.304 milliseconds in repetition 70
Round trip time was  0.304 milliseconds in repetition 71
Round trip time was  0.323 milliseconds in repetition 72
Round trip time was  0.304 milliseconds in repetition 73
Round trip time was  0.303 milliseconds in repetition 74
Round trip time was  0.304 milliseconds in repetition 75
Round trip time was  0.305 milliseconds in repetition 76
Round trip time was  0.303 milliseconds in repetition 77
Round trip time was  0.303 milliseconds in repetition 78
Round trip time was  0.303 milliseconds in repetition 79
Round trip time was  0.304 milliseconds in repetition 80
Round trip time was  0.337 milliseconds in repetition 81
Round trip time was  0.303 milliseconds in repetition 82
Round trip time was  0.304 milliseconds in repetition 83
Round trip time was  0.304 milliseconds in repetition 84
Round trip time was  0.320 milliseconds in repetition 85
Round trip time was  0.304 milliseconds in repetition 86
Round trip time was  0.304 milliseconds in repetition 87
Round trip time was  0.304 milliseconds in repetition 88
Round trip time was  0.304 milliseconds in repetition 89
Round trip time was  0.304 milliseconds in repetition 90
Round trip time was  0.304 milliseconds in repetition 91
Round trip time was 97.123 milliseconds in repetition 92
Round trip time was  0.344 milliseconds in repetition 93
Round trip time was  0.365 milliseconds in repetition 94
Round trip time was  0.437 milliseconds in repetition 95
Round trip time was  0.331 milliseconds in repetition 96
Round trip time was  0.326 milliseconds in repetition 97
Round trip time was  0.310 milliseconds in repetition 98
Round trip time was  0.309 milliseconds in repetition 99
Round trip time was  0.308 milliseconds in repetition 100
Round trip time was  0.307 milliseconds in repetition 101
Round trip time was  0.306 milliseconds in repetition 102
Round trip time was  0.305 milliseconds in repetition 103
Round trip time was  0.306 milliseconds in repetition 104
Round trip time was  0.304 milliseconds in repetition 105
Round trip time was  0.304 milliseconds in repetition 106
Round trip time was  0.323 milliseconds in repetition 107
Round trip time was  0.312 milliseconds in repetition 108
Round trip time was  0.304 milliseconds in repetition 109
Round trip time was  0.303 milliseconds in repetition 110
Round trip time was  0.304 milliseconds in repetition 111
Round trip time was  0.304 milliseconds in repetition 112
Round trip time was  0.304 milliseconds in repetition 113
Round trip time was  0.305 milliseconds in repetition 114
Round trip time was  0.305 milliseconds in repetition 115
Round trip time was  0.304 milliseconds in repetition 116
Round trip time was  0.863 milliseconds in repetition 117
Round trip time was  0.333 milliseconds in repetition 118
Round trip time was  0.455 milliseconds in repetition 119
Round trip time was  0.396 milliseconds in repetition 120
Round trip time was  0.420 milliseconds in repetition 121
Round trip time was  0.365 milliseconds in repetition 122
Round trip time was  0.339 milliseconds in repetition 123
Round trip time was  0.313 milliseconds in repetition 124
Round trip time was  0.304 milliseconds in repetition 125
Round trip time was  0.307 milliseconds in repetition 126
Round trip time was  0.305 milliseconds in repetition 127
Round trip time was  0.304 milliseconds in repetition 128
Round trip time was  0.304 milliseconds in repetition 129
Round trip time was  0.320 milliseconds in repetition 130
Round trip time was  0.306 milliseconds in repetition 131
Round trip time was  0.303 milliseconds in repetition 132
Round trip time was  0.304 milliseconds in repetition 133
Round trip time was  0.305 milliseconds in repetition 134
Round trip time was  0.303 milliseconds in repetition 135
Round trip time was  0.305 milliseconds in repetition 136
Round trip time was  0.304 milliseconds in repetition 137
Round trip time was  0.304 milliseconds in repetition 138
Round trip time was  0.303 milliseconds in repetition 139
Round trip time was  0.304 milliseconds in repetition 140
Round trip time was  0.307 milliseconds in repetition 141
Round trip time was  0.304 milliseconds in repetition 142
Round trip time was  0.325 milliseconds in repetition 143
Round trip time was  0.303 milliseconds in repetition 144
Round trip time was  0.304 milliseconds in repetition 145
Round trip time was  0.303 milliseconds in repetition 146
Round trip time was  0.303 milliseconds in repetition 147
Round trip time was  0.303 milliseconds in repetition 148
Round trip time was  0.303 milliseconds in repetition 149
Round trip time was  0.303 milliseconds in repetition 150
Round trip time was  0.304 milliseconds in repetition 151

 ... clock resolution was 1e-06
UDP Ping:  Statistics over 151 repetitions of 3072 byte messages

RTT : percentile 10: 0.303309, median: 0.304741, percentile 90: 0.394483, average: 1.43259, variance: 93.9201

RTT histogram:
0.30197 149
5.14303 0
9.98409 0
14.8251 0
19.6662 0
24.5073 0
29.3483 0
34.1894 0
39.0304 0
43.8715 0
48.7126 0
53.5536 0
58.3947 0
63.2357 0
68.0768 1
72.9179 0
77.7589 0
82.6 0
87.441 0
92.2821 0
97.1232 1
   median Throughput : 20161.4 KB/s   overall Throughput : 4288.75 KB/s

