UDP Ping trying to connect to server 127.0.0.1 (127.0.0.1) on TCP port 2000
 ... connected to Pong server: asking for 151 repetitions of 2048 _bytes UDP messages
answer: OK 62831
 ... Pong server agreed to ping-pong using port 62831 :-)
Round trip time was  0.340 milliseconds in repetition 1
Round trip time was  0.404 milliseconds in repetition 2
Round trip time was  0.414 milliseconds in repetition 3
Round trip time was  0.444 milliseconds in repetition 4
Round trip time was  0.493 milliseconds in repetition 5
Round trip time was  0.466 milliseconds in repetition 6
Round trip time was  0.437 milliseconds in repetition 7
Round trip time was  0.512 milliseconds in repetition 8
Round trip time was  0.473 milliseconds in repetition 9
Round trip time was  0.433 milliseconds in repetition 10
Round trip time was  0.424 milliseconds in repetition 11
Round trip time was  0.318 milliseconds in repetition 12
Round trip time was  0.319 milliseconds in repetition 13
Round trip time was  0.318 milliseconds in repetition 14
Round trip time was  0.317 milliseconds in repetition 15
Round trip time was  0.318 milliseconds in repetition 16
Round trip time was  0.317 milliseconds in repetition 17
Round trip time was  0.317 milliseconds in repetition 18
Round trip time was  0.317 milliseconds in repetition 19
Round trip time was  0.317 milliseconds in repetition 20
Round trip time was  0.317 milliseconds in repetition 21
Round trip time was  0.318 milliseconds in repetition 22
Round trip time was  0.330 milliseconds in repetition 23
Round trip time was  0.318 milliseconds in repetition 24
Round trip time was  0.316 milliseconds in repetition 25
Round trip time was  0.317 milliseconds in repetition 26
Round trip time was  0.317 milliseconds in repetition 27
Round trip time was  0.317 milliseconds in repetition 28
Round trip time was  0.317 milliseconds in repetition 29
Round trip time was  0.317 milliseconds in repetition 30
Round trip time was  0.317 milliseconds in repetition 31
Round trip time was  0.317 milliseconds in repetition 32
Round trip time was  0.317 milliseconds in repetition 33
Round trip time was  0.317 milliseconds in repetition 34
Round trip time was  0.324 milliseconds in repetition 35
Round trip time was  0.318 milliseconds in repetition 36
Round trip time was  0.317 milliseconds in repetition 37
Round trip time was  0.332 milliseconds in repetition 38
Round trip time was  0.330 milliseconds in repetition 39
Round trip time was  0.317 milliseconds in repetition 40
Round trip time was  0.317 milliseconds in repetition 41
Round trip time was  0.317 milliseconds in repetition 42
Round trip time was  0.317 milliseconds in repetition 43
Round trip time was  0.349 milliseconds in repetition 44
Round trip time was  0.318 milliseconds in repetition 45
Round trip time was  0.317 milliseconds in repetition 46
Round trip time was  0.318 milliseconds in repetition 47
Round trip time was  0.334 milliseconds in repetition 48
Round trip time was  0.320 milliseconds in repetition 49
Round trip time was  0.318 milliseconds in repetition 50
Round trip time was  0.318 milliseconds in repetition 51
Round trip time was  0.318 milliseconds in repetition 52
Round trip time was  0.317 milliseconds in repetition 53
Round trip time was  0.368 milliseconds in repetition 54
Round trip time was 69.534 milliseconds in repetition 55
Round trip time was  0.473 milliseconds in repetition 56
Round trip time was  0.407 milliseconds in repetition 57
Round trip time was  0.426 milliseconds in repetition 58
Round trip time was  0.357 milliseconds in repetition 59
Round trip time was  0.412 milliseconds in repetition 60
Round trip time was  0.426 milliseconds in repetition 61
Round trip time was  0.337 milliseconds in repetition 62
Round trip time was  0.370 milliseconds in repetition 63
Round trip time was  0.388 milliseconds in repetition 64
Round trip time was  0.335 milliseconds in repetition 65
Round trip time was  0.340 milliseconds in repetition 66
Round trip time was  0.320 milliseconds in repetition 67
Round trip time was  0.352 milliseconds in repetition 68
Round trip time was  0.317 milliseconds in repetition 69
Round trip time was  0.318 milliseconds in repetition 70
Round trip time was  0.319 milliseconds in repetition 71
Round trip time was  0.317 milliseconds in repetition 72
Round trip time was  0.317 milliseconds in repetition 73
Round trip time was  0.317 milliseconds in repetition 74
Round trip time was  0.317 milliseconds in repetition 75
Round trip time was  0.317 milliseconds in repetition 76
Round trip time was  0.317 milliseconds in repetition 77
Round trip time was  0.318 milliseconds in repetition 78
Round trip time was  0.332 milliseconds in repetition 79
Round trip time was  0.382 milliseconds in repetition 80
Round trip time was  0.383 milliseconds in repetition 81
Round trip time was  0.406 milliseconds in repetition 82
Round trip time was  0.369 milliseconds in repetition 83
Round trip time was  0.359 milliseconds in repetition 84
Round trip time was  0.369 milliseconds in repetition 85
Round trip time was  0.401 milliseconds in repetition 86
Round trip time was  0.335 milliseconds in repetition 87
Round trip time was  0.342 milliseconds in repetition 88
Round trip time was  0.451 milliseconds in repetition 89
Round trip time was  0.507 milliseconds in repetition 90
Round trip time was  0.508 milliseconds in repetition 91
Round trip time was  0.465 milliseconds in repetition 92
Round trip time was  0.422 milliseconds in repetition 93
Round trip time was  0.431 milliseconds in repetition 94
Round trip time was  0.402 milliseconds in repetition 95
Round trip time was  0.439 milliseconds in repetition 96
Round trip time was  0.355 milliseconds in repetition 97
Round trip time was  0.355 milliseconds in repetition 98
Round trip time was  0.322 milliseconds in repetition 99
Round trip time was  0.317 milliseconds in repetition 100
Round trip time was  0.318 milliseconds in repetition 101
Round trip time was  0.318 milliseconds in repetition 102
Round trip time was  0.318 milliseconds in repetition 103
Round trip time was  0.319 milliseconds in repetition 104
Round trip time was  0.318 milliseconds in repetition 105
Round trip time was  0.318 milliseconds in repetition 106
Round trip time was  0.318 milliseconds in repetition 107
Round trip time was  0.318 milliseconds in repetition 108
Round trip time was  0.319 milliseconds in repetition 109
Round trip time was  0.318 milliseconds in repetition 110
Round trip time was  0.277 milliseconds in repetition 111
Round trip time was  0.212 milliseconds in repetition 112
Round trip time was  0.209 milliseconds in repetition 113
Round trip time was  0.208 milliseconds in repetition 114
Round trip time was  0.208 milliseconds in repetition 115
Round trip time was  0.208 milliseconds in repetition 116
Round trip time was  0.208 milliseconds in repetition 117
Round trip time was  0.207 milliseconds in repetition 118
Round trip time was  0.208 milliseconds in repetition 119
Round trip time was  0.208 milliseconds in repetition 120
Round trip time was  0.207 milliseconds in repetition 121
Round trip time was  0.207 milliseconds in repetition 122
Round trip time was  0.208 milliseconds in repetition 123
Round trip time was  0.208 milliseconds in repetition 124
Round trip time was  0.208 milliseconds in repetition 125
Round trip time was  0.208 milliseconds in repetition 126
Round trip time was  0.208 milliseconds in repetition 127
Round trip time was  0.207 milliseconds in repetition 128
Round trip time was  0.208 milliseconds in repetition 129
Round trip time was  0.216 milliseconds in repetition 130
Round trip time was  0.232 milliseconds in repetition 131
Round trip time was  0.208 milliseconds in repetition 132
Round trip time was  0.207 milliseconds in repetition 133
Round trip time was  0.207 milliseconds in repetition 134
Round trip time was  0.207 milliseconds in repetition 135
Round trip time was  0.208 milliseconds in repetition 136
Round trip time was  0.207 milliseconds in repetition 137
Round trip time was  0.238 milliseconds in repetition 138
Round trip time was  0.208 milliseconds in repetition 139
Round trip time was  0.207 milliseconds in repetition 140
Round trip time was  0.210 milliseconds in repetition 141
Round trip time was  0.209 milliseconds in repetition 142
Round trip time was  0.208 milliseconds in repetition 143
Round trip time was  0.208 milliseconds in repetition 144
Round trip time was  0.208 milliseconds in repetition 145
Round trip time was  0.208 milliseconds in repetition 146
Round trip time was  0.208 milliseconds in repetition 147
Round trip time was  0.208 milliseconds in repetition 148
Round trip time was  0.224 milliseconds in repetition 149
Round trip time was  0.208 milliseconds in repetition 150
Round trip time was  0.208 milliseconds in repetition 151

 ... clock resolution was 1e-06
UDP Ping:  Statistics over 151 repetitions of 2048 byte messages

RTT : percentile 10: 0.207706, median: 0.317581, percentile 90: 0.425943, average: 0.773486, variance: 31.736

RTT histogram:
0.206706 150
3.67305 0
7.1394 0
10.6057 0
14.0721 0
17.5384 0
21.0048 0
24.4711 0
27.9375 0
31.4038 0
34.8702 0
38.3365 0
41.8029 0
45.2692 0
48.7355 0
52.2019 0
55.6682 0
59.1346 0
62.6009 0
66.0673 0
69.5336 1
   median Throughput : 12897.5 KB/s   overall Throughput : 5295.51 KB/s

