UDP Ping trying to connect to server webdev.disi.unige.it (130.251.61.30) on TCP port 1491
 ... connected to Pong server: asking for 501 repetitions of 12288 _bytes UDP messages
 ... Pong server agreed to ping-pong using port 62832 :-)
 ... about to connect socket 3 to IP address 130.251.61.30, port 62832
 ... sending message 1
Round trip time was 25.075 milliseconds in repetition 1
 ... sending message 2
Round trip time was  7.468 milliseconds in repetition 2
 ... sending message 3
Round trip time was 11.859 milliseconds in repetition 3
 ... sending message 4
Round trip time was  7.813 milliseconds in repetition 4
 ... sending message 5
Round trip time was  7.469 milliseconds in repetition 5
 ... sending message 6
Round trip time was  8.379 milliseconds in repetition 6
 ... sending message 7
Round trip time was  6.989 milliseconds in repetition 7
 ... sending message 8
Round trip time was  8.567 milliseconds in repetition 8
 ... sending message 9
Round trip time was  8.406 milliseconds in repetition 9
 ... sending message 10
Round trip time was  7.539 milliseconds in repetition 10
 ... sending message 11
Round trip time was  8.847 milliseconds in repetition 11
 ... sending message 12
Round trip time was  7.382 milliseconds in repetition 12
 ... sending message 13
Round trip time was  7.555 milliseconds in repetition 13
 ... sending message 14
Round trip time was  7.960 milliseconds in repetition 14
 ... sending message 15
Round trip time was 10.617 milliseconds in repetition 15
 ... sending message 16
Round trip time was  6.988 milliseconds in repetition 16
 ... sending message 17
Round trip time was 14.351 milliseconds in repetition 17
 ... sending message 18
Round trip time was 10.255 milliseconds in repetition 18
 ... sending message 19
Round trip time was  8.603 milliseconds in repetition 19
 ... sending message 20
Round trip time was  6.033 milliseconds in repetition 20
 ... sending message 21
Round trip time was  4.925 milliseconds in repetition 21
 ... sending message 22
Round trip time was  4.705 milliseconds in repetition 22
 ... sending message 23
Round trip time was  4.392 milliseconds in repetition 23
 ... sending message 24
Round trip time was  4.971 milliseconds in repetition 24
 ... sending message 25
Round trip time was  4.576 milliseconds in repetition 25
 ... sending message 26
Round trip time was  4.381 milliseconds in repetition 26
 ... sending message 27
Round trip time was  4.543 milliseconds in repetition 27
 ... sending message 28
Round trip time was  4.394 milliseconds in repetition 28
 ... sending message 29
Round trip time was  4.389 milliseconds in repetition 29
 ... sending message 30
Round trip time was  5.958 milliseconds in repetition 30
 ... sending message 31
Round trip time was  5.128 milliseconds in repetition 31
 ... sending message 32
Round trip time was  4.764 milliseconds in repetition 32
 ... sending message 33
Round trip time was  4.385 milliseconds in repetition 33
 ... sending message 34
Round trip time was  4.318 milliseconds in repetition 34
 ... sending message 35
Round trip time was  4.738 milliseconds in repetition 35
 ... sending message 36
Round trip time was  5.160 milliseconds in repetition 36
 ... sending message 37
Round trip time was  5.067 milliseconds in repetition 37
 ... sending message 38
Round trip time was  4.216 milliseconds in repetition 38
 ... sending message 39
Round trip time was  4.363 milliseconds in repetition 39
 ... sending message 40
Round trip time was  4.478 milliseconds in repetition 40
 ... sending message 41
Round trip time was  4.473 milliseconds in repetition 41
 ... sending message 42
Round trip time was  4.296 milliseconds in repetition 42
 ... sending message 43
Round trip time was  4.491 milliseconds in repetition 43
 ... sending message 44
Round trip time was  4.727 milliseconds in repetition 44
 ... sending message 45
Round trip time was  4.680 milliseconds in repetition 45
 ... sending message 46
Round trip time was  4.361 milliseconds in repetition 46
 ... sending message 47
Round trip time was  4.450 milliseconds in repetition 47
 ... sending message 48
Round trip time was  5.012 milliseconds in repetition 48
 ... sending message 49
Round trip time was  4.335 milliseconds in repetition 49
 ... sending message 50
Round trip time was  5.503 milliseconds in repetition 50
 ... sending message 51
Round trip time was  5.677 milliseconds in repetition 51
 ... sending message 52
Round trip time was  4.329 milliseconds in repetition 52
 ... sending message 53
Round trip time was  4.568 milliseconds in repetition 53
 ... sending message 54
Round trip time was  4.459 milliseconds in repetition 54
 ... sending message 55
Round trip time was  4.536 milliseconds in repetition 55
 ... sending message 56
Round trip time was  4.259 milliseconds in repetition 56
 ... sending message 57
Round trip time was  4.561 milliseconds in repetition 57
 ... sending message 58
Round trip time was  4.596 milliseconds in repetition 58
 ... sending message 59
Round trip time was  5.048 milliseconds in repetition 59
 ... sending message 60
Round trip time was  4.521 milliseconds in repetition 60
 ... sending message 61
Round trip time was  4.555 milliseconds in repetition 61
 ... sending message 62
Round trip time was  4.512 milliseconds in repetition 62
 ... sending message 63
Round trip time was  5.749 milliseconds in repetition 63
 ... sending message 64
Round trip time was  4.535 milliseconds in repetition 64
 ... sending message 65
Round trip time was  4.610 milliseconds in repetition 65
 ... sending message 66
Round trip time was  4.407 milliseconds in repetition 66
 ... sending message 67
Round trip time was  4.370 milliseconds in repetition 67
 ... sending message 68
Round trip time was  4.522 milliseconds in repetition 68
 ... sending message 69
Round trip time was  4.252 milliseconds in repetition 69
 ... sending message 70
Round trip time was  5.613 milliseconds in repetition 70
 ... sending message 71
Round trip time was  4.620 milliseconds in repetition 71
 ... sending message 72
Round trip time was  5.861 milliseconds in repetition 72
 ... sending message 73
Round trip time was  4.971 milliseconds in repetition 73
 ... sending message 74
Round trip time was  4.290 milliseconds in repetition 74
 ... sending message 75
Round trip time was  4.334 milliseconds in repetition 75
 ... sending message 76
Round trip time was  5.194 milliseconds in repetition 76
 ... sending message 77
Round trip time was  5.191 milliseconds in repetition 77
 ... sending message 78
Round trip time was  5.044 milliseconds in repetition 78
 ... sending message 79
Round trip time was  4.403 milliseconds in repetition 79
 ... sending message 80
Round trip time was  4.580 milliseconds in repetition 80
 ... sending message 81
Round trip time was  4.430 milliseconds in repetition 81
 ... sending message 82
Round trip time was  4.515 milliseconds in repetition 82
 ... sending message 83
Round trip time was  5.322 milliseconds in repetition 83
 ... sending message 84
Round trip time was  4.583 milliseconds in repetition 84
 ... sending message 85
Round trip time was  4.685 milliseconds in repetition 85
 ... sending message 86
Round trip time was  4.379 milliseconds in repetition 86
 ... sending message 87
Round trip time was  4.481 milliseconds in repetition 87
 ... sending message 88
Round trip time was  4.587 milliseconds in repetition 88
 ... sending message 89
Round trip time was  5.673 milliseconds in repetition 89
 ... sending message 90
Round trip time was  5.138 milliseconds in repetition 90
 ... sending message 91
Round trip time was  4.419 milliseconds in repetition 91
 ... sending message 92
Round trip time was  4.408 milliseconds in repetition 92
 ... sending message 93
Round trip time was  4.517 milliseconds in repetition 93
 ... sending message 94
Round trip time was  5.290 milliseconds in repetition 94
 ... sending message 95
Round trip time was  5.163 milliseconds in repetition 95
 ... sending message 96
Round trip time was  4.645 milliseconds in repetition 96
 ... sending message 97
Round trip time was  4.461 milliseconds in repetition 97
 ... sending message 98
Round trip time was  4.526 milliseconds in repetition 98
 ... sending message 99
Round trip time was  4.955 milliseconds in repetition 99
 ... sending message 100
Round trip time was  4.729 milliseconds in repetition 100
 ... sending message 101
Round trip time was  4.325 milliseconds in repetition 101
 ... sending message 102
Round trip time was  5.373 milliseconds in repetition 102
 ... sending message 103
Round trip time was  5.382 milliseconds in repetition 103
 ... sending message 104
Round trip time was  4.502 milliseconds in repetition 104
 ... sending message 105
Round trip time was  4.581 milliseconds in repetition 105
 ... sending message 106
Round trip time was  4.408 milliseconds in repetition 106
 ... sending message 107
Round trip time was  4.424 milliseconds in repetition 107
 ... sending message 108
Round trip time was  4.590 milliseconds in repetition 108
 ... sending message 109
Round trip time was  4.578 milliseconds in repetition 109
 ... sending message 110
Round trip time was  4.505 milliseconds in repetition 110
 ... sending message 111
Round trip time was  4.538 milliseconds in repetition 111
 ... sending message 112
Round trip time was  4.253 milliseconds in repetition 112
 ... sending message 113
Round trip time was  4.536 milliseconds in repetition 113
 ... sending message 114
Round trip time was  4.452 milliseconds in repetition 114
 ... sending message 115
Round trip time was  4.423 milliseconds in repetition 115
 ... sending message 116
Round trip time was  4.862 milliseconds in repetition 116
 ... sending message 117
Round trip time was  5.049 milliseconds in repetition 117
 ... sending message 118
Round trip time was  4.577 milliseconds in repetition 118
 ... sending message 119
Round trip time was  4.338 milliseconds in repetition 119
 ... sending message 120
Round trip time was  4.396 milliseconds in repetition 120
 ... sending message 121
Round trip time was  4.445 milliseconds in repetition 121
 ... sending message 122
Round trip time was  5.316 milliseconds in repetition 122
 ... sending message 123
Round trip time was  4.718 milliseconds in repetition 123
 ... sending message 124
Round trip time was  4.681 milliseconds in repetition 124
 ... sending message 125
Round trip time was  7.019 milliseconds in repetition 125
 ... sending message 126
Round trip time was  6.868 milliseconds in repetition 126
 ... sending message 127
Round trip time was  4.794 milliseconds in repetition 127
 ... sending message 128
Round trip time was  5.099 milliseconds in repetition 128
 ... sending message 129
Round trip time was  4.434 milliseconds in repetition 129
 ... sending message 130
Round trip time was  5.319 milliseconds in repetition 130
 ... sending message 131
Round trip time was  4.453 milliseconds in repetition 131
 ... sending message 132
Round trip time was  4.208 milliseconds in repetition 132
 ... sending message 133
Round trip time was  4.604 milliseconds in repetition 133
 ... sending message 134
Round trip time was  5.076 milliseconds in repetition 134
 ... sending message 135
Round trip time was  4.893 milliseconds in repetition 135
 ... sending message 136
Round trip time was  4.483 milliseconds in repetition 136
 ... sending message 137
Round trip time was  4.316 milliseconds in repetition 137
 ... sending message 138
Round trip time was  4.523 milliseconds in repetition 138
 ... sending message 139
Round trip time was  4.341 milliseconds in repetition 139
 ... sending message 140
Round trip time was  4.434 milliseconds in repetition 140
 ... sending message 141
Round trip time was  5.137 milliseconds in repetition 141
 ... sending message 142
Round trip time was  4.514 milliseconds in repetition 142
 ... sending message 143
Round trip time was  4.807 milliseconds in repetition 143
 ... sending message 144
Round trip time was  4.475 milliseconds in repetition 144
 ... sending message 145
Round trip time was  4.538 milliseconds in repetition 145
 ... sending message 146
Round trip time was  4.502 milliseconds in repetition 146
 ... sending message 147
Round trip time was  4.503 milliseconds in repetition 147
 ... sending message 148
Round trip time was  4.913 milliseconds in repetition 148
 ... sending message 149
Round trip time was  4.431 milliseconds in repetition 149
 ... sending message 150
Round trip time was  4.730 milliseconds in repetition 150
 ... sending message 151
Round trip time was  5.030 milliseconds in repetition 151
 ... sending message 152
Round trip time was  4.474 milliseconds in repetition 152
 ... sending message 153
Round trip time was  4.645 milliseconds in repetition 153
 ... sending message 154
Round trip time was  5.382 milliseconds in repetition 154
 ... sending message 155
Round trip time was  4.727 milliseconds in repetition 155
 ... sending message 156
Round trip time was  4.624 milliseconds in repetition 156
 ... sending message 157
Round trip time was  4.462 milliseconds in repetition 157
 ... sending message 158
Round trip time was  4.597 milliseconds in repetition 158
 ... sending message 159
Round trip time was  4.422 milliseconds in repetition 159
 ... sending message 160
Round trip time was  4.478 milliseconds in repetition 160
 ... sending message 161
Round trip time was  4.821 milliseconds in repetition 161
 ... sending message 162
Round trip time was  4.660 milliseconds in repetition 162
 ... sending message 163
Round trip time was  5.248 milliseconds in repetition 163
 ... sending message 164
Round trip time was  4.430 milliseconds in repetition 164
 ... sending message 165
Round trip time was  4.549 milliseconds in repetition 165
 ... sending message 166
Round trip time was  4.705 milliseconds in repetition 166
 ... sending message 167
Round trip time was  4.329 milliseconds in repetition 167
 ... sending message 168
Round trip time was  4.955 milliseconds in repetition 168
 ... sending message 169
Round trip time was  4.547 milliseconds in repetition 169
 ... sending message 170
Round trip time was  4.468 milliseconds in repetition 170
 ... sending message 171
Round trip time was  4.541 milliseconds in repetition 171
 ... sending message 172
Round trip time was  4.427 milliseconds in repetition 172
 ... sending message 173
Round trip time was  4.298 milliseconds in repetition 173
 ... sending message 174
Round trip time was  5.563 milliseconds in repetition 174
 ... sending message 175
Round trip time was  4.753 milliseconds in repetition 175
 ... sending message 176
Round trip time was  4.699 milliseconds in repetition 176
 ... sending message 177
Round trip time was  4.403 milliseconds in repetition 177
 ... sending message 178
Round trip time was  4.367 milliseconds in repetition 178
 ... sending message 179
Round trip time was  5.108 milliseconds in repetition 179
 ... sending message 180
Round trip time was  5.213 milliseconds in repetition 180
 ... sending message 181
Round trip time was  5.333 milliseconds in repetition 181
 ... sending message 182
Round trip time was  4.284 milliseconds in repetition 182
 ... sending message 183
Round trip time was  4.671 milliseconds in repetition 183
 ... sending message 184
Round trip time was  4.641 milliseconds in repetition 184
 ... sending message 185
Round trip time was  4.318 milliseconds in repetition 185
 ... sending message 186
Round trip time was  4.564 milliseconds in repetition 186
 ... sending message 187
Round trip time was  5.314 milliseconds in repetition 187
 ... sending message 188
Round trip time was  4.629 milliseconds in repetition 188
 ... sending message 189
Round trip time was  4.728 milliseconds in repetition 189
 ... sending message 190
Round trip time was  5.183 milliseconds in repetition 190
 ... sending message 191
Round trip time was  4.710 milliseconds in repetition 191
 ... sending message 192
Round trip time was  4.485 milliseconds in repetition 192
 ... sending message 193
Round trip time was  4.393 milliseconds in repetition 193
 ... sending message 194
Round trip time was  5.252 milliseconds in repetition 194
 ... sending message 195
Round trip time was  4.216 milliseconds in repetition 195
 ... sending message 196
Round trip time was  4.788 milliseconds in repetition 196
 ... sending message 197
Round trip time was  4.353 milliseconds in repetition 197
 ... sending message 198
Round trip time was  4.553 milliseconds in repetition 198
 ... sending message 199
Round trip time was  4.771 milliseconds in repetition 199
 ... sending message 200
Round trip time was  5.518 milliseconds in repetition 200
 ... sending message 201
Round trip time was  5.367 milliseconds in repetition 201
 ... sending message 202
Round trip time was  4.484 milliseconds in repetition 202
 ... sending message 203
Round trip time was  4.363 milliseconds in repetition 203
 ... sending message 204
Round trip time was  4.606 milliseconds in repetition 204
 ... sending message 205
Round trip time was  4.674 milliseconds in repetition 205
 ... sending message 206
Round trip time was  4.420 milliseconds in repetition 206
 ... sending message 207
Round trip time was  5.118 milliseconds in repetition 207
 ... sending message 208
Round trip time was  4.474 milliseconds in repetition 208
 ... sending message 209
Round trip time was  4.532 milliseconds in repetition 209
 ... sending message 210
Round trip time was  4.486 milliseconds in repetition 210
 ... sending message 211
Round trip time was  4.594 milliseconds in repetition 211
 ... sending message 212
Round trip time was  4.450 milliseconds in repetition 212
 ... sending message 213
Round trip time was  4.414 milliseconds in repetition 213
 ... sending message 214
Round trip time was  4.915 milliseconds in repetition 214
 ... sending message 215
Round trip time was  4.328 milliseconds in repetition 215
 ... sending message 216
Round trip time was  4.638 milliseconds in repetition 216
 ... sending message 217
Round trip time was  4.520 milliseconds in repetition 217
 ... sending message 218
Round trip time was  4.501 milliseconds in repetition 218
 ... sending message 219
Round trip time was  4.308 milliseconds in repetition 219
 ... sending message 220
Round trip time was  6.087 milliseconds in repetition 220
 ... sending message 221
Round trip time was  4.850 milliseconds in repetition 221
 ... sending message 222
Round trip time was  4.669 milliseconds in repetition 222
 ... sending message 223
Round trip time was  4.321 milliseconds in repetition 223
 ... sending message 224
Round trip time was  4.654 milliseconds in repetition 224
 ... sending message 225
Round trip time was  4.365 milliseconds in repetition 225
 ... sending message 226
Round trip time was  4.439 milliseconds in repetition 226
 ... sending message 227
Round trip time was  4.784 milliseconds in repetition 227
 ... sending message 228
Round trip time was  4.660 milliseconds in repetition 228
 ... sending message 229
Round trip time was  4.623 milliseconds in repetition 229
 ... sending message 230
Round trip time was  4.593 milliseconds in repetition 230
 ... sending message 231
Round trip time was  4.409 milliseconds in repetition 231
 ... sending message 232
Round trip time was  5.365 milliseconds in repetition 232
 ... sending message 233
Round trip time was  9.598 milliseconds in repetition 233
 ... sending message 234
Round trip time was  7.972 milliseconds in repetition 234
 ... sending message 235
Round trip time was  6.657 milliseconds in repetition 235
 ... sending message 236
Round trip time was  9.597 milliseconds in repetition 236
 ... sending message 237
Round trip time was  5.590 milliseconds in repetition 237
 ... sending message 238
Round trip time was  4.512 milliseconds in repetition 238
 ... sending message 239
Round trip time was  4.964 milliseconds in repetition 239
 ... sending message 240
Round trip time was  4.514 milliseconds in repetition 240
 ... sending message 241
Round trip time was  4.383 milliseconds in repetition 241
 ... sending message 242
Round trip time was  4.680 milliseconds in repetition 242
 ... sending message 243
Round trip time was  5.220 milliseconds in repetition 243
 ... sending message 244
Round trip time was  4.927 milliseconds in repetition 244
 ... sending message 245
Round trip time was  4.654 milliseconds in repetition 245
 ... sending message 246
Round trip time was  4.379 milliseconds in repetition 246
 ... sending message 247
Round trip time was  4.715 milliseconds in repetition 247
 ... sending message 248
Round trip time was  4.501 milliseconds in repetition 248
 ... sending message 249
Round trip time was  4.375 milliseconds in repetition 249
 ... sending message 250
Round trip time was  4.778 milliseconds in repetition 250
 ... sending message 251
Round trip time was  4.591 milliseconds in repetition 251
 ... sending message 252
Round trip time was  4.558 milliseconds in repetition 252
 ... sending message 253
Round trip time was  4.503 milliseconds in repetition 253
 ... sending message 254
Round trip time was  4.642 milliseconds in repetition 254
 ... sending message 255
Round trip time was  4.567 milliseconds in repetition 255
 ... sending message 256
Round trip time was  4.339 milliseconds in repetition 256
 ... sending message 257
Round trip time was  5.415 milliseconds in repetition 257
 ... sending message 258
Round trip time was  4.407 milliseconds in repetition 258
 ... sending message 259
Round trip time was  5.341 milliseconds in repetition 259
 ... sending message 260
Round trip time was  4.504 milliseconds in repetition 260
 ... sending message 261
Round trip time was  4.448 milliseconds in repetition 261
 ... sending message 262
Round trip time was  4.767 milliseconds in repetition 262
 ... sending message 263
Round trip time was  4.752 milliseconds in repetition 263
 ... sending message 264
Round trip time was  4.532 milliseconds in repetition 264
 ... sending message 265
Round trip time was  4.493 milliseconds in repetition 265
 ... sending message 266
Round trip time was  4.407 milliseconds in repetition 266
 ... sending message 267
Round trip time was  4.667 milliseconds in repetition 267
 ... sending message 268
Round trip time was  4.340 milliseconds in repetition 268
 ... sending message 269
Round trip time was  4.586 milliseconds in repetition 269
 ... sending message 270
Round trip time was  5.571 milliseconds in repetition 270
 ... sending message 271
Round trip time was  4.288 milliseconds in repetition 271
 ... sending message 272
Round trip time was  4.401 milliseconds in repetition 272
 ... sending message 273
Round trip time was  4.333 milliseconds in repetition 273
 ... sending message 274
Round trip time was  4.355 milliseconds in repetition 274
 ... sending message 275
Round trip time was  4.609 milliseconds in repetition 275
 ... sending message 276
Round trip time was  5.940 milliseconds in repetition 276
 ... sending message 277
Round trip time was  4.978 milliseconds in repetition 277
 ... sending message 278
Round trip time was  4.262 milliseconds in repetition 278
 ... sending message 279
Round trip time was  4.338 milliseconds in repetition 279
 ... sending message 280
Round trip time was  5.059 milliseconds in repetition 280
 ... sending message 281
Round trip time was  4.604 milliseconds in repetition 281
 ... sending message 282
Round trip time was  4.247 milliseconds in repetition 282
 ... sending message 283
Round trip time was  4.652 milliseconds in repetition 283
 ... sending message 284
Round trip time was  4.422 milliseconds in repetition 284
 ... sending message 285
Round trip time was  4.645 milliseconds in repetition 285
 ... sending message 286
Round trip time was  4.999 milliseconds in repetition 286
 ... sending message 287
Round trip time was  4.543 milliseconds in repetition 287
 ... sending message 288
Round trip time was  5.304 milliseconds in repetition 288
 ... sending message 289
Round trip time was  7.237 milliseconds in repetition 289
 ... sending message 290
Round trip time was  4.764 milliseconds in repetition 290
 ... sending message 291
Round trip time was  4.375 milliseconds in repetition 291
 ... sending message 292
Round trip time was  4.665 milliseconds in repetition 292
 ... sending message 293
Round trip time was  4.410 milliseconds in repetition 293
 ... sending message 294
Round trip time was  4.431 milliseconds in repetition 294
 ... sending message 295
Round trip time was  4.378 milliseconds in repetition 295
 ... sending message 296
Round trip time was  4.735 milliseconds in repetition 296
 ... sending message 297
Round trip time was  4.642 milliseconds in repetition 297
 ... sending message 298
Round trip time was  4.473 milliseconds in repetition 298
 ... sending message 299
Round trip time was  4.471 milliseconds in repetition 299
 ... sending message 300
Round trip time was  4.460 milliseconds in repetition 300
 ... sending message 301
Round trip time was  4.558 milliseconds in repetition 301
 ... sending message 302
Round trip time was  5.956 milliseconds in repetition 302
 ... sending message 303
Round trip time was  4.568 milliseconds in repetition 303
 ... sending message 304
Round trip time was  4.430 milliseconds in repetition 304
 ... sending message 305
Round trip time was  4.817 milliseconds in repetition 305
 ... sending message 306
Round trip time was  4.473 milliseconds in repetition 306
 ... sending message 307
Round trip time was  4.808 milliseconds in repetition 307
 ... sending message 308
Round trip time was  4.806 milliseconds in repetition 308
 ... sending message 309
Round trip time was  4.860 milliseconds in repetition 309
 ... sending message 310
Round trip time was  4.470 milliseconds in repetition 310
 ... sending message 311
Round trip time was  4.459 milliseconds in repetition 311
 ... sending message 312
Round trip time was  4.502 milliseconds in repetition 312
 ... sending message 313
Round trip time was  4.845 milliseconds in repetition 313
 ... sending message 314
Round trip time was  4.316 milliseconds in repetition 314
 ... sending message 315
Round trip time was  4.325 milliseconds in repetition 315
 ... sending message 316
Round trip time was  4.813 milliseconds in repetition 316
 ... sending message 317
Round trip time was  4.412 milliseconds in repetition 317
 ... sending message 318
Round trip time was  4.789 milliseconds in repetition 318
 ... sending message 319
Round trip time was  4.316 milliseconds in repetition 319
 ... sending message 320
Round trip time was  4.628 milliseconds in repetition 320
 ... sending message 321
Round trip time was  4.580 milliseconds in repetition 321
 ... sending message 322
Round trip time was  5.451 milliseconds in repetition 322
 ... sending message 323
Round trip time was  4.961 milliseconds in repetition 323
 ... sending message 324
Round trip time was  4.248 milliseconds in repetition 324
 ... sending message 325
Round trip time was  4.551 milliseconds in repetition 325
 ... sending message 326
Round trip time was  4.554 milliseconds in repetition 326
 ... sending message 327
Round trip time was  4.553 milliseconds in repetition 327
 ... sending message 328
Round trip time was  4.817 milliseconds in repetition 328
 ... sending message 329
Round trip time was  5.528 milliseconds in repetition 329
 ... sending message 330
Round trip time was  4.757 milliseconds in repetition 330
 ... sending message 331
Round trip time was  4.461 milliseconds in repetition 331
 ... sending message 332
Round trip time was  4.166 milliseconds in repetition 332
 ... sending message 333
Round trip time was  4.697 milliseconds in repetition 333
 ... sending message 334
Round trip time was  4.505 milliseconds in repetition 334
 ... sending message 335
Round trip time was  4.577 milliseconds in repetition 335
 ... sending message 336
Round trip time was  5.505 milliseconds in repetition 336
 ... sending message 337
Round trip time was  4.487 milliseconds in repetition 337
 ... sending message 338
Round trip time was  4.556 milliseconds in repetition 338
 ... sending message 339
Round trip time was  4.412 milliseconds in repetition 339
 ... sending message 340
Round trip time was  4.251 milliseconds in repetition 340
 ... sending message 341
Round trip time was  4.661 milliseconds in repetition 341
 ... sending message 342
Round trip time was  5.335 milliseconds in repetition 342
 ... sending message 343
Round trip time was  5.830 milliseconds in repetition 343
 ... sending message 344
Round trip time was 11.232 milliseconds in repetition 344
 ... sending message 345
Round trip time was  4.886 milliseconds in repetition 345
 ... sending message 346
Round trip time was  8.915 milliseconds in repetition 346
 ... sending message 347
Round trip time was  8.131 milliseconds in repetition 347
 ... sending message 348
Round trip time was  7.549 milliseconds in repetition 348
 ... sending message 349
Round trip time was 11.911 milliseconds in repetition 349
 ... sending message 350
Round trip time was  5.049 milliseconds in repetition 350
 ... sending message 351
Round trip time was  6.901 milliseconds in repetition 351
 ... sending message 352
Round trip time was 23.992 milliseconds in repetition 352
 ... sending message 353
Round trip time was  7.955 milliseconds in repetition 353
 ... sending message 354
Round trip time was  9.205 milliseconds in repetition 354
 ... sending message 355
Round trip time was 12.472 milliseconds in repetition 355
 ... sending message 356
Round trip time was  5.601 milliseconds in repetition 356
 ... sending message 357
Round trip time was 16.109 milliseconds in repetition 357
 ... sending message 358
Round trip time was 27.070 milliseconds in repetition 358
 ... sending message 359
Round trip time was  7.083 milliseconds in repetition 359
 ... sending message 360
Round trip time was 12.295 milliseconds in repetition 360
 ... sending message 361
Round trip time was  7.570 milliseconds in repetition 361
 ... sending message 362
Round trip time was 10.871 milliseconds in repetition 362
 ... sending message 363
Round trip time was  8.981 milliseconds in repetition 363
 ... sending message 364
Round trip time was  7.760 milliseconds in repetition 364
 ... sending message 365
Round trip time was 21.340 milliseconds in repetition 365
 ... sending message 366
Round trip time was  6.094 milliseconds in repetition 366
 ... sending message 367
Round trip time was 11.740 milliseconds in repetition 367
 ... sending message 368
Round trip time was 26.808 milliseconds in repetition 368
 ... sending message 369
Round trip time was  4.962 milliseconds in repetition 369
 ... sending message 370
Round trip time was 16.473 milliseconds in repetition 370
 ... sending message 371
Round trip time was 21.991 milliseconds in repetition 371
 ... sending message 372
Round trip time was 10.087 milliseconds in repetition 372
 ... sending message 373
Round trip time was 18.508 milliseconds in repetition 373
 ... sending message 374
Round trip time was  4.821 milliseconds in repetition 374
 ... sending message 375
Round trip time was 20.059 milliseconds in repetition 375
 ... sending message 376
Round trip time was 17.782 milliseconds in repetition 376
 ... sending message 377
Round trip time was 17.563 milliseconds in repetition 377
 ... sending message 378
Round trip time was  8.753 milliseconds in repetition 378
 ... sending message 379
Round trip time was 13.940 milliseconds in repetition 379
 ... sending message 380
Round trip time was 12.709 milliseconds in repetition 380
 ... sending message 381
Round trip time was 13.547 milliseconds in repetition 381
 ... sending message 382
Round trip time was  5.236 milliseconds in repetition 382
 ... sending message 383
Round trip time was 16.838 milliseconds in repetition 383
 ... sending message 384
Round trip time was  5.019 milliseconds in repetition 384
 ... sending message 385
Round trip time was 16.805 milliseconds in repetition 385
 ... sending message 386
Round trip time was  4.985 milliseconds in repetition 386
 ... sending message 387
Round trip time was  7.884 milliseconds in repetition 387
 ... sending message 388
Round trip time was  7.821 milliseconds in repetition 388
 ... sending message 389
Round trip time was  4.571 milliseconds in repetition 389
 ... sending message 390
Round trip time was 22.269 milliseconds in repetition 390
 ... sending message 391
Round trip time was 16.667 milliseconds in repetition 391
 ... sending message 392
Round trip time was  4.969 milliseconds in repetition 392
 ... sending message 393
Round trip time was 13.299 milliseconds in repetition 393
 ... sending message 394
Round trip time was  8.663 milliseconds in repetition 394
 ... sending message 395
Round trip time was  7.926 milliseconds in repetition 395
 ... sending message 396
Round trip time was 10.295 milliseconds in repetition 396
 ... sending message 397
Round trip time was  8.104 milliseconds in repetition 397
 ... sending message 398
Round trip time was 10.685 milliseconds in repetition 398
 ... sending message 399
Round trip time was  4.884 milliseconds in repetition 399
 ... sending message 400
Round trip time was 20.206 milliseconds in repetition 400
 ... sending message 401
Round trip time was  9.637 milliseconds in repetition 401
 ... sending message 402
Round trip time was  8.673 milliseconds in repetition 402
 ... sending message 403
Round trip time was  6.694 milliseconds in repetition 403
 ... sending message 404
Round trip time was  7.241 milliseconds in repetition 404
 ... sending message 405
Round trip time was 16.321 milliseconds in repetition 405
 ... sending message 406
Round trip time was 19.101 milliseconds in repetition 406
 ... sending message 407
Round trip time was  4.947 milliseconds in repetition 407
 ... sending message 408
Round trip time was 19.024 milliseconds in repetition 408
 ... sending message 409
Round trip time was 14.525 milliseconds in repetition 409
 ... sending message 410
Round trip time was 20.025 milliseconds in repetition 410
 ... sending message 411
Round trip time was 11.094 milliseconds in repetition 411
 ... sending message 412
Round trip time was 21.470 milliseconds in repetition 412
 ... sending message 413
Round trip time was 15.844 milliseconds in repetition 413
 ... sending message 414
Round trip time was 16.293 milliseconds in repetition 414
 ... sending message 415
Round trip time was  8.605 milliseconds in repetition 415
 ... sending message 416
Round trip time was  5.011 milliseconds in repetition 416
 ... sending message 417
Round trip time was  7.710 milliseconds in repetition 417
 ... sending message 418
Round trip time was  7.709 milliseconds in repetition 418
 ... sending message 419
Round trip time was  6.912 milliseconds in repetition 419
 ... sending message 420
Round trip time was  4.953 milliseconds in repetition 420
 ... sending message 421
Round trip time was 15.255 milliseconds in repetition 421
 ... sending message 422
Round trip time was  4.951 milliseconds in repetition 422
 ... sending message 423
Round trip time was 22.386 milliseconds in repetition 423
 ... sending message 424
Round trip time was  7.713 milliseconds in repetition 424
 ... sending message 425
Round trip time was 11.617 milliseconds in repetition 425
 ... sending message 426
Round trip time was 14.983 milliseconds in repetition 426
 ... sending message 427
Round trip time was 16.483 milliseconds in repetition 427
 ... sending message 428
Round trip time was  8.050 milliseconds in repetition 428
 ... sending message 429
Round trip time was 54.897 milliseconds in repetition 429
 ... sending message 430
Round trip time was  8.472 milliseconds in repetition 430
 ... sending message 431
Round trip time was  6.226 milliseconds in repetition 431
 ... sending message 432
Round trip time was  6.245 milliseconds in repetition 432
 ... sending message 433
Round trip time was  7.791 milliseconds in repetition 433
 ... sending message 434
Round trip time was  5.257 milliseconds in repetition 434
 ... sending message 435
Round trip time was 13.540 milliseconds in repetition 435
 ... sending message 436
Round trip time was 30.042 milliseconds in repetition 436
 ... sending message 437
Round trip time was 12.842 milliseconds in repetition 437
 ... sending message 438
Round trip time was 23.265 milliseconds in repetition 438
 ... sending message 439
Round trip time was  4.699 milliseconds in repetition 439
 ... sending message 440
Round trip time was 11.401 milliseconds in repetition 440
 ... sending message 441
Round trip time was 34.527 milliseconds in repetition 441
 ... sending message 442
Round trip time was  7.265 milliseconds in repetition 442
 ... sending message 443
Round trip time was 15.166 milliseconds in repetition 443
 ... sending message 444
Round trip time was 19.885 milliseconds in repetition 444
 ... sending message 445
Round trip time was 32.085 milliseconds in repetition 445
 ... sending message 446
Round trip time was 21.028 milliseconds in repetition 446
 ... sending message 447
Round trip time was 14.003 milliseconds in repetition 447
 ... sending message 448
Round trip time was 21.193 milliseconds in repetition 448
 ... sending message 449
Round trip time was 33.129 milliseconds in repetition 449
 ... sending message 450
Round trip time was  8.063 milliseconds in repetition 450
 ... sending message 451
Round trip time was  9.318 milliseconds in repetition 451
 ... sending message 452
Round trip time was 14.033 milliseconds in repetition 452
 ... sending message 453
Round trip time was 14.500 milliseconds in repetition 453
 ... sending message 454
Round trip time was 20.103 milliseconds in repetition 454
 ... sending message 455
Round trip time was  7.451 milliseconds in repetition 455
 ... sending message 456
Round trip time was 17.462 milliseconds in repetition 456
 ... sending message 457
Round trip time was 14.183 milliseconds in repetition 457
 ... sending message 458
Round trip time was  7.907 milliseconds in repetition 458
 ... sending message 459
Round trip time was 24.012 milliseconds in repetition 459
 ... sending message 460
Round trip time was 15.959 milliseconds in repetition 460
 ... sending message 461
Round trip time was 15.976 milliseconds in repetition 461
 ... sending message 462
Round trip time was 12.410 milliseconds in repetition 462
 ... sending message 463
Round trip time was 12.000 milliseconds in repetition 463
 ... sending message 464
Round trip time was  4.602 milliseconds in repetition 464
 ... sending message 465
Round trip time was  6.723 milliseconds in repetition 465
 ... sending message 466
Round trip time was 11.982 milliseconds in repetition 466
 ... sending message 467
Round trip time was  9.820 milliseconds in repetition 467
 ... sending message 468
Round trip time was  8.659 milliseconds in repetition 468
 ... sending message 469
Round trip time was  5.448 milliseconds in repetition 469
 ... sending message 470
Round trip time was 31.943 milliseconds in repetition 470
 ... sending message 471
Round trip time was 11.959 milliseconds in repetition 471
 ... sending message 472
Round trip time was  8.056 milliseconds in repetition 472
 ... sending message 473
Round trip time was 11.977 milliseconds in repetition 473
 ... sending message 474
Round trip time was  7.956 milliseconds in repetition 474
 ... sending message 475
Round trip time was  7.854 milliseconds in repetition 475
 ... sending message 476
Round trip time was 20.714 milliseconds in repetition 476
 ... sending message 477
Round trip time was 14.136 milliseconds in repetition 477
 ... sending message 478
Round trip time was 26.289 milliseconds in repetition 478
 ... sending message 479
Round trip time was  6.714 milliseconds in repetition 479
 ... sending message 480
Round trip time was 15.203 milliseconds in repetition 480
 ... sending message 481
Round trip time was  8.215 milliseconds in repetition 481
 ... sending message 482
Round trip time was 15.700 milliseconds in repetition 482
 ... sending message 483
Round trip time was  9.612 milliseconds in repetition 483
 ... sending message 484
Round trip time was  5.081 milliseconds in repetition 484
 ... sending message 485
Round trip time was  4.358 milliseconds in repetition 485
 ... sending message 486
Round trip time was  9.771 milliseconds in repetition 486
 ... sending message 487
Round trip time was  9.320 milliseconds in repetition 487
 ... sending message 488
Round trip time was  5.001 milliseconds in repetition 488
 ... sending message 489
Round trip time was 17.856 milliseconds in repetition 489
 ... sending message 490
Round trip time was  9.995 milliseconds in repetition 490
 ... sending message 491
Round trip time was  6.269 milliseconds in repetition 491
 ... sending message 492
Round trip time was 10.247 milliseconds in repetition 492
 ... sending message 493
Round trip time was 11.938 milliseconds in repetition 493
 ... sending message 494
Round trip time was  8.652 milliseconds in repetition 494
 ... sending message 495
Round trip time was  7.333 milliseconds in repetition 495
 ... sending message 496
Round trip time was  7.070 milliseconds in repetition 496
 ... sending message 497
Round trip time was  5.534 milliseconds in repetition 497
 ... sending message 498
Round trip time was  7.294 milliseconds in repetition 498
 ... sending message 499
Round trip time was 12.681 milliseconds in repetition 499
 ... sending message 500
Round trip time was  9.455 milliseconds in repetition 500
 ... sending message 501
Round trip time was  5.047 milliseconds in repetition 501

 ... clock resolution was 1e-06
UDP Ping:  Statistics over 501 repetitions of 12288 byte messages

RTT : percentile 10: 4.3807, median: 4.85999, percentile 90: 14.4998, average: 7.37654, variance: 31.1273

RTT histogram:
4.1657 319
4.20773 65
4.21587 36
4.21646 21
4.24716 15
4.24791 16
4.25134 8
4.25244 8
4.2528 4
4.25884 3
4.26159 1
4.28389 3
4.28792 1
4.28966 0
4.29641 0
4.29758 0
4.30767 0
4.31561 0
4.31618 0
4.31634 0
4.31759 1

   median Throughput : 5056.8 KB/s   overall Throughput : 3331.64 KB/s

